Log file open, 12/13/19 11:59:07
LogWindows: Failed to load 'aqProf.dll' (GetLastError=126)
LogWindows: File 'aqProf.dll' does not exist
LogWindows: Failed to load 'VtuneApi.dll' (GetLastError=126)
LogWindows: File 'VtuneApi.dll' does not exist
LogWindows: Failed to load 'VtuneApi32e.dll' (GetLastError=126)
LogWindows: File 'VtuneApi32e.dll' does not exist
LogConsoleResponse: Display: Failed to find resolution value strings in scalability ini. Falling back to default.
LogInit: Display: Running engine for game: NoNameProject
LogPakFile: Registered encryption key '00000000000000000000000000000000': 0 pak files mounted, 0 remain pending
LogPlatformFile: Not using cached read wrapper
LogTaskGraph: Started task graph with 5 named threads and 23 total threads with 3 sets of task threads.
LogStats: Stats thread started at 0.373929
LogD3D11RHI: Loaded GFSDK_Aftermath_Lib.x64.dll
LogICUInternationalization: ICU TimeZone Detection - Raw Offset: -6:00, Platform Override: ''
LogPluginManager: Mounting plugin Paper2D
LogPluginManager: Mounting plugin AISupport
LogPluginManager: Mounting plugin LightPropagationVolume
LogPluginManager: Mounting plugin ActorLayerUtilities
LogPluginManager: Mounting plugin AnimationSharing
LogPluginManager: Mounting plugin CLionSourceCodeAccess
LogPluginManager: Mounting plugin CodeLiteSourceCodeAccess
LogPluginManager: Mounting plugin GitSourceControl
LogPluginManager: Mounting plugin KDevelopSourceCodeAccess
LogPluginManager: Mounting plugin NullSourceCodeAccess
LogPluginManager: Mounting plugin PerforceSourceControl
LogPluginManager: Mounting plugin SubversionSourceControl
LogPluginManager: Mounting plugin UObjectPlugin
LogPluginManager: Mounting plugin VisualStudioCodeSourceCodeAccess
LogPluginManager: Mounting plugin VisualStudioSourceCodeAccess
LogPluginManager: Mounting plugin XCodeSourceCodeAccess
LogPluginManager: Mounting plugin AssetManagerEditor
LogPluginManager: Mounting plugin CryptoKeys
LogPluginManager: Mounting plugin DataValidation
LogPluginManager: Mounting plugin FacialAnimation
LogPluginManager: Mounting plugin GameplayTagsEditor
LogPluginManager: Mounting plugin MacGraphicsSwitching
LogPluginManager: Mounting plugin MaterialAnalyzer
LogPluginManager: Mounting plugin MobileLauncherProfileWizard
LogPluginManager: Mounting plugin PluginBrowser
LogPluginManager: Mounting plugin SpeedTreeImporter
LogPluginManager: Mounting plugin DatasmithContent
LogPluginManager: Mounting plugin VariantManagerContent
LogPluginManager: Mounting plugin AlembicImporter
LogPluginManager: Mounting plugin AppleImageUtils
LogPluginManager: Mounting plugin AppleVision
LogPluginManager: Mounting plugin BackChannel
LogPluginManager: Mounting plugin CharacterAI
LogPluginManager: Mounting plugin GeometryCache
LogPluginManager: Mounting plugin HTML5Networking
LogPluginManager: Mounting plugin ProxyLODPlugin
LogPluginManager: Mounting plugin SkeletalReduction
LogPluginManager: Mounting plugin MagicLeap
LogPluginManager: Mounting plugin MagicLeapMedia
LogPluginManager: Mounting plugin AndroidMedia
LogPluginManager: Mounting plugin AvfMedia
LogPluginManager: Mounting plugin ImgMedia
LogPluginManager: Mounting plugin LinearTimecode
LogPluginManager: Mounting plugin MediaCompositing
LogPluginManager: Mounting plugin MediaPlayerEditor
LogPluginManager: Mounting plugin WebMMedia
LogPluginManager: Mounting plugin WmfMedia
LogPluginManager: Mounting plugin TcpMessaging
LogPluginManager: Mounting plugin UdpMessaging
LogPluginManager: Mounting plugin ActorSequence
LogPluginManager: Mounting plugin LevelSequenceEditor
LogPluginManager: Mounting plugin MatineeToLevelSequence
LogPluginManager: Mounting plugin NetcodeUnitTest
LogPluginManager: Mounting plugin NUTUnrealEngine4
LogPluginManager: Mounting plugin OnlineSubsystemGooglePlay
LogPluginManager: Mounting plugin OnlineSubsystemIOS
LogPluginManager: Mounting plugin OnlineSubsystem
LogPluginManager: Mounting plugin OnlineSubsystemNull
LogPluginManager: Mounting plugin OnlineSubsystemUtils
LogPluginManager: Mounting plugin LauncherChunkInstaller
LogPluginManager: Mounting plugin AndroidDeviceProfileSelector
LogPluginManager: Mounting plugin AndroidMoviePlayer
LogPluginManager: Mounting plugin AndroidPermission
LogPluginManager: Mounting plugin AppleMoviePlayer
LogPluginManager: Mounting plugin ArchVisCharacter
LogPluginManager: Mounting plugin AudioCapture
LogPluginManager: Mounting plugin CableComponent
LogPluginManager: Mounting plugin CustomMeshComponent
LogPluginManager: Mounting plugin EditableMesh
LogPluginManager: Mounting plugin ExampleDeviceProfileSelector
LogPluginManager: Mounting plugin Firebase
LogPluginManager: Mounting plugin GoogleCloudMessaging
LogPluginManager: Mounting plugin IOSDeviceProfileSelector
LogPluginManager: Mounting plugin LinuxDeviceProfileSelector
LogPluginManager: Mounting plugin LocationServicesBPLibrary
LogPluginManager: Mounting plugin MobilePatchingUtils
LogPluginManager: Mounting plugin OculusVR
LogPluginManager: Mounting plugin PhysXVehicles
LogPluginManager: Mounting plugin ProceduralMeshComponent
LogPluginManager: Mounting plugin RuntimePhysXCooking
LogPluginManager: Mounting plugin SignificanceManager
LogPluginManager: Mounting plugin SteamVR
LogPluginManager: Mounting plugin WebMMoviePlayer
LogPluginManager: Mounting plugin WindowsMoviePlayer
LogInit: Using libcurl 7.55.1-DEV
LogInit:  - built for x86_64-pc-win32
LogInit:  - supports SSL with OpenSSL/1.1.1
LogInit:  - supports HTTP deflate (compression) using libz 1.2.8
LogInit:  - other features:
LogInit:      CURL_VERSION_SSL
LogInit:      CURL_VERSION_LIBZ
LogInit:      CURL_VERSION_IPV6
LogInit:      CURL_VERSION_ASYNCHDNS
LogInit:      CURL_VERSION_LARGEFILE
LogInit:      CURL_VERSION_IDN
LogInit:  CurlRequestOptions (configurable via config and command line):
LogInit:  - bVerifyPeer = true  - Libcurl will verify peer certificate
LogInit:  - bUseHttpProxy = false  - Libcurl will NOT use HTTP proxy
LogInit:  - bDontReuseConnections = false  - Libcurl will reuse connections
LogInit:  - MaxHostConnections = 16  - Libcurl will limit the number of connections to a host
LogInit:  - LocalHostAddr = Default
LogInit:  - BufferSize = 65536
LogInit: WinSock: version 1.1 (2.2), MaxSocks=32767, MaxUdp=65467
LogInit: Build: ++UE4+Release-4.22-CL-7053642
LogInit: Engine Version: 4.22.3-7053642+++UE4+Release-4.22
LogInit: Compatible Engine Version: 4.22.0-5660361+++UE4+Release-4.22
LogInit: Net CL: 5660361
LogInit: OS: Windows 10 (Release 1903) (), CPU: Intel(R) Core(TM) i7-4790 CPU @ 3.60GHz, GPU: NVIDIA Quadro K2200
LogInit: Compiled (64-bit): Jun 18 2019 03:09:11
LogInit: Compiled with Visual C++: 19.16.27025.01
LogInit: Build Configuration: Development
LogInit: Branch Name: ++UE4+Release-4.22
LogInit: Command Line:  -skipcompile
LogInit: Base Directory: C:/Program Files/Epic Games/UE_4.22/Engine/Binaries/Win64/
LogInit: Installed Engine Build: 1
LogDevObjectVersion: Number of dev versions registered: 23
LogDevObjectVersion:   Dev-Blueprints (B0D832E4-1F89-4F0D-ACCF-7EB736FD4AA2): 10
LogDevObjectVersion:   Dev-Build (E1C64328-A22C-4D53-A36C-8E866417BD8C): 0
LogDevObjectVersion:   Dev-Core (375EC13C-06E4-48FB-B500-84F0262A717E): 3
LogDevObjectVersion:   Dev-Editor (E4B068ED-F494-42E9-A231-DA0B2E46BB41): 30
LogDevObjectVersion:   Dev-Framework (CFFC743F-43B0-4480-9391-14DF171D2073): 35
LogDevObjectVersion:   Dev-Mobile (B02B49B5-BB20-44E9-A304-32B752E40360): 2
LogDevObjectVersion:   Dev-Networking (A4E4105C-59A1-49B5-A7C5-40C4547EDFEE): 0
LogDevObjectVersion:   Dev-Online (39C831C9-5AE6-47DC-9A44-9C173E1C8E7C): 0
LogDevObjectVersion:   Dev-Physics (78F01B33-EBEA-4F98-B9B4-84EACCB95AA2): 0
LogDevObjectVersion:   Dev-Platform (6631380F-2D4D-43E0-8009-CF276956A95A): 0
LogDevObjectVersion:   Dev-Rendering (12F88B9F-8875-4AFC-A67C-D90C383ABD29): 28
LogDevObjectVersion:   Dev-Sequencer (7B5AE74C-D270-4C10-A958-57980B212A5A): 11
LogDevObjectVersion:   Dev-VR (D7296918-1DD6-4BDD-9DE2-64A83CC13884): 2
LogDevObjectVersion:   Dev-LoadTimes (C2A15278-BFE7-4AFE-6C17-90FF531DF755): 1
LogDevObjectVersion:   Private-Geometry (6EACA3D4-40EC-4CC1-B786-8BED09428FC5): 3
LogDevObjectVersion:   Dev-AnimPhys (29E575DD-E0A3-4627-9D10-D276232CDCEA): 17
LogDevObjectVersion:   Dev-Anim (AF43A65D-7FD3-4947-9873-3E8ED9C1BB05): 2
LogDevObjectVersion:   Dev-ReflectionCapture (6B266CEC-1EC7-4B8F-A30B-E4D90942FC07): 1
LogDevObjectVersion:   Dev-Automation (0DF73D61-A23F-47EA-B727-89E90C41499A): 1
LogDevObjectVersion:   FortniteMain (601D1886-AC64-4F84-AA16-D3DE0DEAC7D6): 25
LogDevObjectVersion:   Dev-Enterprise (9DFFBCD6-494F-0158-E221-12823C92A888): 6
LogDevObjectVersion:   Dev-Niagara (F2AED0AC-9AFE-416F-8664-AA7FFA26D6FC): 1
LogDevObjectVersion:   Dev-Destruction (174F1F0B-B4C6-45A5-B13F-2EE8D0FB917D): 2
LogInit: Presizing for max 16777216 objects, including 0 objects not considered by GC, pre-allocating 0 bytes for permanent pool.
LogInit: Object subsystem initialized
LogConfig: Setting CVar [[con.DebugEarlyDefault:1]]
LogConfig: Setting CVar [[r.setres:1280x720]]
[2019.12.13-17.59.08:784][  0]LogConfig: Setting CVar [[r.VSync:0]]
[2019.12.13-17.59.08:784][  0]LogConfig: Setting CVar [[r.RHICmdBypass:0]]
[2019.12.13-17.59.08:784][  0]LogConfig: Applying CVar settings from Section [/Script/Engine.RendererSettings] File [C:/Users/ALUMNO/Documents/GitHub/UntitledHorrorGame/NoNameProject/Saved/Config/Windows/Engine.ini]
[2019.12.13-17.59.08:785][  0]LogConfig: Setting CVar [[r.GPUCrashDebugging:0]]
[2019.12.13-17.59.08:785][  0]LogConfig: Setting CVar [[r.DefaultFeature.AutoExposure.ExtendDefaultLuminanceRange:1]]
[2019.12.13-17.59.08:785][  0]LogConfig: Setting CVar [[r.ReflectionCaptureResolution:512]]
[2019.12.13-17.59.08:785][  0]LogConfig: Applying CVar settings from Section [/Script/Engine.RendererOverrideSettings] File [C:/Users/ALUMNO/Documents/GitHub/UntitledHorrorGame/NoNameProject/Saved/Config/Windows/Engine.ini]
[2019.12.13-17.59.08:785][  0]LogConfig: Applying CVar settings from Section [/Script/Engine.StreamingSettings] File [C:/Users/ALUMNO/Documents/GitHub/UntitledHorrorGame/NoNameProject/Saved/Config/Windows/Engine.ini]
[2019.12.13-17.59.08:785][  0]LogConfig: Setting CVar [[s.MinBulkDataSizeForAsyncLoading:131072]]
[2019.12.13-17.59.08:785][  0]LogConfig: Setting CVar [[s.AsyncLoadingThreadEnabled:0]]
[2019.12.13-17.59.08:785][  0]LogConfig: Setting CVar [[s.EventDrivenLoaderEnabled:1]]
[2019.12.13-17.59.08:785][  0]LogConfig: Setting CVar [[s.WarnIfTimeLimitExceeded:0]]
[2019.12.13-17.59.08:785][  0]LogConfig: Setting CVar [[s.TimeLimitExceededMultiplier:1.5]]
[2019.12.13-17.59.08:785][  0]LogConfig: Setting CVar [[s.TimeLimitExceededMinTime:0.005]]
[2019.12.13-17.59.08:785][  0]LogConfig: Setting CVar [[s.UseBackgroundLevelStreaming:1]]
[2019.12.13-17.59.08:785][  0]LogConfig: Setting CVar [[s.PriorityAsyncLoadingExtraTime:15.0]]
[2019.12.13-17.59.08:785][  0]LogConfig: Setting CVar [[s.LevelStreamingActorsUpdateTimeLimit:5.0]]
[2019.12.13-17.59.08:785][  0]LogConfig: Setting CVar [[s.PriorityLevelStreamingActorsUpdateExtraTime:5.0]]
[2019.12.13-17.59.08:785][  0]LogConfig: Setting CVar [[s.LevelStreamingComponentsRegistrationGranularity:10]]
[2019.12.13-17.59.08:786][  0]LogConfig: Setting CVar [[s.UnregisterComponentsTimeLimit:1.0]]
[2019.12.13-17.59.08:786][  0]LogConfig: Setting CVar [[s.LevelStreamingComponentsUnregistrationGranularity:5]]
[2019.12.13-17.59.08:786][  0]LogConfig: Applying CVar settings from Section [/Script/Engine.GarbageCollectionSettings] File [C:/Users/ALUMNO/Documents/GitHub/UntitledHorrorGame/NoNameProject/Saved/Config/Windows/Engine.ini]
[2019.12.13-17.59.08:786][  0]LogConfig: Setting CVar [[gc.MaxObjectsNotConsideredByGC:1]]
[2019.12.13-17.59.08:786][  0]LogConfig: Setting CVar [[gc.SizeOfPermanentObjectPool:0]]
[2019.12.13-17.59.08:786][  0]LogConfig: Setting CVar [[gc.FlushStreamingOnGC:0]]
[2019.12.13-17.59.08:786][  0]LogConfig: Setting CVar [[gc.NumRetriesBeforeForcingGC:10]]
[2019.12.13-17.59.08:786][  0]LogConfig: Setting CVar [[gc.AllowParallelGC:1]]
[2019.12.13-17.59.08:786][  0]LogConfig: Setting CVar [[gc.TimeBetweenPurgingPendingKillObjects:61.1]]
[2019.12.13-17.59.08:786][  0]LogConfig: Setting CVar [[gc.MaxObjectsInEditor:16777216]]
[2019.12.13-17.59.08:786][  0]LogConfig: Setting CVar [[gc.IncrementalBeginDestroyEnabled:1]]
[2019.12.13-17.59.08:786][  0]LogConfig: Setting CVar [[gc.CreateGCClusters:1]]
[2019.12.13-17.59.08:786][  0]LogConfig: Setting CVar [[gc.MinGCClusterSize:5]]
[2019.12.13-17.59.08:786][  0]LogConfig: Setting CVar [[gc.ActorClusteringEnabled:0]]
[2019.12.13-17.59.08:786][  0]LogConfig: Setting CVar [[gc.BlueprintClusteringEnabled:0]]
[2019.12.13-17.59.08:786][  0]LogConfig: Setting CVar [[gc.UseDisregardForGCOnDedicatedServers:0]]
[2019.12.13-17.59.08:786][  0]LogConfig: Applying CVar settings from Section [/Script/Engine.NetworkSettings] File [C:/Users/ALUMNO/Documents/GitHub/UntitledHorrorGame/NoNameProject/Saved/Config/Windows/Engine.ini]
[2019.12.13-17.59.08:786][  0]LogConfig: Applying CVar settings from Section [/Script/UnrealEd.CookerSettings] File [C:/Users/ALUMNO/Documents/GitHub/UntitledHorrorGame/NoNameProject/Saved/Config/Windows/Engine.ini]
[2019.12.13-17.59.08:796][  0]LogConfig: Applying CVar settings from Section [ViewDistanceQuality@3] File [C:/Users/ALUMNO/Documents/GitHub/UntitledHorrorGame/NoNameProject/Saved/Config/Windows/Scalability.ini]
[2019.12.13-17.59.08:797][  0]LogConfig: Setting CVar [[r.SkeletalMeshLODBias:0]]
[2019.12.13-17.59.08:797][  0]LogConfig: Setting CVar [[r.ViewDistanceScale:1.0]]
[2019.12.13-17.59.08:797][  0]LogConfig: Applying CVar settings from Section [AntiAliasingQuality@3] File [C:/Users/ALUMNO/Documents/GitHub/UntitledHorrorGame/NoNameProject/Saved/Config/Windows/Scalability.ini]
[2019.12.13-17.59.08:797][  0]LogConfig: Setting CVar [[r.PostProcessAAQuality:4]]
[2019.12.13-17.59.08:797][  0]LogConfig: Applying CVar settings from Section [ShadowQuality@3] File [C:/Users/ALUMNO/Documents/GitHub/UntitledHorrorGame/NoNameProject/Saved/Config/Windows/Scalability.ini]
[2019.12.13-17.59.08:797][  0]LogConfig: Setting CVar [[r.LightFunctionQuality:1]]
[2019.12.13-17.59.08:797][  0]LogConfig: Setting CVar [[r.ShadowQuality:5]]
[2019.12.13-17.59.08:797][  0]LogConfig: Setting CVar [[r.Shadow.CSM.MaxCascades:10]]
[2019.12.13-17.59.08:797][  0]LogConfig: Setting CVar [[r.Shadow.MaxResolution:2048]]
[2019.12.13-17.59.08:797][  0]LogConfig: Setting CVar [[r.Shadow.MaxCSMResolution:2048]]
[2019.12.13-17.59.08:797][  0]LogConfig: Setting CVar [[r.Shadow.RadiusThreshold:0.01]]
[2019.12.13-17.59.08:797][  0]LogConfig: Setting CVar [[r.Shadow.DistanceScale:1.0]]
[2019.12.13-17.59.08:798][  0]LogConfig: Setting CVar [[r.Shadow.CSM.TransitionScale:1.0]]
[2019.12.13-17.59.08:798][  0]LogConfig: Setting CVar [[r.Shadow.PreShadowResolutionFactor:1.0]]
[2019.12.13-17.59.08:798][  0]LogConfig: Setting CVar [[r.DistanceFieldShadowing:1]]
[2019.12.13-17.59.08:798][  0]LogConfig: Setting CVar [[r.DistanceFieldAO:1]]
[2019.12.13-17.59.08:798][  0]LogConfig: Setting CVar [[r.AOQuality:2]]
[2019.12.13-17.59.08:798][  0]LogConfig: Setting CVar [[r.VolumetricFog:1]]
[2019.12.13-17.59.08:798][  0]LogConfig: Setting CVar [[r.VolumetricFog.GridPixelSize:8]]
[2019.12.13-17.59.08:798][  0]LogConfig: Setting CVar [[r.VolumetricFog.GridSizeZ:128]]
[2019.12.13-17.59.08:798][  0]LogConfig: Setting CVar [[r.VolumetricFog.HistoryMissSupersampleCount:4]]
[2019.12.13-17.59.08:798][  0]LogConfig: Setting CVar [[r.LightMaxDrawDistanceScale:1]]
[2019.12.13-17.59.08:798][  0]LogConfig: Setting CVar [[r.CapsuleShadows:1]]
[2019.12.13-17.59.08:798][  0]LogConfig: Applying CVar settings from Section [PostProcessQuality@3] File [C:/Users/ALUMNO/Documents/GitHub/UntitledHorrorGame/NoNameProject/Saved/Config/Windows/Scalability.ini]
[2019.12.13-17.59.08:798][  0]LogConfig: Setting CVar [[r.MotionBlurQuality:4]]
[2019.12.13-17.59.08:798][  0]LogConfig: Setting CVar [[r.AmbientOcclusionMipLevelFactor:0.4]]
[2019.12.13-17.59.08:798][  0]LogConfig: Setting CVar [[r.AmbientOcclusionMaxQuality:100]]
[2019.12.13-17.59.08:798][  0]LogConfig: Setting CVar [[r.AmbientOcclusionLevels:-1]]
[2019.12.13-17.59.08:798][  0]LogConfig: Setting CVar [[r.AmbientOcclusionRadiusScale:1.0]]
[2019.12.13-17.59.08:799][  0]LogConfig: Setting CVar [[r.DepthOfFieldQuality:2]]
[2019.12.13-17.59.08:799][  0]LogConfig: Setting CVar [[r.RenderTargetPoolMin:400]]
[2019.12.13-17.59.08:799][  0]LogConfig: Setting CVar [[r.LensFlareQuality:2]]
[2019.12.13-17.59.08:799][  0]LogConfig: Setting CVar [[r.SceneColorFringeQuality:1]]
[2019.12.13-17.59.08:799][  0]LogConfig: Setting CVar [[r.EyeAdaptationQuality:2]]
[2019.12.13-17.59.08:799][  0]LogConfig: Setting CVar [[r.BloomQuality:5]]
[2019.12.13-17.59.08:799][  0]LogConfig: Setting CVar [[r.FastBlurThreshold:100]]
[2019.12.13-17.59.08:799][  0]LogConfig: Setting CVar [[r.Upscale.Quality:3]]
[2019.12.13-17.59.08:799][  0]LogConfig: Setting CVar [[r.Tonemapper.GrainQuantization:1]]
[2019.12.13-17.59.08:799][  0]LogConfig: Setting CVar [[r.LightShaftQuality:1]]
[2019.12.13-17.59.08:799][  0]LogConfig: Setting CVar [[r.Filter.SizeScale:1]]
[2019.12.13-17.59.08:799][  0]LogConfig: Setting CVar [[r.Tonemapper.Quality:5]]
[2019.12.13-17.59.08:799][  0]LogConfig: Setting CVar [[r.DOF.Gather.AccumulatorQuality:1        ; higher gathering accumulator quality]]
[2019.12.13-17.59.08:799][  0]LogConfig: Setting CVar [[r.DOF.Gather.PostfilterMethod:1          ; Median3x3 postfilering method]]
[2019.12.13-17.59.08:799][  0]LogConfig: Setting CVar [[r.DOF.Gather.EnableBokehSettings:0       ; no bokeh simulation when gathering]]
[2019.12.13-17.59.08:800][  0]LogConfig: Setting CVar [[r.DOF.Gather.RingCount:4                 ; medium number of samples when gathering]]
[2019.12.13-17.59.08:800][  0]LogConfig: Setting CVar [[r.DOF.Scatter.ForegroundCompositing:1    ; additive foreground scattering]]
[2019.12.13-17.59.08:800][  0]LogConfig: Setting CVar [[r.DOF.Scatter.BackgroundCompositing:2    ; additive background scattering]]
[2019.12.13-17.59.08:800][  0]LogConfig: Setting CVar [[r.DOF.Scatter.EnableBokehSettings:1      ; bokeh simulation when scattering]]
[2019.12.13-17.59.08:800][  0]LogConfig: Setting CVar [[r.DOF.Scatter.MaxSpriteRatio:0.1         ; only a maximum of 10% of scattered bokeh]]
[2019.12.13-17.59.08:800][  0]LogConfig: Setting CVar [[r.DOF.Recombine.Quality:1                ; cheap slight out of focus]]
[2019.12.13-17.59.08:800][  0]LogConfig: Setting CVar [[r.DOF.Recombine.EnableBokehSettings:0    ; no bokeh simulation on slight out of focus]]
[2019.12.13-17.59.08:800][  0]LogConfig: Setting CVar [[r.DOF.TemporalAAQuality:1                ; more stable temporal accumulation]]
[2019.12.13-17.59.08:800][  0]LogConfig: Setting CVar [[r.DOF.Kernel.MaxForegroundRadius:0.025]]
[2019.12.13-17.59.08:800][  0]LogConfig: Setting CVar [[r.DOF.Kernel.MaxBackgroundRadius:0.025]]
[2019.12.13-17.59.08:800][  0]LogConfig: Applying CVar settings from Section [TextureQuality@3] File [C:/Users/ALUMNO/Documents/GitHub/UntitledHorrorGame/NoNameProject/Saved/Config/Windows/Scalability.ini]
[2019.12.13-17.59.08:800][  0]LogConfig: Setting CVar [[r.Streaming.MipBias:0]]
[2019.12.13-17.59.08:800][  0]LogConfig: Setting CVar [[r.Streaming.AmortizeCPUToGPUCopy:0]]
[2019.12.13-17.59.08:800][  0]LogConfig: Setting CVar [[r.Streaming.MaxNumTexturesToStreamPerFrame:0]]
[2019.12.13-17.59.08:800][  0]LogConfig: Setting CVar [[r.Streaming.Boost:1]]
[2019.12.13-17.59.08:800][  0]LogConfig: Setting CVar [[r.MaxAnisotropy:8]]
[2019.12.13-17.59.08:801][  0]LogConfig: Setting CVar [[r.Streaming.LimitPoolSizeToVRAM:0]]
[2019.12.13-17.59.08:801][  0]LogConfig: Setting CVar [[r.Streaming.PoolSize:1000]]
[2019.12.13-17.59.08:801][  0]LogConfig: Setting CVar [[r.Streaming.MaxEffectiveScreenSize:0]]
[2019.12.13-17.59.08:801][  0]LogConfig: Applying CVar settings from Section [EffectsQuality@3] File [C:/Users/ALUMNO/Documents/GitHub/UntitledHorrorGame/NoNameProject/Saved/Config/Windows/Scalability.ini]
[2019.12.13-17.59.08:801][  0]LogConfig: Setting CVar [[r.TranslucencyLightingVolumeDim:64]]
[2019.12.13-17.59.08:801][  0]LogConfig: Setting CVar [[r.RefractionQuality:2]]
[2019.12.13-17.59.08:801][  0]LogConfig: Setting CVar [[r.SSR.Quality:3]]
[2019.12.13-17.59.08:801][  0]LogConfig: Setting CVar [[r.SceneColorFormat:4]]
[2019.12.13-17.59.08:801][  0]LogConfig: Setting CVar [[r.DetailMode:2]]
[2019.12.13-17.59.08:801][  0]LogConfig: Setting CVar [[r.TranslucencyVolumeBlur:1]]
[2019.12.13-17.59.08:801][  0]LogConfig: Setting CVar [[r.MaterialQualityLevel:1 ; High quality]]
[2019.12.13-17.59.08:801][  0]LogConfig: Setting CVar [[r.SSS.Scale:1]]
[2019.12.13-17.59.08:801][  0]LogConfig: Setting CVar [[r.SSS.SampleSet:2]]
[2019.12.13-17.59.08:801][  0]LogConfig: Setting CVar [[r.SSS.Quality:1]]
[2019.12.13-17.59.08:801][  0]LogConfig: Setting CVar [[r.SSS.HalfRes:1]]
[2019.12.13-17.59.08:801][  0]LogConfig: Setting CVar [[r.EmitterSpawnRateScale:1.0]]
[2019.12.13-17.59.08:802][  0]LogConfig: Setting CVar [[r.ParticleLightQuality:2]]
[2019.12.13-17.59.08:802][  0]LogConfig: Applying CVar settings from Section [FoliageQuality@3] File [C:/Users/ALUMNO/Documents/GitHub/UntitledHorrorGame/NoNameProject/Saved/Config/Windows/Scalability.ini]
[2019.12.13-17.59.08:802][  0]LogConfig: Setting CVar [[foliage.DensityScale:1.0]]
[2019.12.13-17.59.08:802][  0]LogConfig: Setting CVar [[grass.DensityScale:1.0]]
[2019.12.13-17.59.08:802][  0]LogInit: Selected Device Profile: [Windows]
[2019.12.13-17.59.08:802][  0]LogInit: Applying CVar settings loaded from the selected device profile: [Windows]
[2019.12.13-17.59.08:816][  0]LogHAL: Display: Platform has ~ 16 GB [17098399744 / 17179869184 / 16], which maps to Larger [LargestMinGB=32, LargerMinGB=12, DefaultMinGB=8, SmallerMinGB=6, SmallestMinGB=0)
[2019.12.13-17.59.08:816][  0]LogConfig: Setting CVar [[r.Vulkan.UseRealUBs:0		; Required until we fix HLR fall-out]]
[2019.12.13-17.59.08:816][  0]LogInit: Going up to parent DeviceProfile []
[2019.12.13-17.59.08:816][  0]LogConfig: Applying CVar settings from Section [ViewDistanceQuality@3] File [C:/Users/ALUMNO/Documents/GitHub/UntitledHorrorGame/NoNameProject/Saved/Config/Windows/Scalability.ini]
[2019.12.13-17.59.08:817][  0]LogConfig: Setting CVar [[r.SkeletalMeshLODBias:0]]
[2019.12.13-17.59.08:817][  0]LogConfig: Setting CVar [[r.ViewDistanceScale:1.0]]
[2019.12.13-17.59.08:817][  0]LogConfig: Applying CVar settings from Section [AntiAliasingQuality@3] File [C:/Users/ALUMNO/Documents/GitHub/UntitledHorrorGame/NoNameProject/Saved/Config/Windows/Scalability.ini]
[2019.12.13-17.59.08:817][  0]LogConfig: Setting CVar [[r.PostProcessAAQuality:4]]
[2019.12.13-17.59.08:817][  0]LogConfig: Applying CVar settings from Section [ShadowQuality@3] File [C:/Users/ALUMNO/Documents/GitHub/UntitledHorrorGame/NoNameProject/Saved/Config/Windows/Scalability.ini]
[2019.12.13-17.59.08:817][  0]LogConfig: Setting CVar [[r.LightFunctionQuality:1]]
[2019.12.13-17.59.08:817][  0]LogConfig: Setting CVar [[r.ShadowQuality:5]]
[2019.12.13-17.59.08:817][  0]LogConfig: Setting CVar [[r.Shadow.CSM.MaxCascades:10]]
[2019.12.13-17.59.08:817][  0]LogConfig: Setting CVar [[r.Shadow.MaxResolution:2048]]
[2019.12.13-17.59.08:817][  0]LogConfig: Setting CVar [[r.Shadow.MaxCSMResolution:2048]]
[2019.12.13-17.59.08:817][  0]LogConfig: Setting CVar [[r.Shadow.RadiusThreshold:0.01]]
[2019.12.13-17.59.08:817][  0]LogConfig: Setting CVar [[r.Shadow.DistanceScale:1.0]]
[2019.12.13-17.59.08:817][  0]LogConfig: Setting CVar [[r.Shadow.CSM.TransitionScale:1.0]]
[2019.12.13-17.59.08:817][  0]LogConfig: Setting CVar [[r.Shadow.PreShadowResolutionFactor:1.0]]
[2019.12.13-17.59.08:817][  0]LogConfig: Setting CVar [[r.DistanceFieldShadowing:1]]
[2019.12.13-17.59.08:817][  0]LogConfig: Setting CVar [[r.DistanceFieldAO:1]]
[2019.12.13-17.59.08:818][  0]LogConfig: Setting CVar [[r.AOQuality:2]]
[2019.12.13-17.59.08:818][  0]LogConfig: Setting CVar [[r.VolumetricFog:1]]
[2019.12.13-17.59.08:818][  0]LogConfig: Setting CVar [[r.VolumetricFog.GridPixelSize:8]]
[2019.12.13-17.59.08:818][  0]LogConfig: Setting CVar [[r.VolumetricFog.GridSizeZ:128]]
[2019.12.13-17.59.08:818][  0]LogConfig: Setting CVar [[r.VolumetricFog.HistoryMissSupersampleCount:4]]
[2019.12.13-17.59.08:818][  0]LogConfig: Setting CVar [[r.LightMaxDrawDistanceScale:1]]
[2019.12.13-17.59.08:818][  0]LogConfig: Setting CVar [[r.CapsuleShadows:1]]
[2019.12.13-17.59.08:818][  0]LogConfig: Applying CVar settings from Section [PostProcessQuality@3] File [C:/Users/ALUMNO/Documents/GitHub/UntitledHorrorGame/NoNameProject/Saved/Config/Windows/Scalability.ini]
[2019.12.13-17.59.08:818][  0]LogConfig: Setting CVar [[r.MotionBlurQuality:4]]
[2019.12.13-17.59.08:818][  0]LogConfig: Setting CVar [[r.AmbientOcclusionMipLevelFactor:0.4]]
[2019.12.13-17.59.08:818][  0]LogConfig: Setting CVar [[r.AmbientOcclusionMaxQuality:100]]
[2019.12.13-17.59.08:818][  0]LogConfig: Setting CVar [[r.AmbientOcclusionLevels:-1]]
[2019.12.13-17.59.08:818][  0]LogConfig: Setting CVar [[r.AmbientOcclusionRadiusScale:1.0]]
[2019.12.13-17.59.08:818][  0]LogConfig: Setting CVar [[r.DepthOfFieldQuality:2]]
[2019.12.13-17.59.08:818][  0]LogConfig: Setting CVar [[r.RenderTargetPoolMin:400]]
[2019.12.13-17.59.08:818][  0]LogConfig: Setting CVar [[r.LensFlareQuality:2]]
[2019.12.13-17.59.08:818][  0]LogConfig: Setting CVar [[r.SceneColorFringeQuality:1]]
[2019.12.13-17.59.08:818][  0]LogConfig: Setting CVar [[r.EyeAdaptationQuality:2]]
[2019.12.13-17.59.08:819][  0]LogConfig: Setting CVar [[r.BloomQuality:5]]
[2019.12.13-17.59.08:819][  0]LogConfig: Setting CVar [[r.FastBlurThreshold:100]]
[2019.12.13-17.59.08:819][  0]LogConfig: Setting CVar [[r.Upscale.Quality:3]]
[2019.12.13-17.59.08:819][  0]LogConfig: Setting CVar [[r.Tonemapper.GrainQuantization:1]]
[2019.12.13-17.59.08:819][  0]LogConfig: Setting CVar [[r.LightShaftQuality:1]]
[2019.12.13-17.59.08:819][  0]LogConfig: Setting CVar [[r.Filter.SizeScale:1]]
[2019.12.13-17.59.08:819][  0]LogConfig: Setting CVar [[r.Tonemapper.Quality:5]]
[2019.12.13-17.59.08:819][  0]LogConfig: Setting CVar [[r.DOF.Gather.AccumulatorQuality:1        ; higher gathering accumulator quality]]
[2019.12.13-17.59.08:819][  0]LogConfig: Setting CVar [[r.DOF.Gather.PostfilterMethod:1          ; Median3x3 postfilering method]]
[2019.12.13-17.59.08:819][  0]LogConfig: Setting CVar [[r.DOF.Gather.EnableBokehSettings:0       ; no bokeh simulation when gathering]]
[2019.12.13-17.59.08:819][  0]LogConfig: Setting CVar [[r.DOF.Gather.RingCount:4                 ; medium number of samples when gathering]]
[2019.12.13-17.59.08:819][  0]LogConfig: Setting CVar [[r.DOF.Scatter.ForegroundCompositing:1    ; additive foreground scattering]]
[2019.12.13-17.59.08:819][  0]LogConfig: Setting CVar [[r.DOF.Scatter.BackgroundCompositing:2    ; additive background scattering]]
[2019.12.13-17.59.08:819][  0]LogConfig: Setting CVar [[r.DOF.Scatter.EnableBokehSettings:1      ; bokeh simulation when scattering]]
[2019.12.13-17.59.08:819][  0]LogConfig: Setting CVar [[r.DOF.Scatter.MaxSpriteRatio:0.1         ; only a maximum of 10% of scattered bokeh]]
[2019.12.13-17.59.08:820][  0]LogConfig: Setting CVar [[r.DOF.Recombine.Quality:1                ; cheap slight out of focus]]
[2019.12.13-17.59.08:820][  0]LogConfig: Setting CVar [[r.DOF.Recombine.EnableBokehSettings:0    ; no bokeh simulation on slight out of focus]]
[2019.12.13-17.59.08:820][  0]LogConfig: Setting CVar [[r.DOF.TemporalAAQuality:1                ; more stable temporal accumulation]]
[2019.12.13-17.59.08:820][  0]LogConfig: Setting CVar [[r.DOF.Kernel.MaxForegroundRadius:0.025]]
[2019.12.13-17.59.08:820][  0]LogConfig: Setting CVar [[r.DOF.Kernel.MaxBackgroundRadius:0.025]]
[2019.12.13-17.59.08:820][  0]LogConfig: Applying CVar settings from Section [TextureQuality@3] File [C:/Users/ALUMNO/Documents/GitHub/UntitledHorrorGame/NoNameProject/Saved/Config/Windows/Scalability.ini]
[2019.12.13-17.59.08:820][  0]LogConfig: Setting CVar [[r.Streaming.MipBias:0]]
[2019.12.13-17.59.08:820][  0]LogConfig: Setting CVar [[r.Streaming.AmortizeCPUToGPUCopy:0]]
[2019.12.13-17.59.08:820][  0]LogConfig: Setting CVar [[r.Streaming.MaxNumTexturesToStreamPerFrame:0]]
[2019.12.13-17.59.08:820][  0]LogConfig: Setting CVar [[r.Streaming.Boost:1]]
[2019.12.13-17.59.08:820][  0]LogConfig: Setting CVar [[r.MaxAnisotropy:8]]
[2019.12.13-17.59.08:820][  0]LogConfig: Setting CVar [[r.Streaming.LimitPoolSizeToVRAM:0]]
[2019.12.13-17.59.08:820][  0]LogConfig: Setting CVar [[r.Streaming.PoolSize:1000]]
[2019.12.13-17.59.08:820][  0]LogConfig: Setting CVar [[r.Streaming.MaxEffectiveScreenSize:0]]
[2019.12.13-17.59.08:820][  0]LogConfig: Applying CVar settings from Section [EffectsQuality@3] File [C:/Users/ALUMNO/Documents/GitHub/UntitledHorrorGame/NoNameProject/Saved/Config/Windows/Scalability.ini]
[2019.12.13-17.59.08:821][  0]LogConfig: Setting CVar [[r.TranslucencyLightingVolumeDim:64]]
[2019.12.13-17.59.08:821][  0]LogConfig: Setting CVar [[r.RefractionQuality:2]]
[2019.12.13-17.59.08:821][  0]LogConfig: Setting CVar [[r.SSR.Quality:3]]
[2019.12.13-17.59.08:821][  0]LogConfig: Setting CVar [[r.SceneColorFormat:4]]
[2019.12.13-17.59.08:821][  0]LogConfig: Setting CVar [[r.DetailMode:2]]
[2019.12.13-17.59.08:821][  0]LogConfig: Setting CVar [[r.TranslucencyVolumeBlur:1]]
[2019.12.13-17.59.08:821][  0]LogConfig: Setting CVar [[r.MaterialQualityLevel:1 ; High quality]]
[2019.12.13-17.59.08:821][  0]LogConfig: Setting CVar [[r.SSS.Scale:1]]
[2019.12.13-17.59.08:821][  0]LogConfig: Setting CVar [[r.SSS.SampleSet:2]]
[2019.12.13-17.59.08:821][  0]LogConfig: Setting CVar [[r.SSS.Quality:1]]
[2019.12.13-17.59.08:821][  0]LogConfig: Setting CVar [[r.SSS.HalfRes:1]]
[2019.12.13-17.59.08:821][  0]LogConfig: Setting CVar [[r.EmitterSpawnRateScale:1.0]]
[2019.12.13-17.59.08:821][  0]LogConfig: Setting CVar [[r.ParticleLightQuality:2]]
[2019.12.13-17.59.08:821][  0]LogConfig: Applying CVar settings from Section [FoliageQuality@3] File [C:/Users/ALUMNO/Documents/GitHub/UntitledHorrorGame/NoNameProject/Saved/Config/Windows/Scalability.ini]
[2019.12.13-17.59.08:821][  0]LogConfig: Setting CVar [[foliage.DensityScale:1.0]]
[2019.12.13-17.59.08:821][  0]LogConfig: Setting CVar [[grass.DensityScale:1.0]]
[2019.12.13-17.59.08:821][  0]LogConfig: Applying CVar settings from Section [Startup] File [../../../Engine/Config/ConsoleVariables.ini]
[2019.12.13-17.59.08:822][  0]LogConfig: Setting CVar [[net.UseAdaptiveNetUpdateFrequency:0]]
[2019.12.13-17.59.08:822][  0]LogConfig: Setting CVar [[p.chaos.AllowCreatePhysxBodies:1]]
[2019.12.13-17.59.08:822][  0]LogConfig: Applying CVar settings from Section [ConsoleVariables] File [C:/Users/ALUMNO/Documents/GitHub/UntitledHorrorGame/NoNameProject/Saved/Config/Windows/Engine.ini]
[2019.12.13-17.59.08:822][  0]LogInit: Computer: P-13
[2019.12.13-17.59.08:822][  0]LogInit: User: ALUMNO
[2019.12.13-17.59.08:822][  0]LogInit: CPU Page size=4096, Cores=4
[2019.12.13-17.59.08:823][  0]LogInit: High frequency timer resolution =10.000000 MHz
[2019.12.13-17.59.08:823][  0]LogMemory: Memory total: Physical=15.9GB (16GB approx)
[2019.12.13-17.59.08:823][  0]LogMemory: Platform Memory Stats for Windows
[2019.12.13-17.59.08:823][  0]LogMemory: Process Physical Memory: 98.67 MB used, 98.68 MB peak
[2019.12.13-17.59.08:823][  0]LogMemory: Process Virtual Memory: 88.98 MB used, 88.98 MB peak
[2019.12.13-17.59.08:823][  0]LogMemory: Physical Memory: 6595.29 MB used,  9711.02 MB free, 16306.30 MB total
[2019.12.13-17.59.08:823][  0]LogMemory: Virtual Memory: 4643.21 MB used,  134213088.00 MB free, 134217728.00 MB total
[2019.12.13-17.59.09:167][  0]LogInit: Overriding language with editor language configuration option (en).
[2019.12.13-17.59.09:167][  0]LogInit: Overriding locale with editor locale configuration option (en).
[2019.12.13-17.59.09:346][  0]LogInit: Setting process to per monitor DPI aware
[2019.12.13-17.59.09:469][  0]LogSlate: New Slate User Created.  User Index 0, Is Virtual User: 0
[2019.12.13-17.59.09:469][  0]LogSlate: Slate User Registered.  User Index 0, Is Virtual User: 0
[2019.12.13-17.59.09:925][  0]LogHMD: Failed to initialize OpenVR with code 110
[2019.12.13-17.59.09:926][  0]LogD3D11RHI: D3D11 adapters:
[2019.12.13-17.59.10:007][  0]LogD3D11RHI:    0. 'NVIDIA Quadro K2200' (Feature Level 11_0)
[2019.12.13-17.59.10:007][  0]LogD3D11RHI:       4053/0/8153 MB DedicatedVideo/DedicatedSystem/SharedSystem, Outputs:1, VendorId:0x10de
[2019.12.13-17.59.10:028][  0]LogD3D11RHI:    1. 'Microsoft Basic Render Driver' (Feature Level 11_0)
[2019.12.13-17.59.10:028][  0]LogD3D11RHI:       0/0/8153 MB DedicatedVideo/DedicatedSystem/SharedSystem, Outputs:0, VendorId:0x1414
[2019.12.13-17.59.10:028][  0]LogD3D11RHI: Chosen D3D11 Adapter: 0
[2019.12.13-17.59.10:035][  0]LogD3D11RHI: Creating new Direct3DDevice
[2019.12.13-17.59.10:035][  0]LogD3D11RHI:     GPU DeviceId: 0x13ba (for the marketing name, search the web for "GPU Device Id")
[2019.12.13-17.59.10:035][  0]LogWindows: EnumDisplayDevices:
[2019.12.13-17.59.10:035][  0]LogWindows:    0. 'NVIDIA Quadro K2200' (P:1 D:1)
[2019.12.13-17.59.10:036][  0]LogWindows:    1. 'NVIDIA Quadro K2200' (P:0 D:0)
[2019.12.13-17.59.10:036][  0]LogWindows:    2. 'NVIDIA Quadro K2200' (P:0 D:0)
[2019.12.13-17.59.10:037][  0]LogWindows:    3. 'NVIDIA Quadro K2200' (P:0 D:0)
[2019.12.13-17.59.10:037][  0]LogWindows: DebugString: FoundDriverCount:4 
[2019.12.13-17.59.10:037][  0]LogD3D11RHI:     Adapter Name: NVIDIA Quadro K2200
[2019.12.13-17.59.10:037][  0]LogD3D11RHI:   Driver Version: 432.00 (internal:26.21.14.3200, unified:432.00)
[2019.12.13-17.59.10:037][  0]LogD3D11RHI:      Driver Date: 7-24-2019
[2019.12.13-17.59.10:038][  0]LogRHI: Texture pool is 2837 MB (70% of 4053 MB)
[2019.12.13-17.59.10:108][  0]LogD3D11RHI: Async texture creation enabled
[2019.12.13-17.59.10:113][  0]LogRendererCore: FGlobalReadBuffer::InitRHI
[2019.12.13-17.59.10:113][  0]LogRendererCore: FGlobalReadBuffer::InitRHI
[2019.12.13-17.59.10:113][  0]LogRendererCore: FGlobalReadBuffer::InitRHI
[2019.12.13-17.59.10:122][  0]LogD3D11RHI: GPU Timing Frequency: 1000.000000 (Debug: 2 1)
[2019.12.13-17.59.10:515][  0]LogTemp: Display: Module 'AllDesktopTargetPlatform' loaded TargetPlatform 'AllDesktop'
[2019.12.13-17.59.10:534][  0]LogTemp: Display: Module 'MacClientTargetPlatform' loaded TargetPlatform 'MacClient'
[2019.12.13-17.59.10:556][  0]LogTemp: Display: Module 'MacNoEditorTargetPlatform' loaded TargetPlatform 'MacNoEditor'
[2019.12.13-17.59.10:576][  0]LogTemp: Display: Module 'MacServerTargetPlatform' loaded TargetPlatform 'MacServer'
[2019.12.13-17.59.10:596][  0]LogTemp: Display: Module 'MacTargetPlatform' loaded TargetPlatform 'Mac'
[2019.12.13-17.59.10:616][  0]LogTemp: Display: Module 'WindowsClientTargetPlatform' loaded TargetPlatform 'WindowsClient'
[2019.12.13-17.59.10:644][  0]LogTemp: Display: Module 'WindowsNoEditorTargetPlatform' loaded TargetPlatform 'WindowsNoEditor'
[2019.12.13-17.59.10:672][  0]LogTemp: Display: Module 'WindowsServerTargetPlatform' loaded TargetPlatform 'WindowsServer'
[2019.12.13-17.59.10:684][  0]LogTemp: Display: Module 'WindowsTargetPlatform' loaded TargetPlatform 'Windows'
[2019.12.13-17.59.10:786][  0]LogTemp: Display: Module 'AndroidTargetPlatform' loaded TargetPlatform 'Android'
[2019.12.13-17.59.10:786][  0]LogTemp: Display: Module 'AndroidTargetPlatform' loaded TargetPlatform 'Android_ASTC'
[2019.12.13-17.59.10:786][  0]LogTemp: Display: Module 'AndroidTargetPlatform' loaded TargetPlatform 'Android_ATC'
[2019.12.13-17.59.10:786][  0]LogTemp: Display: Module 'AndroidTargetPlatform' loaded TargetPlatform 'Android_DXT'
[2019.12.13-17.59.10:786][  0]LogTemp: Display: Module 'AndroidTargetPlatform' loaded TargetPlatform 'Android_ETC1'
[2019.12.13-17.59.10:787][  0]LogTemp: Display: Module 'AndroidTargetPlatform' loaded TargetPlatform 'Android_ETC1a'
[2019.12.13-17.59.10:787][  0]LogTemp: Display: Module 'AndroidTargetPlatform' loaded TargetPlatform 'Android_ETC2'
[2019.12.13-17.59.10:787][  0]LogTemp: Display: Module 'AndroidTargetPlatform' loaded TargetPlatform 'Android_PVRTC'
[2019.12.13-17.59.10:787][  0]LogTemp: Display: Module 'AndroidTargetPlatform' loaded TargetPlatform 'AndroidClient'
[2019.12.13-17.59.10:787][  0]LogTemp: Display: Module 'AndroidTargetPlatform' loaded TargetPlatform 'Android_ASTCClient'
[2019.12.13-17.59.10:787][  0]LogTemp: Display: Module 'AndroidTargetPlatform' loaded TargetPlatform 'Android_ATCClient'
[2019.12.13-17.59.10:787][  0]LogTemp: Display: Module 'AndroidTargetPlatform' loaded TargetPlatform 'Android_DXTClient'
[2019.12.13-17.59.10:787][  0]LogTemp: Display: Module 'AndroidTargetPlatform' loaded TargetPlatform 'Android_ETC1Client'
[2019.12.13-17.59.10:787][  0]LogTemp: Display: Module 'AndroidTargetPlatform' loaded TargetPlatform 'Android_ETC1aClient'
[2019.12.13-17.59.10:787][  0]LogTemp: Display: Module 'AndroidTargetPlatform' loaded TargetPlatform 'Android_ETC2Client'
[2019.12.13-17.59.10:787][  0]LogTemp: Display: Module 'AndroidTargetPlatform' loaded TargetPlatform 'Android_PVRTCClient'
[2019.12.13-17.59.10:787][  0]LogTemp: Display: Module 'AndroidTargetPlatform' loaded TargetPlatform 'Android_Multi'
[2019.12.13-17.59.10:787][  0]LogTemp: Display: Module 'AndroidTargetPlatform' loaded TargetPlatform 'Android_MultiClient'
[2019.12.13-17.59.10:794][  0]LogTemp: Display: Module 'HTML5TargetPlatform' loaded TargetPlatform 'HTML5'
[2019.12.13-17.59.10:859][  0]LogTemp: Display: Module 'IOSTargetPlatform' loaded TargetPlatform 'IOSClient'
[2019.12.13-17.59.10:859][  0]LogTemp: Display: Module 'IOSTargetPlatform' loaded TargetPlatform 'IOS'
[2019.12.13-17.59.10:906][  0]LogTemp: Display: Module 'TVOSTargetPlatform' loaded TargetPlatform 'TVOSClient'
[2019.12.13-17.59.10:906][  0]LogTemp: Display: Module 'TVOSTargetPlatform' loaded TargetPlatform 'TVOS'
[2019.12.13-17.59.10:934][  0]LogTemp: Display: Module 'LinuxClientTargetPlatform' loaded TargetPlatform 'LinuxClient'
[2019.12.13-17.59.10:951][  0]LogTemp: Display: Module 'LinuxNoEditorTargetPlatform' loaded TargetPlatform 'LinuxNoEditor'
[2019.12.13-17.59.10:968][  0]LogTemp: Display: Module 'LinuxServerTargetPlatform' loaded TargetPlatform 'LinuxServer'
[2019.12.13-17.59.10:987][  0]LogTemp: Display: Module 'LinuxTargetPlatform' loaded TargetPlatform 'Linux'
[2019.12.13-17.59.11:045][  0]LogTemp: Display: Module 'LuminTargetPlatform' loaded TargetPlatform 'Lumin'
[2019.12.13-17.59.11:045][  0]LogTemp: Display: Module 'LuminTargetPlatform' loaded TargetPlatform 'LuminClient'
[2019.12.13-17.59.11:046][  0]LogTargetPlatformManager: Display: Building Assets For Windows
[2019.12.13-17.59.11:107][  0]LogAudioDebug: Display: Lib vorbis DLL was dynamically loaded.
[2019.12.13-17.59.11:312][  0]LogShaderCompilers: Guid format shader working directory is -33 characters bigger than the processId version (../../../../../../Users/ALUMNO/Documents/GitHub/UntitledHorrorGame/NoNameProject/Intermediate/Shaders/WorkingDirectory/5528/).
[2019.12.13-17.59.11:313][  0]LogShaderCompilers: Cleaned the shader compiler working directory 'C:/Users/ALUMNO/AppData/Local/Temp/UnrealShaderWorkingDir/9A46D6964C8F60E2DCD1119553618CEA/'.
[2019.12.13-17.59.11:316][  0]LogXGEController: Cleaning working directory: C:/Users/ALUMNO/AppData/Local/Temp/UnrealXGEWorkingDir/
[2019.12.13-17.59.11:317][  0]LogXGEController: Cannot use XGE Controller as Incredibuild is not installed on this machine.
[2019.12.13-17.59.11:317][  0]LogShaderCompilers: Cannot use XGE Shader Compiler as Incredibuild is not installed on this machine.
[2019.12.13-17.59.11:317][  0]LogShaderCompilers: Display: Using Local Shader Compiler.
[2019.12.13-17.59.12:183][  0]LogDerivedDataCache: Display: Max Cache Size: 512 MB
[2019.12.13-17.59.12:232][  0]LogDerivedDataCache: Loaded boot cache 0.05s 71MB C:/Users/ALUMNO/AppData/Local/UnrealEngine/4.22/DerivedDataCache/Boot.ddc.
[2019.12.13-17.59.12:232][  0]LogDerivedDataCache: Display: Loaded Boot cache: C:/Users/ALUMNO/AppData/Local/UnrealEngine/4.22/DerivedDataCache/Boot.ddc
[2019.12.13-17.59.12:232][  0]LogDerivedDataCache: FDerivedDataBackendGraph:  Pak pak cache file ../../../../../../Users/ALUMNO/Documents/GitHub/UntitledHorrorGame/NoNameProject/DerivedDataCache/DDC.ddp not found, will not use a pak cache.
[2019.12.13-17.59.12:233][  0]LogDerivedDataCache: Unable to find inner node Pak for hierarchical cache Hierarchy.
[2019.12.13-17.59.12:233][  0]LogDerivedDataCache: FDerivedDataBackendGraph:  CompressedPak pak cache file ../../../../../../Users/ALUMNO/Documents/GitHub/UntitledHorrorGame/NoNameProject/DerivedDataCache/Compressed.ddp not found, will not use a pak cache.
[2019.12.13-17.59.12:233][  0]LogDerivedDataCache: Unable to find inner node CompressedPak for hierarchical cache Hierarchy.
[2019.12.13-17.59.12:246][  0]LogDerivedDataCache: Display: Pak cache opened for reading ../../../Engine/DerivedDataCache/Compressed.ddp.
[2019.12.13-17.59.12:246][  0]LogDerivedDataCache: FDerivedDataBackendGraph:  EnterprisePak pak cache file ../../../Enterprise/DerivedDataCache/Compressed.ddp not found, will not use a pak cache.
[2019.12.13-17.59.12:246][  0]LogDerivedDataCache: Unable to find inner node EnterprisePak for hierarchical cache Hierarchy.
[2019.12.13-17.59.12:260][  0]LogDerivedDataCache: Using Local data cache path C:/Users/ALUMNO/AppData/Local/UnrealEngine/Common/DerivedDataCache: Writable
[2019.12.13-17.59.12:260][  0]LogDerivedDataCache: Shared data cache path not found in *engine.ini, will not use an Shared cache.
[2019.12.13-17.59.12:260][  0]LogDerivedDataCache: Unable to find inner node Shared for hierarchical cache Hierarchy.
[2019.12.13-17.59.12:282][  0]LogMaterial: Verifying Global Shaders for PCD3D_SM5
[2019.12.13-17.59.12:283][  0]LogSlate: Using FreeType 2.6.0
[2019.12.13-17.59.12:285][  0]LogSlate: SlateFontServices - WITH_FREETYPE: 1, WITH_HARFBUZZ: 1
[2019.12.13-17.59.12:461][  0]LogAssetRegistry: FAssetRegistry took 0.0422 seconds to start up
[2019.12.13-17.59.12:871][  0]LogInit: Selected Device Profile: [Windows]
[2019.12.13-17.59.13:093][  0]LogMeshReduction: Using QuadricMeshReduction for automatic static mesh reduction
[2019.12.13-17.59.13:093][  0]LogMeshReduction: Using SimplygonMeshReduction for automatic skeletal mesh reduction
[2019.12.13-17.59.13:093][  0]LogMeshReduction: Using ProxyLODMeshReduction for automatic mesh merging
[2019.12.13-17.59.13:093][  0]LogMeshReduction: No distributed automatic mesh merging module available
[2019.12.13-17.59.13:093][  0]LogMeshMerging: No distributed automatic mesh merging module available
[2019.12.13-17.59.13:107][  0]LogNetVersion: NoNameProject 1.0.0, NetCL: 5660361, EngineNetVer: 10, GameNetVer: 0 (Checksum: 133946462)
[2019.12.13-17.59.13:625][  0]LogPackageLocalizationCache: Processed 10 localized package path(s) for 1 prioritized culture(s) in 0.044411 seconds
[2019.12.13-17.59.13:632][  0]LogUObjectArray: 42205 objects as part of root set at end of initial load.
[2019.12.13-17.59.13:632][  0]LogUObjectAllocator: 7325032 out of 0 bytes used by permanent object pool.
[2019.12.13-17.59.13:633][  0]LogUObjectArray: CloseDisregardForGC: 0/0 objects in disregard for GC pool
[2019.12.13-17.59.15:523][  0]LogTcpMessaging: Initializing TcpMessaging bridge
[2019.12.13-17.59.15:540][  0]LogUdpMessaging: Initializing bridge on interface 0.0.0.0:0 to multicast group 230.0.0.1:6666.
[2019.12.13-17.59.15:745][  0]SourceControl: Source control is disabled
[2019.12.13-17.59.15:745][  0]SourceControl: Source control is disabled
[2019.12.13-17.59.15:749][  0]SourceControl: Source control is disabled
[2019.12.13-17.59.15:753][  0]SourceControl: Source control is disabled
[2019.12.13-17.59.16:012][  0]LogAndroidPermission: UAndroidPermissionCallbackProxy::GetInstance
[2019.12.13-17.59.16:221][  0]LogOcInput: OculusInput pre-init called
[2019.12.13-17.59.17:272][  0]LogEngine: Initializing Engine...
[2019.12.13-17.59.17:273][  0]LogHMD: Failed to initialize OpenVR with code 110
[2019.12.13-17.59.17:274][  0]LogStats: UGameplayTagsManager::InitializeManager -  0.000 s
[2019.12.13-17.59.17:512][  0]LogInit: Initializing FReadOnlyCVARCache
[2019.12.13-17.59.17:530][  0]LogAIModule: Creating AISystem for world Untitled
[2019.12.13-17.59.17:563][  0]LogInit: XAudio2 using 'MX279 (2- NVIDIA High Definition Audio)' : 2 channels at 48 kHz using 16 bits per sample (channel mask 0x3)
[2019.12.13-17.59.17:592][  0]LogInit: FAudioDevice initialized.
[2019.12.13-17.59.17:592][  0]LogNetVersion: Set ProjectVersion to 1.0.0.0. Version Checksum will be recalculated on next use.
[2019.12.13-17.59.17:712][  0]LogDerivedDataCache: Saved boot cache 0.12s 71MB C:/Users/ALUMNO/AppData/Local/UnrealEngine/4.22/DerivedDataCache/Boot.ddc.
[2019.12.13-17.59.17:714][  0]LogInit: Texture streaming: Enabled
[2019.12.13-17.59.17:753][  0]LogEngineSessionManager: EngineSessionManager initialized
[2019.12.13-17.59.17:754][  0]LogEngineSessionManager: EngineSessionManager sent abnormal shutdown report. Type=Debugger, SessionId={716ECA5B-4021-C61A-1446-8394B5F55219}
[2019.12.13-17.59.17:778][  0]LogInit: Transaction tracking system initialized
[2019.12.13-17.59.17:824][  0]BlueprintLog: New page: Editor Load
[2019.12.13-17.59.18:027][  0]LocalizationService: Localization service is disabled
[2019.12.13-17.59.18:201][  0]LogLinker: Warning: Can't find file '/Game/FirstPersonBP/FirstPersonOverview'
[2019.12.13-17.59.18:202][  0]LogLinker: Warning: Can't find file '/Game/FirstPersonBP/FirstPersonOverview'
[2019.12.13-17.59.18:202][  0]LogUObjectGlobals: Warning: Failed to find object 'Class /Game/FirstPersonBP/FirstPersonOverview.FirstPersonOverview_C'
[2019.12.13-17.59.18:485][  0]LogFileCache: Scanning file cache for directory 'C:/Users/ALUMNO/Documents/GitHub/UntitledHorrorGame/NoNameProject/Content/' took 0.03s
[2019.12.13-17.59.18:485][  0]LogCook: Display: Max memory allowance for cook 16384mb min free memory 0mb
[2019.12.13-17.59.18:486][  0]LogCook: Display: Mobile HDR setting 1
[2019.12.13-17.59.18:840][  0]SourceControl: Source control is disabled
[2019.12.13-17.59.18:840][  0]Cmd: MAP LOAD FILE="../../../../../../Users/ALUMNO/Documents/GitHub/UntitledHorrorGame/NoNameProject/Content/PasilloCasa.umap" TEMPLATE=0 SHOWPROGRESS=1 FEATURELEVEL=3
[2019.12.13-17.59.18:840][  0]LogEditorServer: Warning: Can't find file '../../../../../../Users/ALUMNO/Documents/GitHub/UntitledHorrorGame/NoNameProject/Content/PasilloCasa.umap'
[2019.12.13-17.59.18:840][  0]Cmd: MAP CHECKDEP NOCLEARLOG
[2019.12.13-17.59.18:841][  0]MapCheck: Map check complete: 0 Error(s), 0 Warning(s), took 0.442ms to complete.
[2019.12.13-17.59.18:841][  0]LogFileHelpers: Loading map 'PasilloCasa' took 0.001
[2019.12.13-17.59.19:000][  0]LogSlate: Updating window title bar state: overlay mode, drag disabled, window buttons hidden, title bar hidden
[2019.12.13-17.59.19:008][  0]LogSlate: Updating window title bar state: overlay mode, drag disabled, window buttons hidden, title bar hidden
[2019.12.13-17.59.19:015][  0]LogSlate: Updating window title bar state: overlay mode, drag disabled, window buttons hidden, title bar hidden
[2019.12.13-17.59.19:022][  0]LogSlate: Updating window title bar state: overlay mode, drag disabled, window buttons hidden, title bar hidden
[2019.12.13-17.59.19:032][  0]LogCollectionManager: Loaded 0 collections in 0.001766 seconds
[2019.12.13-17.59.19:064][  0]LogFileCache: Scanning file cache for directory 'C:/Users/ALUMNO/Documents/GitHub/UntitledHorrorGame/NoNameProject/Saved/Collections/' took 0.01s
[2019.12.13-17.59.19:064][  0]LogFileCache: Scanning file cache for directory 'C:/Users/ALUMNO/Documents/GitHub/UntitledHorrorGame/NoNameProject/Content/Developers/ALUMNO/Collections/' took 0.00s
[2019.12.13-17.59.19:064][  0]LogFileCache: Scanning file cache for directory 'C:/Users/ALUMNO/Documents/GitHub/UntitledHorrorGame/NoNameProject/Content/Collections/' took 0.01s
[2019.12.13-17.59.19:064][  0]LogCollectionManager: Rebuilt the GUID cache for 0 collections in 0.000000 seconds
[2019.12.13-17.59.19:074][  0]LogContentBrowser: Native class hierarchy populated in 0.0097 seconds. Added 2746 classes and 663 folders.
[2019.12.13-17.59.19:083][  0]LogContentBrowser: Native class hierarchy updated for 'WidgetCarousel' in 0.0005 seconds. Added 0 classes and 0 folders.
[2019.12.13-17.59.19:087][  0]LogPakFile: Registered encryption key '00000000000000000000000000000000': 0 pak files mounted, 0 remain pending
[2019.12.13-17.59.19:088][  0]LogPakFile: Registered encryption key '00000000000000000000000000000000': 0 pak files mounted, 0 remain pending
[2019.12.13-17.59.19:090][  0]LogPakFile: Registered encryption key '00000000000000000000000000000000': 0 pak files mounted, 0 remain pending
[2019.12.13-17.59.19:091][  0]LogPakFile: Registered encryption key '00000000000000000000000000000000': 0 pak files mounted, 0 remain pending
[2019.12.13-17.59.19:092][  0]LogPakFile: Registered encryption key '00000000000000000000000000000000': 0 pak files mounted, 0 remain pending
[2019.12.13-17.59.19:093][  0]LogPakFile: Registered encryption key '00000000000000000000000000000000': 0 pak files mounted, 0 remain pending
[2019.12.13-17.59.19:094][  0]LogPakFile: Registered encryption key '00000000000000000000000000000000': 0 pak files mounted, 0 remain pending
[2019.12.13-17.59.19:095][  0]LogPakFile: Registered encryption key '00000000000000000000000000000000': 0 pak files mounted, 0 remain pending
[2019.12.13-17.59.19:096][  0]LogPakFile: Registered encryption key '00000000000000000000000000000000': 0 pak files mounted, 0 remain pending
[2019.12.13-17.59.19:097][  0]LogPakFile: Registered encryption key '00000000000000000000000000000000': 0 pak files mounted, 0 remain pending
[2019.12.13-17.59.19:098][  0]LogPakFile: Registered encryption key '00000000000000000000000000000000': 0 pak files mounted, 0 remain pending
[2019.12.13-17.59.19:099][  0]LogPakFile: Registered encryption key '00000000000000000000000000000000': 0 pak files mounted, 0 remain pending
[2019.12.13-17.59.19:100][  0]LogPakFile: Registered encryption key '00000000000000000000000000000000': 0 pak files mounted, 0 remain pending
[2019.12.13-17.59.19:101][  0]LogPakFile: Registered encryption key '00000000000000000000000000000000': 0 pak files mounted, 0 remain pending
[2019.12.13-17.59.19:102][  0]LogPakFile: Registered encryption key '00000000000000000000000000000000': 0 pak files mounted, 0 remain pending
[2019.12.13-17.59.19:103][  0]LogPakFile: Registered encryption key '00000000000000000000000000000000': 0 pak files mounted, 0 remain pending
[2019.12.13-17.59.19:105][  0]LogPakFile: Registered encryption key '00000000000000000000000000000000': 0 pak files mounted, 0 remain pending
[2019.12.13-17.59.19:105][  0]LogPakFile: Registered encryption key '00000000000000000000000000000000': 0 pak files mounted, 0 remain pending
[2019.12.13-17.59.19:106][  0]LogPakFile: Registered encryption key '00000000000000000000000000000000': 0 pak files mounted, 0 remain pending
[2019.12.13-17.59.19:108][  0]LogPakFile: Registered encryption key '00000000000000000000000000000000': 0 pak files mounted, 0 remain pending
[2019.12.13-17.59.19:109][  0]LogPakFile: Registered encryption key '00000000000000000000000000000000': 0 pak files mounted, 0 remain pending
[2019.12.13-17.59.19:110][  0]LogPakFile: Registered encryption key '00000000000000000000000000000000': 0 pak files mounted, 0 remain pending
[2019.12.13-17.59.19:111][  0]LogPakFile: Registered encryption key '00000000000000000000000000000000': 0 pak files mounted, 0 remain pending
[2019.12.13-17.59.19:113][  0]LogPakFile: Registered encryption key '00000000000000000000000000000000': 0 pak files mounted, 0 remain pending
[2019.12.13-17.59.19:114][  0]LogPakFile: Registered encryption key '00000000000000000000000000000000': 0 pak files mounted, 0 remain pending
[2019.12.13-17.59.19:115][  0]LogPakFile: Registered encryption key '00000000000000000000000000000000': 0 pak files mounted, 0 remain pending
[2019.12.13-17.59.19:175][  0]LogContentBrowser: Native class hierarchy updated for 'AddContentDialog' in 0.0004 seconds. Added 0 classes and 0 folders.
[2019.12.13-17.59.19:255][  0]LogSlate: Took 0.000705 seconds to synchronously load lazily loaded font '../../../Engine/Content/Slate/Fonts/Roboto-Regular.ttf' (155K)
[2019.12.13-17.59.19:258][  0]LogSlate: Took 0.000769 seconds to synchronously load lazily loaded font '../../../Engine/Content/Slate/Fonts/Roboto-Bold.ttf' (160K)
[2019.12.13-17.59.19:265][  0]LogSlate: Took 0.000636 seconds to synchronously load lazily loaded font '../../../Engine/Content/Editor/Slate/Fonts/FontAwesome.ttf' (139K)
[2019.12.13-17.59.19:339][  0]LogRenderer: Reallocating scene render targets to support 988x512 Format 10 NumSamples 1 (Frame:1).
[2019.12.13-17.59.19:491][  0]LogContentBrowser: Native class hierarchy updated for 'HierarchicalLODOutliner' in 0.0007 seconds. Added 0 classes and 0 folders.
[2019.12.13-17.59.19:491][  0]LogLoad: (Engine Initialization) Total time: 13.80 seconds
[2019.12.13-17.59.19:491][  0]LogLoad: (Engine Initialization) Total Blueprint compile time: 0.00 seconds
[2019.12.13-17.59.19:530][  0]LogAssetRegistry: Asset discovery search completed in 7.0942 seconds
[2019.12.13-17.59.19:532][  0]LogCollectionManager: Rebuilt the object cache for 0 collections in 0.000000 seconds (found 0 objects)
[2019.12.13-17.59.19:532][  0]LogCollectionManager: Fixed up redirectors for 0 collections in 0.000097 seconds (updated 0 objects)
[2019.12.13-17.59.19:534][  0]LogContentStreaming: Texture pool size now 1000 MB
[2019.12.13-17.59.19:616][  0]LogSlate: Took 0.000555 seconds to synchronously load lazily loaded font '../../../Engine/Content/Slate/Fonts/Roboto-Light.ttf' (167K)
[2019.12.13-17.59.21:443][201]LogSlate: FSceneViewport::OnFocusLost() reason 0
[2019.12.13-17.59.26:098][755]LogSlate: Took 0.000222 seconds to synchronously load lazily loaded font '../../../Engine/Content/Slate/Fonts/Roboto-Light.ttf' (167K)
[2019.12.13-17.59.26:863][755]LogAIModule: Creating AISystem for world PasilloCasa
[2019.12.13-17.59.26:878][755]LogAssetEditorManager: Opening Asset editor for World /Game/Levels/PasilloCasa.PasilloCasa
[2019.12.13-17.59.26:903][755]LogUObjectHash: Compacting FUObjectHashTables data took   2.25ms
[2019.12.13-17.59.26:904][755]Cmd: MAP LOAD FILE="../../../../../../Users/ALUMNO/Documents/GitHub/UntitledHorrorGame/NoNameProject/Content/Levels/PasilloCasa.umap" TEMPLATE=0 SHOWPROGRESS=1 FEATURELEVEL=3
[2019.12.13-17.59.26:904][755]LightingResults: New page: Lighting Build
[2019.12.13-17.59.26:908][755]LogContentBrowser: Native class hierarchy updated for 'StatsViewer' in 0.0005 seconds. Added 5 classes and 0 folders.
[2019.12.13-17.59.26:909][755]LoadErrors: New page: Loading map: PasilloCasa.umap
[2019.12.13-17.59.26:910][755]MapCheck: New page: Map Check
[2019.12.13-17.59.26:910][755]LightingResults: New page: Lighting Build
[2019.12.13-17.59.26:933][755]LogUObjectHash: Compacting FUObjectHashTables data took   1.53ms
[2019.12.13-17.59.27:029][755]LogEditorServer: Finished looking for orphan Actors (0.000 secs)
[2019.12.13-17.59.27:056][755]LogUObjectHash: Compacting FUObjectHashTables data took   1.09ms
[2019.12.13-17.59.27:076][755]Cmd: MAP CHECKDEP NOCLEARLOG
[2019.12.13-17.59.27:078][755]MapCheck: Map check complete: 0 Error(s), 0 Warning(s), took 1.756ms to complete.
[2019.12.13-17.59.27:079][755]LogFileHelpers: Loading map 'PasilloCasa' took 0.175
[2019.12.13-17.59.28:203][812]LogTemp: Repeating last play command: Selected Viewport
[2019.12.13-17.59.28:215][812]LogBlueprintUserMessages: Early PlayInEditor Detection: Level '/Game/Levels/PasilloCasa.PasilloCasa:PersistentLevel' has LevelScriptBlueprint '/Game/Levels/PasilloCasa.PasilloCasa:PersistentLevel.PasilloCasa' with GeneratedClass '/Game/Levels/PasilloCasa.PasilloCasa_C' with ClassGeneratedBy '/Game/Levels/PasilloCasa.PasilloCasa:PersistentLevel.PasilloCasa'
[2019.12.13-17.59.28:215][812]LogPlayLevel: PlayLevel: No blueprints needed recompiling
[2019.12.13-17.59.28:216][812]PIE: New page: PIE session: PasilloCasa (Dec 13, 2019, 5:59:28 AM)
[2019.12.13-17.59.28:230][812]LogPlayLevel: Creating play world package: /Game/Levels/UEDPIE_0_PasilloCasa
[2019.12.13-17.59.28:238][812]LogPlayLevel: PIE: StaticDuplicateObject took: (0.006666s)
[2019.12.13-17.59.28:239][812]LogAIModule: Creating AISystem for world PasilloCasa
[2019.12.13-17.59.28:239][812]LogPlayLevel: PIE: World Init took: (0.000839s)
[2019.12.13-17.59.28:239][812]LogPlayLevel: PIE: Created PIE world by copying editor world from /Game/Levels/PasilloCasa.PasilloCasa to /Game/Levels/UEDPIE_0_PasilloCasa.PasilloCasa (0.008611s)
[2019.12.13-17.59.28:266][812]LogUObjectHash: Compacting FUObjectHashTables data took   2.17ms
[2019.12.13-17.59.28:300][812]LogInit: XAudio2 using 'MX279 (2- NVIDIA High Definition Audio)' : 2 channels at 48 kHz using 16 bits per sample (channel mask 0x3)
[2019.12.13-17.59.28:313][812]LogInit: FAudioDevice initialized.
[2019.12.13-17.59.28:364][812]LogLoad: Game class is 'MyNoNameProjectGameModeBase_C'
[2019.12.13-17.59.28:373][812]LogWorld: Bringing World /Game/Levels/UEDPIE_0_PasilloCasa.PasilloCasa up for play (max tick rate 0) at 2019.12.13-11.59.28
[2019.12.13-17.59.28:376][812]LogWorld: Bringing up level for play took: 0.009097
[2019.12.13-17.59.28:411][812]LogContentBrowser: Native class hierarchy updated for 'MovieSceneCapture' in 0.0013 seconds. Added 20 classes and 0 folders.
[2019.12.13-17.59.28:413][812]LogTemp: Warning: All systems set.
[2019.12.13-17.59.28:414][812]PIE: Play in editor start time for /Game/Levels/UEDPIE_0_PasilloCasa 0.064
[2019.12.13-17.59.28:414][812]LogBlueprintUserMessages: Late PlayInEditor Detection: Level '/Game/Levels/PasilloCasa.PasilloCasa:PersistentLevel' has LevelScriptBlueprint '/Game/Levels/PasilloCasa.PasilloCasa:PersistentLevel.PasilloCasa' with GeneratedClass '/Game/Levels/PasilloCasa.PasilloCasa_C' with ClassGeneratedBy '/Game/Levels/PasilloCasa.PasilloCasa:PersistentLevel.PasilloCasa'
[2019.12.13-17.59.31:591][985]LogSlate: FSceneViewport::OnFocusLost() reason 0
[2019.12.13-17.59.32:022][ 11]LogSlate: Took 0.000764 seconds to synchronously load lazily loaded font '../../../Engine/Content/Slate/Fonts/DroidSansMono.ttf' (77K)
[2019.12.13-17.59.36:440][241]LogBlueprintUserMessages: Early EndPlayMap Detection: Level '/Game/Levels/PasilloCasa.PasilloCasa:PersistentLevel' has LevelScriptBlueprint '/Game/Levels/PasilloCasa.PasilloCasa:PersistentLevel.PasilloCasa' with GeneratedClass '/Game/Levels/PasilloCasa.PasilloCasa_C' with ClassGeneratedBy '/Game/Levels/PasilloCasa.PasilloCasa:PersistentLevel.PasilloCasa'
[2019.12.13-17.59.36:441][241]LogSlate: Updating window title bar state: overlay mode, drag disabled, window buttons hidden, title bar hidden
[2019.12.13-17.59.36:504][241]LogPlayLevel: Display: Shutting down PIE online subsystems
[2019.12.13-17.59.36:505][241]LogBlueprintUserMessages: Late EndPlayMap Detection: Level '/Game/Levels/PasilloCasa.PasilloCasa:PersistentLevel' has LevelScriptBlueprint '/Game/Levels/PasilloCasa.PasilloCasa:PersistentLevel.PasilloCasa' with GeneratedClass '/Game/Levels/PasilloCasa.PasilloCasa_C' with ClassGeneratedBy '/Game/Levels/PasilloCasa.PasilloCasa:PersistentLevel.PasilloCasa'
[2019.12.13-17.59.36:553][241]LogSlate: Updating window title bar state: overlay mode, drag disabled, window buttons hidden, title bar hidden
[2019.12.13-17.59.36:558][241]LogUObjectHash: Compacting FUObjectHashTables data took   1.71ms
[2019.12.13-17.59.36:599][242]LogPlayLevel: Display: Destroying online subsystem :Context_1
[2019.12.13-17.59.38:068][313]LogSlate: FSceneViewport::OnFocusLost() reason 2
[2019.12.13-17.59.38:929][355]LogSlate: FSceneViewport::OnFocusLost() reason 2
[2019.12.13-17.59.39:936][355]LogSlate: Only BGRA pngs, bmps or icos are supported in by External Image Picker
[2019.12.13-17.59.42:785][485]LogSlate: FSceneViewport::OnFocusLost() reason 2
[2019.12.13-17.59.44:773][570]LogSlate: Prevented a slow task dialog from being summoned while a context menu was open
[2019.12.13-17.59.45:587][609]LogSlate: Window 'Project Settings' being destroyed
[2019.12.13-17.59.45:613][609]LogSlate: Window 'Project Settings' being destroyed
[2019.12.13-17.59.46:256][641]LogSlate: FSceneViewport::OnFocusLost() reason 0
[2019.12.13-17.59.46:357][646]LogTemp: Repeating last play command: Selected Viewport
[2019.12.13-17.59.46:369][646]LogBlueprintUserMessages: Early PlayInEditor Detection: Level '/Game/Levels/PasilloCasa.PasilloCasa:PersistentLevel' has LevelScriptBlueprint '/Game/Levels/PasilloCasa.PasilloCasa:PersistentLevel.PasilloCasa' with GeneratedClass '/Game/Levels/PasilloCasa.PasilloCasa_C' with ClassGeneratedBy '/Game/Levels/PasilloCasa.PasilloCasa:PersistentLevel.PasilloCasa'
[2019.12.13-17.59.46:369][646]LogPlayLevel: PlayLevel: No blueprints needed recompiling
[2019.12.13-17.59.46:369][646]PIE: New page: PIE session: PasilloCasa (Dec 13, 2019, 5:59:46 AM)
[2019.12.13-17.59.46:370][646]LogPlayLevel: Creating play world package: /Game/Levels/UEDPIE_0_PasilloCasa
[2019.12.13-17.59.46:375][646]LogPlayLevel: PIE: StaticDuplicateObject took: (0.005476s)
[2019.12.13-17.59.46:376][646]LogAIModule: Creating AISystem for world PasilloCasa
[2019.12.13-17.59.46:376][646]LogPlayLevel: PIE: World Init took: (0.000710s)
[2019.12.13-17.59.46:376][646]LogPlayLevel: PIE: Created PIE world by copying editor world from /Game/Levels/PasilloCasa.PasilloCasa to /Game/Levels/UEDPIE_0_PasilloCasa.PasilloCasa (0.006901s)
[2019.12.13-17.59.46:399][646]LogUObjectHash: Compacting FUObjectHashTables data took   1.62ms
[2019.12.13-17.59.46:423][646]LogInit: XAudio2 using 'MX279 (2- NVIDIA High Definition Audio)' : 2 channels at 48 kHz using 16 bits per sample (channel mask 0x3)
[2019.12.13-17.59.46:438][646]LogInit: FAudioDevice initialized.
[2019.12.13-17.59.46:474][646]LogLoad: Game class is 'MyNoNameProjectGameModeBase_C'
[2019.12.13-17.59.46:479][646]LogWorld: Bringing World /Game/Levels/UEDPIE_0_PasilloCasa.PasilloCasa up for play (max tick rate 0) at 2019.12.13-11.59.46
[2019.12.13-17.59.46:481][646]LogWorld: Bringing up level for play took: 0.005144
[2019.12.13-17.59.46:497][646]LogTemp: Warning: All systems set.
[2019.12.13-17.59.46:498][646]LogTemp: Warning: ?????????????????????????????????????????
[2019.12.13-17.59.46:498][646]LogTemp: Warning: Input Setup
[2019.12.13-17.59.46:498][646]PIE: Play in editor start time for /Game/Levels/UEDPIE_0_PasilloCasa 0.149
[2019.12.13-17.59.46:499][646]LogBlueprintUserMessages: Late PlayInEditor Detection: Level '/Game/Levels/PasilloCasa.PasilloCasa:PersistentLevel' has LevelScriptBlueprint '/Game/Levels/PasilloCasa.PasilloCasa:PersistentLevel.PasilloCasa' with GeneratedClass '/Game/Levels/PasilloCasa.PasilloCasa_C' with ClassGeneratedBy '/Game/Levels/PasilloCasa.PasilloCasa:PersistentLevel.PasilloCasa'
[2019.12.13-17.59.47:122][682]LogTemp: Warning: Grabbing a mango
[2019.12.13-17.59.47:122][682]LogTemp: Warning: No encontre actor
[2019.12.13-17.59.47:602][709]LogTemp: Warning: Releasing a mango
[2019.12.13-17.59.48:265][744]LogTemp: Warning: Grabbing a mango
[2019.12.13-17.59.48:265][744]LogTemp: Warning: Hit: Cube_2
[2019.12.13-17.59.48:265][744]LogTemp: Warning: Grabbing a mango
[2019.12.13-17.59.48:265][744]LogTemp: Warning: Cube_2
[2019.12.13-17.59.48:266][744]LogTemp: Warning: Agarrando el mango
[2019.12.13-17.59.48:282][745]LogTemp: Warning: Agarrando el mango
[2019.12.13-17.59.48:301][746]LogTemp: Warning: Agarrando el mango
[2019.12.13-17.59.48:320][747]LogTemp: Warning: Agarrando el mango
[2019.12.13-17.59.48:339][748]LogTemp: Warning: Agarrando el mango
[2019.12.13-17.59.48:357][749]LogTemp: Warning: Agarrando el mango
[2019.12.13-17.59.48:377][750]LogTemp: Warning: Agarrando el mango
[2019.12.13-17.59.48:395][751]LogTemp: Warning: Agarrando el mango
[2019.12.13-17.59.48:414][752]LogTemp: Warning: Agarrando el mango
[2019.12.13-17.59.48:436][753]LogTemp: Warning: Agarrando el mango
[2019.12.13-17.59.48:453][754]LogTemp: Warning: Agarrando el mango
[2019.12.13-17.59.48:472][755]LogTemp: Warning: Agarrando el mango
[2019.12.13-17.59.48:491][756]LogTemp: Warning: Agarrando el mango
[2019.12.13-17.59.48:509][757]LogTemp: Warning: Agarrando el mango
[2019.12.13-17.59.48:528][758]LogTemp: Warning: Agarrando el mango
[2019.12.13-17.59.48:547][759]LogTemp: Warning: Agarrando el mango
[2019.12.13-17.59.48:566][760]LogTemp: Warning: Agarrando el mango
[2019.12.13-17.59.48:584][761]LogTemp: Warning: Agarrando el mango
[2019.12.13-17.59.48:604][762]LogTemp: Warning: Agarrando el mango
[2019.12.13-17.59.48:623][763]LogTemp: Warning: Agarrando el mango
[2019.12.13-17.59.48:641][764]LogTemp: Warning: Agarrando el mango
[2019.12.13-17.59.48:660][765]LogTemp: Warning: Agarrando el mango
[2019.12.13-17.59.48:681][766]LogTemp: Warning: Agarrando el mango
[2019.12.13-17.59.48:700][767]LogTemp: Warning: Agarrando el mango
[2019.12.13-17.59.48:718][768]LogTemp: Warning: Agarrando el mango
[2019.12.13-17.59.48:738][769]LogTemp: Warning: Agarrando el mango
[2019.12.13-17.59.48:756][770]LogTemp: Warning: Agarrando el mango
[2019.12.13-17.59.48:775][771]LogTemp: Warning: Agarrando el mango
[2019.12.13-17.59.48:795][772]LogTemp: Warning: Agarrando el mango
[2019.12.13-17.59.48:813][773]LogTemp: Warning: Agarrando el mango
[2019.12.13-17.59.48:832][774]LogTemp: Warning: Agarrando el mango
[2019.12.13-17.59.48:851][775]LogTemp: Warning: Agarrando el mango
[2019.12.13-17.59.48:869][776]LogTemp: Warning: Agarrando el mango
[2019.12.13-17.59.48:889][777]LogTemp: Warning: Agarrando el mango
[2019.12.13-17.59.48:909][778]LogTemp: Warning: Agarrando el mango
[2019.12.13-17.59.48:927][779]LogTemp: Warning: Agarrando el mango
[2019.12.13-17.59.48:947][780]LogTemp: Warning: Agarrando el mango
[2019.12.13-17.59.48:967][781]LogTemp: Warning: Agarrando el mango
[2019.12.13-17.59.48:985][782]LogTemp: Warning: Agarrando el mango
[2019.12.13-17.59.49:005][783]LogTemp: Warning: Agarrando el mango
[2019.12.13-17.59.49:023][784]LogTemp: Warning: Agarrando el mango
[2019.12.13-17.59.49:042][785]LogTemp: Warning: Agarrando el mango
[2019.12.13-17.59.49:061][786]LogTemp: Warning: Agarrando el mango
[2019.12.13-17.59.49:081][787]LogTemp: Warning: Agarrando el mango
[2019.12.13-17.59.49:100][788]LogTemp: Warning: Agarrando el mango
[2019.12.13-17.59.49:118][789]LogTemp: Warning: Agarrando el mango
[2019.12.13-17.59.49:138][790]LogTemp: Warning: Agarrando el mango
[2019.12.13-17.59.49:159][791]LogTemp: Warning: Agarrando el mango
[2019.12.13-17.59.49:176][792]LogTemp: Warning: Agarrando el mango
[2019.12.13-17.59.49:196][793]LogTemp: Warning: Agarrando el mango
[2019.12.13-17.59.49:215][794]LogTemp: Warning: Agarrando el mango
[2019.12.13-17.59.49:234][795]LogTemp: Warning: Agarrando el mango
[2019.12.13-17.59.49:253][796]LogTemp: Warning: Agarrando el mango
[2019.12.13-17.59.49:272][797]LogTemp: Warning: Agarrando el mango
[2019.12.13-17.59.49:291][798]LogTemp: Warning: Agarrando el mango
[2019.12.13-17.59.49:310][799]LogTemp: Warning: Agarrando el mango
[2019.12.13-17.59.49:329][800]LogTemp: Warning: Agarrando el mango
[2019.12.13-17.59.49:348][801]LogTemp: Warning: Agarrando el mango
[2019.12.13-17.59.49:368][802]LogTemp: Warning: Agarrando el mango
[2019.12.13-17.59.49:387][803]LogTemp: Warning: Releasing a mango
[2019.12.13-17.59.50:303][851]LogTemp: Warning: En el key B
[2019.12.13-17.59.50:304][851]LogTemp: Warning: Esta el objeto con su id: 1
[2019.12.13-17.59.52:799][981]LogTemp: Warning: No hay objeto en 1
[2019.12.13-17.59.53:897][ 38]LogTemp: Warning: No hay objeto en 1
[2019.12.13-17.59.54:516][ 70]LogTemp: Warning: No hay objeto en 1
[2019.12.13-17.59.56:489][172]LogTemp: Warning: No hay objeto en 1
[2019.12.13-17.59.56:856][191]LogTemp: Warning: No hay objeto en 1
[2019.12.13-17.59.59:024][302]LogTemp: Warning: Grabbing a mango
[2019.12.13-17.59.59:025][302]LogTemp: Warning: No encontre actor
[2019.12.13-17.59.59:929][348]LogTemp: Warning: Releasing a mango
[2019.12.13-18.00.00:399][371]LogTemp: Warning: Grabbing a mango
[2019.12.13-18.00.00:399][371]LogTemp: Warning: No encontre actor
[2019.12.13-18.00.00:794][390]LogTemp: Warning: Releasing a mango
[2019.12.13-18.00.01:148][407]LogTemp: Warning: Grabbing a mango
[2019.12.13-18.00.01:149][407]LogTemp: Warning: Hit: Cube_2
[2019.12.13-18.00.01:149][407]LogTemp: Warning: Grabbing a mango
[2019.12.13-18.00.01:149][407]LogTemp: Warning: Cube_2
[2019.12.13-18.00.01:150][407]LogTemp: Warning: Agarrando el mango
[2019.12.13-18.00.01:166][408]LogTemp: Warning: Agarrando el mango
[2019.12.13-18.00.01:186][409]LogTemp: Warning: Agarrando el mango
[2019.12.13-18.00.01:207][410]LogTemp: Warning: Agarrando el mango
[2019.12.13-18.00.01:227][411]LogTemp: Warning: Agarrando el mango
[2019.12.13-18.00.01:247][412]LogTemp: Warning: Agarrando el mango
[2019.12.13-18.00.01:268][413]LogTemp: Warning: Agarrando el mango
[2019.12.13-18.00.01:288][414]LogTemp: Warning: Agarrando el mango
[2019.12.13-18.00.01:309][415]LogTemp: Warning: Agarrando el mango
[2019.12.13-18.00.01:329][416]LogTemp: Warning: Agarrando el mango
[2019.12.13-18.00.01:349][417]LogTemp: Warning: Agarrando el mango
[2019.12.13-18.00.01:371][418]LogTemp: Warning: Agarrando el mango
[2019.12.13-18.00.01:391][419]LogTemp: Warning: Agarrando el mango
[2019.12.13-18.00.01:411][420]LogTemp: Warning: Agarrando el mango
[2019.12.13-18.00.01:432][421]LogTemp: Warning: Agarrando el mango
[2019.12.13-18.00.01:452][422]LogTemp: Warning: Agarrando el mango
[2019.12.13-18.00.01:472][423]LogTemp: Warning: Agarrando el mango
[2019.12.13-18.00.01:494][424]LogTemp: Warning: Agarrando el mango
[2019.12.13-18.00.01:513][425]LogTemp: Warning: Agarrando el mango
[2019.12.13-18.00.01:533][426]LogTemp: Warning: Agarrando el mango
[2019.12.13-18.00.01:553][427]LogTemp: Warning: Agarrando el mango
[2019.12.13-18.00.01:574][428]LogTemp: Warning: Agarrando el mango
[2019.12.13-18.00.01:595][429]LogTemp: Warning: Agarrando el mango
[2019.12.13-18.00.01:615][430]LogTemp: Warning: Agarrando el mango
[2019.12.13-18.00.01:636][431]LogTemp: Warning: Agarrando el mango
[2019.12.13-18.00.01:656][432]LogTemp: Warning: Agarrando el mango
[2019.12.13-18.00.01:677][433]LogTemp: Warning: Agarrando el mango
[2019.12.13-18.00.01:697][434]LogTemp: Warning: Agarrando el mango
[2019.12.13-18.00.01:718][435]LogTemp: Warning: Agarrando el mango
[2019.12.13-18.00.01:738][436]LogTemp: Warning: Agarrando el mango
[2019.12.13-18.00.01:760][437]LogTemp: Warning: Agarrando el mango
[2019.12.13-18.00.01:781][438]LogTemp: Warning: Agarrando el mango
[2019.12.13-18.00.01:801][439]LogTemp: Warning: Agarrando el mango
[2019.12.13-18.00.01:823][440]LogTemp: Warning: Agarrando el mango
[2019.12.13-18.00.01:842][441]LogTemp: Warning: Agarrando el mango
[2019.12.13-18.00.01:863][442]LogTemp: Warning: Agarrando el mango
[2019.12.13-18.00.01:884][443]LogTemp: Warning: Agarrando el mango
[2019.12.13-18.00.01:904][444]LogTemp: Warning: Agarrando el mango
[2019.12.13-18.00.01:925][445]LogTemp: Warning: Agarrando el mango
[2019.12.13-18.00.01:947][446]LogTemp: Warning: Agarrando el mango
[2019.12.13-18.00.01:967][447]LogTemp: Warning: Agarrando el mango
[2019.12.13-18.00.01:988][448]LogTemp: Warning: Agarrando el mango
[2019.12.13-18.00.02:009][449]LogTemp: Warning: Agarrando el mango
[2019.12.13-18.00.02:029][450]LogTemp: Warning: Agarrando el mango
[2019.12.13-18.00.02:050][451]LogTemp: Warning: Agarrando el mango
[2019.12.13-18.00.02:071][452]LogTemp: Warning: Agarrando el mango
[2019.12.13-18.00.02:091][453]LogTemp: Warning: Agarrando el mango
[2019.12.13-18.00.02:112][454]LogTemp: Warning: Agarrando el mango
[2019.12.13-18.00.02:133][455]LogTemp: Warning: Agarrando el mango
[2019.12.13-18.00.02:154][456]LogTemp: Warning: Agarrando el mango
[2019.12.13-18.00.02:174][457]LogTemp: Warning: Agarrando el mango
[2019.12.13-18.00.02:194][458]LogTemp: Warning: Agarrando el mango
[2019.12.13-18.00.02:215][459]LogTemp: Warning: Agarrando el mango
[2019.12.13-18.00.02:237][460]LogTemp: Warning: Agarrando el mango
[2019.12.13-18.00.02:257][461]LogTemp: Warning: Agarrando el mango
[2019.12.13-18.00.02:278][462]LogTemp: Warning: Agarrando el mango
[2019.12.13-18.00.02:300][463]LogTemp: Warning: Agarrando el mango
[2019.12.13-18.00.02:319][464]LogTemp: Warning: Agarrando el mango
[2019.12.13-18.00.02:341][465]LogTemp: Warning: Agarrando el mango
[2019.12.13-18.00.02:362][466]LogTemp: Warning: Agarrando el mango
[2019.12.13-18.00.02:382][467]LogTemp: Warning: Agarrando el mango
[2019.12.13-18.00.02:403][468]LogTemp: Warning: Agarrando el mango
[2019.12.13-18.00.02:423][469]LogTemp: Warning: Releasing a mango
[2019.12.13-18.00.02:672][481]LogTemp: Warning: En el key B
[2019.12.13-18.00.02:672][481]LogTemp: Warning: Esta el objeto con su id: 1
[2019.12.13-18.00.02:673][481]LogTemp: Warning: Esta el objeto con su id: 1
[2019.12.13-18.00.04:463][568]LogTemp: Warning: No hay objeto en 1
[2019.12.13-18.02.18:549][639]LogSlate: FSceneViewport::OnFocusLost() reason 0
[2019.12.13-18.04.18:726][227]LogBlueprintUserMessages: Early EndPlayMap Detection: Level '/Game/Levels/PasilloCasa.PasilloCasa:PersistentLevel' has LevelScriptBlueprint '/Game/Levels/PasilloCasa.PasilloCasa:PersistentLevel.PasilloCasa' with GeneratedClass '/Game/Levels/PasilloCasa.PasilloCasa_C' with ClassGeneratedBy '/Game/Levels/PasilloCasa.PasilloCasa:PersistentLevel.PasilloCasa'
[2019.12.13-18.04.18:727][227]LogSlate: Updating window title bar state: overlay mode, drag disabled, window buttons hidden, title bar hidden
[2019.12.13-18.04.18:759][227]LogPlayLevel: Display: Shutting down PIE online subsystems
[2019.12.13-18.04.18:760][227]LogBlueprintUserMessages: Late EndPlayMap Detection: Level '/Game/Levels/PasilloCasa.PasilloCasa:PersistentLevel' has LevelScriptBlueprint '/Game/Levels/PasilloCasa.PasilloCasa:PersistentLevel.PasilloCasa' with GeneratedClass '/Game/Levels/PasilloCasa.PasilloCasa_C' with ClassGeneratedBy '/Game/Levels/PasilloCasa.PasilloCasa:PersistentLevel.PasilloCasa'
[2019.12.13-18.04.18:804][227]LogSlate: Updating window title bar state: overlay mode, drag disabled, window buttons hidden, title bar hidden
[2019.12.13-18.04.18:807][227]LogUObjectHash: Compacting FUObjectHashTables data took   1.54ms
[2019.12.13-18.04.18:827][228]LogPlayLevel: Display: Destroying online subsystem :Context_3
[2019.12.13-18.04.20:358][310]LogTemp: Repeating last play command: Selected Viewport
[2019.12.13-18.04.20:370][310]LogBlueprintUserMessages: Early PlayInEditor Detection: Level '/Game/Levels/PasilloCasa.PasilloCasa:PersistentLevel' has LevelScriptBlueprint '/Game/Levels/PasilloCasa.PasilloCasa:PersistentLevel.PasilloCasa' with GeneratedClass '/Game/Levels/PasilloCasa.PasilloCasa_C' with ClassGeneratedBy '/Game/Levels/PasilloCasa.PasilloCasa:PersistentLevel.PasilloCasa'
[2019.12.13-18.04.20:371][310]LogPlayLevel: PlayLevel: No blueprints needed recompiling
[2019.12.13-18.04.20:371][310]PIE: New page: PIE session: PasilloCasa (Dec 13, 2019, 6:04:20 AM)
[2019.12.13-18.04.20:371][310]LogPlayLevel: Creating play world package: /Game/Levels/UEDPIE_0_PasilloCasa
[2019.12.13-18.04.20:378][310]LogPlayLevel: PIE: StaticDuplicateObject took: (0.006446s)
[2019.12.13-18.04.20:379][310]LogAIModule: Creating AISystem for world PasilloCasa
[2019.12.13-18.04.20:379][310]LogPlayLevel: PIE: World Init took: (0.000990s)
[2019.12.13-18.04.20:379][310]LogPlayLevel: PIE: Created PIE world by copying editor world from /Game/Levels/PasilloCasa.PasilloCasa to /Game/Levels/UEDPIE_0_PasilloCasa.PasilloCasa (0.008097s)
[2019.12.13-18.04.20:402][310]LogUObjectHash: Compacting FUObjectHashTables data took   1.10ms
[2019.12.13-18.04.20:427][310]LogInit: XAudio2 using 'MX279 (2- NVIDIA High Definition Audio)' : 2 channels at 48 kHz using 16 bits per sample (channel mask 0x3)
[2019.12.13-18.04.20:441][310]LogInit: FAudioDevice initialized.
[2019.12.13-18.04.20:477][310]LogLoad: Game class is 'MyNoNameProjectGameModeBase_C'
[2019.12.13-18.04.20:481][310]LogWorld: Bringing World /Game/Levels/UEDPIE_0_PasilloCasa.PasilloCasa up for play (max tick rate 0) at 2019.12.13-12.04.20
[2019.12.13-18.04.20:482][310]LogWorld: Bringing up level for play took: 0.004238
[2019.12.13-18.04.20:497][310]LogTemp: Warning: All systems set.
[2019.12.13-18.04.20:497][310]LogTemp: Warning: ?????????????????????????????????????????
[2019.12.13-18.04.20:497][310]LogTemp: Warning: Input Setup
[2019.12.13-18.04.20:497][310]PIE: Play in editor start time for /Game/Levels/UEDPIE_0_PasilloCasa 0.149
[2019.12.13-18.04.20:498][310]LogBlueprintUserMessages: Late PlayInEditor Detection: Level '/Game/Levels/PasilloCasa.PasilloCasa:PersistentLevel' has LevelScriptBlueprint '/Game/Levels/PasilloCasa.PasilloCasa:PersistentLevel.PasilloCasa' with GeneratedClass '/Game/Levels/PasilloCasa.PasilloCasa_C' with ClassGeneratedBy '/Game/Levels/PasilloCasa.PasilloCasa:PersistentLevel.PasilloCasa'
[2019.12.13-18.04.21:169][349]LogTemp: Warning: Grabbing a mango
[2019.12.13-18.04.21:169][349]LogTemp: Warning: No encontre actor
[2019.12.13-18.04.21:217][352]LogTemp: Warning: Releasing a mango
[2019.12.13-18.04.21:540][371]LogTemp: Warning: Grabbing a mango
[2019.12.13-18.04.21:541][371]LogTemp: Warning: No encontre actor
[2019.12.13-18.04.22:170][406]LogTemp: Warning: Releasing a mango
[2019.12.13-18.04.22:642][432]LogTemp: Warning: Grabbing a mango
[2019.12.13-18.04.22:642][432]LogTemp: Warning: No encontre actor
[2019.12.13-18.04.22:888][446]LogTemp: Warning: Releasing a mango
[2019.12.13-18.04.23:391][474]LogTemp: Warning: Grabbing a mango
[2019.12.13-18.04.23:391][474]LogTemp: Warning: Hit: Cube_2
[2019.12.13-18.04.23:391][474]LogTemp: Warning: Grabbing a mango
[2019.12.13-18.04.23:391][474]LogTemp: Warning: Cube_2
[2019.12.13-18.04.23:392][474]LogTemp: Warning: Agarrando el mango
[2019.12.13-18.04.23:407][475]LogTemp: Warning: Agarrando el mango
[2019.12.13-18.04.23:424][476]LogTemp: Warning: Agarrando el mango
[2019.12.13-18.04.23:443][477]LogTemp: Warning: Agarrando el mango
[2019.12.13-18.04.23:461][478]LogTemp: Warning: Agarrando el mango
[2019.12.13-18.04.23:479][479]LogTemp: Warning: Agarrando el mango
[2019.12.13-18.04.23:497][480]LogTemp: Warning: Releasing a mango
[2019.12.13-18.04.25:147][573]LogTemp: Warning: En el key B
[2019.12.13-18.04.25:148][573]LogTemp: Warning: Esta el objeto con su id: 1
[2019.12.13-18.04.27:522][707]LogTemp: Warning: No hay objeto en 1
[2019.12.13-18.04.32:053][963]LogTemp: Warning: En el key B
[2019.12.13-18.04.32:053][963]LogTemp: Warning: Esta el objeto con su id: 1
[2019.12.13-18.04.33:864][ 65]LogTemp: Warning: En el key B
[2019.12.13-18.04.33:864][ 65]LogTemp: Warning: Esta el objeto con su id: 1
[2019.12.13-18.04.34:323][ 91]LogTemp: Warning: En el key B
[2019.12.13-18.04.34:324][ 91]LogTemp: Warning: Esta el objeto con su id: 1
[2019.12.13-18.04.36:931][238]LogTemp: Warning: En el key B
[2019.12.13-18.04.36:931][238]LogTemp: Warning: Esta el objeto con su id: 1
[2019.12.13-18.04.37:799][287]LogTemp: Warning: No hay objeto en 1
[2019.12.13-18.04.38:595][332]LogTemp: Warning: No hay objeto en 1
[2019.12.13-18.04.40:846][459]LogTemp: Warning: En el key B
[2019.12.13-18.04.40:846][459]LogTemp: Warning: Esta el objeto con su id: 1
[2019.12.13-18.04.41:624][503]LogTemp: Warning: No hay objeto en 1
[2019.12.13-18.04.42:173][534]LogTemp: Warning: En el key B
[2019.12.13-18.04.42:173][534]LogTemp: Warning: Esta el objeto con su id: 1
[2019.12.13-18.04.42:419][548]LogTemp: Warning: No hay objeto en 1
[2019.12.13-18.04.45:608][727]LogBlueprintUserMessages: Early EndPlayMap Detection: Level '/Game/Levels/PasilloCasa.PasilloCasa:PersistentLevel' has LevelScriptBlueprint '/Game/Levels/PasilloCasa.PasilloCasa:PersistentLevel.PasilloCasa' with GeneratedClass '/Game/Levels/PasilloCasa.PasilloCasa_C' with ClassGeneratedBy '/Game/Levels/PasilloCasa.PasilloCasa:PersistentLevel.PasilloCasa'
[2019.12.13-18.04.45:611][727]LogSlate: Updating window title bar state: overlay mode, drag disabled, window buttons hidden, title bar hidden
[2019.12.13-18.04.45:668][727]LogPlayLevel: Display: Shutting down PIE online subsystems
[2019.12.13-18.04.45:669][727]LogBlueprintUserMessages: Late EndPlayMap Detection: Level '/Game/Levels/PasilloCasa.PasilloCasa:PersistentLevel' has LevelScriptBlueprint '/Game/Levels/PasilloCasa.PasilloCasa:PersistentLevel.PasilloCasa' with GeneratedClass '/Game/Levels/PasilloCasa.PasilloCasa_C' with ClassGeneratedBy '/Game/Levels/PasilloCasa.PasilloCasa:PersistentLevel.PasilloCasa'
[2019.12.13-18.04.45:730][727]LogSlate: Updating window title bar state: overlay mode, drag disabled, window buttons hidden, title bar hidden
[2019.12.13-18.04.45:735][727]LogUObjectHash: Compacting FUObjectHashTables data took   1.63ms
[2019.12.13-18.04.45:757][728]LogPlayLevel: Display: Destroying online subsystem :Context_4
[2019.12.13-18.05.26:215][470]LogSlate: FSceneViewport::OnFocusLost() reason 0
[2019.12.13-18.05.26:690][493]LogTemp: Repeating last play command: Selected Viewport
[2019.12.13-18.05.26:702][493]LogBlueprintUserMessages: Early PlayInEditor Detection: Level '/Game/Levels/PasilloCasa.PasilloCasa:PersistentLevel' has LevelScriptBlueprint '/Game/Levels/PasilloCasa.PasilloCasa:PersistentLevel.PasilloCasa' with GeneratedClass '/Game/Levels/PasilloCasa.PasilloCasa_C' with ClassGeneratedBy '/Game/Levels/PasilloCasa.PasilloCasa:PersistentLevel.PasilloCasa'
[2019.12.13-18.05.26:703][493]LogPlayLevel: PlayLevel: No blueprints needed recompiling
[2019.12.13-18.05.26:703][493]PIE: New page: PIE session: PasilloCasa (Dec 13, 2019, 6:05:26 AM)
[2019.12.13-18.05.26:703][493]LogPlayLevel: Creating play world package: /Game/Levels/UEDPIE_0_PasilloCasa
[2019.12.13-18.05.26:710][493]LogPlayLevel: PIE: StaticDuplicateObject took: (0.006373s)
[2019.12.13-18.05.26:711][493]LogAIModule: Creating AISystem for world PasilloCasa
[2019.12.13-18.05.26:711][493]LogPlayLevel: PIE: World Init took: (0.000917s)
[2019.12.13-18.05.26:711][493]LogPlayLevel: PIE: Created PIE world by copying editor world from /Game/Levels/PasilloCasa.PasilloCasa to /Game/Levels/UEDPIE_0_PasilloCasa.PasilloCasa (0.007907s)
[2019.12.13-18.05.26:735][493]LogUObjectHash: Compacting FUObjectHashTables data took   1.36ms
[2019.12.13-18.05.26:760][493]LogInit: XAudio2 using 'MX279 (2- NVIDIA High Definition Audio)' : 2 channels at 48 kHz using 16 bits per sample (channel mask 0x3)
[2019.12.13-18.05.26:773][493]LogInit: FAudioDevice initialized.
[2019.12.13-18.05.26:811][493]LogLoad: Game class is 'MyNoNameProjectGameModeBase_C'
[2019.12.13-18.05.26:818][493]LogWorld: Bringing World /Game/Levels/UEDPIE_0_PasilloCasa.PasilloCasa up for play (max tick rate 0) at 2019.12.13-12.05.26
[2019.12.13-18.05.26:820][493]LogWorld: Bringing up level for play took: 0.007817
[2019.12.13-18.05.26:838][493]LogTemp: Warning: All systems set.
[2019.12.13-18.05.26:839][493]LogTemp: Warning: ?????????????????????????????????????????
[2019.12.13-18.05.26:839][493]LogTemp: Warning: Input Setup
[2019.12.13-18.05.26:840][493]PIE: Play in editor start time for /Game/Levels/UEDPIE_0_PasilloCasa 0.491
[2019.12.13-18.05.26:841][493]LogBlueprintUserMessages: Late PlayInEditor Detection: Level '/Game/Levels/PasilloCasa.PasilloCasa:PersistentLevel' has LevelScriptBlueprint '/Game/Levels/PasilloCasa.PasilloCasa:PersistentLevel.PasilloCasa' with GeneratedClass '/Game/Levels/PasilloCasa.PasilloCasa_C' with ClassGeneratedBy '/Game/Levels/PasilloCasa.PasilloCasa:PersistentLevel.PasilloCasa'
[2019.12.13-18.05.27:646][539]LogTemp: Warning: Grabbing a mango
[2019.12.13-18.05.27:646][539]LogTemp: Warning: No encontre actor
[2019.12.13-18.05.28:294][575]LogTemp: Warning: Releasing a mango
[2019.12.13-18.05.28:929][610]LogTemp: Warning: En el key B
[2019.12.13-18.05.28:929][610]LogTemp: Warning: No hay inventario
[2019.12.13-18.05.30:807][713]LogTemp: Warning: Grabbing a mango
[2019.12.13-18.05.30:807][713]LogTemp: Warning: No encontre actor
[2019.12.13-18.05.31:133][731]LogTemp: Warning: Releasing a mango
[2019.12.13-18.05.31:778][767]LogTemp: Warning: Grabbing a mango
[2019.12.13-18.05.31:778][767]LogTemp: Warning: Hit: Cube_2
[2019.12.13-18.05.31:779][767]LogTemp: Warning: Grabbing a mango
[2019.12.13-18.05.31:779][767]LogTemp: Warning: Cube_2
[2019.12.13-18.05.31:780][767]LogTemp: Warning: Agarrando el mango
[2019.12.13-18.05.31:794][768]LogTemp: Warning: Agarrando el mango
[2019.12.13-18.05.31:812][769]LogTemp: Warning: Agarrando el mango
[2019.12.13-18.05.31:830][770]LogTemp: Warning: Agarrando el mango
[2019.12.13-18.05.31:848][771]LogTemp: Warning: Agarrando el mango
[2019.12.13-18.05.31:866][772]LogTemp: Warning: Agarrando el mango
[2019.12.13-18.05.31:883][773]LogTemp: Warning: Agarrando el mango
[2019.12.13-18.05.31:901][774]LogTemp: Warning: Agarrando el mango
[2019.12.13-18.05.31:919][775]LogTemp: Warning: Agarrando el mango
[2019.12.13-18.05.31:936][776]LogTemp: Warning: Agarrando el mango
[2019.12.13-18.05.31:954][777]LogTemp: Warning: Agarrando el mango
[2019.12.13-18.05.31:972][778]LogTemp: Warning: Agarrando el mango
[2019.12.13-18.05.31:990][779]LogTemp: Warning: Agarrando el mango
[2019.12.13-18.05.32:007][780]LogTemp: Warning: Agarrando el mango
[2019.12.13-18.05.32:025][781]LogTemp: Warning: Agarrando el mango
[2019.12.13-18.05.32:043][782]LogTemp: Warning: Agarrando el mango
[2019.12.13-18.05.32:060][783]LogTemp: Warning: Agarrando el mango
[2019.12.13-18.05.32:078][784]LogTemp: Warning: Agarrando el mango
[2019.12.13-18.05.32:096][785]LogTemp: Warning: Agarrando el mango
[2019.12.13-18.05.32:113][786]LogTemp: Warning: Agarrando el mango
[2019.12.13-18.05.32:131][787]LogTemp: Warning: Agarrando el mango
[2019.12.13-18.05.32:149][788]LogTemp: Warning: Agarrando el mango
[2019.12.13-18.05.32:167][789]LogTemp: Warning: Agarrando el mango
[2019.12.13-18.05.32:184][790]LogTemp: Warning: Releasing a mango
[2019.12.13-18.05.32:893][830]LogTemp: Warning: En el key B
[2019.12.13-18.05.32:893][830]LogTemp: Warning: Esta el objeto con su id: 1
[2019.12.13-18.05.37:772][105]LogTemp: Warning: Grabbing a mango
[2019.12.13-18.05.37:772][105]LogTemp: Warning: Hit: Cube_2
[2019.12.13-18.05.37:772][105]LogTemp: Warning: Grabbing a mango
[2019.12.13-18.05.37:772][105]LogTemp: Warning: Cube_2
[2019.12.13-18.05.37:773][105]LogTemp: Warning: Agarrando el mango
[2019.12.13-18.05.37:787][106]LogTemp: Warning: Agarrando el mango
[2019.12.13-18.05.37:805][107]LogTemp: Warning: Agarrando el mango
[2019.12.13-18.05.37:822][108]LogTemp: Warning: Agarrando el mango
[2019.12.13-18.05.37:840][109]LogTemp: Warning: Agarrando el mango
[2019.12.13-18.05.37:858][110]LogTemp: Warning: Agarrando el mango
[2019.12.13-18.05.37:875][111]LogTemp: Warning: Agarrando el mango
[2019.12.13-18.05.37:893][112]LogTemp: Warning: Releasing a mango
[2019.12.13-18.05.38:368][139]LogTemp: Warning: En el key B
[2019.12.13-18.05.38:369][139]LogTemp: Warning: Esta el objeto con su id: 1
[2019.12.13-18.05.38:369][139]LogTemp: Warning: Esta el objeto con su id: 1
[2019.12.13-18.05.57:487][408]LogTemp: Warning: Grabbing a mango
[2019.12.13-18.05.57:487][408]LogTemp: Warning: Hit: Cube_2
[2019.12.13-18.05.57:489][408]LogTemp: Warning: Grabbing a mango
[2019.12.13-18.05.57:489][408]LogTemp: Warning: Cube_2
[2019.12.13-18.05.57:489][408]LogTemp: Warning: Agarrando el mango
[2019.12.13-18.05.57:504][409]LogTemp: Warning: Agarrando el mango
[2019.12.13-18.05.57:520][410]LogTemp: Warning: Releasing a mango
[2019.12.13-18.05.59:586][527]LogTemp: Warning: En el key B
[2019.12.13-18.05.59:587][527]LogTemp: Warning: Esta el objeto con su id: 1
[2019.12.13-18.05.59:587][527]LogTemp: Warning: Esta el objeto con su id: 1
[2019.12.13-18.05.59:587][527]LogTemp: Warning: Esta el objeto con su id: 1
[2019.12.13-18.06.01:866][657]LogTemp: Warning: No hay objeto en 1
