Log file open, 12/06/19 12:23:39
LogWindows: Failed to load 'aqProf.dll' (GetLastError=126)
LogWindows: File 'aqProf.dll' does not exist
LogWindows: Failed to load 'VtuneApi.dll' (GetLastError=126)
LogWindows: File 'VtuneApi.dll' does not exist
LogWindows: Failed to load 'VtuneApi32e.dll' (GetLastError=126)
LogWindows: File 'VtuneApi32e.dll' does not exist
LogConsoleResponse: Display: Failed to find resolution value strings in scalability ini. Falling back to default.
LogInit: Display: Running engine for game: NoNameProject
LogPakFile: Registered encryption key '00000000000000000000000000000000': 0 pak files mounted, 0 remain pending
LogPlatformFile: Not using cached read wrapper
LogTaskGraph: Started task graph with 5 named threads and 23 total threads with 3 sets of task threads.
LogStats: Stats thread started at 0.402968
LogD3D11RHI: Loaded GFSDK_Aftermath_Lib.x64.dll
LogICUInternationalization: ICU TimeZone Detection - Raw Offset: -6:00, Platform Override: ''
LogPluginManager: Mounting plugin Paper2D
LogPluginManager: Mounting plugin AISupport
LogPluginManager: Mounting plugin LightPropagationVolume
LogPluginManager: Mounting plugin ActorLayerUtilities
LogPluginManager: Mounting plugin AnimationSharing
LogPluginManager: Mounting plugin CLionSourceCodeAccess
LogPluginManager: Mounting plugin CodeLiteSourceCodeAccess
LogPluginManager: Mounting plugin GitSourceControl
LogPluginManager: Mounting plugin KDevelopSourceCodeAccess
LogPluginManager: Mounting plugin NullSourceCodeAccess
LogPluginManager: Mounting plugin PerforceSourceControl
LogPluginManager: Mounting plugin SubversionSourceControl
LogPluginManager: Mounting plugin UObjectPlugin
LogPluginManager: Mounting plugin VisualStudioCodeSourceCodeAccess
LogPluginManager: Mounting plugin VisualStudioSourceCodeAccess
LogPluginManager: Mounting plugin XCodeSourceCodeAccess
LogPluginManager: Mounting plugin AssetManagerEditor
LogPluginManager: Mounting plugin CryptoKeys
LogPluginManager: Mounting plugin DataValidation
LogPluginManager: Mounting plugin FacialAnimation
LogPluginManager: Mounting plugin GameplayTagsEditor
LogPluginManager: Mounting plugin MacGraphicsSwitching
LogPluginManager: Mounting plugin MaterialAnalyzer
LogPluginManager: Mounting plugin MobileLauncherProfileWizard
LogPluginManager: Mounting plugin PluginBrowser
LogPluginManager: Mounting plugin SpeedTreeImporter
LogPluginManager: Mounting plugin DatasmithContent
LogPluginManager: Mounting plugin VariantManagerContent
LogPluginManager: Mounting plugin AlembicImporter
LogPluginManager: Mounting plugin AppleImageUtils
LogPluginManager: Mounting plugin AppleVision
LogPluginManager: Mounting plugin BackChannel
LogPluginManager: Mounting plugin CharacterAI
LogPluginManager: Mounting plugin GeometryCache
LogPluginManager: Mounting plugin HTML5Networking
LogPluginManager: Mounting plugin ProxyLODPlugin
LogPluginManager: Mounting plugin SkeletalReduction
LogPluginManager: Mounting plugin MagicLeap
LogPluginManager: Mounting plugin MagicLeapMedia
LogPluginManager: Mounting plugin AndroidMedia
LogPluginManager: Mounting plugin AvfMedia
LogPluginManager: Mounting plugin ImgMedia
LogPluginManager: Mounting plugin LinearTimecode
LogPluginManager: Mounting plugin MediaCompositing
LogPluginManager: Mounting plugin MediaPlayerEditor
LogPluginManager: Mounting plugin WebMMedia
LogPluginManager: Mounting plugin WmfMedia
LogPluginManager: Mounting plugin TcpMessaging
LogPluginManager: Mounting plugin UdpMessaging
LogPluginManager: Mounting plugin ActorSequence
LogPluginManager: Mounting plugin LevelSequenceEditor
LogPluginManager: Mounting plugin MatineeToLevelSequence
LogPluginManager: Mounting plugin NetcodeUnitTest
LogPluginManager: Mounting plugin NUTUnrealEngine4
LogPluginManager: Mounting plugin OnlineSubsystemGooglePlay
LogPluginManager: Mounting plugin OnlineSubsystemIOS
LogPluginManager: Mounting plugin OnlineSubsystem
LogPluginManager: Mounting plugin OnlineSubsystemNull
LogPluginManager: Mounting plugin OnlineSubsystemUtils
LogPluginManager: Mounting plugin LauncherChunkInstaller
LogPluginManager: Mounting plugin AndroidDeviceProfileSelector
LogPluginManager: Mounting plugin AndroidMoviePlayer
LogPluginManager: Mounting plugin AndroidPermission
LogPluginManager: Mounting plugin AppleMoviePlayer
LogPluginManager: Mounting plugin ArchVisCharacter
LogPluginManager: Mounting plugin AudioCapture
LogPluginManager: Mounting plugin CableComponent
LogPluginManager: Mounting plugin CustomMeshComponent
LogPluginManager: Mounting plugin EditableMesh
LogPluginManager: Mounting plugin ExampleDeviceProfileSelector
LogPluginManager: Mounting plugin Firebase
LogPluginManager: Mounting plugin GoogleCloudMessaging
LogPluginManager: Mounting plugin IOSDeviceProfileSelector
LogPluginManager: Mounting plugin LinuxDeviceProfileSelector
LogPluginManager: Mounting plugin LocationServicesBPLibrary
LogPluginManager: Mounting plugin MobilePatchingUtils
LogPluginManager: Mounting plugin OculusVR
LogPluginManager: Mounting plugin PhysXVehicles
LogPluginManager: Mounting plugin ProceduralMeshComponent
LogPluginManager: Mounting plugin RuntimePhysXCooking
LogPluginManager: Mounting plugin SignificanceManager
LogPluginManager: Mounting plugin SteamVR
LogPluginManager: Mounting plugin WebMMoviePlayer
LogPluginManager: Mounting plugin WindowsMoviePlayer
LogInit: Using libcurl 7.55.1-DEV
LogInit:  - built for x86_64-pc-win32
LogInit:  - supports SSL with OpenSSL/1.1.1
LogInit:  - supports HTTP deflate (compression) using libz 1.2.8
LogInit:  - other features:
LogInit:      CURL_VERSION_SSL
LogInit:      CURL_VERSION_LIBZ
LogInit:      CURL_VERSION_IPV6
LogInit:      CURL_VERSION_ASYNCHDNS
LogInit:      CURL_VERSION_LARGEFILE
LogInit:      CURL_VERSION_IDN
LogInit:  CurlRequestOptions (configurable via config and command line):
LogInit:  - bVerifyPeer = true  - Libcurl will verify peer certificate
LogInit:  - bUseHttpProxy = false  - Libcurl will NOT use HTTP proxy
LogInit:  - bDontReuseConnections = false  - Libcurl will reuse connections
LogInit:  - MaxHostConnections = 16  - Libcurl will limit the number of connections to a host
LogInit:  - LocalHostAddr = Default
LogInit:  - BufferSize = 65536
LogInit: WinSock: version 1.1 (2.2), MaxSocks=32767, MaxUdp=65467
LogInit: Build: ++UE4+Release-4.22-CL-7053642
LogInit: Engine Version: 4.22.3-7053642+++UE4+Release-4.22
LogInit: Compatible Engine Version: 4.22.0-5660361+++UE4+Release-4.22
LogInit: Net CL: 5660361
LogInit: OS: Windows 10 (Release 1903) (), CPU: Intel(R) Core(TM) i7-4790 CPU @ 3.60GHz, GPU: NVIDIA Quadro K2200
LogInit: Compiled (64-bit): Jun 18 2019 03:09:11
LogInit: Compiled with Visual C++: 19.16.27025.01
LogInit: Build Configuration: Development
LogInit: Branch Name: ++UE4+Release-4.22
LogInit: Command Line:  -skipcompile
LogInit: Base Directory: C:/Program Files/Epic Games/UE_4.22/Engine/Binaries/Win64/
LogInit: Installed Engine Build: 1
LogDevObjectVersion: Number of dev versions registered: 23
LogDevObjectVersion:   Dev-Blueprints (B0D832E4-1F89-4F0D-ACCF-7EB736FD4AA2): 10
LogDevObjectVersion:   Dev-Build (E1C64328-A22C-4D53-A36C-8E866417BD8C): 0
LogDevObjectVersion:   Dev-Core (375EC13C-06E4-48FB-B500-84F0262A717E): 3
LogDevObjectVersion:   Dev-Editor (E4B068ED-F494-42E9-A231-DA0B2E46BB41): 30
LogDevObjectVersion:   Dev-Framework (CFFC743F-43B0-4480-9391-14DF171D2073): 35
LogDevObjectVersion:   Dev-Mobile (B02B49B5-BB20-44E9-A304-32B752E40360): 2
LogDevObjectVersion:   Dev-Networking (A4E4105C-59A1-49B5-A7C5-40C4547EDFEE): 0
LogDevObjectVersion:   Dev-Online (39C831C9-5AE6-47DC-9A44-9C173E1C8E7C): 0
LogDevObjectVersion:   Dev-Physics (78F01B33-EBEA-4F98-B9B4-84EACCB95AA2): 0
LogDevObjectVersion:   Dev-Platform (6631380F-2D4D-43E0-8009-CF276956A95A): 0
LogDevObjectVersion:   Dev-Rendering (12F88B9F-8875-4AFC-A67C-D90C383ABD29): 28
LogDevObjectVersion:   Dev-Sequencer (7B5AE74C-D270-4C10-A958-57980B212A5A): 11
LogDevObjectVersion:   Dev-VR (D7296918-1DD6-4BDD-9DE2-64A83CC13884): 2
LogDevObjectVersion:   Dev-LoadTimes (C2A15278-BFE7-4AFE-6C17-90FF531DF755): 1
LogDevObjectVersion:   Private-Geometry (6EACA3D4-40EC-4CC1-B786-8BED09428FC5): 3
LogDevObjectVersion:   Dev-AnimPhys (29E575DD-E0A3-4627-9D10-D276232CDCEA): 17
LogDevObjectVersion:   Dev-Anim (AF43A65D-7FD3-4947-9873-3E8ED9C1BB05): 2
LogDevObjectVersion:   Dev-ReflectionCapture (6B266CEC-1EC7-4B8F-A30B-E4D90942FC07): 1
LogDevObjectVersion:   Dev-Automation (0DF73D61-A23F-47EA-B727-89E90C41499A): 1
LogDevObjectVersion:   FortniteMain (601D1886-AC64-4F84-AA16-D3DE0DEAC7D6): 25
LogDevObjectVersion:   Dev-Enterprise (9DFFBCD6-494F-0158-E221-12823C92A888): 6
LogDevObjectVersion:   Dev-Niagara (F2AED0AC-9AFE-416F-8664-AA7FFA26D6FC): 1
LogDevObjectVersion:   Dev-Destruction (174F1F0B-B4C6-45A5-B13F-2EE8D0FB917D): 2
LogInit: Presizing for max 16777216 objects, including 0 objects not considered by GC, pre-allocating 0 bytes for permanent pool.
LogInit: Object subsystem initialized
LogConfig: Setting CVar [[con.DebugEarlyDefault:1]]
LogConfig: Setting CVar [[r.setres:1280x720]]
[2019.12.06-18.23.40:341][  0]LogConfig: Setting CVar [[r.VSync:0]]
[2019.12.06-18.23.40:341][  0]LogConfig: Setting CVar [[r.RHICmdBypass:0]]
[2019.12.06-18.23.40:342][  0]LogConfig: Applying CVar settings from Section [/Script/Engine.RendererSettings] File [C:/Users/ALUMNO/Downloads/UntitledHorrorGame-e1/NoNameProject/Saved/Config/Windows/Engine.ini]
[2019.12.06-18.23.40:342][  0]LogConfig: Setting CVar [[r.GPUCrashDebugging:0]]
[2019.12.06-18.23.40:342][  0]LogConfig: Setting CVar [[r.DefaultFeature.AutoExposure.ExtendDefaultLuminanceRange:1]]
[2019.12.06-18.23.40:343][  0]LogConfig: Setting CVar [[r.ReflectionCaptureResolution:512]]
[2019.12.06-18.23.40:343][  0]LogConfig: Applying CVar settings from Section [/Script/Engine.RendererOverrideSettings] File [C:/Users/ALUMNO/Downloads/UntitledHorrorGame-e1/NoNameProject/Saved/Config/Windows/Engine.ini]
[2019.12.06-18.23.40:343][  0]LogConfig: Applying CVar settings from Section [/Script/Engine.StreamingSettings] File [C:/Users/ALUMNO/Downloads/UntitledHorrorGame-e1/NoNameProject/Saved/Config/Windows/Engine.ini]
[2019.12.06-18.23.40:343][  0]LogConfig: Setting CVar [[s.MinBulkDataSizeForAsyncLoading:131072]]
[2019.12.06-18.23.40:344][  0]LogConfig: Setting CVar [[s.AsyncLoadingThreadEnabled:0]]
[2019.12.06-18.23.40:344][  0]LogConfig: Setting CVar [[s.EventDrivenLoaderEnabled:1]]
[2019.12.06-18.23.40:344][  0]LogConfig: Setting CVar [[s.WarnIfTimeLimitExceeded:0]]
[2019.12.06-18.23.40:344][  0]LogConfig: Setting CVar [[s.TimeLimitExceededMultiplier:1.5]]
[2019.12.06-18.23.40:345][  0]LogConfig: Setting CVar [[s.TimeLimitExceededMinTime:0.005]]
[2019.12.06-18.23.40:345][  0]LogConfig: Setting CVar [[s.UseBackgroundLevelStreaming:1]]
[2019.12.06-18.23.40:345][  0]LogConfig: Setting CVar [[s.PriorityAsyncLoadingExtraTime:15.0]]
[2019.12.06-18.23.40:345][  0]LogConfig: Setting CVar [[s.LevelStreamingActorsUpdateTimeLimit:5.0]]
[2019.12.06-18.23.40:346][  0]LogConfig: Setting CVar [[s.PriorityLevelStreamingActorsUpdateExtraTime:5.0]]
[2019.12.06-18.23.40:346][  0]LogConfig: Setting CVar [[s.LevelStreamingComponentsRegistrationGranularity:10]]
[2019.12.06-18.23.40:346][  0]LogConfig: Setting CVar [[s.UnregisterComponentsTimeLimit:1.0]]
[2019.12.06-18.23.40:346][  0]LogConfig: Setting CVar [[s.LevelStreamingComponentsUnregistrationGranularity:5]]
[2019.12.06-18.23.40:347][  0]LogConfig: Applying CVar settings from Section [/Script/Engine.GarbageCollectionSettings] File [C:/Users/ALUMNO/Downloads/UntitledHorrorGame-e1/NoNameProject/Saved/Config/Windows/Engine.ini]
[2019.12.06-18.23.40:347][  0]LogConfig: Setting CVar [[gc.MaxObjectsNotConsideredByGC:1]]
[2019.12.06-18.23.40:347][  0]LogConfig: Setting CVar [[gc.SizeOfPermanentObjectPool:0]]
[2019.12.06-18.23.40:348][  0]LogConfig: Setting CVar [[gc.FlushStreamingOnGC:0]]
[2019.12.06-18.23.40:348][  0]LogConfig: Setting CVar [[gc.NumRetriesBeforeForcingGC:10]]
[2019.12.06-18.23.40:348][  0]LogConfig: Setting CVar [[gc.AllowParallelGC:1]]
[2019.12.06-18.23.40:348][  0]LogConfig: Setting CVar [[gc.TimeBetweenPurgingPendingKillObjects:61.1]]
[2019.12.06-18.23.40:349][  0]LogConfig: Setting CVar [[gc.MaxObjectsInEditor:16777216]]
[2019.12.06-18.23.40:349][  0]LogConfig: Setting CVar [[gc.IncrementalBeginDestroyEnabled:1]]
[2019.12.06-18.23.40:349][  0]LogConfig: Setting CVar [[gc.CreateGCClusters:1]]
[2019.12.06-18.23.40:350][  0]LogConfig: Setting CVar [[gc.MinGCClusterSize:5]]
[2019.12.06-18.23.40:350][  0]LogConfig: Setting CVar [[gc.ActorClusteringEnabled:0]]
[2019.12.06-18.23.40:350][  0]LogConfig: Setting CVar [[gc.BlueprintClusteringEnabled:0]]
[2019.12.06-18.23.40:350][  0]LogConfig: Setting CVar [[gc.UseDisregardForGCOnDedicatedServers:0]]
[2019.12.06-18.23.40:351][  0]LogConfig: Applying CVar settings from Section [/Script/Engine.NetworkSettings] File [C:/Users/ALUMNO/Downloads/UntitledHorrorGame-e1/NoNameProject/Saved/Config/Windows/Engine.ini]
[2019.12.06-18.23.40:351][  0]LogConfig: Applying CVar settings from Section [/Script/UnrealEd.CookerSettings] File [C:/Users/ALUMNO/Downloads/UntitledHorrorGame-e1/NoNameProject/Saved/Config/Windows/Engine.ini]
[2019.12.06-18.23.40:379][  0]LogConfig: Applying CVar settings from Section [ViewDistanceQuality@3] File [C:/Users/ALUMNO/Downloads/UntitledHorrorGame-e1/NoNameProject/Saved/Config/Windows/Scalability.ini]
[2019.12.06-18.23.40:379][  0]LogConfig: Setting CVar [[r.SkeletalMeshLODBias:0]]
[2019.12.06-18.23.40:379][  0]LogConfig: Setting CVar [[r.ViewDistanceScale:1.0]]
[2019.12.06-18.23.40:379][  0]LogConfig: Applying CVar settings from Section [AntiAliasingQuality@3] File [C:/Users/ALUMNO/Downloads/UntitledHorrorGame-e1/NoNameProject/Saved/Config/Windows/Scalability.ini]
[2019.12.06-18.23.40:380][  0]LogConfig: Setting CVar [[r.PostProcessAAQuality:4]]
[2019.12.06-18.23.40:380][  0]LogConfig: Applying CVar settings from Section [ShadowQuality@3] File [C:/Users/ALUMNO/Downloads/UntitledHorrorGame-e1/NoNameProject/Saved/Config/Windows/Scalability.ini]
[2019.12.06-18.23.40:380][  0]LogConfig: Setting CVar [[r.LightFunctionQuality:1]]
[2019.12.06-18.23.40:380][  0]LogConfig: Setting CVar [[r.ShadowQuality:5]]
[2019.12.06-18.23.40:380][  0]LogConfig: Setting CVar [[r.Shadow.CSM.MaxCascades:10]]
[2019.12.06-18.23.40:380][  0]LogConfig: Setting CVar [[r.Shadow.MaxResolution:2048]]
[2019.12.06-18.23.40:381][  0]LogConfig: Setting CVar [[r.Shadow.MaxCSMResolution:2048]]
[2019.12.06-18.23.40:381][  0]LogConfig: Setting CVar [[r.Shadow.RadiusThreshold:0.01]]
[2019.12.06-18.23.40:381][  0]LogConfig: Setting CVar [[r.Shadow.DistanceScale:1.0]]
[2019.12.06-18.23.40:381][  0]LogConfig: Setting CVar [[r.Shadow.CSM.TransitionScale:1.0]]
[2019.12.06-18.23.40:381][  0]LogConfig: Setting CVar [[r.Shadow.PreShadowResolutionFactor:1.0]]
[2019.12.06-18.23.40:381][  0]LogConfig: Setting CVar [[r.DistanceFieldShadowing:1]]
[2019.12.06-18.23.40:382][  0]LogConfig: Setting CVar [[r.DistanceFieldAO:1]]
[2019.12.06-18.23.40:382][  0]LogConfig: Setting CVar [[r.AOQuality:2]]
[2019.12.06-18.23.40:382][  0]LogConfig: Setting CVar [[r.VolumetricFog:1]]
[2019.12.06-18.23.40:382][  0]LogConfig: Setting CVar [[r.VolumetricFog.GridPixelSize:8]]
[2019.12.06-18.23.40:382][  0]LogConfig: Setting CVar [[r.VolumetricFog.GridSizeZ:128]]
[2019.12.06-18.23.40:382][  0]LogConfig: Setting CVar [[r.VolumetricFog.HistoryMissSupersampleCount:4]]
[2019.12.06-18.23.40:382][  0]LogConfig: Setting CVar [[r.LightMaxDrawDistanceScale:1]]
[2019.12.06-18.23.40:383][  0]LogConfig: Setting CVar [[r.CapsuleShadows:1]]
[2019.12.06-18.23.40:383][  0]LogConfig: Applying CVar settings from Section [PostProcessQuality@3] File [C:/Users/ALUMNO/Downloads/UntitledHorrorGame-e1/NoNameProject/Saved/Config/Windows/Scalability.ini]
[2019.12.06-18.23.40:383][  0]LogConfig: Setting CVar [[r.MotionBlurQuality:4]]
[2019.12.06-18.23.40:383][  0]LogConfig: Setting CVar [[r.AmbientOcclusionMipLevelFactor:0.4]]
[2019.12.06-18.23.40:383][  0]LogConfig: Setting CVar [[r.AmbientOcclusionMaxQuality:100]]
[2019.12.06-18.23.40:383][  0]LogConfig: Setting CVar [[r.AmbientOcclusionLevels:-1]]
[2019.12.06-18.23.40:383][  0]LogConfig: Setting CVar [[r.AmbientOcclusionRadiusScale:1.0]]
[2019.12.06-18.23.40:384][  0]LogConfig: Setting CVar [[r.DepthOfFieldQuality:2]]
[2019.12.06-18.23.40:384][  0]LogConfig: Setting CVar [[r.RenderTargetPoolMin:400]]
[2019.12.06-18.23.40:384][  0]LogConfig: Setting CVar [[r.LensFlareQuality:2]]
[2019.12.06-18.23.40:384][  0]LogConfig: Setting CVar [[r.SceneColorFringeQuality:1]]
[2019.12.06-18.23.40:384][  0]LogConfig: Setting CVar [[r.EyeAdaptationQuality:2]]
[2019.12.06-18.23.40:384][  0]LogConfig: Setting CVar [[r.BloomQuality:5]]
[2019.12.06-18.23.40:384][  0]LogConfig: Setting CVar [[r.FastBlurThreshold:100]]
[2019.12.06-18.23.40:385][  0]LogConfig: Setting CVar [[r.Upscale.Quality:3]]
[2019.12.06-18.23.40:385][  0]LogConfig: Setting CVar [[r.Tonemapper.GrainQuantization:1]]
[2019.12.06-18.23.40:385][  0]LogConfig: Setting CVar [[r.LightShaftQuality:1]]
[2019.12.06-18.23.40:385][  0]LogConfig: Setting CVar [[r.Filter.SizeScale:1]]
[2019.12.06-18.23.40:385][  0]LogConfig: Setting CVar [[r.Tonemapper.Quality:5]]
[2019.12.06-18.23.40:386][  0]LogConfig: Setting CVar [[r.DOF.Gather.AccumulatorQuality:1        ; higher gathering accumulator quality]]
[2019.12.06-18.23.40:386][  0]LogConfig: Setting CVar [[r.DOF.Gather.PostfilterMethod:1          ; Median3x3 postfilering method]]
[2019.12.06-18.23.40:386][  0]LogConfig: Setting CVar [[r.DOF.Gather.EnableBokehSettings:0       ; no bokeh simulation when gathering]]
[2019.12.06-18.23.40:386][  0]LogConfig: Setting CVar [[r.DOF.Gather.RingCount:4                 ; medium number of samples when gathering]]
[2019.12.06-18.23.40:386][  0]LogConfig: Setting CVar [[r.DOF.Scatter.ForegroundCompositing:1    ; additive foreground scattering]]
[2019.12.06-18.23.40:386][  0]LogConfig: Setting CVar [[r.DOF.Scatter.BackgroundCompositing:2    ; additive background scattering]]
[2019.12.06-18.23.40:386][  0]LogConfig: Setting CVar [[r.DOF.Scatter.EnableBokehSettings:1      ; bokeh simulation when scattering]]
[2019.12.06-18.23.40:387][  0]LogConfig: Setting CVar [[r.DOF.Scatter.MaxSpriteRatio:0.1         ; only a maximum of 10% of scattered bokeh]]
[2019.12.06-18.23.40:387][  0]LogConfig: Setting CVar [[r.DOF.Recombine.Quality:1                ; cheap slight out of focus]]
[2019.12.06-18.23.40:387][  0]LogConfig: Setting CVar [[r.DOF.Recombine.EnableBokehSettings:0    ; no bokeh simulation on slight out of focus]]
[2019.12.06-18.23.40:387][  0]LogConfig: Setting CVar [[r.DOF.TemporalAAQuality:1                ; more stable temporal accumulation]]
[2019.12.06-18.23.40:388][  0]LogConfig: Setting CVar [[r.DOF.Kernel.MaxForegroundRadius:0.025]]
[2019.12.06-18.23.40:388][  0]LogConfig: Setting CVar [[r.DOF.Kernel.MaxBackgroundRadius:0.025]]
[2019.12.06-18.23.40:388][  0]LogConfig: Applying CVar settings from Section [TextureQuality@3] File [C:/Users/ALUMNO/Downloads/UntitledHorrorGame-e1/NoNameProject/Saved/Config/Windows/Scalability.ini]
[2019.12.06-18.23.40:388][  0]LogConfig: Setting CVar [[r.Streaming.MipBias:0]]
[2019.12.06-18.23.40:388][  0]LogConfig: Setting CVar [[r.Streaming.AmortizeCPUToGPUCopy:0]]
[2019.12.06-18.23.40:388][  0]LogConfig: Setting CVar [[r.Streaming.MaxNumTexturesToStreamPerFrame:0]]
[2019.12.06-18.23.40:388][  0]LogConfig: Setting CVar [[r.Streaming.Boost:1]]
[2019.12.06-18.23.40:389][  0]LogConfig: Setting CVar [[r.MaxAnisotropy:8]]
[2019.12.06-18.23.40:389][  0]LogConfig: Setting CVar [[r.Streaming.LimitPoolSizeToVRAM:0]]
[2019.12.06-18.23.40:389][  0]LogConfig: Setting CVar [[r.Streaming.PoolSize:1000]]
[2019.12.06-18.23.40:389][  0]LogConfig: Setting CVar [[r.Streaming.MaxEffectiveScreenSize:0]]
[2019.12.06-18.23.40:389][  0]LogConfig: Applying CVar settings from Section [EffectsQuality@3] File [C:/Users/ALUMNO/Downloads/UntitledHorrorGame-e1/NoNameProject/Saved/Config/Windows/Scalability.ini]
[2019.12.06-18.23.40:389][  0]LogConfig: Setting CVar [[r.TranslucencyLightingVolumeDim:64]]
[2019.12.06-18.23.40:389][  0]LogConfig: Setting CVar [[r.RefractionQuality:2]]
[2019.12.06-18.23.40:390][  0]LogConfig: Setting CVar [[r.SSR.Quality:3]]
[2019.12.06-18.23.40:390][  0]LogConfig: Setting CVar [[r.SceneColorFormat:4]]
[2019.12.06-18.23.40:390][  0]LogConfig: Setting CVar [[r.DetailMode:2]]
[2019.12.06-18.23.40:390][  0]LogConfig: Setting CVar [[r.TranslucencyVolumeBlur:1]]
[2019.12.06-18.23.40:390][  0]LogConfig: Setting CVar [[r.MaterialQualityLevel:1 ; High quality]]
[2019.12.06-18.23.40:390][  0]LogConfig: Setting CVar [[r.SSS.Scale:1]]
[2019.12.06-18.23.40:391][  0]LogConfig: Setting CVar [[r.SSS.SampleSet:2]]
[2019.12.06-18.23.40:391][  0]LogConfig: Setting CVar [[r.SSS.Quality:1]]
[2019.12.06-18.23.40:391][  0]LogConfig: Setting CVar [[r.SSS.HalfRes:1]]
[2019.12.06-18.23.40:391][  0]LogConfig: Setting CVar [[r.EmitterSpawnRateScale:1.0]]
[2019.12.06-18.23.40:391][  0]LogConfig: Setting CVar [[r.ParticleLightQuality:2]]
[2019.12.06-18.23.40:391][  0]LogConfig: Applying CVar settings from Section [FoliageQuality@3] File [C:/Users/ALUMNO/Downloads/UntitledHorrorGame-e1/NoNameProject/Saved/Config/Windows/Scalability.ini]
[2019.12.06-18.23.40:392][  0]LogConfig: Setting CVar [[foliage.DensityScale:1.0]]
[2019.12.06-18.23.40:392][  0]LogConfig: Setting CVar [[grass.DensityScale:1.0]]
[2019.12.06-18.23.40:392][  0]LogInit: Selected Device Profile: [Windows]
[2019.12.06-18.23.40:392][  0]LogInit: Applying CVar settings loaded from the selected device profile: [Windows]
[2019.12.06-18.23.40:410][  0]LogHAL: Display: Platform has ~ 16 GB [17098399744 / 17179869184 / 16], which maps to Larger [LargestMinGB=32, LargerMinGB=12, DefaultMinGB=8, SmallerMinGB=6, SmallestMinGB=0)
[2019.12.06-18.23.40:410][  0]LogConfig: Setting CVar [[r.Vulkan.UseRealUBs:0		; Required until we fix HLR fall-out]]
[2019.12.06-18.23.40:411][  0]LogInit: Going up to parent DeviceProfile []
[2019.12.06-18.23.40:411][  0]LogConfig: Applying CVar settings from Section [ViewDistanceQuality@3] File [C:/Users/ALUMNO/Downloads/UntitledHorrorGame-e1/NoNameProject/Saved/Config/Windows/Scalability.ini]
[2019.12.06-18.23.40:411][  0]LogConfig: Setting CVar [[r.SkeletalMeshLODBias:0]]
[2019.12.06-18.23.40:411][  0]LogConfig: Setting CVar [[r.ViewDistanceScale:1.0]]
[2019.12.06-18.23.40:411][  0]LogConfig: Applying CVar settings from Section [AntiAliasingQuality@3] File [C:/Users/ALUMNO/Downloads/UntitledHorrorGame-e1/NoNameProject/Saved/Config/Windows/Scalability.ini]
[2019.12.06-18.23.40:411][  0]LogConfig: Setting CVar [[r.PostProcessAAQuality:4]]
[2019.12.06-18.23.40:411][  0]LogConfig: Applying CVar settings from Section [ShadowQuality@3] File [C:/Users/ALUMNO/Downloads/UntitledHorrorGame-e1/NoNameProject/Saved/Config/Windows/Scalability.ini]
[2019.12.06-18.23.40:411][  0]LogConfig: Setting CVar [[r.LightFunctionQuality:1]]
[2019.12.06-18.23.40:411][  0]LogConfig: Setting CVar [[r.ShadowQuality:5]]
[2019.12.06-18.23.40:411][  0]LogConfig: Setting CVar [[r.Shadow.CSM.MaxCascades:10]]
[2019.12.06-18.23.40:411][  0]LogConfig: Setting CVar [[r.Shadow.MaxResolution:2048]]
[2019.12.06-18.23.40:411][  0]LogConfig: Setting CVar [[r.Shadow.MaxCSMResolution:2048]]
[2019.12.06-18.23.40:411][  0]LogConfig: Setting CVar [[r.Shadow.RadiusThreshold:0.01]]
[2019.12.06-18.23.40:412][  0]LogConfig: Setting CVar [[r.Shadow.DistanceScale:1.0]]
[2019.12.06-18.23.40:412][  0]LogConfig: Setting CVar [[r.Shadow.CSM.TransitionScale:1.0]]
[2019.12.06-18.23.40:412][  0]LogConfig: Setting CVar [[r.Shadow.PreShadowResolutionFactor:1.0]]
[2019.12.06-18.23.40:412][  0]LogConfig: Setting CVar [[r.DistanceFieldShadowing:1]]
[2019.12.06-18.23.40:412][  0]LogConfig: Setting CVar [[r.DistanceFieldAO:1]]
[2019.12.06-18.23.40:412][  0]LogConfig: Setting CVar [[r.AOQuality:2]]
[2019.12.06-18.23.40:412][  0]LogConfig: Setting CVar [[r.VolumetricFog:1]]
[2019.12.06-18.23.40:412][  0]LogConfig: Setting CVar [[r.VolumetricFog.GridPixelSize:8]]
[2019.12.06-18.23.40:412][  0]LogConfig: Setting CVar [[r.VolumetricFog.GridSizeZ:128]]
[2019.12.06-18.23.40:412][  0]LogConfig: Setting CVar [[r.VolumetricFog.HistoryMissSupersampleCount:4]]
[2019.12.06-18.23.40:412][  0]LogConfig: Setting CVar [[r.LightMaxDrawDistanceScale:1]]
[2019.12.06-18.23.40:412][  0]LogConfig: Setting CVar [[r.CapsuleShadows:1]]
[2019.12.06-18.23.40:412][  0]LogConfig: Applying CVar settings from Section [PostProcessQuality@3] File [C:/Users/ALUMNO/Downloads/UntitledHorrorGame-e1/NoNameProject/Saved/Config/Windows/Scalability.ini]
[2019.12.06-18.23.40:412][  0]LogConfig: Setting CVar [[r.MotionBlurQuality:4]]
[2019.12.06-18.23.40:412][  0]LogConfig: Setting CVar [[r.AmbientOcclusionMipLevelFactor:0.4]]
[2019.12.06-18.23.40:412][  0]LogConfig: Setting CVar [[r.AmbientOcclusionMaxQuality:100]]
[2019.12.06-18.23.40:413][  0]LogConfig: Setting CVar [[r.AmbientOcclusionLevels:-1]]
[2019.12.06-18.23.40:413][  0]LogConfig: Setting CVar [[r.AmbientOcclusionRadiusScale:1.0]]
[2019.12.06-18.23.40:413][  0]LogConfig: Setting CVar [[r.DepthOfFieldQuality:2]]
[2019.12.06-18.23.40:413][  0]LogConfig: Setting CVar [[r.RenderTargetPoolMin:400]]
[2019.12.06-18.23.40:413][  0]LogConfig: Setting CVar [[r.LensFlareQuality:2]]
[2019.12.06-18.23.40:413][  0]LogConfig: Setting CVar [[r.SceneColorFringeQuality:1]]
[2019.12.06-18.23.40:413][  0]LogConfig: Setting CVar [[r.EyeAdaptationQuality:2]]
[2019.12.06-18.23.40:413][  0]LogConfig: Setting CVar [[r.BloomQuality:5]]
[2019.12.06-18.23.40:413][  0]LogConfig: Setting CVar [[r.FastBlurThreshold:100]]
[2019.12.06-18.23.40:413][  0]LogConfig: Setting CVar [[r.Upscale.Quality:3]]
[2019.12.06-18.23.40:413][  0]LogConfig: Setting CVar [[r.Tonemapper.GrainQuantization:1]]
[2019.12.06-18.23.40:413][  0]LogConfig: Setting CVar [[r.LightShaftQuality:1]]
[2019.12.06-18.23.40:413][  0]LogConfig: Setting CVar [[r.Filter.SizeScale:1]]
[2019.12.06-18.23.40:413][  0]LogConfig: Setting CVar [[r.Tonemapper.Quality:5]]
[2019.12.06-18.23.40:413][  0]LogConfig: Setting CVar [[r.DOF.Gather.AccumulatorQuality:1        ; higher gathering accumulator quality]]
[2019.12.06-18.23.40:414][  0]LogConfig: Setting CVar [[r.DOF.Gather.PostfilterMethod:1          ; Median3x3 postfilering method]]
[2019.12.06-18.23.40:414][  0]LogConfig: Setting CVar [[r.DOF.Gather.EnableBokehSettings:0       ; no bokeh simulation when gathering]]
[2019.12.06-18.23.40:414][  0]LogConfig: Setting CVar [[r.DOF.Gather.RingCount:4                 ; medium number of samples when gathering]]
[2019.12.06-18.23.40:414][  0]LogConfig: Setting CVar [[r.DOF.Scatter.ForegroundCompositing:1    ; additive foreground scattering]]
[2019.12.06-18.23.40:414][  0]LogConfig: Setting CVar [[r.DOF.Scatter.BackgroundCompositing:2    ; additive background scattering]]
[2019.12.06-18.23.40:414][  0]LogConfig: Setting CVar [[r.DOF.Scatter.EnableBokehSettings:1      ; bokeh simulation when scattering]]
[2019.12.06-18.23.40:414][  0]LogConfig: Setting CVar [[r.DOF.Scatter.MaxSpriteRatio:0.1         ; only a maximum of 10% of scattered bokeh]]
[2019.12.06-18.23.40:414][  0]LogConfig: Setting CVar [[r.DOF.Recombine.Quality:1                ; cheap slight out of focus]]
[2019.12.06-18.23.40:414][  0]LogConfig: Setting CVar [[r.DOF.Recombine.EnableBokehSettings:0    ; no bokeh simulation on slight out of focus]]
[2019.12.06-18.23.40:414][  0]LogConfig: Setting CVar [[r.DOF.TemporalAAQuality:1                ; more stable temporal accumulation]]
[2019.12.06-18.23.40:414][  0]LogConfig: Setting CVar [[r.DOF.Kernel.MaxForegroundRadius:0.025]]
[2019.12.06-18.23.40:414][  0]LogConfig: Setting CVar [[r.DOF.Kernel.MaxBackgroundRadius:0.025]]
[2019.12.06-18.23.40:414][  0]LogConfig: Applying CVar settings from Section [TextureQuality@3] File [C:/Users/ALUMNO/Downloads/UntitledHorrorGame-e1/NoNameProject/Saved/Config/Windows/Scalability.ini]
[2019.12.06-18.23.40:414][  0]LogConfig: Setting CVar [[r.Streaming.MipBias:0]]
[2019.12.06-18.23.40:414][  0]LogConfig: Setting CVar [[r.Streaming.AmortizeCPUToGPUCopy:0]]
[2019.12.06-18.23.40:414][  0]LogConfig: Setting CVar [[r.Streaming.MaxNumTexturesToStreamPerFrame:0]]
[2019.12.06-18.23.40:415][  0]LogConfig: Setting CVar [[r.Streaming.Boost:1]]
[2019.12.06-18.23.40:415][  0]LogConfig: Setting CVar [[r.MaxAnisotropy:8]]
[2019.12.06-18.23.40:415][  0]LogConfig: Setting CVar [[r.Streaming.LimitPoolSizeToVRAM:0]]
[2019.12.06-18.23.40:415][  0]LogConfig: Setting CVar [[r.Streaming.PoolSize:1000]]
[2019.12.06-18.23.40:415][  0]LogConfig: Setting CVar [[r.Streaming.MaxEffectiveScreenSize:0]]
[2019.12.06-18.23.40:415][  0]LogConfig: Applying CVar settings from Section [EffectsQuality@3] File [C:/Users/ALUMNO/Downloads/UntitledHorrorGame-e1/NoNameProject/Saved/Config/Windows/Scalability.ini]
[2019.12.06-18.23.40:415][  0]LogConfig: Setting CVar [[r.TranslucencyLightingVolumeDim:64]]
[2019.12.06-18.23.40:415][  0]LogConfig: Setting CVar [[r.RefractionQuality:2]]
[2019.12.06-18.23.40:415][  0]LogConfig: Setting CVar [[r.SSR.Quality:3]]
[2019.12.06-18.23.40:415][  0]LogConfig: Setting CVar [[r.SceneColorFormat:4]]
[2019.12.06-18.23.40:415][  0]LogConfig: Setting CVar [[r.DetailMode:2]]
[2019.12.06-18.23.40:415][  0]LogConfig: Setting CVar [[r.TranslucencyVolumeBlur:1]]
[2019.12.06-18.23.40:415][  0]LogConfig: Setting CVar [[r.MaterialQualityLevel:1 ; High quality]]
[2019.12.06-18.23.40:415][  0]LogConfig: Setting CVar [[r.SSS.Scale:1]]
[2019.12.06-18.23.40:415][  0]LogConfig: Setting CVar [[r.SSS.SampleSet:2]]
[2019.12.06-18.23.40:415][  0]LogConfig: Setting CVar [[r.SSS.Quality:1]]
[2019.12.06-18.23.40:416][  0]LogConfig: Setting CVar [[r.SSS.HalfRes:1]]
[2019.12.06-18.23.40:416][  0]LogConfig: Setting CVar [[r.EmitterSpawnRateScale:1.0]]
[2019.12.06-18.23.40:416][  0]LogConfig: Setting CVar [[r.ParticleLightQuality:2]]
[2019.12.06-18.23.40:416][  0]LogConfig: Applying CVar settings from Section [FoliageQuality@3] File [C:/Users/ALUMNO/Downloads/UntitledHorrorGame-e1/NoNameProject/Saved/Config/Windows/Scalability.ini]
[2019.12.06-18.23.40:416][  0]LogConfig: Setting CVar [[foliage.DensityScale:1.0]]
[2019.12.06-18.23.40:416][  0]LogConfig: Setting CVar [[grass.DensityScale:1.0]]
[2019.12.06-18.23.40:416][  0]LogConfig: Applying CVar settings from Section [Startup] File [../../../Engine/Config/ConsoleVariables.ini]
[2019.12.06-18.23.40:416][  0]LogConfig: Setting CVar [[net.UseAdaptiveNetUpdateFrequency:0]]
[2019.12.06-18.23.40:417][  0]LogConfig: Setting CVar [[p.chaos.AllowCreatePhysxBodies:1]]
[2019.12.06-18.23.40:417][  0]LogConfig: Applying CVar settings from Section [ConsoleVariables] File [C:/Users/ALUMNO/Downloads/UntitledHorrorGame-e1/NoNameProject/Saved/Config/Windows/Engine.ini]
[2019.12.06-18.23.40:417][  0]LogInit: Computer: P-13
[2019.12.06-18.23.40:417][  0]LogInit: User: ALUMNO
[2019.12.06-18.23.40:417][  0]LogInit: CPU Page size=4096, Cores=4
[2019.12.06-18.23.40:417][  0]LogInit: High frequency timer resolution =10.000000 MHz
[2019.12.06-18.23.40:417][  0]LogMemory: Memory total: Physical=15.9GB (16GB approx)
[2019.12.06-18.23.40:417][  0]LogMemory: Platform Memory Stats for Windows
[2019.12.06-18.23.40:418][  0]LogMemory: Process Physical Memory: 98.62 MB used, 98.62 MB peak
[2019.12.06-18.23.40:418][  0]LogMemory: Process Virtual Memory: 92.68 MB used, 92.68 MB peak
[2019.12.06-18.23.40:418][  0]LogMemory: Physical Memory: 5580.91 MB used,  10725.39 MB free, 16306.30 MB total
[2019.12.06-18.23.40:418][  0]LogMemory: Virtual Memory: 4646.83 MB used,  134213080.00 MB free, 134217728.00 MB total
[2019.12.06-18.23.40:523][  0]LogInit: Overriding language with editor language configuration option (en).
[2019.12.06-18.23.40:523][  0]LogInit: Overriding locale with editor locale configuration option (en).
[2019.12.06-18.23.40:688][  0]LogInit: Setting process to per monitor DPI aware
[2019.12.06-18.23.40:745][  0]LogSlate: New Slate User Created.  User Index 0, Is Virtual User: 0
[2019.12.06-18.23.40:745][  0]LogSlate: Slate User Registered.  User Index 0, Is Virtual User: 0
[2019.12.06-18.23.41:079][  0]LogHMD: Failed to initialize OpenVR with code 110
[2019.12.06-18.23.41:079][  0]LogD3D11RHI: D3D11 adapters:
[2019.12.06-18.23.41:150][  0]LogD3D11RHI:    0. 'NVIDIA Quadro K2200' (Feature Level 11_0)
[2019.12.06-18.23.41:150][  0]LogD3D11RHI:       4053/0/8153 MB DedicatedVideo/DedicatedSystem/SharedSystem, Outputs:1, VendorId:0x10de
[2019.12.06-18.23.41:156][  0]LogD3D11RHI:    1. 'Microsoft Basic Render Driver' (Feature Level 11_0)
[2019.12.06-18.23.41:156][  0]LogD3D11RHI:       0/0/8153 MB DedicatedVideo/DedicatedSystem/SharedSystem, Outputs:0, VendorId:0x1414
[2019.12.06-18.23.41:156][  0]LogD3D11RHI: Chosen D3D11 Adapter: 0
[2019.12.06-18.23.41:162][  0]LogD3D11RHI: Creating new Direct3DDevice
[2019.12.06-18.23.41:162][  0]LogD3D11RHI:     GPU DeviceId: 0x13ba (for the marketing name, search the web for "GPU Device Id")
[2019.12.06-18.23.41:162][  0]LogWindows: EnumDisplayDevices:
[2019.12.06-18.23.41:162][  0]LogWindows:    0. 'NVIDIA Quadro K2200' (P:1 D:1)
[2019.12.06-18.23.41:163][  0]LogWindows:    1. 'NVIDIA Quadro K2200' (P:0 D:0)
[2019.12.06-18.23.41:163][  0]LogWindows:    2. 'NVIDIA Quadro K2200' (P:0 D:0)
[2019.12.06-18.23.41:164][  0]LogWindows:    3. 'NVIDIA Quadro K2200' (P:0 D:0)
[2019.12.06-18.23.41:164][  0]LogWindows: DebugString: FoundDriverCount:4 
[2019.12.06-18.23.41:164][  0]LogD3D11RHI:     Adapter Name: NVIDIA Quadro K2200
[2019.12.06-18.23.41:164][  0]LogD3D11RHI:   Driver Version: 432.00 (internal:26.21.14.3200, unified:432.00)
[2019.12.06-18.23.41:164][  0]LogD3D11RHI:      Driver Date: 7-24-2019
[2019.12.06-18.23.41:165][  0]LogRHI: Texture pool is 2837 MB (70% of 4053 MB)
[2019.12.06-18.23.41:222][  0]LogD3D11RHI: Async texture creation enabled
[2019.12.06-18.23.41:226][  0]LogRendererCore: FGlobalReadBuffer::InitRHI
[2019.12.06-18.23.41:227][  0]LogRendererCore: FGlobalReadBuffer::InitRHI
[2019.12.06-18.23.41:227][  0]LogRendererCore: FGlobalReadBuffer::InitRHI
[2019.12.06-18.23.41:234][  0]LogD3D11RHI: GPU Timing Frequency: 1000.000000 (Debug: 2 1)
[2019.12.06-18.23.41:581][  0]LogTemp: Display: Module 'AllDesktopTargetPlatform' loaded TargetPlatform 'AllDesktop'
[2019.12.06-18.23.41:601][  0]LogTemp: Display: Module 'MacClientTargetPlatform' loaded TargetPlatform 'MacClient'
[2019.12.06-18.23.41:621][  0]LogTemp: Display: Module 'MacNoEditorTargetPlatform' loaded TargetPlatform 'MacNoEditor'
[2019.12.06-18.23.41:641][  0]LogTemp: Display: Module 'MacServerTargetPlatform' loaded TargetPlatform 'MacServer'
[2019.12.06-18.23.41:660][  0]LogTemp: Display: Module 'MacTargetPlatform' loaded TargetPlatform 'Mac'
[2019.12.06-18.23.41:679][  0]LogTemp: Display: Module 'WindowsClientTargetPlatform' loaded TargetPlatform 'WindowsClient'
[2019.12.06-18.23.41:697][  0]LogTemp: Display: Module 'WindowsNoEditorTargetPlatform' loaded TargetPlatform 'WindowsNoEditor'
[2019.12.06-18.23.41:716][  0]LogTemp: Display: Module 'WindowsServerTargetPlatform' loaded TargetPlatform 'WindowsServer'
[2019.12.06-18.23.41:727][  0]LogTemp: Display: Module 'WindowsTargetPlatform' loaded TargetPlatform 'Windows'
[2019.12.06-18.23.41:829][  0]LogTemp: Display: Module 'AndroidTargetPlatform' loaded TargetPlatform 'Android'
[2019.12.06-18.23.41:829][  0]LogTemp: Display: Module 'AndroidTargetPlatform' loaded TargetPlatform 'Android_ASTC'
[2019.12.06-18.23.41:829][  0]LogTemp: Display: Module 'AndroidTargetPlatform' loaded TargetPlatform 'Android_ATC'
[2019.12.06-18.23.41:829][  0]LogTemp: Display: Module 'AndroidTargetPlatform' loaded TargetPlatform 'Android_DXT'
[2019.12.06-18.23.41:829][  0]LogTemp: Display: Module 'AndroidTargetPlatform' loaded TargetPlatform 'Android_ETC1'
[2019.12.06-18.23.41:829][  0]LogTemp: Display: Module 'AndroidTargetPlatform' loaded TargetPlatform 'Android_ETC1a'
[2019.12.06-18.23.41:829][  0]LogTemp: Display: Module 'AndroidTargetPlatform' loaded TargetPlatform 'Android_ETC2'
[2019.12.06-18.23.41:829][  0]LogTemp: Display: Module 'AndroidTargetPlatform' loaded TargetPlatform 'Android_PVRTC'
[2019.12.06-18.23.41:829][  0]LogTemp: Display: Module 'AndroidTargetPlatform' loaded TargetPlatform 'AndroidClient'
[2019.12.06-18.23.41:830][  0]LogTemp: Display: Module 'AndroidTargetPlatform' loaded TargetPlatform 'Android_ASTCClient'
[2019.12.06-18.23.41:830][  0]LogTemp: Display: Module 'AndroidTargetPlatform' loaded TargetPlatform 'Android_ATCClient'
[2019.12.06-18.23.41:830][  0]LogTemp: Display: Module 'AndroidTargetPlatform' loaded TargetPlatform 'Android_DXTClient'
[2019.12.06-18.23.41:830][  0]LogTemp: Display: Module 'AndroidTargetPlatform' loaded TargetPlatform 'Android_ETC1Client'
[2019.12.06-18.23.41:830][  0]LogTemp: Display: Module 'AndroidTargetPlatform' loaded TargetPlatform 'Android_ETC1aClient'
[2019.12.06-18.23.41:830][  0]LogTemp: Display: Module 'AndroidTargetPlatform' loaded TargetPlatform 'Android_ETC2Client'
[2019.12.06-18.23.41:830][  0]LogTemp: Display: Module 'AndroidTargetPlatform' loaded TargetPlatform 'Android_PVRTCClient'
[2019.12.06-18.23.41:830][  0]LogTemp: Display: Module 'AndroidTargetPlatform' loaded TargetPlatform 'Android_Multi'
[2019.12.06-18.23.41:830][  0]LogTemp: Display: Module 'AndroidTargetPlatform' loaded TargetPlatform 'Android_MultiClient'
[2019.12.06-18.23.41:838][  0]LogTemp: Display: Module 'HTML5TargetPlatform' loaded TargetPlatform 'HTML5'
[2019.12.06-18.23.41:903][  0]LogTemp: Display: Module 'IOSTargetPlatform' loaded TargetPlatform 'IOSClient'
[2019.12.06-18.23.41:904][  0]LogTemp: Display: Module 'IOSTargetPlatform' loaded TargetPlatform 'IOS'
[2019.12.06-18.23.41:934][  0]LogTemp: Display: Module 'TVOSTargetPlatform' loaded TargetPlatform 'TVOSClient'
[2019.12.06-18.23.41:934][  0]LogTemp: Display: Module 'TVOSTargetPlatform' loaded TargetPlatform 'TVOS'
[2019.12.06-18.23.41:951][  0]LogTemp: Display: Module 'LinuxClientTargetPlatform' loaded TargetPlatform 'LinuxClient'
[2019.12.06-18.23.41:968][  0]LogTemp: Display: Module 'LinuxNoEditorTargetPlatform' loaded TargetPlatform 'LinuxNoEditor'
[2019.12.06-18.23.41:985][  0]LogTemp: Display: Module 'LinuxServerTargetPlatform' loaded TargetPlatform 'LinuxServer'
[2019.12.06-18.23.42:005][  0]LogTemp: Display: Module 'LinuxTargetPlatform' loaded TargetPlatform 'Linux'
[2019.12.06-18.23.42:065][  0]LogTemp: Display: Module 'LuminTargetPlatform' loaded TargetPlatform 'Lumin'
[2019.12.06-18.23.42:065][  0]LogTemp: Display: Module 'LuminTargetPlatform' loaded TargetPlatform 'LuminClient'
[2019.12.06-18.23.42:065][  0]LogTargetPlatformManager: Display: Building Assets For Windows
[2019.12.06-18.23.42:087][  0]LogAudioDebug: Display: Lib vorbis DLL was dynamically loaded.
[2019.12.06-18.23.42:218][  0]LogShaderCompilers: Guid format shader working directory is -29 characters bigger than the processId version (../../../../../../Users/ALUMNO/Downloads/UntitledHorrorGame-e1/NoNameProject/Intermediate/Shaders/WorkingDirectory/1176/).
[2019.12.06-18.23.42:218][  0]LogShaderCompilers: Cleaned the shader compiler working directory 'C:/Users/ALUMNO/AppData/Local/Temp/UnrealShaderWorkingDir/24329E8B451E8E384107FCAA7841F9CC/'.
[2019.12.06-18.23.42:222][  0]LogXGEController: Cleaning working directory: C:/Users/ALUMNO/AppData/Local/Temp/UnrealXGEWorkingDir/
[2019.12.06-18.23.42:223][  0]LogXGEController: Cannot use XGE Controller as Incredibuild is not installed on this machine.
[2019.12.06-18.23.42:223][  0]LogShaderCompilers: Cannot use XGE Shader Compiler as Incredibuild is not installed on this machine.
[2019.12.06-18.23.42:223][  0]LogShaderCompilers: Display: Using Local Shader Compiler.
[2019.12.06-18.23.42:860][  0]LogDerivedDataCache: Display: Max Cache Size: 512 MB
[2019.12.06-18.23.42:907][  0]LogDerivedDataCache: Loaded boot cache 0.05s 71MB C:/Users/ALUMNO/AppData/Local/UnrealEngine/4.22/DerivedDataCache/Boot.ddc.
[2019.12.06-18.23.42:907][  0]LogDerivedDataCache: Display: Loaded Boot cache: C:/Users/ALUMNO/AppData/Local/UnrealEngine/4.22/DerivedDataCache/Boot.ddc
[2019.12.06-18.23.42:908][  0]LogDerivedDataCache: FDerivedDataBackendGraph:  Pak pak cache file ../../../../../../Users/ALUMNO/Downloads/UntitledHorrorGame-e1/NoNameProject/DerivedDataCache/DDC.ddp not found, will not use a pak cache.
[2019.12.06-18.23.42:908][  0]LogDerivedDataCache: Unable to find inner node Pak for hierarchical cache Hierarchy.
[2019.12.06-18.23.42:908][  0]LogDerivedDataCache: FDerivedDataBackendGraph:  CompressedPak pak cache file ../../../../../../Users/ALUMNO/Downloads/UntitledHorrorGame-e1/NoNameProject/DerivedDataCache/Compressed.ddp not found, will not use a pak cache.
[2019.12.06-18.23.42:908][  0]LogDerivedDataCache: Unable to find inner node CompressedPak for hierarchical cache Hierarchy.
[2019.12.06-18.23.42:920][  0]LogDerivedDataCache: Display: Pak cache opened for reading ../../../Engine/DerivedDataCache/Compressed.ddp.
[2019.12.06-18.23.42:920][  0]LogDerivedDataCache: FDerivedDataBackendGraph:  EnterprisePak pak cache file ../../../Enterprise/DerivedDataCache/Compressed.ddp not found, will not use a pak cache.
[2019.12.06-18.23.42:920][  0]LogDerivedDataCache: Unable to find inner node EnterprisePak for hierarchical cache Hierarchy.
[2019.12.06-18.23.42:934][  0]LogDerivedDataCache: Using Local data cache path C:/Users/ALUMNO/AppData/Local/UnrealEngine/Common/DerivedDataCache: Writable
[2019.12.06-18.23.42:934][  0]LogDerivedDataCache: Shared data cache path not found in *engine.ini, will not use an Shared cache.
[2019.12.06-18.23.42:934][  0]LogDerivedDataCache: Unable to find inner node Shared for hierarchical cache Hierarchy.
[2019.12.06-18.23.42:969][  0]LogMaterial: Verifying Global Shaders for PCD3D_SM5
[2019.12.06-18.23.42:972][  0]LogSlate: Using FreeType 2.6.0
[2019.12.06-18.23.42:974][  0]LogSlate: SlateFontServices - WITH_FREETYPE: 1, WITH_HARFBUZZ: 1
[2019.12.06-18.23.43:100][  0]LogAssetRegistry: FAssetRegistry took 0.0371 seconds to start up
[2019.12.06-18.23.43:513][  0]LogInit: Selected Device Profile: [Windows]
[2019.12.06-18.23.43:687][  0]LogMeshReduction: Using QuadricMeshReduction for automatic static mesh reduction
[2019.12.06-18.23.43:687][  0]LogMeshReduction: Using SimplygonMeshReduction for automatic skeletal mesh reduction
[2019.12.06-18.23.43:688][  0]LogMeshReduction: Using ProxyLODMeshReduction for automatic mesh merging
[2019.12.06-18.23.43:688][  0]LogMeshReduction: No distributed automatic mesh merging module available
[2019.12.06-18.23.43:688][  0]LogMeshMerging: No distributed automatic mesh merging module available
[2019.12.06-18.23.43:699][  0]LogNetVersion: NoNameProject 1.0.0, NetCL: 5660361, EngineNetVer: 10, GameNetVer: 0 (Checksum: 133946462)
[2019.12.06-18.23.44:125][  0]LogPackageLocalizationCache: Processed 10 localized package path(s) for 1 prioritized culture(s) in 0.042898 seconds
[2019.12.06-18.23.44:131][  0]LogUObjectArray: 42205 objects as part of root set at end of initial load.
[2019.12.06-18.23.44:131][  0]LogUObjectAllocator: 7325032 out of 0 bytes used by permanent object pool.
[2019.12.06-18.23.44:132][  0]LogUObjectArray: CloseDisregardForGC: 0/0 objects in disregard for GC pool
[2019.12.06-18.23.45:527][  0]LogTcpMessaging: Initializing TcpMessaging bridge
[2019.12.06-18.23.45:546][  0]LogUdpMessaging: Initializing bridge on interface 0.0.0.0:0 to multicast group 230.0.0.1:6666.
[2019.12.06-18.23.45:775][  0]SourceControl: Source control is disabled
[2019.12.06-18.23.45:776][  0]SourceControl: Source control is disabled
[2019.12.06-18.23.45:780][  0]SourceControl: Source control is disabled
[2019.12.06-18.23.45:784][  0]SourceControl: Source control is disabled
[2019.12.06-18.23.45:997][  0]LogAndroidPermission: UAndroidPermissionCallbackProxy::GetInstance
[2019.12.06-18.23.46:185][  0]LogOcInput: OculusInput pre-init called
[2019.12.06-18.23.47:217][  0]LogEngine: Initializing Engine...
[2019.12.06-18.23.47:219][  0]LogHMD: Failed to initialize OpenVR with code 110
[2019.12.06-18.23.47:220][  0]LogStats: UGameplayTagsManager::InitializeManager -  0.000 s
[2019.12.06-18.23.47:441][  0]LogInit: Initializing FReadOnlyCVARCache
[2019.12.06-18.23.47:460][  0]LogAIModule: Creating AISystem for world Untitled
[2019.12.06-18.23.47:492][  0]LogInit: XAudio2 using 'MX279 (2- NVIDIA High Definition Audio)' : 2 channels at 48 kHz using 16 bits per sample (channel mask 0x3)
[2019.12.06-18.23.47:559][  0]LogInit: FAudioDevice initialized.
[2019.12.06-18.23.47:559][  0]LogNetVersion: Set ProjectVersion to 1.0.0.0. Version Checksum will be recalculated on next use.
[2019.12.06-18.23.47:769][  0]LogDerivedDataCache: Saved boot cache 0.21s 71MB C:/Users/ALUMNO/AppData/Local/UnrealEngine/4.22/DerivedDataCache/Boot.ddc.
[2019.12.06-18.23.47:773][  0]LogInit: Texture streaming: Enabled
[2019.12.06-18.23.47:857][  0]LogEngineSessionManager: EngineSessionManager initialized
[2019.12.06-18.23.47:906][  0]LogInit: Transaction tracking system initialized
[2019.12.06-18.23.47:959][  0]BlueprintLog: New page: Editor Load
[2019.12.06-18.23.48:121][  0]LocalizationService: Localization service is disabled
[2019.12.06-18.23.48:275][  0]LogLinker: Warning: Can't find file '/Game/FirstPersonBP/FirstPersonOverview'
[2019.12.06-18.23.48:275][  0]LogLinker: Warning: Can't find file '/Game/FirstPersonBP/FirstPersonOverview'
[2019.12.06-18.23.48:275][  0]LogUObjectGlobals: Warning: Failed to find object 'Class /Game/FirstPersonBP/FirstPersonOverview.FirstPersonOverview_C'
[2019.12.06-18.23.48:557][  0]LogFileCache: Scanning file cache for directory 'C:/Users/ALUMNO/Downloads/UntitledHorrorGame-e1/NoNameProject/Content/' took 0.02s
[2019.12.06-18.23.48:558][  0]LogCook: Display: Max memory allowance for cook 16384mb min free memory 0mb
[2019.12.06-18.23.48:558][  0]LogCook: Display: Mobile HDR setting 1
[2019.12.06-18.23.48:878][  0]SourceControl: Source control is disabled
[2019.12.06-18.23.48:878][  0]Cmd: MAP LOAD FILE="../../../../../../Users/ALUMNO/Downloads/UntitledHorrorGame-e1/NoNameProject/Content/PasilloCasa.umap" TEMPLATE=0 SHOWPROGRESS=1 FEATURELEVEL=3
[2019.12.06-18.23.48:879][  0]LightingResults: New page: Lighting Build
[2019.12.06-18.23.48:882][  0]MapCheck: New page: Map Check
[2019.12.06-18.23.48:882][  0]LightingResults: New page: Lighting Build
[2019.12.06-18.23.48:903][  0]LogUObjectHash: Compacting FUObjectHashTables data took   1.61ms
[2019.12.06-18.23.49:512][  0]LogAIModule: Creating AISystem for world PasilloCasa
[2019.12.06-18.23.49:524][  0]LogEditorServer: Finished looking for orphan Actors (0.000 secs)
[2019.12.06-18.23.49:549][  0]LogUObjectHash: Compacting FUObjectHashTables data took   2.06ms
[2019.12.06-18.23.49:549][  0]Cmd: MAP CHECKDEP NOCLEARLOG
[2019.12.06-18.23.49:550][  0]MapCheck: Map check complete: 0 Error(s), 0 Warning(s), took 0.418ms to complete.
[2019.12.06-18.23.49:550][  0]LogFileHelpers: Loading map 'PasilloCasa' took 0.673
[2019.12.06-18.23.49:681][  0]LogSlate: Updating window title bar state: overlay mode, drag disabled, window buttons hidden, title bar hidden
[2019.12.06-18.23.49:689][  0]LogSlate: Updating window title bar state: overlay mode, drag disabled, window buttons hidden, title bar hidden
[2019.12.06-18.23.49:696][  0]LogSlate: Updating window title bar state: overlay mode, drag disabled, window buttons hidden, title bar hidden
[2019.12.06-18.23.49:703][  0]LogSlate: Updating window title bar state: overlay mode, drag disabled, window buttons hidden, title bar hidden
[2019.12.06-18.23.49:714][  0]LogCollectionManager: Loaded 0 collections in 0.001866 seconds
[2019.12.06-18.23.49:732][  0]LogFileCache: Scanning file cache for directory 'C:/Users/ALUMNO/Downloads/UntitledHorrorGame-e1/NoNameProject/Saved/Collections/' took 0.01s
[2019.12.06-18.23.49:732][  0]LogFileCache: Scanning file cache for directory 'C:/Users/ALUMNO/Downloads/UntitledHorrorGame-e1/NoNameProject/Content/Developers/ALUMNO/Collections/' took 0.00s
[2019.12.06-18.23.49:732][  0]LogFileCache: Scanning file cache for directory 'C:/Users/ALUMNO/Downloads/UntitledHorrorGame-e1/NoNameProject/Content/Collections/' took 0.00s
[2019.12.06-18.23.49:732][  0]LogCollectionManager: Rebuilt the GUID cache for 0 collections in 0.000000 seconds
[2019.12.06-18.23.49:742][  0]LogContentBrowser: Native class hierarchy populated in 0.0095 seconds. Added 2745 classes and 663 folders.
[2019.12.06-18.23.49:749][  0]LogContentBrowser: Native class hierarchy updated for 'WidgetCarousel' in 0.0004 seconds. Added 0 classes and 0 folders.
[2019.12.06-18.23.49:752][  0]LogPakFile: Registered encryption key '00000000000000000000000000000000': 0 pak files mounted, 0 remain pending
[2019.12.06-18.23.49:753][  0]LogPakFile: Registered encryption key '00000000000000000000000000000000': 0 pak files mounted, 0 remain pending
[2019.12.06-18.23.49:755][  0]LogPakFile: Registered encryption key '00000000000000000000000000000000': 0 pak files mounted, 0 remain pending
[2019.12.06-18.23.49:756][  0]LogPakFile: Registered encryption key '00000000000000000000000000000000': 0 pak files mounted, 0 remain pending
[2019.12.06-18.23.49:756][  0]LogPakFile: Registered encryption key '00000000000000000000000000000000': 0 pak files mounted, 0 remain pending
[2019.12.06-18.23.49:757][  0]LogPakFile: Registered encryption key '00000000000000000000000000000000': 0 pak files mounted, 0 remain pending
[2019.12.06-18.23.49:758][  0]LogPakFile: Registered encryption key '00000000000000000000000000000000': 0 pak files mounted, 0 remain pending
[2019.12.06-18.23.49:759][  0]LogPakFile: Registered encryption key '00000000000000000000000000000000': 0 pak files mounted, 0 remain pending
[2019.12.06-18.23.49:760][  0]LogPakFile: Registered encryption key '00000000000000000000000000000000': 0 pak files mounted, 0 remain pending
[2019.12.06-18.23.49:761][  0]LogPakFile: Registered encryption key '00000000000000000000000000000000': 0 pak files mounted, 0 remain pending
[2019.12.06-18.23.49:761][  0]LogPakFile: Registered encryption key '00000000000000000000000000000000': 0 pak files mounted, 0 remain pending
[2019.12.06-18.23.49:762][  0]LogPakFile: Registered encryption key '00000000000000000000000000000000': 0 pak files mounted, 0 remain pending
[2019.12.06-18.23.49:763][  0]LogPakFile: Registered encryption key '00000000000000000000000000000000': 0 pak files mounted, 0 remain pending
[2019.12.06-18.23.49:764][  0]LogPakFile: Registered encryption key '00000000000000000000000000000000': 0 pak files mounted, 0 remain pending
[2019.12.06-18.23.49:765][  0]LogPakFile: Registered encryption key '00000000000000000000000000000000': 0 pak files mounted, 0 remain pending
[2019.12.06-18.23.49:766][  0]LogPakFile: Registered encryption key '00000000000000000000000000000000': 0 pak files mounted, 0 remain pending
[2019.12.06-18.23.49:766][  0]LogPakFile: Registered encryption key '00000000000000000000000000000000': 0 pak files mounted, 0 remain pending
[2019.12.06-18.23.49:767][  0]LogPakFile: Registered encryption key '00000000000000000000000000000000': 0 pak files mounted, 0 remain pending
[2019.12.06-18.23.49:768][  0]LogPakFile: Registered encryption key '00000000000000000000000000000000': 0 pak files mounted, 0 remain pending
[2019.12.06-18.23.49:769][  0]LogPakFile: Registered encryption key '00000000000000000000000000000000': 0 pak files mounted, 0 remain pending
[2019.12.06-18.23.49:770][  0]LogPakFile: Registered encryption key '00000000000000000000000000000000': 0 pak files mounted, 0 remain pending
[2019.12.06-18.23.49:771][  0]LogPakFile: Registered encryption key '00000000000000000000000000000000': 0 pak files mounted, 0 remain pending
[2019.12.06-18.23.49:772][  0]LogPakFile: Registered encryption key '00000000000000000000000000000000': 0 pak files mounted, 0 remain pending
[2019.12.06-18.23.49:773][  0]LogPakFile: Registered encryption key '00000000000000000000000000000000': 0 pak files mounted, 0 remain pending
[2019.12.06-18.23.49:773][  0]LogPakFile: Registered encryption key '00000000000000000000000000000000': 0 pak files mounted, 0 remain pending
[2019.12.06-18.23.49:774][  0]LogPakFile: Registered encryption key '00000000000000000000000000000000': 0 pak files mounted, 0 remain pending
[2019.12.06-18.23.49:817][  0]LogContentBrowser: Native class hierarchy updated for 'AddContentDialog' in 0.0004 seconds. Added 0 classes and 0 folders.
[2019.12.06-18.23.49:883][  0]LogSlate: Took 0.000306 seconds to synchronously load lazily loaded font '../../../Engine/Content/Slate/Fonts/Roboto-Regular.ttf' (155K)
[2019.12.06-18.23.49:885][  0]LogSlate: Took 0.000353 seconds to synchronously load lazily loaded font '../../../Engine/Content/Slate/Fonts/Roboto-Bold.ttf' (160K)
[2019.12.06-18.23.49:891][  0]LogSlate: Took 0.000579 seconds to synchronously load lazily loaded font '../../../Engine/Content/Editor/Slate/Fonts/FontAwesome.ttf' (139K)
[2019.12.06-18.23.49:892][  0]LogSlate: Took 0.000282 seconds to synchronously load lazily loaded font '../../../Engine/Content/Slate/Fonts/DroidSansMono.ttf' (77K)
[2019.12.06-18.23.50:017][  0]LogRenderer: Reallocating scene render targets to support 988x636 Format 10 NumSamples 1 (Frame:1).
[2019.12.06-18.23.50:166][  0]LogContentBrowser: Native class hierarchy updated for 'HierarchicalLODOutliner' in 0.0005 seconds. Added 0 classes and 0 folders.
[2019.12.06-18.23.50:167][  0]LogLoad: (Engine Initialization) Total time: 12.40 seconds
[2019.12.06-18.23.50:167][  0]LogLoad: (Engine Initialization) Total Blueprint compile time: 0.00 seconds
[2019.12.06-18.23.50:201][  0]LogAssetRegistry: Asset discovery search completed in 7.1243 seconds
[2019.12.06-18.23.50:203][  0]LogCollectionManager: Rebuilt the object cache for 0 collections in 0.000001 seconds (found 0 objects)
[2019.12.06-18.23.50:203][  0]LogCollectionManager: Fixed up redirectors for 0 collections in 0.000299 seconds (updated 0 objects)
[2019.12.06-18.23.50:205][  0]LogContentStreaming: Texture pool size now 1000 MB
[2019.12.06-18.23.53:169][128]LogSlate: FSceneViewport::OnFocusLost() reason 0
[2019.12.06-18.23.53:255][135]LogTemp: Repeating last play command: Selected Viewport
[2019.12.06-18.23.53:267][135]LogBlueprintUserMessages: Early PlayInEditor Detection: Level '/Game/PasilloCasa.PasilloCasa:PersistentLevel' has LevelScriptBlueprint '/Game/PasilloCasa.PasilloCasa:PersistentLevel.PasilloCasa' with GeneratedClass '/Game/PasilloCasa.PasilloCasa_C' with ClassGeneratedBy '/Game/PasilloCasa.PasilloCasa:PersistentLevel.PasilloCasa'
[2019.12.06-18.23.53:267][135]LogPlayLevel: PlayLevel: No blueprints needed recompiling
[2019.12.06-18.23.53:268][135]PIE: New page: PIE session: PasilloCasa (Dec 6, 2019, 6:23:53 AM)
[2019.12.06-18.23.53:281][135]LogPlayLevel: Creating play world package: /Game/UEDPIE_0_PasilloCasa
[2019.12.06-18.23.53:288][135]LogPlayLevel: PIE: StaticDuplicateObject took: (0.006328s)
[2019.12.06-18.23.53:289][135]LogAIModule: Creating AISystem for world PasilloCasa
[2019.12.06-18.23.53:289][135]LogPlayLevel: PIE: World Init took: (0.000908s)
[2019.12.06-18.23.53:290][135]LogPlayLevel: PIE: Created PIE world by copying editor world from /Game/PasilloCasa.PasilloCasa to /Game/UEDPIE_0_PasilloCasa.PasilloCasa (0.008360s)
[2019.12.06-18.23.53:312][135]LogUObjectHash: Compacting FUObjectHashTables data took   1.04ms
[2019.12.06-18.23.53:337][135]LogInit: XAudio2 using 'MX279 (2- NVIDIA High Definition Audio)' : 2 channels at 48 kHz using 16 bits per sample (channel mask 0x3)
[2019.12.06-18.23.53:351][135]LogInit: FAudioDevice initialized.
[2019.12.06-18.23.53:413][135]LogLoad: Game class is 'MyNoNameProjectGameModeBase_C'
[2019.12.06-18.23.53:420][135]LogWorld: Bringing World /Game/UEDPIE_0_PasilloCasa.PasilloCasa up for play (max tick rate 0) at 2019.12.06-12.23.53
[2019.12.06-18.23.53:422][135]LogWorld: Bringing up level for play took: 0.005578
[2019.12.06-18.23.53:447][135]LogContentBrowser: Native class hierarchy updated for 'MovieSceneCapture' in 0.0006 seconds. Added 20 classes and 0 folders.
[2019.12.06-18.23.53:449][135]LogTemp: Warning: All systems set.
[2019.12.06-18.23.53:449][135]PIE: Play in editor start time for /Game/UEDPIE_0_PasilloCasa -0.537
[2019.12.06-18.23.53:449][135]LogBlueprintUserMessages: Late PlayInEditor Detection: Level '/Game/PasilloCasa.PasilloCasa:PersistentLevel' has LevelScriptBlueprint '/Game/PasilloCasa.PasilloCasa:PersistentLevel.PasilloCasa' with GeneratedClass '/Game/PasilloCasa.PasilloCasa_C' with ClassGeneratedBy '/Game/PasilloCasa.PasilloCasa:PersistentLevel.PasilloCasa'
[2019.12.06-18.24.44:786][581]LogSlate: FSceneViewport::OnFocusLost() reason 0
[2019.12.06-18.24.44:863][585]LogBlueprintUserMessages: Early EndPlayMap Detection: Level '/Game/PasilloCasa.PasilloCasa:PersistentLevel' has LevelScriptBlueprint '/Game/PasilloCasa.PasilloCasa:PersistentLevel.PasilloCasa' with GeneratedClass '/Game/PasilloCasa.PasilloCasa_C' with ClassGeneratedBy '/Game/PasilloCasa.PasilloCasa:PersistentLevel.PasilloCasa'
[2019.12.06-18.24.44:864][585]LogSlate: Updating window title bar state: overlay mode, drag disabled, window buttons hidden, title bar hidden
[2019.12.06-18.24.44:902][585]LogPlayLevel: Display: Shutting down PIE online subsystems
[2019.12.06-18.24.44:902][585]LogBlueprintUserMessages: Late EndPlayMap Detection: Level '/Game/PasilloCasa.PasilloCasa:PersistentLevel' has LevelScriptBlueprint '/Game/PasilloCasa.PasilloCasa:PersistentLevel.PasilloCasa' with GeneratedClass '/Game/PasilloCasa.PasilloCasa_C' with ClassGeneratedBy '/Game/PasilloCasa.PasilloCasa:PersistentLevel.PasilloCasa'
[2019.12.06-18.24.44:930][585]LogSlate: Updating window title bar state: overlay mode, drag disabled, window buttons hidden, title bar hidden
[2019.12.06-18.24.44:934][585]LogUObjectHash: Compacting FUObjectHashTables data took   1.79ms
[2019.12.06-18.24.44:963][587]LogPlayLevel: Display: Destroying online subsystem :Context_1
