Log file open, 12/13/19 11:48:16
LogWindows: Failed to load 'aqProf.dll' (GetLastError=126)
LogWindows: File 'aqProf.dll' does not exist
LogWindows: Failed to load 'VtuneApi.dll' (GetLastError=126)
LogWindows: File 'VtuneApi.dll' does not exist
LogWindows: Failed to load 'VtuneApi32e.dll' (GetLastError=126)
LogWindows: File 'VtuneApi32e.dll' does not exist
LogConsoleResponse: Display: Failed to find resolution value strings in scalability ini. Falling back to default.
LogInit: Display: Running engine for game: NoNameProject
LogPakFile: Registered encryption key '00000000000000000000000000000000': 0 pak files mounted, 0 remain pending
LogPlatformFile: Not using cached read wrapper
LogTaskGraph: Started task graph with 5 named threads and 23 total threads with 3 sets of task threads.
LogStats: Stats thread started at 0.392871
LogD3D11RHI: Loaded GFSDK_Aftermath_Lib.x64.dll
LogICUInternationalization: ICU TimeZone Detection - Raw Offset: -6:00, Platform Override: ''
LogPluginManager: Mounting plugin Paper2D
LogPluginManager: Mounting plugin AISupport
LogPluginManager: Mounting plugin LightPropagationVolume
LogPluginManager: Mounting plugin ActorLayerUtilities
LogPluginManager: Mounting plugin AnimationSharing
LogPluginManager: Mounting plugin CLionSourceCodeAccess
LogPluginManager: Mounting plugin CodeLiteSourceCodeAccess
LogPluginManager: Mounting plugin GitSourceControl
LogPluginManager: Mounting plugin KDevelopSourceCodeAccess
LogPluginManager: Mounting plugin NullSourceCodeAccess
LogPluginManager: Mounting plugin PerforceSourceControl
LogPluginManager: Mounting plugin SubversionSourceControl
LogPluginManager: Mounting plugin UObjectPlugin
LogPluginManager: Mounting plugin VisualStudioCodeSourceCodeAccess
LogPluginManager: Mounting plugin VisualStudioSourceCodeAccess
LogPluginManager: Mounting plugin XCodeSourceCodeAccess
LogPluginManager: Mounting plugin AssetManagerEditor
LogPluginManager: Mounting plugin CryptoKeys
LogPluginManager: Mounting plugin DataValidation
LogPluginManager: Mounting plugin FacialAnimation
LogPluginManager: Mounting plugin GameplayTagsEditor
LogPluginManager: Mounting plugin MacGraphicsSwitching
LogPluginManager: Mounting plugin MaterialAnalyzer
LogPluginManager: Mounting plugin MobileLauncherProfileWizard
LogPluginManager: Mounting plugin PluginBrowser
LogPluginManager: Mounting plugin SpeedTreeImporter
LogPluginManager: Mounting plugin DatasmithContent
LogPluginManager: Mounting plugin VariantManagerContent
LogPluginManager: Mounting plugin AlembicImporter
LogPluginManager: Mounting plugin AppleImageUtils
LogPluginManager: Mounting plugin AppleVision
LogPluginManager: Mounting plugin BackChannel
LogPluginManager: Mounting plugin CharacterAI
LogPluginManager: Mounting plugin GeometryCache
LogPluginManager: Mounting plugin HTML5Networking
LogPluginManager: Mounting plugin ProxyLODPlugin
LogPluginManager: Mounting plugin SkeletalReduction
LogPluginManager: Mounting plugin MagicLeap
LogPluginManager: Mounting plugin MagicLeapMedia
LogPluginManager: Mounting plugin AndroidMedia
LogPluginManager: Mounting plugin AvfMedia
LogPluginManager: Mounting plugin ImgMedia
LogPluginManager: Mounting plugin LinearTimecode
LogPluginManager: Mounting plugin MediaCompositing
LogPluginManager: Mounting plugin MediaPlayerEditor
LogPluginManager: Mounting plugin WebMMedia
LogPluginManager: Mounting plugin WmfMedia
LogPluginManager: Mounting plugin TcpMessaging
LogPluginManager: Mounting plugin UdpMessaging
LogPluginManager: Mounting plugin ActorSequence
LogPluginManager: Mounting plugin LevelSequenceEditor
LogPluginManager: Mounting plugin MatineeToLevelSequence
LogPluginManager: Mounting plugin NetcodeUnitTest
LogPluginManager: Mounting plugin NUTUnrealEngine4
LogPluginManager: Mounting plugin OnlineSubsystemGooglePlay
LogPluginManager: Mounting plugin OnlineSubsystemIOS
LogPluginManager: Mounting plugin OnlineSubsystem
LogPluginManager: Mounting plugin OnlineSubsystemNull
LogPluginManager: Mounting plugin OnlineSubsystemUtils
LogPluginManager: Mounting plugin LauncherChunkInstaller
LogPluginManager: Mounting plugin AndroidDeviceProfileSelector
LogPluginManager: Mounting plugin AndroidMoviePlayer
LogPluginManager: Mounting plugin AndroidPermission
LogPluginManager: Mounting plugin AppleMoviePlayer
LogPluginManager: Mounting plugin ArchVisCharacter
LogPluginManager: Mounting plugin AudioCapture
LogPluginManager: Mounting plugin CableComponent
LogPluginManager: Mounting plugin CustomMeshComponent
LogPluginManager: Mounting plugin EditableMesh
LogPluginManager: Mounting plugin ExampleDeviceProfileSelector
LogPluginManager: Mounting plugin Firebase
LogPluginManager: Mounting plugin GoogleCloudMessaging
LogPluginManager: Mounting plugin IOSDeviceProfileSelector
LogPluginManager: Mounting plugin LinuxDeviceProfileSelector
LogPluginManager: Mounting plugin LocationServicesBPLibrary
LogPluginManager: Mounting plugin MobilePatchingUtils
LogPluginManager: Mounting plugin OculusVR
LogPluginManager: Mounting plugin PhysXVehicles
LogPluginManager: Mounting plugin ProceduralMeshComponent
LogPluginManager: Mounting plugin RuntimePhysXCooking
LogPluginManager: Mounting plugin SignificanceManager
LogPluginManager: Mounting plugin SteamVR
LogPluginManager: Mounting plugin WebMMoviePlayer
LogPluginManager: Mounting plugin WindowsMoviePlayer
LogInit: Using libcurl 7.55.1-DEV
LogInit:  - built for x86_64-pc-win32
LogInit:  - supports SSL with OpenSSL/1.1.1
LogInit:  - supports HTTP deflate (compression) using libz 1.2.8
LogInit:  - other features:
LogInit:      CURL_VERSION_SSL
LogInit:      CURL_VERSION_LIBZ
LogInit:      CURL_VERSION_IPV6
LogInit:      CURL_VERSION_ASYNCHDNS
LogInit:      CURL_VERSION_LARGEFILE
LogInit:      CURL_VERSION_IDN
LogInit:  CurlRequestOptions (configurable via config and command line):
LogInit:  - bVerifyPeer = true  - Libcurl will verify peer certificate
LogInit:  - bUseHttpProxy = false  - Libcurl will NOT use HTTP proxy
LogInit:  - bDontReuseConnections = false  - Libcurl will reuse connections
LogInit:  - MaxHostConnections = 16  - Libcurl will limit the number of connections to a host
LogInit:  - LocalHostAddr = Default
LogInit:  - BufferSize = 65536
LogInit: WinSock: version 1.1 (2.2), MaxSocks=32767, MaxUdp=65467
LogInit: Build: ++UE4+Release-4.22-CL-7053642
LogInit: Engine Version: 4.22.3-7053642+++UE4+Release-4.22
LogInit: Compatible Engine Version: 4.22.0-5660361+++UE4+Release-4.22
LogInit: Net CL: 5660361
LogInit: OS: Windows 10 (Release 1903) (), CPU: Intel(R) Core(TM) i7-4790 CPU @ 3.60GHz, GPU: NVIDIA Quadro K2200
LogInit: Compiled (64-bit): Jun 18 2019 03:09:11
LogInit: Compiled with Visual C++: 19.16.27025.01
LogInit: Build Configuration: Development
LogInit: Branch Name: ++UE4+Release-4.22
LogInit: Command Line:  -skipcompile
LogInit: Base Directory: C:/Program Files/Epic Games/UE_4.22/Engine/Binaries/Win64/
LogInit: Installed Engine Build: 1
LogDevObjectVersion: Number of dev versions registered: 23
LogDevObjectVersion:   Dev-Blueprints (B0D832E4-1F89-4F0D-ACCF-7EB736FD4AA2): 10
LogDevObjectVersion:   Dev-Build (E1C64328-A22C-4D53-A36C-8E866417BD8C): 0
LogDevObjectVersion:   Dev-Core (375EC13C-06E4-48FB-B500-84F0262A717E): 3
LogDevObjectVersion:   Dev-Editor (E4B068ED-F494-42E9-A231-DA0B2E46BB41): 30
LogDevObjectVersion:   Dev-Framework (CFFC743F-43B0-4480-9391-14DF171D2073): 35
LogDevObjectVersion:   Dev-Mobile (B02B49B5-BB20-44E9-A304-32B752E40360): 2
LogDevObjectVersion:   Dev-Networking (A4E4105C-59A1-49B5-A7C5-40C4547EDFEE): 0
LogDevObjectVersion:   Dev-Online (39C831C9-5AE6-47DC-9A44-9C173E1C8E7C): 0
LogDevObjectVersion:   Dev-Physics (78F01B33-EBEA-4F98-B9B4-84EACCB95AA2): 0
LogDevObjectVersion:   Dev-Platform (6631380F-2D4D-43E0-8009-CF276956A95A): 0
LogDevObjectVersion:   Dev-Rendering (12F88B9F-8875-4AFC-A67C-D90C383ABD29): 28
LogDevObjectVersion:   Dev-Sequencer (7B5AE74C-D270-4C10-A958-57980B212A5A): 11
LogDevObjectVersion:   Dev-VR (D7296918-1DD6-4BDD-9DE2-64A83CC13884): 2
LogDevObjectVersion:   Dev-LoadTimes (C2A15278-BFE7-4AFE-6C17-90FF531DF755): 1
LogDevObjectVersion:   Private-Geometry (6EACA3D4-40EC-4CC1-B786-8BED09428FC5): 3
LogDevObjectVersion:   Dev-AnimPhys (29E575DD-E0A3-4627-9D10-D276232CDCEA): 17
LogDevObjectVersion:   Dev-Anim (AF43A65D-7FD3-4947-9873-3E8ED9C1BB05): 2
LogDevObjectVersion:   Dev-ReflectionCapture (6B266CEC-1EC7-4B8F-A30B-E4D90942FC07): 1
LogDevObjectVersion:   Dev-Automation (0DF73D61-A23F-47EA-B727-89E90C41499A): 1
LogDevObjectVersion:   FortniteMain (601D1886-AC64-4F84-AA16-D3DE0DEAC7D6): 25
LogDevObjectVersion:   Dev-Enterprise (9DFFBCD6-494F-0158-E221-12823C92A888): 6
LogDevObjectVersion:   Dev-Niagara (F2AED0AC-9AFE-416F-8664-AA7FFA26D6FC): 1
LogDevObjectVersion:   Dev-Destruction (174F1F0B-B4C6-45A5-B13F-2EE8D0FB917D): 2
LogInit: Presizing for max 16777216 objects, including 0 objects not considered by GC, pre-allocating 0 bytes for permanent pool.
LogInit: Object subsystem initialized
LogConfig: Setting CVar [[con.DebugEarlyDefault:1]]
LogConfig: Setting CVar [[r.setres:1280x720]]
[2019.12.13-17.48.17:391][  0]LogConfig: Setting CVar [[r.VSync:0]]
[2019.12.13-17.48.17:391][  0]LogConfig: Setting CVar [[r.RHICmdBypass:0]]
[2019.12.13-17.48.17:391][  0]LogConfig: Applying CVar settings from Section [/Script/Engine.RendererSettings] File [C:/Users/ALUMNO/Documents/GitHub/UntitledHorrorGame/NoNameProject/Saved/Config/Windows/Engine.ini]
[2019.12.13-17.48.17:391][  0]LogConfig: Setting CVar [[r.GPUCrashDebugging:0]]
[2019.12.13-17.48.17:391][  0]LogConfig: Setting CVar [[r.DefaultFeature.AutoExposure.ExtendDefaultLuminanceRange:1]]
[2019.12.13-17.48.17:391][  0]LogConfig: Setting CVar [[r.ReflectionCaptureResolution:512]]
[2019.12.13-17.48.17:391][  0]LogConfig: Applying CVar settings from Section [/Script/Engine.RendererOverrideSettings] File [C:/Users/ALUMNO/Documents/GitHub/UntitledHorrorGame/NoNameProject/Saved/Config/Windows/Engine.ini]
[2019.12.13-17.48.17:391][  0]LogConfig: Applying CVar settings from Section [/Script/Engine.StreamingSettings] File [C:/Users/ALUMNO/Documents/GitHub/UntitledHorrorGame/NoNameProject/Saved/Config/Windows/Engine.ini]
[2019.12.13-17.48.17:391][  0]LogConfig: Setting CVar [[s.MinBulkDataSizeForAsyncLoading:131072]]
[2019.12.13-17.48.17:391][  0]LogConfig: Setting CVar [[s.AsyncLoadingThreadEnabled:0]]
[2019.12.13-17.48.17:391][  0]LogConfig: Setting CVar [[s.EventDrivenLoaderEnabled:1]]
[2019.12.13-17.48.17:391][  0]LogConfig: Setting CVar [[s.WarnIfTimeLimitExceeded:0]]
[2019.12.13-17.48.17:392][  0]LogConfig: Setting CVar [[s.TimeLimitExceededMultiplier:1.5]]
[2019.12.13-17.48.17:392][  0]LogConfig: Setting CVar [[s.TimeLimitExceededMinTime:0.005]]
[2019.12.13-17.48.17:392][  0]LogConfig: Setting CVar [[s.UseBackgroundLevelStreaming:1]]
[2019.12.13-17.48.17:392][  0]LogConfig: Setting CVar [[s.PriorityAsyncLoadingExtraTime:15.0]]
[2019.12.13-17.48.17:392][  0]LogConfig: Setting CVar [[s.LevelStreamingActorsUpdateTimeLimit:5.0]]
[2019.12.13-17.48.17:392][  0]LogConfig: Setting CVar [[s.PriorityLevelStreamingActorsUpdateExtraTime:5.0]]
[2019.12.13-17.48.17:392][  0]LogConfig: Setting CVar [[s.LevelStreamingComponentsRegistrationGranularity:10]]
[2019.12.13-17.48.17:392][  0]LogConfig: Setting CVar [[s.UnregisterComponentsTimeLimit:1.0]]
[2019.12.13-17.48.17:392][  0]LogConfig: Setting CVar [[s.LevelStreamingComponentsUnregistrationGranularity:5]]
[2019.12.13-17.48.17:392][  0]LogConfig: Applying CVar settings from Section [/Script/Engine.GarbageCollectionSettings] File [C:/Users/ALUMNO/Documents/GitHub/UntitledHorrorGame/NoNameProject/Saved/Config/Windows/Engine.ini]
[2019.12.13-17.48.17:392][  0]LogConfig: Setting CVar [[gc.MaxObjectsNotConsideredByGC:1]]
[2019.12.13-17.48.17:392][  0]LogConfig: Setting CVar [[gc.SizeOfPermanentObjectPool:0]]
[2019.12.13-17.48.17:392][  0]LogConfig: Setting CVar [[gc.FlushStreamingOnGC:0]]
[2019.12.13-17.48.17:392][  0]LogConfig: Setting CVar [[gc.NumRetriesBeforeForcingGC:10]]
[2019.12.13-17.48.17:392][  0]LogConfig: Setting CVar [[gc.AllowParallelGC:1]]
[2019.12.13-17.48.17:392][  0]LogConfig: Setting CVar [[gc.TimeBetweenPurgingPendingKillObjects:61.1]]
[2019.12.13-17.48.17:392][  0]LogConfig: Setting CVar [[gc.MaxObjectsInEditor:16777216]]
[2019.12.13-17.48.17:393][  0]LogConfig: Setting CVar [[gc.IncrementalBeginDestroyEnabled:1]]
[2019.12.13-17.48.17:393][  0]LogConfig: Setting CVar [[gc.CreateGCClusters:1]]
[2019.12.13-17.48.17:393][  0]LogConfig: Setting CVar [[gc.MinGCClusterSize:5]]
[2019.12.13-17.48.17:393][  0]LogConfig: Setting CVar [[gc.ActorClusteringEnabled:0]]
[2019.12.13-17.48.17:393][  0]LogConfig: Setting CVar [[gc.BlueprintClusteringEnabled:0]]
[2019.12.13-17.48.17:393][  0]LogConfig: Setting CVar [[gc.UseDisregardForGCOnDedicatedServers:0]]
[2019.12.13-17.48.17:393][  0]LogConfig: Applying CVar settings from Section [/Script/Engine.NetworkSettings] File [C:/Users/ALUMNO/Documents/GitHub/UntitledHorrorGame/NoNameProject/Saved/Config/Windows/Engine.ini]
[2019.12.13-17.48.17:393][  0]LogConfig: Applying CVar settings from Section [/Script/UnrealEd.CookerSettings] File [C:/Users/ALUMNO/Documents/GitHub/UntitledHorrorGame/NoNameProject/Saved/Config/Windows/Engine.ini]
[2019.12.13-17.48.17:401][  0]LogConfig: Applying CVar settings from Section [ViewDistanceQuality@3] File [C:/Users/ALUMNO/Documents/GitHub/UntitledHorrorGame/NoNameProject/Saved/Config/Windows/Scalability.ini]
[2019.12.13-17.48.17:401][  0]LogConfig: Setting CVar [[r.SkeletalMeshLODBias:0]]
[2019.12.13-17.48.17:401][  0]LogConfig: Setting CVar [[r.ViewDistanceScale:1.0]]
[2019.12.13-17.48.17:401][  0]LogConfig: Applying CVar settings from Section [AntiAliasingQuality@3] File [C:/Users/ALUMNO/Documents/GitHub/UntitledHorrorGame/NoNameProject/Saved/Config/Windows/Scalability.ini]
[2019.12.13-17.48.17:401][  0]LogConfig: Setting CVar [[r.PostProcessAAQuality:4]]
[2019.12.13-17.48.17:402][  0]LogConfig: Applying CVar settings from Section [ShadowQuality@3] File [C:/Users/ALUMNO/Documents/GitHub/UntitledHorrorGame/NoNameProject/Saved/Config/Windows/Scalability.ini]
[2019.12.13-17.48.17:402][  0]LogConfig: Setting CVar [[r.LightFunctionQuality:1]]
[2019.12.13-17.48.17:402][  0]LogConfig: Setting CVar [[r.ShadowQuality:5]]
[2019.12.13-17.48.17:402][  0]LogConfig: Setting CVar [[r.Shadow.CSM.MaxCascades:10]]
[2019.12.13-17.48.17:402][  0]LogConfig: Setting CVar [[r.Shadow.MaxResolution:2048]]
[2019.12.13-17.48.17:402][  0]LogConfig: Setting CVar [[r.Shadow.MaxCSMResolution:2048]]
[2019.12.13-17.48.17:402][  0]LogConfig: Setting CVar [[r.Shadow.RadiusThreshold:0.01]]
[2019.12.13-17.48.17:402][  0]LogConfig: Setting CVar [[r.Shadow.DistanceScale:1.0]]
[2019.12.13-17.48.17:402][  0]LogConfig: Setting CVar [[r.Shadow.CSM.TransitionScale:1.0]]
[2019.12.13-17.48.17:402][  0]LogConfig: Setting CVar [[r.Shadow.PreShadowResolutionFactor:1.0]]
[2019.12.13-17.48.17:402][  0]LogConfig: Setting CVar [[r.DistanceFieldShadowing:1]]
[2019.12.13-17.48.17:402][  0]LogConfig: Setting CVar [[r.DistanceFieldAO:1]]
[2019.12.13-17.48.17:402][  0]LogConfig: Setting CVar [[r.AOQuality:2]]
[2019.12.13-17.48.17:402][  0]LogConfig: Setting CVar [[r.VolumetricFog:1]]
[2019.12.13-17.48.17:402][  0]LogConfig: Setting CVar [[r.VolumetricFog.GridPixelSize:8]]
[2019.12.13-17.48.17:402][  0]LogConfig: Setting CVar [[r.VolumetricFog.GridSizeZ:128]]
[2019.12.13-17.48.17:402][  0]LogConfig: Setting CVar [[r.VolumetricFog.HistoryMissSupersampleCount:4]]
[2019.12.13-17.48.17:403][  0]LogConfig: Setting CVar [[r.LightMaxDrawDistanceScale:1]]
[2019.12.13-17.48.17:403][  0]LogConfig: Setting CVar [[r.CapsuleShadows:1]]
[2019.12.13-17.48.17:403][  0]LogConfig: Applying CVar settings from Section [PostProcessQuality@3] File [C:/Users/ALUMNO/Documents/GitHub/UntitledHorrorGame/NoNameProject/Saved/Config/Windows/Scalability.ini]
[2019.12.13-17.48.17:403][  0]LogConfig: Setting CVar [[r.MotionBlurQuality:4]]
[2019.12.13-17.48.17:403][  0]LogConfig: Setting CVar [[r.AmbientOcclusionMipLevelFactor:0.4]]
[2019.12.13-17.48.17:403][  0]LogConfig: Setting CVar [[r.AmbientOcclusionMaxQuality:100]]
[2019.12.13-17.48.17:403][  0]LogConfig: Setting CVar [[r.AmbientOcclusionLevels:-1]]
[2019.12.13-17.48.17:403][  0]LogConfig: Setting CVar [[r.AmbientOcclusionRadiusScale:1.0]]
[2019.12.13-17.48.17:403][  0]LogConfig: Setting CVar [[r.DepthOfFieldQuality:2]]
[2019.12.13-17.48.17:403][  0]LogConfig: Setting CVar [[r.RenderTargetPoolMin:400]]
[2019.12.13-17.48.17:403][  0]LogConfig: Setting CVar [[r.LensFlareQuality:2]]
[2019.12.13-17.48.17:403][  0]LogConfig: Setting CVar [[r.SceneColorFringeQuality:1]]
[2019.12.13-17.48.17:403][  0]LogConfig: Setting CVar [[r.EyeAdaptationQuality:2]]
[2019.12.13-17.48.17:403][  0]LogConfig: Setting CVar [[r.BloomQuality:5]]
[2019.12.13-17.48.17:403][  0]LogConfig: Setting CVar [[r.FastBlurThreshold:100]]
[2019.12.13-17.48.17:403][  0]LogConfig: Setting CVar [[r.Upscale.Quality:3]]
[2019.12.13-17.48.17:403][  0]LogConfig: Setting CVar [[r.Tonemapper.GrainQuantization:1]]
[2019.12.13-17.48.17:403][  0]LogConfig: Setting CVar [[r.LightShaftQuality:1]]
[2019.12.13-17.48.17:403][  0]LogConfig: Setting CVar [[r.Filter.SizeScale:1]]
[2019.12.13-17.48.17:404][  0]LogConfig: Setting CVar [[r.Tonemapper.Quality:5]]
[2019.12.13-17.48.17:404][  0]LogConfig: Setting CVar [[r.DOF.Gather.AccumulatorQuality:1        ; higher gathering accumulator quality]]
[2019.12.13-17.48.17:404][  0]LogConfig: Setting CVar [[r.DOF.Gather.PostfilterMethod:1          ; Median3x3 postfilering method]]
[2019.12.13-17.48.17:404][  0]LogConfig: Setting CVar [[r.DOF.Gather.EnableBokehSettings:0       ; no bokeh simulation when gathering]]
[2019.12.13-17.48.17:404][  0]LogConfig: Setting CVar [[r.DOF.Gather.RingCount:4                 ; medium number of samples when gathering]]
[2019.12.13-17.48.17:404][  0]LogConfig: Setting CVar [[r.DOF.Scatter.ForegroundCompositing:1    ; additive foreground scattering]]
[2019.12.13-17.48.17:404][  0]LogConfig: Setting CVar [[r.DOF.Scatter.BackgroundCompositing:2    ; additive background scattering]]
[2019.12.13-17.48.17:404][  0]LogConfig: Setting CVar [[r.DOF.Scatter.EnableBokehSettings:1      ; bokeh simulation when scattering]]
[2019.12.13-17.48.17:404][  0]LogConfig: Setting CVar [[r.DOF.Scatter.MaxSpriteRatio:0.1         ; only a maximum of 10% of scattered bokeh]]
[2019.12.13-17.48.17:404][  0]LogConfig: Setting CVar [[r.DOF.Recombine.Quality:1                ; cheap slight out of focus]]
[2019.12.13-17.48.17:404][  0]LogConfig: Setting CVar [[r.DOF.Recombine.EnableBokehSettings:0    ; no bokeh simulation on slight out of focus]]
[2019.12.13-17.48.17:404][  0]LogConfig: Setting CVar [[r.DOF.TemporalAAQuality:1                ; more stable temporal accumulation]]
[2019.12.13-17.48.17:404][  0]LogConfig: Setting CVar [[r.DOF.Kernel.MaxForegroundRadius:0.025]]
[2019.12.13-17.48.17:404][  0]LogConfig: Setting CVar [[r.DOF.Kernel.MaxBackgroundRadius:0.025]]
[2019.12.13-17.48.17:404][  0]LogConfig: Applying CVar settings from Section [TextureQuality@3] File [C:/Users/ALUMNO/Documents/GitHub/UntitledHorrorGame/NoNameProject/Saved/Config/Windows/Scalability.ini]
[2019.12.13-17.48.17:404][  0]LogConfig: Setting CVar [[r.Streaming.MipBias:0]]
[2019.12.13-17.48.17:404][  0]LogConfig: Setting CVar [[r.Streaming.AmortizeCPUToGPUCopy:0]]
[2019.12.13-17.48.17:404][  0]LogConfig: Setting CVar [[r.Streaming.MaxNumTexturesToStreamPerFrame:0]]
[2019.12.13-17.48.17:404][  0]LogConfig: Setting CVar [[r.Streaming.Boost:1]]
[2019.12.13-17.48.17:404][  0]LogConfig: Setting CVar [[r.MaxAnisotropy:8]]
[2019.12.13-17.48.17:405][  0]LogConfig: Setting CVar [[r.Streaming.LimitPoolSizeToVRAM:0]]
[2019.12.13-17.48.17:405][  0]LogConfig: Setting CVar [[r.Streaming.PoolSize:1000]]
[2019.12.13-17.48.17:405][  0]LogConfig: Setting CVar [[r.Streaming.MaxEffectiveScreenSize:0]]
[2019.12.13-17.48.17:405][  0]LogConfig: Applying CVar settings from Section [EffectsQuality@3] File [C:/Users/ALUMNO/Documents/GitHub/UntitledHorrorGame/NoNameProject/Saved/Config/Windows/Scalability.ini]
[2019.12.13-17.48.17:405][  0]LogConfig: Setting CVar [[r.TranslucencyLightingVolumeDim:64]]
[2019.12.13-17.48.17:405][  0]LogConfig: Setting CVar [[r.RefractionQuality:2]]
[2019.12.13-17.48.17:405][  0]LogConfig: Setting CVar [[r.SSR.Quality:3]]
[2019.12.13-17.48.17:405][  0]LogConfig: Setting CVar [[r.SceneColorFormat:4]]
[2019.12.13-17.48.17:405][  0]LogConfig: Setting CVar [[r.DetailMode:2]]
[2019.12.13-17.48.17:405][  0]LogConfig: Setting CVar [[r.TranslucencyVolumeBlur:1]]
[2019.12.13-17.48.17:405][  0]LogConfig: Setting CVar [[r.MaterialQualityLevel:1 ; High quality]]
[2019.12.13-17.48.17:405][  0]LogConfig: Setting CVar [[r.SSS.Scale:1]]
[2019.12.13-17.48.17:405][  0]LogConfig: Setting CVar [[r.SSS.SampleSet:2]]
[2019.12.13-17.48.17:405][  0]LogConfig: Setting CVar [[r.SSS.Quality:1]]
[2019.12.13-17.48.17:405][  0]LogConfig: Setting CVar [[r.SSS.HalfRes:1]]
[2019.12.13-17.48.17:405][  0]LogConfig: Setting CVar [[r.EmitterSpawnRateScale:1.0]]
[2019.12.13-17.48.17:405][  0]LogConfig: Setting CVar [[r.ParticleLightQuality:2]]
[2019.12.13-17.48.17:405][  0]LogConfig: Applying CVar settings from Section [FoliageQuality@3] File [C:/Users/ALUMNO/Documents/GitHub/UntitledHorrorGame/NoNameProject/Saved/Config/Windows/Scalability.ini]
[2019.12.13-17.48.17:405][  0]LogConfig: Setting CVar [[foliage.DensityScale:1.0]]
[2019.12.13-17.48.17:405][  0]LogConfig: Setting CVar [[grass.DensityScale:1.0]]
[2019.12.13-17.48.17:406][  0]LogInit: Selected Device Profile: [Windows]
[2019.12.13-17.48.17:406][  0]LogInit: Applying CVar settings loaded from the selected device profile: [Windows]
[2019.12.13-17.48.17:422][  0]LogHAL: Display: Platform has ~ 16 GB [17098399744 / 17179869184 / 16], which maps to Larger [LargestMinGB=32, LargerMinGB=12, DefaultMinGB=8, SmallerMinGB=6, SmallestMinGB=0)
[2019.12.13-17.48.17:422][  0]LogConfig: Setting CVar [[r.Vulkan.UseRealUBs:0		; Required until we fix HLR fall-out]]
[2019.12.13-17.48.17:422][  0]LogInit: Going up to parent DeviceProfile []
[2019.12.13-17.48.17:422][  0]LogConfig: Applying CVar settings from Section [ViewDistanceQuality@3] File [C:/Users/ALUMNO/Documents/GitHub/UntitledHorrorGame/NoNameProject/Saved/Config/Windows/Scalability.ini]
[2019.12.13-17.48.17:422][  0]LogConfig: Setting CVar [[r.SkeletalMeshLODBias:0]]
[2019.12.13-17.48.17:422][  0]LogConfig: Setting CVar [[r.ViewDistanceScale:1.0]]
[2019.12.13-17.48.17:422][  0]LogConfig: Applying CVar settings from Section [AntiAliasingQuality@3] File [C:/Users/ALUMNO/Documents/GitHub/UntitledHorrorGame/NoNameProject/Saved/Config/Windows/Scalability.ini]
[2019.12.13-17.48.17:423][  0]LogConfig: Setting CVar [[r.PostProcessAAQuality:4]]
[2019.12.13-17.48.17:423][  0]LogConfig: Applying CVar settings from Section [ShadowQuality@3] File [C:/Users/ALUMNO/Documents/GitHub/UntitledHorrorGame/NoNameProject/Saved/Config/Windows/Scalability.ini]
[2019.12.13-17.48.17:423][  0]LogConfig: Setting CVar [[r.LightFunctionQuality:1]]
[2019.12.13-17.48.17:423][  0]LogConfig: Setting CVar [[r.ShadowQuality:5]]
[2019.12.13-17.48.17:423][  0]LogConfig: Setting CVar [[r.Shadow.CSM.MaxCascades:10]]
[2019.12.13-17.48.17:423][  0]LogConfig: Setting CVar [[r.Shadow.MaxResolution:2048]]
[2019.12.13-17.48.17:423][  0]LogConfig: Setting CVar [[r.Shadow.MaxCSMResolution:2048]]
[2019.12.13-17.48.17:423][  0]LogConfig: Setting CVar [[r.Shadow.RadiusThreshold:0.01]]
[2019.12.13-17.48.17:423][  0]LogConfig: Setting CVar [[r.Shadow.DistanceScale:1.0]]
[2019.12.13-17.48.17:423][  0]LogConfig: Setting CVar [[r.Shadow.CSM.TransitionScale:1.0]]
[2019.12.13-17.48.17:423][  0]LogConfig: Setting CVar [[r.Shadow.PreShadowResolutionFactor:1.0]]
[2019.12.13-17.48.17:423][  0]LogConfig: Setting CVar [[r.DistanceFieldShadowing:1]]
[2019.12.13-17.48.17:423][  0]LogConfig: Setting CVar [[r.DistanceFieldAO:1]]
[2019.12.13-17.48.17:423][  0]LogConfig: Setting CVar [[r.AOQuality:2]]
[2019.12.13-17.48.17:423][  0]LogConfig: Setting CVar [[r.VolumetricFog:1]]
[2019.12.13-17.48.17:424][  0]LogConfig: Setting CVar [[r.VolumetricFog.GridPixelSize:8]]
[2019.12.13-17.48.17:424][  0]LogConfig: Setting CVar [[r.VolumetricFog.GridSizeZ:128]]
[2019.12.13-17.48.17:424][  0]LogConfig: Setting CVar [[r.VolumetricFog.HistoryMissSupersampleCount:4]]
[2019.12.13-17.48.17:424][  0]LogConfig: Setting CVar [[r.LightMaxDrawDistanceScale:1]]
[2019.12.13-17.48.17:424][  0]LogConfig: Setting CVar [[r.CapsuleShadows:1]]
[2019.12.13-17.48.17:424][  0]LogConfig: Applying CVar settings from Section [PostProcessQuality@3] File [C:/Users/ALUMNO/Documents/GitHub/UntitledHorrorGame/NoNameProject/Saved/Config/Windows/Scalability.ini]
[2019.12.13-17.48.17:424][  0]LogConfig: Setting CVar [[r.MotionBlurQuality:4]]
[2019.12.13-17.48.17:424][  0]LogConfig: Setting CVar [[r.AmbientOcclusionMipLevelFactor:0.4]]
[2019.12.13-17.48.17:424][  0]LogConfig: Setting CVar [[r.AmbientOcclusionMaxQuality:100]]
[2019.12.13-17.48.17:424][  0]LogConfig: Setting CVar [[r.AmbientOcclusionLevels:-1]]
[2019.12.13-17.48.17:424][  0]LogConfig: Setting CVar [[r.AmbientOcclusionRadiusScale:1.0]]
[2019.12.13-17.48.17:424][  0]LogConfig: Setting CVar [[r.DepthOfFieldQuality:2]]
[2019.12.13-17.48.17:424][  0]LogConfig: Setting CVar [[r.RenderTargetPoolMin:400]]
[2019.12.13-17.48.17:424][  0]LogConfig: Setting CVar [[r.LensFlareQuality:2]]
[2019.12.13-17.48.17:424][  0]LogConfig: Setting CVar [[r.SceneColorFringeQuality:1]]
[2019.12.13-17.48.17:424][  0]LogConfig: Setting CVar [[r.EyeAdaptationQuality:2]]
[2019.12.13-17.48.17:424][  0]LogConfig: Setting CVar [[r.BloomQuality:5]]
[2019.12.13-17.48.17:425][  0]LogConfig: Setting CVar [[r.FastBlurThreshold:100]]
[2019.12.13-17.48.17:425][  0]LogConfig: Setting CVar [[r.Upscale.Quality:3]]
[2019.12.13-17.48.17:425][  0]LogConfig: Setting CVar [[r.Tonemapper.GrainQuantization:1]]
[2019.12.13-17.48.17:425][  0]LogConfig: Setting CVar [[r.LightShaftQuality:1]]
[2019.12.13-17.48.17:425][  0]LogConfig: Setting CVar [[r.Filter.SizeScale:1]]
[2019.12.13-17.48.17:425][  0]LogConfig: Setting CVar [[r.Tonemapper.Quality:5]]
[2019.12.13-17.48.17:425][  0]LogConfig: Setting CVar [[r.DOF.Gather.AccumulatorQuality:1        ; higher gathering accumulator quality]]
[2019.12.13-17.48.17:425][  0]LogConfig: Setting CVar [[r.DOF.Gather.PostfilterMethod:1          ; Median3x3 postfilering method]]
[2019.12.13-17.48.17:425][  0]LogConfig: Setting CVar [[r.DOF.Gather.EnableBokehSettings:0       ; no bokeh simulation when gathering]]
[2019.12.13-17.48.17:425][  0]LogConfig: Setting CVar [[r.DOF.Gather.RingCount:4                 ; medium number of samples when gathering]]
[2019.12.13-17.48.17:425][  0]LogConfig: Setting CVar [[r.DOF.Scatter.ForegroundCompositing:1    ; additive foreground scattering]]
[2019.12.13-17.48.17:425][  0]LogConfig: Setting CVar [[r.DOF.Scatter.BackgroundCompositing:2    ; additive background scattering]]
[2019.12.13-17.48.17:425][  0]LogConfig: Setting CVar [[r.DOF.Scatter.EnableBokehSettings:1      ; bokeh simulation when scattering]]
[2019.12.13-17.48.17:425][  0]LogConfig: Setting CVar [[r.DOF.Scatter.MaxSpriteRatio:0.1         ; only a maximum of 10% of scattered bokeh]]
[2019.12.13-17.48.17:425][  0]LogConfig: Setting CVar [[r.DOF.Recombine.Quality:1                ; cheap slight out of focus]]
[2019.12.13-17.48.17:425][  0]LogConfig: Setting CVar [[r.DOF.Recombine.EnableBokehSettings:0    ; no bokeh simulation on slight out of focus]]
[2019.12.13-17.48.17:425][  0]LogConfig: Setting CVar [[r.DOF.TemporalAAQuality:1                ; more stable temporal accumulation]]
[2019.12.13-17.48.17:426][  0]LogConfig: Setting CVar [[r.DOF.Kernel.MaxForegroundRadius:0.025]]
[2019.12.13-17.48.17:426][  0]LogConfig: Setting CVar [[r.DOF.Kernel.MaxBackgroundRadius:0.025]]
[2019.12.13-17.48.17:426][  0]LogConfig: Applying CVar settings from Section [TextureQuality@3] File [C:/Users/ALUMNO/Documents/GitHub/UntitledHorrorGame/NoNameProject/Saved/Config/Windows/Scalability.ini]
[2019.12.13-17.48.17:426][  0]LogConfig: Setting CVar [[r.Streaming.MipBias:0]]
[2019.12.13-17.48.17:426][  0]LogConfig: Setting CVar [[r.Streaming.AmortizeCPUToGPUCopy:0]]
[2019.12.13-17.48.17:426][  0]LogConfig: Setting CVar [[r.Streaming.MaxNumTexturesToStreamPerFrame:0]]
[2019.12.13-17.48.17:428][  0]LogConfig: Setting CVar [[r.Streaming.Boost:1]]
[2019.12.13-17.48.17:428][  0]LogConfig: Setting CVar [[r.MaxAnisotropy:8]]
[2019.12.13-17.48.17:428][  0]LogConfig: Setting CVar [[r.Streaming.LimitPoolSizeToVRAM:0]]
[2019.12.13-17.48.17:428][  0]LogConfig: Setting CVar [[r.Streaming.PoolSize:1000]]
[2019.12.13-17.48.17:428][  0]LogConfig: Setting CVar [[r.Streaming.MaxEffectiveScreenSize:0]]
[2019.12.13-17.48.17:428][  0]LogConfig: Applying CVar settings from Section [EffectsQuality@3] File [C:/Users/ALUMNO/Documents/GitHub/UntitledHorrorGame/NoNameProject/Saved/Config/Windows/Scalability.ini]
[2019.12.13-17.48.17:428][  0]LogConfig: Setting CVar [[r.TranslucencyLightingVolumeDim:64]]
[2019.12.13-17.48.17:428][  0]LogConfig: Setting CVar [[r.RefractionQuality:2]]
[2019.12.13-17.48.17:428][  0]LogConfig: Setting CVar [[r.SSR.Quality:3]]
[2019.12.13-17.48.17:428][  0]LogConfig: Setting CVar [[r.SceneColorFormat:4]]
[2019.12.13-17.48.17:428][  0]LogConfig: Setting CVar [[r.DetailMode:2]]
[2019.12.13-17.48.17:428][  0]LogConfig: Setting CVar [[r.TranslucencyVolumeBlur:1]]
[2019.12.13-17.48.17:428][  0]LogConfig: Setting CVar [[r.MaterialQualityLevel:1 ; High quality]]
[2019.12.13-17.48.17:429][  0]LogConfig: Setting CVar [[r.SSS.Scale:1]]
[2019.12.13-17.48.17:429][  0]LogConfig: Setting CVar [[r.SSS.SampleSet:2]]
[2019.12.13-17.48.17:429][  0]LogConfig: Setting CVar [[r.SSS.Quality:1]]
[2019.12.13-17.48.17:429][  0]LogConfig: Setting CVar [[r.SSS.HalfRes:1]]
[2019.12.13-17.48.17:429][  0]LogConfig: Setting CVar [[r.EmitterSpawnRateScale:1.0]]
[2019.12.13-17.48.17:429][  0]LogConfig: Setting CVar [[r.ParticleLightQuality:2]]
[2019.12.13-17.48.17:429][  0]LogConfig: Applying CVar settings from Section [FoliageQuality@3] File [C:/Users/ALUMNO/Documents/GitHub/UntitledHorrorGame/NoNameProject/Saved/Config/Windows/Scalability.ini]
[2019.12.13-17.48.17:429][  0]LogConfig: Setting CVar [[foliage.DensityScale:1.0]]
[2019.12.13-17.48.17:429][  0]LogConfig: Setting CVar [[grass.DensityScale:1.0]]
[2019.12.13-17.48.17:429][  0]LogConfig: Applying CVar settings from Section [Startup] File [../../../Engine/Config/ConsoleVariables.ini]
[2019.12.13-17.48.17:430][  0]LogConfig: Setting CVar [[net.UseAdaptiveNetUpdateFrequency:0]]
[2019.12.13-17.48.17:430][  0]LogConfig: Setting CVar [[p.chaos.AllowCreatePhysxBodies:1]]
[2019.12.13-17.48.17:430][  0]LogConfig: Applying CVar settings from Section [ConsoleVariables] File [C:/Users/ALUMNO/Documents/GitHub/UntitledHorrorGame/NoNameProject/Saved/Config/Windows/Engine.ini]
[2019.12.13-17.48.17:430][  0]LogInit: Computer: P-13
[2019.12.13-17.48.17:430][  0]LogInit: User: ALUMNO
[2019.12.13-17.48.17:430][  0]LogInit: CPU Page size=4096, Cores=4
[2019.12.13-17.48.17:430][  0]LogInit: High frequency timer resolution =10.000000 MHz
[2019.12.13-17.48.17:431][  0]LogMemory: Memory total: Physical=15.9GB (16GB approx)
[2019.12.13-17.48.17:431][  0]LogMemory: Platform Memory Stats for Windows
[2019.12.13-17.48.17:431][  0]LogMemory: Process Physical Memory: 98.59 MB used, 98.60 MB peak
[2019.12.13-17.48.17:431][  0]LogMemory: Process Virtual Memory: 88.98 MB used, 88.98 MB peak
[2019.12.13-17.48.17:431][  0]LogMemory: Physical Memory: 6013.02 MB used,  10293.28 MB free, 16306.30 MB total
[2019.12.13-17.48.17:431][  0]LogMemory: Virtual Memory: 4643.21 MB used,  134213088.00 MB free, 134217728.00 MB total
[2019.12.13-17.48.17:550][  0]LogInit: Overriding language with editor language configuration option (en).
[2019.12.13-17.48.17:550][  0]LogInit: Overriding locale with editor locale configuration option (en).
[2019.12.13-17.48.17:738][  0]LogInit: Setting process to per monitor DPI aware
[2019.12.13-17.48.17:799][  0]LogSlate: New Slate User Created.  User Index 0, Is Virtual User: 0
[2019.12.13-17.48.17:799][  0]LogSlate: Slate User Registered.  User Index 0, Is Virtual User: 0
[2019.12.13-17.48.18:172][  0]LogHMD: Failed to initialize OpenVR with code 110
[2019.12.13-17.48.18:172][  0]LogD3D11RHI: D3D11 adapters:
[2019.12.13-17.48.18:254][  0]LogD3D11RHI:    0. 'NVIDIA Quadro K2200' (Feature Level 11_0)
[2019.12.13-17.48.18:254][  0]LogD3D11RHI:       4053/0/8153 MB DedicatedVideo/DedicatedSystem/SharedSystem, Outputs:1, VendorId:0x10de
[2019.12.13-17.48.18:262][  0]LogD3D11RHI:    1. 'Microsoft Basic Render Driver' (Feature Level 11_0)
[2019.12.13-17.48.18:262][  0]LogD3D11RHI:       0/0/8153 MB DedicatedVideo/DedicatedSystem/SharedSystem, Outputs:0, VendorId:0x1414
[2019.12.13-17.48.18:262][  0]LogD3D11RHI: Chosen D3D11 Adapter: 0
[2019.12.13-17.48.18:269][  0]LogD3D11RHI: Creating new Direct3DDevice
[2019.12.13-17.48.18:269][  0]LogD3D11RHI:     GPU DeviceId: 0x13ba (for the marketing name, search the web for "GPU Device Id")
[2019.12.13-17.48.18:269][  0]LogWindows: EnumDisplayDevices:
[2019.12.13-17.48.18:269][  0]LogWindows:    0. 'NVIDIA Quadro K2200' (P:1 D:1)
[2019.12.13-17.48.18:270][  0]LogWindows:    1. 'NVIDIA Quadro K2200' (P:0 D:0)
[2019.12.13-17.48.18:270][  0]LogWindows:    2. 'NVIDIA Quadro K2200' (P:0 D:0)
[2019.12.13-17.48.18:271][  0]LogWindows:    3. 'NVIDIA Quadro K2200' (P:0 D:0)
[2019.12.13-17.48.18:271][  0]LogWindows: DebugString: FoundDriverCount:4 
[2019.12.13-17.48.18:271][  0]LogD3D11RHI:     Adapter Name: NVIDIA Quadro K2200
[2019.12.13-17.48.18:271][  0]LogD3D11RHI:   Driver Version: 432.00 (internal:26.21.14.3200, unified:432.00)
[2019.12.13-17.48.18:271][  0]LogD3D11RHI:      Driver Date: 7-24-2019
[2019.12.13-17.48.18:272][  0]LogRHI: Texture pool is 2837 MB (70% of 4053 MB)
[2019.12.13-17.48.18:340][  0]LogD3D11RHI: Async texture creation enabled
[2019.12.13-17.48.18:346][  0]LogRendererCore: FGlobalReadBuffer::InitRHI
[2019.12.13-17.48.18:346][  0]LogRendererCore: FGlobalReadBuffer::InitRHI
[2019.12.13-17.48.18:347][  0]LogRendererCore: FGlobalReadBuffer::InitRHI
[2019.12.13-17.48.18:355][  0]LogD3D11RHI: GPU Timing Frequency: 1000.000000 (Debug: 2 1)
[2019.12.13-17.48.18:759][  0]LogTemp: Display: Module 'AllDesktopTargetPlatform' loaded TargetPlatform 'AllDesktop'
[2019.12.13-17.48.18:779][  0]LogTemp: Display: Module 'MacClientTargetPlatform' loaded TargetPlatform 'MacClient'
[2019.12.13-17.48.18:799][  0]LogTemp: Display: Module 'MacNoEditorTargetPlatform' loaded TargetPlatform 'MacNoEditor'
[2019.12.13-17.48.18:819][  0]LogTemp: Display: Module 'MacServerTargetPlatform' loaded TargetPlatform 'MacServer'
[2019.12.13-17.48.18:839][  0]LogTemp: Display: Module 'MacTargetPlatform' loaded TargetPlatform 'Mac'
[2019.12.13-17.48.18:861][  0]LogTemp: Display: Module 'WindowsClientTargetPlatform' loaded TargetPlatform 'WindowsClient'
[2019.12.13-17.48.18:881][  0]LogTemp: Display: Module 'WindowsNoEditorTargetPlatform' loaded TargetPlatform 'WindowsNoEditor'
[2019.12.13-17.48.18:903][  0]LogTemp: Display: Module 'WindowsServerTargetPlatform' loaded TargetPlatform 'WindowsServer'
[2019.12.13-17.48.18:915][  0]LogTemp: Display: Module 'WindowsTargetPlatform' loaded TargetPlatform 'Windows'
[2019.12.13-17.48.19:024][  0]LogTemp: Display: Module 'AndroidTargetPlatform' loaded TargetPlatform 'Android'
[2019.12.13-17.48.19:024][  0]LogTemp: Display: Module 'AndroidTargetPlatform' loaded TargetPlatform 'Android_ASTC'
[2019.12.13-17.48.19:024][  0]LogTemp: Display: Module 'AndroidTargetPlatform' loaded TargetPlatform 'Android_ATC'
[2019.12.13-17.48.19:024][  0]LogTemp: Display: Module 'AndroidTargetPlatform' loaded TargetPlatform 'Android_DXT'
[2019.12.13-17.48.19:024][  0]LogTemp: Display: Module 'AndroidTargetPlatform' loaded TargetPlatform 'Android_ETC1'
[2019.12.13-17.48.19:025][  0]LogTemp: Display: Module 'AndroidTargetPlatform' loaded TargetPlatform 'Android_ETC1a'
[2019.12.13-17.48.19:025][  0]LogTemp: Display: Module 'AndroidTargetPlatform' loaded TargetPlatform 'Android_ETC2'
[2019.12.13-17.48.19:025][  0]LogTemp: Display: Module 'AndroidTargetPlatform' loaded TargetPlatform 'Android_PVRTC'
[2019.12.13-17.48.19:025][  0]LogTemp: Display: Module 'AndroidTargetPlatform' loaded TargetPlatform 'AndroidClient'
[2019.12.13-17.48.19:025][  0]LogTemp: Display: Module 'AndroidTargetPlatform' loaded TargetPlatform 'Android_ASTCClient'
[2019.12.13-17.48.19:025][  0]LogTemp: Display: Module 'AndroidTargetPlatform' loaded TargetPlatform 'Android_ATCClient'
[2019.12.13-17.48.19:025][  0]LogTemp: Display: Module 'AndroidTargetPlatform' loaded TargetPlatform 'Android_DXTClient'
[2019.12.13-17.48.19:025][  0]LogTemp: Display: Module 'AndroidTargetPlatform' loaded TargetPlatform 'Android_ETC1Client'
[2019.12.13-17.48.19:025][  0]LogTemp: Display: Module 'AndroidTargetPlatform' loaded TargetPlatform 'Android_ETC1aClient'
[2019.12.13-17.48.19:025][  0]LogTemp: Display: Module 'AndroidTargetPlatform' loaded TargetPlatform 'Android_ETC2Client'
[2019.12.13-17.48.19:025][  0]LogTemp: Display: Module 'AndroidTargetPlatform' loaded TargetPlatform 'Android_PVRTCClient'
[2019.12.13-17.48.19:025][  0]LogTemp: Display: Module 'AndroidTargetPlatform' loaded TargetPlatform 'Android_Multi'
[2019.12.13-17.48.19:025][  0]LogTemp: Display: Module 'AndroidTargetPlatform' loaded TargetPlatform 'Android_MultiClient'
[2019.12.13-17.48.19:034][  0]LogTemp: Display: Module 'HTML5TargetPlatform' loaded TargetPlatform 'HTML5'
[2019.12.13-17.48.19:098][  0]LogTemp: Display: Module 'IOSTargetPlatform' loaded TargetPlatform 'IOSClient'
[2019.12.13-17.48.19:099][  0]LogTemp: Display: Module 'IOSTargetPlatform' loaded TargetPlatform 'IOS'
[2019.12.13-17.48.19:133][  0]LogTemp: Display: Module 'TVOSTargetPlatform' loaded TargetPlatform 'TVOSClient'
[2019.12.13-17.48.19:133][  0]LogTemp: Display: Module 'TVOSTargetPlatform' loaded TargetPlatform 'TVOS'
[2019.12.13-17.48.19:151][  0]LogTemp: Display: Module 'LinuxClientTargetPlatform' loaded TargetPlatform 'LinuxClient'
[2019.12.13-17.48.19:173][  0]LogTemp: Display: Module 'LinuxNoEditorTargetPlatform' loaded TargetPlatform 'LinuxNoEditor'
[2019.12.13-17.48.19:194][  0]LogTemp: Display: Module 'LinuxServerTargetPlatform' loaded TargetPlatform 'LinuxServer'
[2019.12.13-17.48.19:218][  0]LogTemp: Display: Module 'LinuxTargetPlatform' loaded TargetPlatform 'Linux'
[2019.12.13-17.48.19:282][  0]LogTemp: Display: Module 'LuminTargetPlatform' loaded TargetPlatform 'Lumin'
[2019.12.13-17.48.19:282][  0]LogTemp: Display: Module 'LuminTargetPlatform' loaded TargetPlatform 'LuminClient'
[2019.12.13-17.48.19:282][  0]LogTargetPlatformManager: Display: Building Assets For Windows
[2019.12.13-17.48.19:306][  0]LogAudioDebug: Display: Lib vorbis DLL was dynamically loaded.
[2019.12.13-17.48.19:444][  0]LogShaderCompilers: Guid format shader working directory is -34 characters bigger than the processId version (../../../../../../Users/ALUMNO/Documents/GitHub/UntitledHorrorGame/NoNameProject/Intermediate/Shaders/WorkingDirectory/10212/).
[2019.12.13-17.48.19:445][  0]LogShaderCompilers: Cleaned the shader compiler working directory 'C:/Users/ALUMNO/AppData/Local/Temp/UnrealShaderWorkingDir/4222463E410DAA5088656ABB9548B273/'.
[2019.12.13-17.48.19:448][  0]LogXGEController: Cleaning working directory: C:/Users/ALUMNO/AppData/Local/Temp/UnrealXGEWorkingDir/
[2019.12.13-17.48.19:448][  0]LogXGEController: Cannot use XGE Controller as Incredibuild is not installed on this machine.
[2019.12.13-17.48.19:448][  0]LogShaderCompilers: Cannot use XGE Shader Compiler as Incredibuild is not installed on this machine.
[2019.12.13-17.48.19:448][  0]LogShaderCompilers: Display: Using Local Shader Compiler.
[2019.12.13-17.48.20:109][  0]LogDerivedDataCache: Display: Max Cache Size: 512 MB
[2019.12.13-17.48.20:169][  0]LogDerivedDataCache: Loaded boot cache 0.06s 71MB C:/Users/ALUMNO/AppData/Local/UnrealEngine/4.22/DerivedDataCache/Boot.ddc.
[2019.12.13-17.48.20:169][  0]LogDerivedDataCache: Display: Loaded Boot cache: C:/Users/ALUMNO/AppData/Local/UnrealEngine/4.22/DerivedDataCache/Boot.ddc
[2019.12.13-17.48.20:169][  0]LogDerivedDataCache: FDerivedDataBackendGraph:  Pak pak cache file ../../../../../../Users/ALUMNO/Documents/GitHub/UntitledHorrorGame/NoNameProject/DerivedDataCache/DDC.ddp not found, will not use a pak cache.
[2019.12.13-17.48.20:169][  0]LogDerivedDataCache: Unable to find inner node Pak for hierarchical cache Hierarchy.
[2019.12.13-17.48.20:169][  0]LogDerivedDataCache: FDerivedDataBackendGraph:  CompressedPak pak cache file ../../../../../../Users/ALUMNO/Documents/GitHub/UntitledHorrorGame/NoNameProject/DerivedDataCache/Compressed.ddp not found, will not use a pak cache.
[2019.12.13-17.48.20:170][  0]LogDerivedDataCache: Unable to find inner node CompressedPak for hierarchical cache Hierarchy.
[2019.12.13-17.48.20:182][  0]LogDerivedDataCache: Display: Pak cache opened for reading ../../../Engine/DerivedDataCache/Compressed.ddp.
[2019.12.13-17.48.20:183][  0]LogDerivedDataCache: FDerivedDataBackendGraph:  EnterprisePak pak cache file ../../../Enterprise/DerivedDataCache/Compressed.ddp not found, will not use a pak cache.
[2019.12.13-17.48.20:183][  0]LogDerivedDataCache: Unable to find inner node EnterprisePak for hierarchical cache Hierarchy.
[2019.12.13-17.48.20:197][  0]LogDerivedDataCache: Using Local data cache path C:/Users/ALUMNO/AppData/Local/UnrealEngine/Common/DerivedDataCache: Writable
[2019.12.13-17.48.20:197][  0]LogDerivedDataCache: Shared data cache path not found in *engine.ini, will not use an Shared cache.
[2019.12.13-17.48.20:197][  0]LogDerivedDataCache: Unable to find inner node Shared for hierarchical cache Hierarchy.
[2019.12.13-17.48.20:221][  0]LogMaterial: Verifying Global Shaders for PCD3D_SM5
[2019.12.13-17.48.20:222][  0]LogSlate: Using FreeType 2.6.0
[2019.12.13-17.48.20:223][  0]LogSlate: SlateFontServices - WITH_FREETYPE: 1, WITH_HARFBUZZ: 1
[2019.12.13-17.48.20:360][  0]LogAssetRegistry: FAssetRegistry took 0.0414 seconds to start up
[2019.12.13-17.48.20:799][  0]LogInit: Selected Device Profile: [Windows]
[2019.12.13-17.48.20:975][  0]LogMeshReduction: Using QuadricMeshReduction for automatic static mesh reduction
[2019.12.13-17.48.20:975][  0]LogMeshReduction: Using SimplygonMeshReduction for automatic skeletal mesh reduction
[2019.12.13-17.48.20:975][  0]LogMeshReduction: Using ProxyLODMeshReduction for automatic mesh merging
[2019.12.13-17.48.20:975][  0]LogMeshReduction: No distributed automatic mesh merging module available
[2019.12.13-17.48.20:975][  0]LogMeshMerging: No distributed automatic mesh merging module available
[2019.12.13-17.48.20:987][  0]LogNetVersion: NoNameProject 1.0.0, NetCL: 5660361, EngineNetVer: 10, GameNetVer: 0 (Checksum: 133946462)
[2019.12.13-17.48.21:445][  0]LogPackageLocalizationCache: Processed 10 localized package path(s) for 1 prioritized culture(s) in 0.046513 seconds
[2019.12.13-17.48.21:451][  0]LogUObjectArray: 42205 objects as part of root set at end of initial load.
[2019.12.13-17.48.21:451][  0]LogUObjectAllocator: 7325032 out of 0 bytes used by permanent object pool.
[2019.12.13-17.48.21:451][  0]LogUObjectArray: CloseDisregardForGC: 0/0 objects in disregard for GC pool
[2019.12.13-17.48.22:933][  0]LogTcpMessaging: Initializing TcpMessaging bridge
[2019.12.13-17.48.22:951][  0]LogUdpMessaging: Initializing bridge on interface 0.0.0.0:0 to multicast group 230.0.0.1:6666.
[2019.12.13-17.48.23:141][  0]SourceControl: Source control is disabled
[2019.12.13-17.48.23:141][  0]SourceControl: Source control is disabled
[2019.12.13-17.48.23:146][  0]SourceControl: Source control is disabled
[2019.12.13-17.48.23:151][  0]SourceControl: Source control is disabled
[2019.12.13-17.48.23:367][  0]LogAndroidPermission: UAndroidPermissionCallbackProxy::GetInstance
[2019.12.13-17.48.23:555][  0]LogOcInput: OculusInput pre-init called
[2019.12.13-17.48.24:715][  0]LogEngine: Initializing Engine...
[2019.12.13-17.48.24:716][  0]LogHMD: Failed to initialize OpenVR with code 110
[2019.12.13-17.48.24:717][  0]LogStats: UGameplayTagsManager::InitializeManager -  0.000 s
[2019.12.13-17.48.24:939][  0]LogInit: Initializing FReadOnlyCVARCache
[2019.12.13-17.48.24:959][  0]LogAIModule: Creating AISystem for world Untitled
[2019.12.13-17.48.24:992][  0]LogInit: XAudio2 using 'MX279 (2- NVIDIA High Definition Audio)' : 2 channels at 48 kHz using 16 bits per sample (channel mask 0x3)
[2019.12.13-17.48.25:023][  0]LogInit: FAudioDevice initialized.
[2019.12.13-17.48.25:023][  0]LogNetVersion: Set ProjectVersion to 1.0.0.0. Version Checksum will be recalculated on next use.
[2019.12.13-17.48.25:233][  0]LogDerivedDataCache: Saved boot cache 0.21s 71MB C:/Users/ALUMNO/AppData/Local/UnrealEngine/4.22/DerivedDataCache/Boot.ddc.
[2019.12.13-17.48.25:237][  0]LogInit: Texture streaming: Enabled
[2019.12.13-17.48.25:318][  0]LogEngineSessionManager: EngineSessionManager initialized
[2019.12.13-17.48.25:319][  0]LogEngineSessionManager: EngineSessionManager sent abnormal shutdown report. Type=Debugger, SessionId={0CB0546C-4BC1-1CF8-10C1-98A1938E3561}
[2019.12.13-17.48.25:345][  0]LogInit: Transaction tracking system initialized
[2019.12.13-17.48.25:390][  0]BlueprintLog: New page: Editor Load
[2019.12.13-17.48.25:568][  0]LocalizationService: Localization service is disabled
[2019.12.13-17.48.25:750][  0]LogLinker: Warning: Can't find file '/Game/FirstPersonBP/FirstPersonOverview'
[2019.12.13-17.48.25:750][  0]LogLinker: Warning: Can't find file '/Game/FirstPersonBP/FirstPersonOverview'
[2019.12.13-17.48.25:750][  0]LogUObjectGlobals: Warning: Failed to find object 'Class /Game/FirstPersonBP/FirstPersonOverview.FirstPersonOverview_C'
[2019.12.13-17.48.26:013][  0]LogFileCache: Scanning file cache for directory 'C:/Users/ALUMNO/Documents/GitHub/UntitledHorrorGame/NoNameProject/Content/' took 0.02s
[2019.12.13-17.48.26:013][  0]LogCook: Display: Max memory allowance for cook 16384mb min free memory 0mb
[2019.12.13-17.48.26:013][  0]LogCook: Display: Mobile HDR setting 1
[2019.12.13-17.48.26:337][  0]SourceControl: Source control is disabled
[2019.12.13-17.48.26:337][  0]Cmd: MAP LOAD FILE="../../../../../../Users/ALUMNO/Documents/GitHub/UntitledHorrorGame/NoNameProject/Content/PasilloCasa.umap" TEMPLATE=0 SHOWPROGRESS=1 FEATURELEVEL=3
[2019.12.13-17.48.26:338][  0]LogEditorServer: Warning: Can't find file '../../../../../../Users/ALUMNO/Documents/GitHub/UntitledHorrorGame/NoNameProject/Content/PasilloCasa.umap'
[2019.12.13-17.48.26:338][  0]Cmd: MAP CHECKDEP NOCLEARLOG
[2019.12.13-17.48.26:339][  0]MapCheck: Map check complete: 0 Error(s), 0 Warning(s), took 0.446ms to complete.
[2019.12.13-17.48.26:339][  0]LogFileHelpers: Loading map 'PasilloCasa' took 0.002
[2019.12.13-17.48.26:489][  0]LogSlate: Updating window title bar state: overlay mode, drag disabled, window buttons hidden, title bar hidden
[2019.12.13-17.48.26:497][  0]LogSlate: Updating window title bar state: overlay mode, drag disabled, window buttons hidden, title bar hidden
[2019.12.13-17.48.26:504][  0]LogSlate: Updating window title bar state: overlay mode, drag disabled, window buttons hidden, title bar hidden
[2019.12.13-17.48.26:512][  0]LogSlate: Updating window title bar state: overlay mode, drag disabled, window buttons hidden, title bar hidden
[2019.12.13-17.48.26:524][  0]LogCollectionManager: Loaded 0 collections in 0.002508 seconds
[2019.12.13-17.48.26:543][  0]LogFileCache: Scanning file cache for directory 'C:/Users/ALUMNO/Documents/GitHub/UntitledHorrorGame/NoNameProject/Saved/Collections/' took 0.01s
[2019.12.13-17.48.26:543][  0]LogFileCache: Scanning file cache for directory 'C:/Users/ALUMNO/Documents/GitHub/UntitledHorrorGame/NoNameProject/Content/Developers/ALUMNO/Collections/' took 0.00s
[2019.12.13-17.48.26:543][  0]LogFileCache: Scanning file cache for directory 'C:/Users/ALUMNO/Documents/GitHub/UntitledHorrorGame/NoNameProject/Content/Collections/' took 0.00s
[2019.12.13-17.48.26:543][  0]LogCollectionManager: Rebuilt the GUID cache for 0 collections in 0.000000 seconds
[2019.12.13-17.48.26:553][  0]LogContentBrowser: Native class hierarchy populated in 0.0094 seconds. Added 2746 classes and 663 folders.
[2019.12.13-17.48.26:562][  0]LogContentBrowser: Native class hierarchy updated for 'WidgetCarousel' in 0.0004 seconds. Added 0 classes and 0 folders.
[2019.12.13-17.48.26:564][  0]LogPakFile: Registered encryption key '00000000000000000000000000000000': 0 pak files mounted, 0 remain pending
[2019.12.13-17.48.26:565][  0]LogPakFile: Registered encryption key '00000000000000000000000000000000': 0 pak files mounted, 0 remain pending
[2019.12.13-17.48.26:566][  0]LogPakFile: Registered encryption key '00000000000000000000000000000000': 0 pak files mounted, 0 remain pending
[2019.12.13-17.48.26:567][  0]LogPakFile: Registered encryption key '00000000000000000000000000000000': 0 pak files mounted, 0 remain pending
[2019.12.13-17.48.26:568][  0]LogPakFile: Registered encryption key '00000000000000000000000000000000': 0 pak files mounted, 0 remain pending
[2019.12.13-17.48.26:569][  0]LogPakFile: Registered encryption key '00000000000000000000000000000000': 0 pak files mounted, 0 remain pending
[2019.12.13-17.48.26:569][  0]LogPakFile: Registered encryption key '00000000000000000000000000000000': 0 pak files mounted, 0 remain pending
[2019.12.13-17.48.26:570][  0]LogPakFile: Registered encryption key '00000000000000000000000000000000': 0 pak files mounted, 0 remain pending
[2019.12.13-17.48.26:571][  0]LogPakFile: Registered encryption key '00000000000000000000000000000000': 0 pak files mounted, 0 remain pending
[2019.12.13-17.48.26:571][  0]LogPakFile: Registered encryption key '00000000000000000000000000000000': 0 pak files mounted, 0 remain pending
[2019.12.13-17.48.26:572][  0]LogPakFile: Registered encryption key '00000000000000000000000000000000': 0 pak files mounted, 0 remain pending
[2019.12.13-17.48.26:573][  0]LogPakFile: Registered encryption key '00000000000000000000000000000000': 0 pak files mounted, 0 remain pending
[2019.12.13-17.48.26:574][  0]LogPakFile: Registered encryption key '00000000000000000000000000000000': 0 pak files mounted, 0 remain pending
[2019.12.13-17.48.26:574][  0]LogPakFile: Registered encryption key '00000000000000000000000000000000': 0 pak files mounted, 0 remain pending
[2019.12.13-17.48.26:575][  0]LogPakFile: Registered encryption key '00000000000000000000000000000000': 0 pak files mounted, 0 remain pending
[2019.12.13-17.48.26:576][  0]LogPakFile: Registered encryption key '00000000000000000000000000000000': 0 pak files mounted, 0 remain pending
[2019.12.13-17.48.26:576][  0]LogPakFile: Registered encryption key '00000000000000000000000000000000': 0 pak files mounted, 0 remain pending
[2019.12.13-17.48.26:578][  0]LogPakFile: Registered encryption key '00000000000000000000000000000000': 0 pak files mounted, 0 remain pending
[2019.12.13-17.48.26:579][  0]LogPakFile: Registered encryption key '00000000000000000000000000000000': 0 pak files mounted, 0 remain pending
[2019.12.13-17.48.26:580][  0]LogPakFile: Registered encryption key '00000000000000000000000000000000': 0 pak files mounted, 0 remain pending
[2019.12.13-17.48.26:580][  0]LogPakFile: Registered encryption key '00000000000000000000000000000000': 0 pak files mounted, 0 remain pending
[2019.12.13-17.48.26:581][  0]LogPakFile: Registered encryption key '00000000000000000000000000000000': 0 pak files mounted, 0 remain pending
[2019.12.13-17.48.26:582][  0]LogPakFile: Registered encryption key '00000000000000000000000000000000': 0 pak files mounted, 0 remain pending
[2019.12.13-17.48.26:583][  0]LogPakFile: Registered encryption key '00000000000000000000000000000000': 0 pak files mounted, 0 remain pending
[2019.12.13-17.48.26:584][  0]LogPakFile: Registered encryption key '00000000000000000000000000000000': 0 pak files mounted, 0 remain pending
[2019.12.13-17.48.26:585][  0]LogPakFile: Registered encryption key '00000000000000000000000000000000': 0 pak files mounted, 0 remain pending
[2019.12.13-17.48.26:624][  0]LogContentBrowser: Native class hierarchy updated for 'AddContentDialog' in 0.0004 seconds. Added 0 classes and 0 folders.
[2019.12.13-17.48.26:683][  0]LogSlate: Took 0.000381 seconds to synchronously load lazily loaded font '../../../Engine/Content/Slate/Fonts/Roboto-Regular.ttf' (155K)
[2019.12.13-17.48.26:686][  0]LogSlate: Took 0.000277 seconds to synchronously load lazily loaded font '../../../Engine/Content/Slate/Fonts/Roboto-Bold.ttf' (160K)
[2019.12.13-17.48.26:691][  0]LogSlate: Took 0.000376 seconds to synchronously load lazily loaded font '../../../Engine/Content/Editor/Slate/Fonts/FontAwesome.ttf' (139K)
[2019.12.13-17.48.26:767][  0]LogRenderer: Reallocating scene render targets to support 988x512 Format 10 NumSamples 1 (Frame:1).
[2019.12.13-17.48.26:888][  0]LogContentBrowser: Native class hierarchy updated for 'HierarchicalLODOutliner' in 0.0008 seconds. Added 0 classes and 0 folders.
[2019.12.13-17.48.26:888][  0]LogLoad: (Engine Initialization) Total time: 12.04 seconds
[2019.12.13-17.48.26:889][  0]LogLoad: (Engine Initialization) Total Blueprint compile time: 0.00 seconds
[2019.12.13-17.48.26:931][  0]LogAssetRegistry: Asset discovery search completed in 6.5954 seconds
[2019.12.13-17.48.26:934][  0]LogCollectionManager: Rebuilt the object cache for 0 collections in 0.000000 seconds (found 0 objects)
[2019.12.13-17.48.26:934][  0]LogCollectionManager: Fixed up redirectors for 0 collections in 0.000117 seconds (updated 0 objects)
[2019.12.13-17.48.26:937][  0]LogContentStreaming: Texture pool size now 1000 MB
[2019.12.13-17.48.26:962][  0]LogSlate: Took 0.000306 seconds to synchronously load lazily loaded font '../../../Engine/Content/Slate/Fonts/Roboto-Light.ttf' (167K)
[2019.12.13-17.48.29:803][324]LogSlate: FSceneViewport::OnFocusLost() reason 0
[2019.12.13-17.48.32:214][611]LogSlate: Took 0.000217 seconds to synchronously load lazily loaded font '../../../Engine/Content/Slate/Fonts/Roboto-Light.ttf' (167K)
[2019.12.13-17.48.32:863][611]LogAIModule: Creating AISystem for world PasilloCasa
[2019.12.13-17.48.32:880][611]LogAssetEditorManager: Opening Asset editor for World /Game/Levels/PasilloCasa.PasilloCasa
[2019.12.13-17.48.32:906][611]LogUObjectHash: Compacting FUObjectHashTables data took   2.03ms
[2019.12.13-17.48.32:907][611]Cmd: MAP LOAD FILE="../../../../../../Users/ALUMNO/Documents/GitHub/UntitledHorrorGame/NoNameProject/Content/Levels/PasilloCasa.umap" TEMPLATE=0 SHOWPROGRESS=1 FEATURELEVEL=3
[2019.12.13-17.48.32:908][611]LightingResults: New page: Lighting Build
[2019.12.13-17.48.32:912][611]LogContentBrowser: Native class hierarchy updated for 'StatsViewer' in 0.0006 seconds. Added 5 classes and 0 folders.
[2019.12.13-17.48.32:913][611]LoadErrors: New page: Loading map: PasilloCasa.umap
[2019.12.13-17.48.32:913][611]MapCheck: New page: Map Check
[2019.12.13-17.48.32:913][611]LightingResults: New page: Lighting Build
[2019.12.13-17.48.32:936][611]LogUObjectHash: Compacting FUObjectHashTables data took   1.56ms
[2019.12.13-17.48.33:016][611]LogEditorServer: Finished looking for orphan Actors (0.000 secs)
[2019.12.13-17.48.33:043][611]LogUObjectHash: Compacting FUObjectHashTables data took   1.23ms
[2019.12.13-17.48.33:070][611]Cmd: MAP CHECKDEP NOCLEARLOG
[2019.12.13-17.48.33:070][611]MapCheck: Map check complete: 0 Error(s), 0 Warning(s), took 0.328ms to complete.
[2019.12.13-17.48.33:070][611]LogFileHelpers: Loading map 'PasilloCasa' took 0.165
[2019.12.13-17.48.37:778][853]LogSlate: Only BGRA pngs, bmps or icos are supported in by External Image Picker
[2019.12.13-17.49.04:368][588]LogSlate: Prevented a slow task dialog from being summoned while a context menu was open
[2019.12.13-17.49.07:017][714]LogSlate: Window 'Project Settings' being destroyed
[2019.12.13-17.49.07:022][714]LogSlate: Window 'Project Settings' being destroyed
[2019.12.13-17.49.07:990][762]LogUObjectHash: Compacting FUObjectHashTables data took   1.70ms
[2019.12.13-17.49.08:166][762]LogSavePackage: Moving '../../../../../../Users/ALUMNO/Documents/GitHub/UntitledHorrorGame/NoNameProject/Saved/PasilloCasaAC84FA8141EA35F2DF64DBB73DC052CA.tmp' to '../../../../../../Users/ALUMNO/Documents/GitHub/UntitledHorrorGame/NoNameProject/Content/Levels/PasilloCasa.umap'
[2019.12.13-17.49.26:565][757]LogSlate: FSceneViewport::OnFocusLost() reason 0
[2019.12.13-17.49.40:981][585]LogSlate: Took 0.000701 seconds to synchronously load lazily loaded font '../../../Engine/Content/Slate/Fonts/Roboto-Italic.ttf' (157K)
[2019.12.13-17.50.06:378][388]LogUObjectHash: Compacting FUObjectHashTables data took   1.84ms
[2019.12.13-17.50.06:563][388]LogSavePackage: Moving '../../../../../../Users/ALUMNO/Documents/GitHub/UntitledHorrorGame/NoNameProject/Saved/PasilloCasa8679147D42BA4EFA84C305A83F0E9B40.tmp' to '../../../../../../Users/ALUMNO/Documents/GitHub/UntitledHorrorGame/NoNameProject/Content/Levels/PasilloCasa.umap'
[2019.12.13-17.50.07:741][452]LogTemp: Repeating last play command: Selected Viewport
[2019.12.13-17.50.07:753][452]LogBlueprintUserMessages: Early PlayInEditor Detection: Level '/Game/Levels/PasilloCasa.PasilloCasa:PersistentLevel' has LevelScriptBlueprint '/Game/Levels/PasilloCasa.PasilloCasa:PersistentLevel.PasilloCasa' with GeneratedClass '/Game/Levels/PasilloCasa.PasilloCasa_C' with ClassGeneratedBy '/Game/Levels/PasilloCasa.PasilloCasa:PersistentLevel.PasilloCasa'
[2019.12.13-17.50.07:754][452]LogPlayLevel: PlayLevel: No blueprints needed recompiling
[2019.12.13-17.50.07:754][452]PIE: New page: PIE session: PasilloCasa (Dec 13, 2019, 5:50:07 AM)
[2019.12.13-17.50.07:769][452]LogPlayLevel: Creating play world package: /Game/Levels/UEDPIE_0_PasilloCasa
[2019.12.13-17.50.07:783][452]LogPlayLevel: PIE: StaticDuplicateObject took: (0.012842s)
[2019.12.13-17.50.07:784][452]LogAIModule: Creating AISystem for world PasilloCasa
[2019.12.13-17.50.07:784][452]LogPlayLevel: PIE: World Init took: (0.001000s)
[2019.12.13-17.50.07:784][452]LogPlayLevel: PIE: Created PIE world by copying editor world from /Game/Levels/PasilloCasa.PasilloCasa to /Game/Levels/UEDPIE_0_PasilloCasa.PasilloCasa (0.014920s)
[2019.12.13-17.50.07:807][452]LogUObjectHash: Compacting FUObjectHashTables data took   1.80ms
[2019.12.13-17.50.07:837][452]LogInit: XAudio2 using 'MX279 (2- NVIDIA High Definition Audio)' : 2 channels at 48 kHz using 16 bits per sample (channel mask 0x3)
[2019.12.13-17.50.07:852][452]LogInit: FAudioDevice initialized.
[2019.12.13-17.50.07:895][452]LogLoad: Game class is 'MyNoNameProjectGameModeBase_C'
[2019.12.13-17.50.07:899][452]LogWorld: Bringing World /Game/Levels/UEDPIE_0_PasilloCasa.PasilloCasa up for play (max tick rate 0) at 2019.12.13-11.50.07
[2019.12.13-17.50.07:900][452]LogWorld: Bringing up level for play took: 0.003558
[2019.12.13-17.50.07:920][452]LogContentBrowser: Native class hierarchy updated for 'MovieSceneCapture' in 0.0005 seconds. Added 20 classes and 0 folders.
[2019.12.13-17.50.07:921][452]LogTemp: Warning: All systems set.
[2019.12.13-17.50.07:922][452]LogTemp: Warning: ?????????????????????????????????????????
[2019.12.13-17.50.07:922][452]LogTemp: Warning: Input Setup
[2019.12.13-17.50.07:922][452]PIE: Play in editor start time for /Game/Levels/UEDPIE_0_PasilloCasa -0.427
[2019.12.13-17.50.07:922][452]LogBlueprintUserMessages: Late PlayInEditor Detection: Level '/Game/Levels/PasilloCasa.PasilloCasa:PersistentLevel' has LevelScriptBlueprint '/Game/Levels/PasilloCasa.PasilloCasa:PersistentLevel.PasilloCasa' with GeneratedClass '/Game/Levels/PasilloCasa.PasilloCasa_C' with ClassGeneratedBy '/Game/Levels/PasilloCasa.PasilloCasa:PersistentLevel.PasilloCasa'
[2019.12.13-17.50.08:548][494]LogTemp: Warning: Grabbing a mango
[2019.12.13-17.50.08:549][494]LogTemp: Warning: No encontre actor
[2019.12.13-17.50.09:100][530]LogTemp: Warning: Releasing a mango
[2019.12.13-17.50.10:246][604]LogBlueprintUserMessages: Early EndPlayMap Detection: Level '/Game/Levels/PasilloCasa.PasilloCasa:PersistentLevel' has LevelScriptBlueprint '/Game/Levels/PasilloCasa.PasilloCasa:PersistentLevel.PasilloCasa' with GeneratedClass '/Game/Levels/PasilloCasa.PasilloCasa_C' with ClassGeneratedBy '/Game/Levels/PasilloCasa.PasilloCasa:PersistentLevel.PasilloCasa'
[2019.12.13-17.50.10:246][604]LogSlate: Updating window title bar state: overlay mode, drag disabled, window buttons hidden, title bar hidden
[2019.12.13-17.50.10:300][604]LogPlayLevel: Display: Shutting down PIE online subsystems
[2019.12.13-17.50.10:300][604]LogBlueprintUserMessages: Late EndPlayMap Detection: Level '/Game/Levels/PasilloCasa.PasilloCasa:PersistentLevel' has LevelScriptBlueprint '/Game/Levels/PasilloCasa.PasilloCasa:PersistentLevel.PasilloCasa' with GeneratedClass '/Game/Levels/PasilloCasa.PasilloCasa_C' with ClassGeneratedBy '/Game/Levels/PasilloCasa.PasilloCasa:PersistentLevel.PasilloCasa'
[2019.12.13-17.50.10:331][604]LogSlate: Updating window title bar state: overlay mode, drag disabled, window buttons hidden, title bar hidden
[2019.12.13-17.50.10:335][604]LogUObjectHash: Compacting FUObjectHashTables data took   1.54ms
[2019.12.13-17.50.10:370][605]LogPlayLevel: Display: Destroying online subsystem :Context_2
[2019.12.13-17.50.11:187][648]LogSlate: FSceneViewport::OnFocusLost() reason 0
[2019.12.13-17.50.11:191][648]LogSlate: Took 0.000299 seconds to synchronously load lazily loaded font '../../../Engine/Content/Slate/Fonts/DroidSansMono.ttf' (77K)
[2019.12.13-17.50.12:904][736]LogEditorViewport: Clicking on Actor (LMB): StaticMeshActor (FBX_PasilloUV_MESH_SueloYTechoPasillo)
[2019.12.13-17.50.14:029][788]LogSlate: FSceneViewport::OnFocusLost() reason 0
[2019.12.13-17.50.14:128][793]LogTemp: Repeating last play command: Selected Viewport
[2019.12.13-17.50.14:140][793]LogBlueprintUserMessages: Early PlayInEditor Detection: Level '/Game/Levels/PasilloCasa.PasilloCasa:PersistentLevel' has LevelScriptBlueprint '/Game/Levels/PasilloCasa.PasilloCasa:PersistentLevel.PasilloCasa' with GeneratedClass '/Game/Levels/PasilloCasa.PasilloCasa_C' with ClassGeneratedBy '/Game/Levels/PasilloCasa.PasilloCasa:PersistentLevel.PasilloCasa'
[2019.12.13-17.50.14:141][793]LogPlayLevel: PlayLevel: No blueprints needed recompiling
[2019.12.13-17.50.14:141][793]PIE: New page: PIE session: PasilloCasa (Dec 13, 2019, 5:50:14 AM)
[2019.12.13-17.50.14:141][793]LogPlayLevel: Creating play world package: /Game/Levels/UEDPIE_0_PasilloCasa
[2019.12.13-17.50.14:148][793]LogPlayLevel: PIE: StaticDuplicateObject took: (0.006213s)
[2019.12.13-17.50.14:149][793]LogAIModule: Creating AISystem for world PasilloCasa
[2019.12.13-17.50.14:149][793]LogPlayLevel: PIE: World Init took: (0.001129s)
[2019.12.13-17.50.14:150][793]LogPlayLevel: PIE: Created PIE world by copying editor world from /Game/Levels/PasilloCasa.PasilloCasa to /Game/Levels/UEDPIE_0_PasilloCasa.PasilloCasa (0.008197s)
[2019.12.13-17.50.14:172][793]LogUObjectHash: Compacting FUObjectHashTables data took   1.42ms
[2019.12.13-17.50.14:198][793]LogInit: XAudio2 using 'MX279 (2- NVIDIA High Definition Audio)' : 2 channels at 48 kHz using 16 bits per sample (channel mask 0x3)
[2019.12.13-17.50.14:212][793]LogInit: FAudioDevice initialized.
[2019.12.13-17.50.14:246][793]LogLoad: Game class is 'MyNoNameProjectGameModeBase_C'
[2019.12.13-17.50.14:250][793]LogWorld: Bringing World /Game/Levels/UEDPIE_0_PasilloCasa.PasilloCasa up for play (max tick rate 0) at 2019.12.13-11.50.14
[2019.12.13-17.50.14:250][793]LogWorld: Bringing up level for play took: 0.003014
[2019.12.13-17.50.14:265][793]LogTemp: Warning: All systems set.
[2019.12.13-17.50.14:265][793]LogTemp: Warning: ?????????????????????????????????????????
[2019.12.13-17.50.14:265][793]LogTemp: Warning: Input Setup
[2019.12.13-17.50.14:265][793]PIE: Play in editor start time for /Game/Levels/UEDPIE_0_PasilloCasa -0.084
[2019.12.13-17.50.14:266][793]LogBlueprintUserMessages: Late PlayInEditor Detection: Level '/Game/Levels/PasilloCasa.PasilloCasa:PersistentLevel' has LevelScriptBlueprint '/Game/Levels/PasilloCasa.PasilloCasa:PersistentLevel.PasilloCasa' with GeneratedClass '/Game/Levels/PasilloCasa.PasilloCasa_C' with ClassGeneratedBy '/Game/Levels/PasilloCasa.PasilloCasa:PersistentLevel.PasilloCasa'
[2019.12.13-17.50.14:718][823]LogTemp: Warning: Grabbing a mango
[2019.12.13-17.50.14:718][823]LogTemp: Warning: No encontre actor
[2019.12.13-17.50.15:351][864]LogTemp: Warning: Releasing a mango
[2019.12.13-17.50.15:847][896]LogTemp: Warning: Grabbing a mango
[2019.12.13-17.50.15:848][896]LogTemp: Warning: Hit: Cube_2
[2019.12.13-17.50.15:848][896]LogTemp: Warning: Grabbing a mango
[2019.12.13-17.50.15:848][896]LogTemp: Warning: Cube_2
[2019.12.13-17.50.15:848][896]LogTemp: Warning: Agarrando el mango
[2019.12.13-17.50.15:861][897]LogTemp: Warning: Agarrando el mango
[2019.12.13-17.50.15:876][898]LogTemp: Warning: Agarrando el mango
[2019.12.13-17.50.15:891][899]LogTemp: Warning: Agarrando el mango
[2019.12.13-17.50.15:906][900]LogTemp: Warning: Agarrando el mango
[2019.12.13-17.50.15:923][901]LogTemp: Warning: Agarrando el mango
[2019.12.13-17.50.15:938][902]LogTemp: Warning: Agarrando el mango
[2019.12.13-17.50.15:953][903]LogTemp: Warning: Agarrando el mango
[2019.12.13-17.50.15:970][904]LogTemp: Warning: Agarrando el mango
[2019.12.13-17.50.15:985][905]LogTemp: Warning: Agarrando el mango
[2019.12.13-17.50.16:001][906]LogTemp: Warning: Agarrando el mango
[2019.12.13-17.50.16:016][907]LogTemp: Warning: Agarrando el mango
[2019.12.13-17.50.16:031][908]LogTemp: Warning: Agarrando el mango
[2019.12.13-17.50.16:045][909]LogTemp: Warning: Agarrando el mango
[2019.12.13-17.50.16:060][910]LogTemp: Warning: Agarrando el mango
[2019.12.13-17.50.16:076][911]LogTemp: Warning: Agarrando el mango
[2019.12.13-17.50.16:091][912]LogTemp: Warning: Agarrando el mango
[2019.12.13-17.50.16:107][913]LogTemp: Warning: Agarrando el mango
[2019.12.13-17.50.16:122][914]LogTemp: Warning: Agarrando el mango
[2019.12.13-17.50.16:138][915]LogTemp: Warning: Agarrando el mango
[2019.12.13-17.50.16:153][916]LogTemp: Warning: Agarrando el mango
[2019.12.13-17.50.16:170][917]LogTemp: Warning: Agarrando el mango
[2019.12.13-17.50.16:185][918]LogTemp: Warning: Agarrando el mango
[2019.12.13-17.50.16:201][919]LogTemp: Warning: Agarrando el mango
[2019.12.13-17.50.16:217][920]LogTemp: Warning: Agarrando el mango
[2019.12.13-17.50.16:232][921]LogTemp: Warning: Agarrando el mango
[2019.12.13-17.50.16:248][922]LogTemp: Warning: Agarrando el mango
[2019.12.13-17.50.16:263][923]LogTemp: Warning: Agarrando el mango
[2019.12.13-17.50.16:279][924]LogTemp: Warning: Agarrando el mango
[2019.12.13-17.50.16:294][925]LogTemp: Warning: Agarrando el mango
[2019.12.13-17.50.16:310][926]LogTemp: Warning: Agarrando el mango
[2019.12.13-17.50.16:325][927]LogTemp: Warning: Agarrando el mango
[2019.12.13-17.50.16:341][928]LogTemp: Warning: Agarrando el mango
[2019.12.13-17.50.16:357][929]LogTemp: Warning: Agarrando el mango
[2019.12.13-17.50.16:373][930]LogTemp: Warning: Agarrando el mango
[2019.12.13-17.50.16:387][931]LogTemp: Warning: Agarrando el mango
[2019.12.13-17.50.16:403][932]LogTemp: Warning: Agarrando el mango
[2019.12.13-17.50.16:419][933]LogTemp: Warning: Agarrando el mango
[2019.12.13-17.50.16:435][934]LogTemp: Warning: Agarrando el mango
[2019.12.13-17.50.16:450][935]LogTemp: Warning: Agarrando el mango
[2019.12.13-17.50.16:466][936]LogTemp: Warning: Agarrando el mango
[2019.12.13-17.50.16:481][937]LogTemp: Warning: Agarrando el mango
[2019.12.13-17.50.16:497][938]LogTemp: Warning: Agarrando el mango
[2019.12.13-17.50.16:512][939]LogTemp: Warning: Agarrando el mango
[2019.12.13-17.50.16:527][940]LogTemp: Warning: Agarrando el mango
[2019.12.13-17.50.16:543][941]LogTemp: Warning: Agarrando el mango
[2019.12.13-17.50.16:559][942]LogTemp: Warning: Agarrando el mango
[2019.12.13-17.50.16:575][943]LogTemp: Warning: Agarrando el mango
[2019.12.13-17.50.16:590][944]LogTemp: Warning: Agarrando el mango
[2019.12.13-17.50.16:605][945]LogTemp: Warning: Agarrando el mango
[2019.12.13-17.50.16:621][946]LogTemp: Warning: Agarrando el mango
[2019.12.13-17.50.16:636][947]LogTemp: Warning: Agarrando el mango
[2019.12.13-17.50.16:653][948]LogTemp: Warning: Agarrando el mango
[2019.12.13-17.50.16:668][949]LogTemp: Warning: Releasing a mango
[2019.12.13-17.50.17:436][998]LogTemp: Warning: En el key B
[2019.12.13-17.50.17:436][998]LogTemp: Warning: Esta el objeto con su id: 1
