Log file open, 12/13/19 11:39:48
LogWindows: Failed to load 'aqProf.dll' (GetLastError=126)
LogWindows: File 'aqProf.dll' does not exist
LogWindows: Failed to load 'VtuneApi.dll' (GetLastError=126)
LogWindows: File 'VtuneApi.dll' does not exist
LogWindows: Failed to load 'VtuneApi32e.dll' (GetLastError=126)
LogWindows: File 'VtuneApi32e.dll' does not exist
LogConsoleResponse: Display: Failed to find resolution value strings in scalability ini. Falling back to default.
LogInit: Display: Running engine for game: NoNameProject
LogPakFile: Registered encryption key '00000000000000000000000000000000': 0 pak files mounted, 0 remain pending
LogPlatformFile: Not using cached read wrapper
LogTaskGraph: Started task graph with 5 named threads and 23 total threads with 3 sets of task threads.
LogStats: Stats thread started at 1.468701
LogD3D11RHI: Loaded GFSDK_Aftermath_Lib.x64.dll
LogICUInternationalization: ICU TimeZone Detection - Raw Offset: -6:00, Platform Override: ''
LogPluginManager: Mounting plugin Paper2D
LogPluginManager: Mounting plugin AISupport
LogPluginManager: Mounting plugin LightPropagationVolume
LogPluginManager: Mounting plugin ActorLayerUtilities
LogPluginManager: Mounting plugin AnimationSharing
LogPluginManager: Mounting plugin CLionSourceCodeAccess
LogPluginManager: Mounting plugin CodeLiteSourceCodeAccess
LogPluginManager: Mounting plugin GitSourceControl
LogPluginManager: Mounting plugin KDevelopSourceCodeAccess
LogPluginManager: Mounting plugin NullSourceCodeAccess
LogPluginManager: Mounting plugin PerforceSourceControl
LogPluginManager: Mounting plugin SubversionSourceControl
LogPluginManager: Mounting plugin UObjectPlugin
LogPluginManager: Mounting plugin VisualStudioCodeSourceCodeAccess
LogPluginManager: Mounting plugin VisualStudioSourceCodeAccess
LogPluginManager: Mounting plugin XCodeSourceCodeAccess
LogPluginManager: Mounting plugin AssetManagerEditor
LogPluginManager: Mounting plugin CryptoKeys
LogPluginManager: Mounting plugin DataValidation
LogPluginManager: Mounting plugin FacialAnimation
LogPluginManager: Mounting plugin GameplayTagsEditor
LogPluginManager: Mounting plugin MacGraphicsSwitching
LogPluginManager: Mounting plugin MaterialAnalyzer
LogPluginManager: Mounting plugin MobileLauncherProfileWizard
LogPluginManager: Mounting plugin PluginBrowser
LogPluginManager: Mounting plugin SpeedTreeImporter
LogPluginManager: Mounting plugin DatasmithContent
LogPluginManager: Mounting plugin VariantManagerContent
LogPluginManager: Mounting plugin AlembicImporter
LogPluginManager: Mounting plugin AppleImageUtils
LogPluginManager: Mounting plugin AppleVision
LogPluginManager: Mounting plugin BackChannel
LogPluginManager: Mounting plugin CharacterAI
LogPluginManager: Mounting plugin GeometryCache
LogPluginManager: Mounting plugin HTML5Networking
LogPluginManager: Mounting plugin ProxyLODPlugin
LogPluginManager: Mounting plugin SkeletalReduction
LogPluginManager: Mounting plugin MagicLeap
LogPluginManager: Mounting plugin MagicLeapMedia
LogPluginManager: Mounting plugin AndroidMedia
LogPluginManager: Mounting plugin AvfMedia
LogPluginManager: Mounting plugin ImgMedia
LogPluginManager: Mounting plugin LinearTimecode
LogPluginManager: Mounting plugin MediaCompositing
LogPluginManager: Mounting plugin MediaPlayerEditor
LogPluginManager: Mounting plugin WebMMedia
LogPluginManager: Mounting plugin WmfMedia
LogPluginManager: Mounting plugin TcpMessaging
LogPluginManager: Mounting plugin UdpMessaging
LogPluginManager: Mounting plugin ActorSequence
LogPluginManager: Mounting plugin LevelSequenceEditor
LogPluginManager: Mounting plugin MatineeToLevelSequence
LogPluginManager: Mounting plugin NetcodeUnitTest
LogPluginManager: Mounting plugin NUTUnrealEngine4
LogPluginManager: Mounting plugin OnlineSubsystemGooglePlay
LogPluginManager: Mounting plugin OnlineSubsystemIOS
LogPluginManager: Mounting plugin OnlineSubsystem
LogPluginManager: Mounting plugin OnlineSubsystemNull
LogPluginManager: Mounting plugin OnlineSubsystemUtils
LogPluginManager: Mounting plugin LauncherChunkInstaller
LogPluginManager: Mounting plugin AndroidDeviceProfileSelector
LogPluginManager: Mounting plugin AndroidMoviePlayer
LogPluginManager: Mounting plugin AndroidPermission
LogPluginManager: Mounting plugin AppleMoviePlayer
LogPluginManager: Mounting plugin ArchVisCharacter
LogPluginManager: Mounting plugin AudioCapture
LogPluginManager: Mounting plugin CableComponent
LogPluginManager: Mounting plugin CustomMeshComponent
LogPluginManager: Mounting plugin EditableMesh
LogPluginManager: Mounting plugin ExampleDeviceProfileSelector
LogPluginManager: Mounting plugin Firebase
LogPluginManager: Mounting plugin GoogleCloudMessaging
LogPluginManager: Mounting plugin IOSDeviceProfileSelector
LogPluginManager: Mounting plugin LinuxDeviceProfileSelector
LogPluginManager: Mounting plugin LocationServicesBPLibrary
LogPluginManager: Mounting plugin MobilePatchingUtils
LogPluginManager: Mounting plugin OculusVR
LogPluginManager: Mounting plugin PhysXVehicles
LogPluginManager: Mounting plugin ProceduralMeshComponent
LogPluginManager: Mounting plugin RuntimePhysXCooking
LogPluginManager: Mounting plugin SignificanceManager
LogPluginManager: Mounting plugin SteamVR
LogPluginManager: Mounting plugin WebMMoviePlayer
LogPluginManager: Mounting plugin WindowsMoviePlayer
LogInit: Using libcurl 7.55.1-DEV
LogInit:  - built for x86_64-pc-win32
LogInit:  - supports SSL with OpenSSL/1.1.1
LogInit:  - supports HTTP deflate (compression) using libz 1.2.8
LogInit:  - other features:
LogInit:      CURL_VERSION_SSL
LogInit:      CURL_VERSION_LIBZ
LogInit:      CURL_VERSION_IPV6
LogInit:      CURL_VERSION_ASYNCHDNS
LogInit:      CURL_VERSION_LARGEFILE
LogInit:      CURL_VERSION_IDN
LogInit:  CurlRequestOptions (configurable via config and command line):
LogInit:  - bVerifyPeer = true  - Libcurl will verify peer certificate
LogInit:  - bUseHttpProxy = false  - Libcurl will NOT use HTTP proxy
LogInit:  - bDontReuseConnections = false  - Libcurl will reuse connections
LogInit:  - MaxHostConnections = 16  - Libcurl will limit the number of connections to a host
LogInit:  - LocalHostAddr = Default
LogInit:  - BufferSize = 65536
LogInit: WinSock: version 1.1 (2.2), MaxSocks=32767, MaxUdp=65467
LogInit: Build: ++UE4+Release-4.22-CL-7053642
LogInit: Engine Version: 4.22.3-7053642+++UE4+Release-4.22
LogInit: Compatible Engine Version: 4.22.0-5660361+++UE4+Release-4.22
LogInit: Net CL: 5660361
LogInit: OS: Windows 10 (Release 1903) (), CPU: Intel(R) Core(TM) i7-4790 CPU @ 3.60GHz, GPU: NVIDIA Quadro K2200
LogInit: Compiled (64-bit): Jun 18 2019 03:09:11
LogInit: Compiled with Visual C++: 19.16.27025.01
LogInit: Build Configuration: Development
LogInit: Branch Name: ++UE4+Release-4.22
LogInit: Command Line:  -skipcompile
LogInit: Base Directory: C:/Program Files/Epic Games/UE_4.22/Engine/Binaries/Win64/
LogInit: Installed Engine Build: 1
LogDevObjectVersion: Number of dev versions registered: 23
LogDevObjectVersion:   Dev-Blueprints (B0D832E4-1F89-4F0D-ACCF-7EB736FD4AA2): 10
LogDevObjectVersion:   Dev-Build (E1C64328-A22C-4D53-A36C-8E866417BD8C): 0
LogDevObjectVersion:   Dev-Core (375EC13C-06E4-48FB-B500-84F0262A717E): 3
LogDevObjectVersion:   Dev-Editor (E4B068ED-F494-42E9-A231-DA0B2E46BB41): 30
LogDevObjectVersion:   Dev-Framework (CFFC743F-43B0-4480-9391-14DF171D2073): 35
LogDevObjectVersion:   Dev-Mobile (B02B49B5-BB20-44E9-A304-32B752E40360): 2
LogDevObjectVersion:   Dev-Networking (A4E4105C-59A1-49B5-A7C5-40C4547EDFEE): 0
LogDevObjectVersion:   Dev-Online (39C831C9-5AE6-47DC-9A44-9C173E1C8E7C): 0
LogDevObjectVersion:   Dev-Physics (78F01B33-EBEA-4F98-B9B4-84EACCB95AA2): 0
LogDevObjectVersion:   Dev-Platform (6631380F-2D4D-43E0-8009-CF276956A95A): 0
LogDevObjectVersion:   Dev-Rendering (12F88B9F-8875-4AFC-A67C-D90C383ABD29): 28
LogDevObjectVersion:   Dev-Sequencer (7B5AE74C-D270-4C10-A958-57980B212A5A): 11
LogDevObjectVersion:   Dev-VR (D7296918-1DD6-4BDD-9DE2-64A83CC13884): 2
LogDevObjectVersion:   Dev-LoadTimes (C2A15278-BFE7-4AFE-6C17-90FF531DF755): 1
LogDevObjectVersion:   Private-Geometry (6EACA3D4-40EC-4CC1-B786-8BED09428FC5): 3
LogDevObjectVersion:   Dev-AnimPhys (29E575DD-E0A3-4627-9D10-D276232CDCEA): 17
LogDevObjectVersion:   Dev-Anim (AF43A65D-7FD3-4947-9873-3E8ED9C1BB05): 2
LogDevObjectVersion:   Dev-ReflectionCapture (6B266CEC-1EC7-4B8F-A30B-E4D90942FC07): 1
LogDevObjectVersion:   Dev-Automation (0DF73D61-A23F-47EA-B727-89E90C41499A): 1
LogDevObjectVersion:   FortniteMain (601D1886-AC64-4F84-AA16-D3DE0DEAC7D6): 25
LogDevObjectVersion:   Dev-Enterprise (9DFFBCD6-494F-0158-E221-12823C92A888): 6
LogDevObjectVersion:   Dev-Niagara (F2AED0AC-9AFE-416F-8664-AA7FFA26D6FC): 1
LogDevObjectVersion:   Dev-Destruction (174F1F0B-B4C6-45A5-B13F-2EE8D0FB917D): 2
LogInit: Presizing for max 16777216 objects, including 0 objects not considered by GC, pre-allocating 0 bytes for permanent pool.
LogInit: Object subsystem initialized
LogConfig: Setting CVar [[con.DebugEarlyDefault:1]]
LogConfig: Setting CVar [[r.setres:1280x720]]
[2019.12.13-17.39.49:478][  0]LogConfig: Setting CVar [[r.VSync:0]]
[2019.12.13-17.39.49:478][  0]LogConfig: Setting CVar [[r.RHICmdBypass:0]]
[2019.12.13-17.39.49:478][  0]LogConfig: Applying CVar settings from Section [/Script/Engine.RendererSettings] File [C:/Users/ALUMNO/Documents/GitHub/UntitledHorrorGame/NoNameProject/Saved/Config/Windows/Engine.ini]
[2019.12.13-17.39.49:478][  0]LogConfig: Setting CVar [[r.GPUCrashDebugging:0]]
[2019.12.13-17.39.49:478][  0]LogConfig: Setting CVar [[r.DefaultFeature.AutoExposure.ExtendDefaultLuminanceRange:1]]
[2019.12.13-17.39.49:478][  0]LogConfig: Setting CVar [[r.ReflectionCaptureResolution:512]]
[2019.12.13-17.39.49:479][  0]LogConfig: Applying CVar settings from Section [/Script/Engine.RendererOverrideSettings] File [C:/Users/ALUMNO/Documents/GitHub/UntitledHorrorGame/NoNameProject/Saved/Config/Windows/Engine.ini]
[2019.12.13-17.39.49:479][  0]LogConfig: Applying CVar settings from Section [/Script/Engine.StreamingSettings] File [C:/Users/ALUMNO/Documents/GitHub/UntitledHorrorGame/NoNameProject/Saved/Config/Windows/Engine.ini]
[2019.12.13-17.39.49:479][  0]LogConfig: Setting CVar [[s.MinBulkDataSizeForAsyncLoading:131072]]
[2019.12.13-17.39.49:479][  0]LogConfig: Setting CVar [[s.AsyncLoadingThreadEnabled:0]]
[2019.12.13-17.39.49:479][  0]LogConfig: Setting CVar [[s.EventDrivenLoaderEnabled:1]]
[2019.12.13-17.39.49:479][  0]LogConfig: Setting CVar [[s.WarnIfTimeLimitExceeded:0]]
[2019.12.13-17.39.49:479][  0]LogConfig: Setting CVar [[s.TimeLimitExceededMultiplier:1.5]]
[2019.12.13-17.39.49:479][  0]LogConfig: Setting CVar [[s.TimeLimitExceededMinTime:0.005]]
[2019.12.13-17.39.49:479][  0]LogConfig: Setting CVar [[s.UseBackgroundLevelStreaming:1]]
[2019.12.13-17.39.49:479][  0]LogConfig: Setting CVar [[s.PriorityAsyncLoadingExtraTime:15.0]]
[2019.12.13-17.39.49:479][  0]LogConfig: Setting CVar [[s.LevelStreamingActorsUpdateTimeLimit:5.0]]
[2019.12.13-17.39.49:479][  0]LogConfig: Setting CVar [[s.PriorityLevelStreamingActorsUpdateExtraTime:5.0]]
[2019.12.13-17.39.49:480][  0]LogConfig: Setting CVar [[s.LevelStreamingComponentsRegistrationGranularity:10]]
[2019.12.13-17.39.49:480][  0]LogConfig: Setting CVar [[s.UnregisterComponentsTimeLimit:1.0]]
[2019.12.13-17.39.49:480][  0]LogConfig: Setting CVar [[s.LevelStreamingComponentsUnregistrationGranularity:5]]
[2019.12.13-17.39.49:480][  0]LogConfig: Applying CVar settings from Section [/Script/Engine.GarbageCollectionSettings] File [C:/Users/ALUMNO/Documents/GitHub/UntitledHorrorGame/NoNameProject/Saved/Config/Windows/Engine.ini]
[2019.12.13-17.39.49:480][  0]LogConfig: Setting CVar [[gc.MaxObjectsNotConsideredByGC:1]]
[2019.12.13-17.39.49:480][  0]LogConfig: Setting CVar [[gc.SizeOfPermanentObjectPool:0]]
[2019.12.13-17.39.49:480][  0]LogConfig: Setting CVar [[gc.FlushStreamingOnGC:0]]
[2019.12.13-17.39.49:480][  0]LogConfig: Setting CVar [[gc.NumRetriesBeforeForcingGC:10]]
[2019.12.13-17.39.49:480][  0]LogConfig: Setting CVar [[gc.AllowParallelGC:1]]
[2019.12.13-17.39.49:480][  0]LogConfig: Setting CVar [[gc.TimeBetweenPurgingPendingKillObjects:61.1]]
[2019.12.13-17.39.49:480][  0]LogConfig: Setting CVar [[gc.MaxObjectsInEditor:16777216]]
[2019.12.13-17.39.49:480][  0]LogConfig: Setting CVar [[gc.IncrementalBeginDestroyEnabled:1]]
[2019.12.13-17.39.49:480][  0]LogConfig: Setting CVar [[gc.CreateGCClusters:1]]
[2019.12.13-17.39.49:480][  0]LogConfig: Setting CVar [[gc.MinGCClusterSize:5]]
[2019.12.13-17.39.49:480][  0]LogConfig: Setting CVar [[gc.ActorClusteringEnabled:0]]
[2019.12.13-17.39.49:480][  0]LogConfig: Setting CVar [[gc.BlueprintClusteringEnabled:0]]
[2019.12.13-17.39.49:481][  0]LogConfig: Setting CVar [[gc.UseDisregardForGCOnDedicatedServers:0]]
[2019.12.13-17.39.49:481][  0]LogConfig: Applying CVar settings from Section [/Script/Engine.NetworkSettings] File [C:/Users/ALUMNO/Documents/GitHub/UntitledHorrorGame/NoNameProject/Saved/Config/Windows/Engine.ini]
[2019.12.13-17.39.49:481][  0]LogConfig: Applying CVar settings from Section [/Script/UnrealEd.CookerSettings] File [C:/Users/ALUMNO/Documents/GitHub/UntitledHorrorGame/NoNameProject/Saved/Config/Windows/Engine.ini]
[2019.12.13-17.39.49:508][  0]LogConfig: Applying CVar settings from Section [ViewDistanceQuality@3] File [C:/Users/ALUMNO/Documents/GitHub/UntitledHorrorGame/NoNameProject/Saved/Config/Windows/Scalability.ini]
[2019.12.13-17.39.49:508][  0]LogConfig: Setting CVar [[r.SkeletalMeshLODBias:0]]
[2019.12.13-17.39.49:508][  0]LogConfig: Setting CVar [[r.ViewDistanceScale:1.0]]
[2019.12.13-17.39.49:508][  0]LogConfig: Applying CVar settings from Section [AntiAliasingQuality@3] File [C:/Users/ALUMNO/Documents/GitHub/UntitledHorrorGame/NoNameProject/Saved/Config/Windows/Scalability.ini]
[2019.12.13-17.39.49:508][  0]LogConfig: Setting CVar [[r.PostProcessAAQuality:4]]
[2019.12.13-17.39.49:508][  0]LogConfig: Applying CVar settings from Section [ShadowQuality@3] File [C:/Users/ALUMNO/Documents/GitHub/UntitledHorrorGame/NoNameProject/Saved/Config/Windows/Scalability.ini]
[2019.12.13-17.39.49:508][  0]LogConfig: Setting CVar [[r.LightFunctionQuality:1]]
[2019.12.13-17.39.49:508][  0]LogConfig: Setting CVar [[r.ShadowQuality:5]]
[2019.12.13-17.39.49:508][  0]LogConfig: Setting CVar [[r.Shadow.CSM.MaxCascades:10]]
[2019.12.13-17.39.49:508][  0]LogConfig: Setting CVar [[r.Shadow.MaxResolution:2048]]
[2019.12.13-17.39.49:508][  0]LogConfig: Setting CVar [[r.Shadow.MaxCSMResolution:2048]]
[2019.12.13-17.39.49:509][  0]LogConfig: Setting CVar [[r.Shadow.RadiusThreshold:0.01]]
[2019.12.13-17.39.49:509][  0]LogConfig: Setting CVar [[r.Shadow.DistanceScale:1.0]]
[2019.12.13-17.39.49:509][  0]LogConfig: Setting CVar [[r.Shadow.CSM.TransitionScale:1.0]]
[2019.12.13-17.39.49:509][  0]LogConfig: Setting CVar [[r.Shadow.PreShadowResolutionFactor:1.0]]
[2019.12.13-17.39.49:509][  0]LogConfig: Setting CVar [[r.DistanceFieldShadowing:1]]
[2019.12.13-17.39.49:509][  0]LogConfig: Setting CVar [[r.DistanceFieldAO:1]]
[2019.12.13-17.39.49:509][  0]LogConfig: Setting CVar [[r.AOQuality:2]]
[2019.12.13-17.39.49:509][  0]LogConfig: Setting CVar [[r.VolumetricFog:1]]
[2019.12.13-17.39.49:509][  0]LogConfig: Setting CVar [[r.VolumetricFog.GridPixelSize:8]]
[2019.12.13-17.39.49:509][  0]LogConfig: Setting CVar [[r.VolumetricFog.GridSizeZ:128]]
[2019.12.13-17.39.49:509][  0]LogConfig: Setting CVar [[r.VolumetricFog.HistoryMissSupersampleCount:4]]
[2019.12.13-17.39.49:509][  0]LogConfig: Setting CVar [[r.LightMaxDrawDistanceScale:1]]
[2019.12.13-17.39.49:509][  0]LogConfig: Setting CVar [[r.CapsuleShadows:1]]
[2019.12.13-17.39.49:509][  0]LogConfig: Applying CVar settings from Section [PostProcessQuality@3] File [C:/Users/ALUMNO/Documents/GitHub/UntitledHorrorGame/NoNameProject/Saved/Config/Windows/Scalability.ini]
[2019.12.13-17.39.49:509][  0]LogConfig: Setting CVar [[r.MotionBlurQuality:4]]
[2019.12.13-17.39.49:510][  0]LogConfig: Setting CVar [[r.AmbientOcclusionMipLevelFactor:0.4]]
[2019.12.13-17.39.49:510][  0]LogConfig: Setting CVar [[r.AmbientOcclusionMaxQuality:100]]
[2019.12.13-17.39.49:510][  0]LogConfig: Setting CVar [[r.AmbientOcclusionLevels:-1]]
[2019.12.13-17.39.49:510][  0]LogConfig: Setting CVar [[r.AmbientOcclusionRadiusScale:1.0]]
[2019.12.13-17.39.49:510][  0]LogConfig: Setting CVar [[r.DepthOfFieldQuality:2]]
[2019.12.13-17.39.49:510][  0]LogConfig: Setting CVar [[r.RenderTargetPoolMin:400]]
[2019.12.13-17.39.49:510][  0]LogConfig: Setting CVar [[r.LensFlareQuality:2]]
[2019.12.13-17.39.49:510][  0]LogConfig: Setting CVar [[r.SceneColorFringeQuality:1]]
[2019.12.13-17.39.49:510][  0]LogConfig: Setting CVar [[r.EyeAdaptationQuality:2]]
[2019.12.13-17.39.49:510][  0]LogConfig: Setting CVar [[r.BloomQuality:5]]
[2019.12.13-17.39.49:510][  0]LogConfig: Setting CVar [[r.FastBlurThreshold:100]]
[2019.12.13-17.39.49:510][  0]LogConfig: Setting CVar [[r.Upscale.Quality:3]]
[2019.12.13-17.39.49:510][  0]LogConfig: Setting CVar [[r.Tonemapper.GrainQuantization:1]]
[2019.12.13-17.39.49:510][  0]LogConfig: Setting CVar [[r.LightShaftQuality:1]]
[2019.12.13-17.39.49:510][  0]LogConfig: Setting CVar [[r.Filter.SizeScale:1]]
[2019.12.13-17.39.49:510][  0]LogConfig: Setting CVar [[r.Tonemapper.Quality:5]]
[2019.12.13-17.39.49:511][  0]LogConfig: Setting CVar [[r.DOF.Gather.AccumulatorQuality:1        ; higher gathering accumulator quality]]
[2019.12.13-17.39.49:511][  0]LogConfig: Setting CVar [[r.DOF.Gather.PostfilterMethod:1          ; Median3x3 postfilering method]]
[2019.12.13-17.39.49:511][  0]LogConfig: Setting CVar [[r.DOF.Gather.EnableBokehSettings:0       ; no bokeh simulation when gathering]]
[2019.12.13-17.39.49:511][  0]LogConfig: Setting CVar [[r.DOF.Gather.RingCount:4                 ; medium number of samples when gathering]]
[2019.12.13-17.39.49:511][  0]LogConfig: Setting CVar [[r.DOF.Scatter.ForegroundCompositing:1    ; additive foreground scattering]]
[2019.12.13-17.39.49:511][  0]LogConfig: Setting CVar [[r.DOF.Scatter.BackgroundCompositing:2    ; additive background scattering]]
[2019.12.13-17.39.49:511][  0]LogConfig: Setting CVar [[r.DOF.Scatter.EnableBokehSettings:1      ; bokeh simulation when scattering]]
[2019.12.13-17.39.49:511][  0]LogConfig: Setting CVar [[r.DOF.Scatter.MaxSpriteRatio:0.1         ; only a maximum of 10% of scattered bokeh]]
[2019.12.13-17.39.49:511][  0]LogConfig: Setting CVar [[r.DOF.Recombine.Quality:1                ; cheap slight out of focus]]
[2019.12.13-17.39.49:511][  0]LogConfig: Setting CVar [[r.DOF.Recombine.EnableBokehSettings:0    ; no bokeh simulation on slight out of focus]]
[2019.12.13-17.39.49:511][  0]LogConfig: Setting CVar [[r.DOF.TemporalAAQuality:1                ; more stable temporal accumulation]]
[2019.12.13-17.39.49:511][  0]LogConfig: Setting CVar [[r.DOF.Kernel.MaxForegroundRadius:0.025]]
[2019.12.13-17.39.49:511][  0]LogConfig: Setting CVar [[r.DOF.Kernel.MaxBackgroundRadius:0.025]]
[2019.12.13-17.39.49:511][  0]LogConfig: Applying CVar settings from Section [TextureQuality@3] File [C:/Users/ALUMNO/Documents/GitHub/UntitledHorrorGame/NoNameProject/Saved/Config/Windows/Scalability.ini]
[2019.12.13-17.39.49:511][  0]LogConfig: Setting CVar [[r.Streaming.MipBias:0]]
[2019.12.13-17.39.49:512][  0]LogConfig: Setting CVar [[r.Streaming.AmortizeCPUToGPUCopy:0]]
[2019.12.13-17.39.49:512][  0]LogConfig: Setting CVar [[r.Streaming.MaxNumTexturesToStreamPerFrame:0]]
[2019.12.13-17.39.49:512][  0]LogConfig: Setting CVar [[r.Streaming.Boost:1]]
[2019.12.13-17.39.49:512][  0]LogConfig: Setting CVar [[r.MaxAnisotropy:8]]
[2019.12.13-17.39.49:512][  0]LogConfig: Setting CVar [[r.Streaming.LimitPoolSizeToVRAM:0]]
[2019.12.13-17.39.49:512][  0]LogConfig: Setting CVar [[r.Streaming.PoolSize:1000]]
[2019.12.13-17.39.49:512][  0]LogConfig: Setting CVar [[r.Streaming.MaxEffectiveScreenSize:0]]
[2019.12.13-17.39.49:512][  0]LogConfig: Applying CVar settings from Section [EffectsQuality@3] File [C:/Users/ALUMNO/Documents/GitHub/UntitledHorrorGame/NoNameProject/Saved/Config/Windows/Scalability.ini]
[2019.12.13-17.39.49:512][  0]LogConfig: Setting CVar [[r.TranslucencyLightingVolumeDim:64]]
[2019.12.13-17.39.49:512][  0]LogConfig: Setting CVar [[r.RefractionQuality:2]]
[2019.12.13-17.39.49:512][  0]LogConfig: Setting CVar [[r.SSR.Quality:3]]
[2019.12.13-17.39.49:512][  0]LogConfig: Setting CVar [[r.SceneColorFormat:4]]
[2019.12.13-17.39.49:512][  0]LogConfig: Setting CVar [[r.DetailMode:2]]
[2019.12.13-17.39.49:512][  0]LogConfig: Setting CVar [[r.TranslucencyVolumeBlur:1]]
[2019.12.13-17.39.49:512][  0]LogConfig: Setting CVar [[r.MaterialQualityLevel:1 ; High quality]]
[2019.12.13-17.39.49:512][  0]LogConfig: Setting CVar [[r.SSS.Scale:1]]
[2019.12.13-17.39.49:513][  0]LogConfig: Setting CVar [[r.SSS.SampleSet:2]]
[2019.12.13-17.39.49:513][  0]LogConfig: Setting CVar [[r.SSS.Quality:1]]
[2019.12.13-17.39.49:513][  0]LogConfig: Setting CVar [[r.SSS.HalfRes:1]]
[2019.12.13-17.39.49:513][  0]LogConfig: Setting CVar [[r.EmitterSpawnRateScale:1.0]]
[2019.12.13-17.39.49:513][  0]LogConfig: Setting CVar [[r.ParticleLightQuality:2]]
[2019.12.13-17.39.49:513][  0]LogConfig: Applying CVar settings from Section [FoliageQuality@3] File [C:/Users/ALUMNO/Documents/GitHub/UntitledHorrorGame/NoNameProject/Saved/Config/Windows/Scalability.ini]
[2019.12.13-17.39.49:513][  0]LogConfig: Setting CVar [[foliage.DensityScale:1.0]]
[2019.12.13-17.39.49:513][  0]LogConfig: Setting CVar [[grass.DensityScale:1.0]]
[2019.12.13-17.39.49:513][  0]LogInit: Selected Device Profile: [Windows]
[2019.12.13-17.39.49:513][  0]LogInit: Applying CVar settings loaded from the selected device profile: [Windows]
[2019.12.13-17.39.49:527][  0]LogHAL: Display: Platform has ~ 16 GB [17098399744 / 17179869184 / 16], which maps to Larger [LargestMinGB=32, LargerMinGB=12, DefaultMinGB=8, SmallerMinGB=6, SmallestMinGB=0)
[2019.12.13-17.39.49:527][  0]LogConfig: Setting CVar [[r.Vulkan.UseRealUBs:0		; Required until we fix HLR fall-out]]
[2019.12.13-17.39.49:528][  0]LogInit: Going up to parent DeviceProfile []
[2019.12.13-17.39.49:528][  0]LogConfig: Applying CVar settings from Section [ViewDistanceQuality@3] File [C:/Users/ALUMNO/Documents/GitHub/UntitledHorrorGame/NoNameProject/Saved/Config/Windows/Scalability.ini]
[2019.12.13-17.39.49:528][  0]LogConfig: Setting CVar [[r.SkeletalMeshLODBias:0]]
[2019.12.13-17.39.49:528][  0]LogConfig: Setting CVar [[r.ViewDistanceScale:1.0]]
[2019.12.13-17.39.49:528][  0]LogConfig: Applying CVar settings from Section [AntiAliasingQuality@3] File [C:/Users/ALUMNO/Documents/GitHub/UntitledHorrorGame/NoNameProject/Saved/Config/Windows/Scalability.ini]
[2019.12.13-17.39.49:528][  0]LogConfig: Setting CVar [[r.PostProcessAAQuality:4]]
[2019.12.13-17.39.49:528][  0]LogConfig: Applying CVar settings from Section [ShadowQuality@3] File [C:/Users/ALUMNO/Documents/GitHub/UntitledHorrorGame/NoNameProject/Saved/Config/Windows/Scalability.ini]
[2019.12.13-17.39.49:528][  0]LogConfig: Setting CVar [[r.LightFunctionQuality:1]]
[2019.12.13-17.39.49:528][  0]LogConfig: Setting CVar [[r.ShadowQuality:5]]
[2019.12.13-17.39.49:528][  0]LogConfig: Setting CVar [[r.Shadow.CSM.MaxCascades:10]]
[2019.12.13-17.39.49:528][  0]LogConfig: Setting CVar [[r.Shadow.MaxResolution:2048]]
[2019.12.13-17.39.49:528][  0]LogConfig: Setting CVar [[r.Shadow.MaxCSMResolution:2048]]
[2019.12.13-17.39.49:528][  0]LogConfig: Setting CVar [[r.Shadow.RadiusThreshold:0.01]]
[2019.12.13-17.39.49:528][  0]LogConfig: Setting CVar [[r.Shadow.DistanceScale:1.0]]
[2019.12.13-17.39.49:528][  0]LogConfig: Setting CVar [[r.Shadow.CSM.TransitionScale:1.0]]
[2019.12.13-17.39.49:529][  0]LogConfig: Setting CVar [[r.Shadow.PreShadowResolutionFactor:1.0]]
[2019.12.13-17.39.49:529][  0]LogConfig: Setting CVar [[r.DistanceFieldShadowing:1]]
[2019.12.13-17.39.49:529][  0]LogConfig: Setting CVar [[r.DistanceFieldAO:1]]
[2019.12.13-17.39.49:529][  0]LogConfig: Setting CVar [[r.AOQuality:2]]
[2019.12.13-17.39.49:529][  0]LogConfig: Setting CVar [[r.VolumetricFog:1]]
[2019.12.13-17.39.49:529][  0]LogConfig: Setting CVar [[r.VolumetricFog.GridPixelSize:8]]
[2019.12.13-17.39.49:529][  0]LogConfig: Setting CVar [[r.VolumetricFog.GridSizeZ:128]]
[2019.12.13-17.39.49:529][  0]LogConfig: Setting CVar [[r.VolumetricFog.HistoryMissSupersampleCount:4]]
[2019.12.13-17.39.49:529][  0]LogConfig: Setting CVar [[r.LightMaxDrawDistanceScale:1]]
[2019.12.13-17.39.49:529][  0]LogConfig: Setting CVar [[r.CapsuleShadows:1]]
[2019.12.13-17.39.49:529][  0]LogConfig: Applying CVar settings from Section [PostProcessQuality@3] File [C:/Users/ALUMNO/Documents/GitHub/UntitledHorrorGame/NoNameProject/Saved/Config/Windows/Scalability.ini]
[2019.12.13-17.39.49:529][  0]LogConfig: Setting CVar [[r.MotionBlurQuality:4]]
[2019.12.13-17.39.49:529][  0]LogConfig: Setting CVar [[r.AmbientOcclusionMipLevelFactor:0.4]]
[2019.12.13-17.39.49:529][  0]LogConfig: Setting CVar [[r.AmbientOcclusionMaxQuality:100]]
[2019.12.13-17.39.49:529][  0]LogConfig: Setting CVar [[r.AmbientOcclusionLevels:-1]]
[2019.12.13-17.39.49:529][  0]LogConfig: Setting CVar [[r.AmbientOcclusionRadiusScale:1.0]]
[2019.12.13-17.39.49:529][  0]LogConfig: Setting CVar [[r.DepthOfFieldQuality:2]]
[2019.12.13-17.39.49:530][  0]LogConfig: Setting CVar [[r.RenderTargetPoolMin:400]]
[2019.12.13-17.39.49:530][  0]LogConfig: Setting CVar [[r.LensFlareQuality:2]]
[2019.12.13-17.39.49:530][  0]LogConfig: Setting CVar [[r.SceneColorFringeQuality:1]]
[2019.12.13-17.39.49:530][  0]LogConfig: Setting CVar [[r.EyeAdaptationQuality:2]]
[2019.12.13-17.39.49:530][  0]LogConfig: Setting CVar [[r.BloomQuality:5]]
[2019.12.13-17.39.49:530][  0]LogConfig: Setting CVar [[r.FastBlurThreshold:100]]
[2019.12.13-17.39.49:530][  0]LogConfig: Setting CVar [[r.Upscale.Quality:3]]
[2019.12.13-17.39.49:530][  0]LogConfig: Setting CVar [[r.Tonemapper.GrainQuantization:1]]
[2019.12.13-17.39.49:530][  0]LogConfig: Setting CVar [[r.LightShaftQuality:1]]
[2019.12.13-17.39.49:530][  0]LogConfig: Setting CVar [[r.Filter.SizeScale:1]]
[2019.12.13-17.39.49:530][  0]LogConfig: Setting CVar [[r.Tonemapper.Quality:5]]
[2019.12.13-17.39.49:530][  0]LogConfig: Setting CVar [[r.DOF.Gather.AccumulatorQuality:1        ; higher gathering accumulator quality]]
[2019.12.13-17.39.49:530][  0]LogConfig: Setting CVar [[r.DOF.Gather.PostfilterMethod:1          ; Median3x3 postfilering method]]
[2019.12.13-17.39.49:530][  0]LogConfig: Setting CVar [[r.DOF.Gather.EnableBokehSettings:0       ; no bokeh simulation when gathering]]
[2019.12.13-17.39.49:530][  0]LogConfig: Setting CVar [[r.DOF.Gather.RingCount:4                 ; medium number of samples when gathering]]
[2019.12.13-17.39.49:531][  0]LogConfig: Setting CVar [[r.DOF.Scatter.ForegroundCompositing:1    ; additive foreground scattering]]
[2019.12.13-17.39.49:531][  0]LogConfig: Setting CVar [[r.DOF.Scatter.BackgroundCompositing:2    ; additive background scattering]]
[2019.12.13-17.39.49:531][  0]LogConfig: Setting CVar [[r.DOF.Scatter.EnableBokehSettings:1      ; bokeh simulation when scattering]]
[2019.12.13-17.39.49:531][  0]LogConfig: Setting CVar [[r.DOF.Scatter.MaxSpriteRatio:0.1         ; only a maximum of 10% of scattered bokeh]]
[2019.12.13-17.39.49:531][  0]LogConfig: Setting CVar [[r.DOF.Recombine.Quality:1                ; cheap slight out of focus]]
[2019.12.13-17.39.49:531][  0]LogConfig: Setting CVar [[r.DOF.Recombine.EnableBokehSettings:0    ; no bokeh simulation on slight out of focus]]
[2019.12.13-17.39.49:531][  0]LogConfig: Setting CVar [[r.DOF.TemporalAAQuality:1                ; more stable temporal accumulation]]
[2019.12.13-17.39.49:531][  0]LogConfig: Setting CVar [[r.DOF.Kernel.MaxForegroundRadius:0.025]]
[2019.12.13-17.39.49:531][  0]LogConfig: Setting CVar [[r.DOF.Kernel.MaxBackgroundRadius:0.025]]
[2019.12.13-17.39.49:531][  0]LogConfig: Applying CVar settings from Section [TextureQuality@3] File [C:/Users/ALUMNO/Documents/GitHub/UntitledHorrorGame/NoNameProject/Saved/Config/Windows/Scalability.ini]
[2019.12.13-17.39.49:531][  0]LogConfig: Setting CVar [[r.Streaming.MipBias:0]]
[2019.12.13-17.39.49:531][  0]LogConfig: Setting CVar [[r.Streaming.AmortizeCPUToGPUCopy:0]]
[2019.12.13-17.39.49:531][  0]LogConfig: Setting CVar [[r.Streaming.MaxNumTexturesToStreamPerFrame:0]]
[2019.12.13-17.39.49:531][  0]LogConfig: Setting CVar [[r.Streaming.Boost:1]]
[2019.12.13-17.39.49:531][  0]LogConfig: Setting CVar [[r.MaxAnisotropy:8]]
[2019.12.13-17.39.49:532][  0]LogConfig: Setting CVar [[r.Streaming.LimitPoolSizeToVRAM:0]]
[2019.12.13-17.39.49:532][  0]LogConfig: Setting CVar [[r.Streaming.PoolSize:1000]]
[2019.12.13-17.39.49:532][  0]LogConfig: Setting CVar [[r.Streaming.MaxEffectiveScreenSize:0]]
[2019.12.13-17.39.49:532][  0]LogConfig: Applying CVar settings from Section [EffectsQuality@3] File [C:/Users/ALUMNO/Documents/GitHub/UntitledHorrorGame/NoNameProject/Saved/Config/Windows/Scalability.ini]
[2019.12.13-17.39.49:532][  0]LogConfig: Setting CVar [[r.TranslucencyLightingVolumeDim:64]]
[2019.12.13-17.39.49:532][  0]LogConfig: Setting CVar [[r.RefractionQuality:2]]
[2019.12.13-17.39.49:532][  0]LogConfig: Setting CVar [[r.SSR.Quality:3]]
[2019.12.13-17.39.49:532][  0]LogConfig: Setting CVar [[r.SceneColorFormat:4]]
[2019.12.13-17.39.49:532][  0]LogConfig: Setting CVar [[r.DetailMode:2]]
[2019.12.13-17.39.49:532][  0]LogConfig: Setting CVar [[r.TranslucencyVolumeBlur:1]]
[2019.12.13-17.39.49:532][  0]LogConfig: Setting CVar [[r.MaterialQualityLevel:1 ; High quality]]
[2019.12.13-17.39.49:532][  0]LogConfig: Setting CVar [[r.SSS.Scale:1]]
[2019.12.13-17.39.49:532][  0]LogConfig: Setting CVar [[r.SSS.SampleSet:2]]
[2019.12.13-17.39.49:532][  0]LogConfig: Setting CVar [[r.SSS.Quality:1]]
[2019.12.13-17.39.49:532][  0]LogConfig: Setting CVar [[r.SSS.HalfRes:1]]
[2019.12.13-17.39.49:532][  0]LogConfig: Setting CVar [[r.EmitterSpawnRateScale:1.0]]
[2019.12.13-17.39.49:532][  0]LogConfig: Setting CVar [[r.ParticleLightQuality:2]]
[2019.12.13-17.39.49:533][  0]LogConfig: Applying CVar settings from Section [FoliageQuality@3] File [C:/Users/ALUMNO/Documents/GitHub/UntitledHorrorGame/NoNameProject/Saved/Config/Windows/Scalability.ini]
[2019.12.13-17.39.49:533][  0]LogConfig: Setting CVar [[foliage.DensityScale:1.0]]
[2019.12.13-17.39.49:533][  0]LogConfig: Setting CVar [[grass.DensityScale:1.0]]
[2019.12.13-17.39.49:533][  0]LogConfig: Applying CVar settings from Section [Startup] File [../../../Engine/Config/ConsoleVariables.ini]
[2019.12.13-17.39.49:558][  0]LogConfig: Setting CVar [[net.UseAdaptiveNetUpdateFrequency:0]]
[2019.12.13-17.39.49:558][  0]LogConfig: Setting CVar [[p.chaos.AllowCreatePhysxBodies:1]]
[2019.12.13-17.39.49:558][  0]LogConfig: Applying CVar settings from Section [ConsoleVariables] File [C:/Users/ALUMNO/Documents/GitHub/UntitledHorrorGame/NoNameProject/Saved/Config/Windows/Engine.ini]
[2019.12.13-17.39.49:558][  0]LogInit: Computer: P-13
[2019.12.13-17.39.49:558][  0]LogInit: User: ALUMNO
[2019.12.13-17.39.49:558][  0]LogInit: CPU Page size=4096, Cores=4
[2019.12.13-17.39.49:558][  0]LogInit: High frequency timer resolution =10.000000 MHz
[2019.12.13-17.39.49:559][  0]LogMemory: Memory total: Physical=15.9GB (16GB approx)
[2019.12.13-17.39.49:559][  0]LogMemory: Platform Memory Stats for Windows
[2019.12.13-17.39.49:559][  0]LogMemory: Process Physical Memory: 98.63 MB used, 98.64 MB peak
[2019.12.13-17.39.49:559][  0]LogMemory: Process Virtual Memory: 88.84 MB used, 88.84 MB peak
[2019.12.13-17.39.49:559][  0]LogMemory: Physical Memory: 5836.66 MB used,  10469.65 MB free, 16306.30 MB total
[2019.12.13-17.39.49:559][  0]LogMemory: Virtual Memory: 4643.21 MB used,  134213088.00 MB free, 134217728.00 MB total
[2019.12.13-17.39.50:347][  0]LogInit: Overriding language with editor language configuration option (en).
[2019.12.13-17.39.50:348][  0]LogInit: Overriding locale with editor locale configuration option (en).
[2019.12.13-17.39.50:550][  0]LogInit: Setting process to per monitor DPI aware
[2019.12.13-17.39.50:617][  0]LogSlate: New Slate User Created.  User Index 0, Is Virtual User: 0
[2019.12.13-17.39.50:617][  0]LogSlate: Slate User Registered.  User Index 0, Is Virtual User: 0
[2019.12.13-17.39.50:987][  0]LogHMD: Failed to initialize OpenVR with code 110
[2019.12.13-17.39.50:987][  0]LogD3D11RHI: D3D11 adapters:
[2019.12.13-17.39.51:079][  0]LogD3D11RHI:    0. 'NVIDIA Quadro K2200' (Feature Level 11_0)
[2019.12.13-17.39.51:079][  0]LogD3D11RHI:       4053/0/8153 MB DedicatedVideo/DedicatedSystem/SharedSystem, Outputs:1, VendorId:0x10de
[2019.12.13-17.39.51:152][  0]LogD3D11RHI:    1. 'Microsoft Basic Render Driver' (Feature Level 11_0)
[2019.12.13-17.39.51:153][  0]LogD3D11RHI:       0/0/8153 MB DedicatedVideo/DedicatedSystem/SharedSystem, Outputs:0, VendorId:0x1414
[2019.12.13-17.39.51:153][  0]LogD3D11RHI: Chosen D3D11 Adapter: 0
[2019.12.13-17.39.51:161][  0]LogD3D11RHI: Creating new Direct3DDevice
[2019.12.13-17.39.51:161][  0]LogD3D11RHI:     GPU DeviceId: 0x13ba (for the marketing name, search the web for "GPU Device Id")
[2019.12.13-17.39.51:161][  0]LogWindows: EnumDisplayDevices:
[2019.12.13-17.39.51:161][  0]LogWindows:    0. 'NVIDIA Quadro K2200' (P:1 D:1)
[2019.12.13-17.39.51:162][  0]LogWindows:    1. 'NVIDIA Quadro K2200' (P:0 D:0)
[2019.12.13-17.39.51:163][  0]LogWindows:    2. 'NVIDIA Quadro K2200' (P:0 D:0)
[2019.12.13-17.39.51:163][  0]LogWindows:    3. 'NVIDIA Quadro K2200' (P:0 D:0)
[2019.12.13-17.39.51:164][  0]LogWindows: DebugString: FoundDriverCount:4 
[2019.12.13-17.39.51:164][  0]LogD3D11RHI:     Adapter Name: NVIDIA Quadro K2200
[2019.12.13-17.39.51:164][  0]LogD3D11RHI:   Driver Version: 432.00 (internal:26.21.14.3200, unified:432.00)
[2019.12.13-17.39.51:164][  0]LogD3D11RHI:      Driver Date: 7-24-2019
[2019.12.13-17.39.51:164][  0]LogRHI: Texture pool is 2837 MB (70% of 4053 MB)
[2019.12.13-17.39.51:236][  0]LogD3D11RHI: Async texture creation enabled
[2019.12.13-17.39.51:241][  0]LogRendererCore: FGlobalReadBuffer::InitRHI
[2019.12.13-17.39.51:242][  0]LogRendererCore: FGlobalReadBuffer::InitRHI
[2019.12.13-17.39.51:242][  0]LogRendererCore: FGlobalReadBuffer::InitRHI
[2019.12.13-17.39.51:251][  0]LogD3D11RHI: GPU Timing Frequency: 1000.000000 (Debug: 2 1)
[2019.12.13-17.39.51:599][  0]LogTemp: Display: Module 'AllDesktopTargetPlatform' loaded TargetPlatform 'AllDesktop'
[2019.12.13-17.39.51:618][  0]LogTemp: Display: Module 'MacClientTargetPlatform' loaded TargetPlatform 'MacClient'
[2019.12.13-17.39.51:638][  0]LogTemp: Display: Module 'MacNoEditorTargetPlatform' loaded TargetPlatform 'MacNoEditor'
[2019.12.13-17.39.51:657][  0]LogTemp: Display: Module 'MacServerTargetPlatform' loaded TargetPlatform 'MacServer'
[2019.12.13-17.39.51:677][  0]LogTemp: Display: Module 'MacTargetPlatform' loaded TargetPlatform 'Mac'
[2019.12.13-17.39.51:696][  0]LogTemp: Display: Module 'WindowsClientTargetPlatform' loaded TargetPlatform 'WindowsClient'
[2019.12.13-17.39.51:720][  0]LogTemp: Display: Module 'WindowsNoEditorTargetPlatform' loaded TargetPlatform 'WindowsNoEditor'
[2019.12.13-17.39.51:740][  0]LogTemp: Display: Module 'WindowsServerTargetPlatform' loaded TargetPlatform 'WindowsServer'
[2019.12.13-17.39.51:757][  0]LogTemp: Display: Module 'WindowsTargetPlatform' loaded TargetPlatform 'Windows'
[2019.12.13-17.39.51:867][  0]LogTemp: Display: Module 'AndroidTargetPlatform' loaded TargetPlatform 'Android'
[2019.12.13-17.39.51:867][  0]LogTemp: Display: Module 'AndroidTargetPlatform' loaded TargetPlatform 'Android_ASTC'
[2019.12.13-17.39.51:867][  0]LogTemp: Display: Module 'AndroidTargetPlatform' loaded TargetPlatform 'Android_ATC'
[2019.12.13-17.39.51:867][  0]LogTemp: Display: Module 'AndroidTargetPlatform' loaded TargetPlatform 'Android_DXT'
[2019.12.13-17.39.51:867][  0]LogTemp: Display: Module 'AndroidTargetPlatform' loaded TargetPlatform 'Android_ETC1'
[2019.12.13-17.39.51:867][  0]LogTemp: Display: Module 'AndroidTargetPlatform' loaded TargetPlatform 'Android_ETC1a'
[2019.12.13-17.39.51:867][  0]LogTemp: Display: Module 'AndroidTargetPlatform' loaded TargetPlatform 'Android_ETC2'
[2019.12.13-17.39.51:867][  0]LogTemp: Display: Module 'AndroidTargetPlatform' loaded TargetPlatform 'Android_PVRTC'
[2019.12.13-17.39.51:867][  0]LogTemp: Display: Module 'AndroidTargetPlatform' loaded TargetPlatform 'AndroidClient'
[2019.12.13-17.39.51:868][  0]LogTemp: Display: Module 'AndroidTargetPlatform' loaded TargetPlatform 'Android_ASTCClient'
[2019.12.13-17.39.51:868][  0]LogTemp: Display: Module 'AndroidTargetPlatform' loaded TargetPlatform 'Android_ATCClient'
[2019.12.13-17.39.51:868][  0]LogTemp: Display: Module 'AndroidTargetPlatform' loaded TargetPlatform 'Android_DXTClient'
[2019.12.13-17.39.51:868][  0]LogTemp: Display: Module 'AndroidTargetPlatform' loaded TargetPlatform 'Android_ETC1Client'
[2019.12.13-17.39.51:868][  0]LogTemp: Display: Module 'AndroidTargetPlatform' loaded TargetPlatform 'Android_ETC1aClient'
[2019.12.13-17.39.51:868][  0]LogTemp: Display: Module 'AndroidTargetPlatform' loaded TargetPlatform 'Android_ETC2Client'
[2019.12.13-17.39.51:868][  0]LogTemp: Display: Module 'AndroidTargetPlatform' loaded TargetPlatform 'Android_PVRTCClient'
[2019.12.13-17.39.51:868][  0]LogTemp: Display: Module 'AndroidTargetPlatform' loaded TargetPlatform 'Android_Multi'
[2019.12.13-17.39.51:868][  0]LogTemp: Display: Module 'AndroidTargetPlatform' loaded TargetPlatform 'Android_MultiClient'
[2019.12.13-17.39.51:902][  0]LogTemp: Display: Module 'HTML5TargetPlatform' loaded TargetPlatform 'HTML5'
[2019.12.13-17.39.51:988][  0]LogTemp: Display: Module 'IOSTargetPlatform' loaded TargetPlatform 'IOSClient'
[2019.12.13-17.39.51:988][  0]LogTemp: Display: Module 'IOSTargetPlatform' loaded TargetPlatform 'IOS'
[2019.12.13-17.39.52:020][  0]LogTemp: Display: Module 'TVOSTargetPlatform' loaded TargetPlatform 'TVOSClient'
[2019.12.13-17.39.52:020][  0]LogTemp: Display: Module 'TVOSTargetPlatform' loaded TargetPlatform 'TVOS'
[2019.12.13-17.39.52:039][  0]LogTemp: Display: Module 'LinuxClientTargetPlatform' loaded TargetPlatform 'LinuxClient'
[2019.12.13-17.39.52:063][  0]LogTemp: Display: Module 'LinuxNoEditorTargetPlatform' loaded TargetPlatform 'LinuxNoEditor'
[2019.12.13-17.39.52:081][  0]LogTemp: Display: Module 'LinuxServerTargetPlatform' loaded TargetPlatform 'LinuxServer'
[2019.12.13-17.39.52:101][  0]LogTemp: Display: Module 'LinuxTargetPlatform' loaded TargetPlatform 'Linux'
[2019.12.13-17.39.52:158][  0]LogTemp: Display: Module 'LuminTargetPlatform' loaded TargetPlatform 'Lumin'
[2019.12.13-17.39.52:158][  0]LogTemp: Display: Module 'LuminTargetPlatform' loaded TargetPlatform 'LuminClient'
[2019.12.13-17.39.52:159][  0]LogTargetPlatformManager: Display: Building Assets For Windows
[2019.12.13-17.39.52:183][  0]LogAudioDebug: Display: Lib vorbis DLL was dynamically loaded.
[2019.12.13-17.39.52:324][  0]LogShaderCompilers: Guid format shader working directory is -33 characters bigger than the processId version (../../../../../../Users/ALUMNO/Documents/GitHub/UntitledHorrorGame/NoNameProject/Intermediate/Shaders/WorkingDirectory/4800/).
[2019.12.13-17.39.52:325][  0]LogShaderCompilers: Cleaned the shader compiler working directory 'C:/Users/ALUMNO/AppData/Local/Temp/UnrealShaderWorkingDir/7C95B5494F96AB02701A68ABCE5C7C9F/'.
[2019.12.13-17.39.52:327][  0]LogXGEController: Cleaning working directory: C:/Users/ALUMNO/AppData/Local/Temp/UnrealXGEWorkingDir/
[2019.12.13-17.39.52:328][  0]LogXGEController: Cannot use XGE Controller as Incredibuild is not installed on this machine.
[2019.12.13-17.39.52:328][  0]LogShaderCompilers: Cannot use XGE Shader Compiler as Incredibuild is not installed on this machine.
[2019.12.13-17.39.52:328][  0]LogShaderCompilers: Display: Using Local Shader Compiler.
[2019.12.13-17.39.53:014][  0]LogDerivedDataCache: Display: Max Cache Size: 512 MB
[2019.12.13-17.39.53:068][  0]LogDerivedDataCache: Loaded boot cache 0.05s 71MB C:/Users/ALUMNO/AppData/Local/UnrealEngine/4.22/DerivedDataCache/Boot.ddc.
[2019.12.13-17.39.53:068][  0]LogDerivedDataCache: Display: Loaded Boot cache: C:/Users/ALUMNO/AppData/Local/UnrealEngine/4.22/DerivedDataCache/Boot.ddc
[2019.12.13-17.39.53:069][  0]LogDerivedDataCache: FDerivedDataBackendGraph:  Pak pak cache file ../../../../../../Users/ALUMNO/Documents/GitHub/UntitledHorrorGame/NoNameProject/DerivedDataCache/DDC.ddp not found, will not use a pak cache.
[2019.12.13-17.39.53:069][  0]LogDerivedDataCache: Unable to find inner node Pak for hierarchical cache Hierarchy.
[2019.12.13-17.39.53:069][  0]LogDerivedDataCache: FDerivedDataBackendGraph:  CompressedPak pak cache file ../../../../../../Users/ALUMNO/Documents/GitHub/UntitledHorrorGame/NoNameProject/DerivedDataCache/Compressed.ddp not found, will not use a pak cache.
[2019.12.13-17.39.53:069][  0]LogDerivedDataCache: Unable to find inner node CompressedPak for hierarchical cache Hierarchy.
[2019.12.13-17.39.53:081][  0]LogDerivedDataCache: Display: Pak cache opened for reading ../../../Engine/DerivedDataCache/Compressed.ddp.
[2019.12.13-17.39.53:081][  0]LogDerivedDataCache: FDerivedDataBackendGraph:  EnterprisePak pak cache file ../../../Enterprise/DerivedDataCache/Compressed.ddp not found, will not use a pak cache.
[2019.12.13-17.39.53:082][  0]LogDerivedDataCache: Unable to find inner node EnterprisePak for hierarchical cache Hierarchy.
[2019.12.13-17.39.53:095][  0]LogDerivedDataCache: Using Local data cache path C:/Users/ALUMNO/AppData/Local/UnrealEngine/Common/DerivedDataCache: Writable
[2019.12.13-17.39.53:095][  0]LogDerivedDataCache: Shared data cache path not found in *engine.ini, will not use an Shared cache.
[2019.12.13-17.39.53:095][  0]LogDerivedDataCache: Unable to find inner node Shared for hierarchical cache Hierarchy.
[2019.12.13-17.39.53:117][  0]LogMaterial: Verifying Global Shaders for PCD3D_SM5
[2019.12.13-17.39.53:164][  0]LogSlate: Using FreeType 2.6.0
[2019.12.13-17.39.53:168][  0]LogSlate: SlateFontServices - WITH_FREETYPE: 1, WITH_HARFBUZZ: 1
[2019.12.13-17.39.53:409][  0]LogAssetRegistry: FAssetRegistry took 0.0371 seconds to start up
[2019.12.13-17.39.53:845][  0]LogInit: Selected Device Profile: [Windows]
[2019.12.13-17.39.54:030][  0]LogMeshReduction: Using QuadricMeshReduction for automatic static mesh reduction
[2019.12.13-17.39.54:030][  0]LogMeshReduction: Using SimplygonMeshReduction for automatic skeletal mesh reduction
[2019.12.13-17.39.54:030][  0]LogMeshReduction: Using ProxyLODMeshReduction for automatic mesh merging
[2019.12.13-17.39.54:030][  0]LogMeshReduction: No distributed automatic mesh merging module available
[2019.12.13-17.39.54:030][  0]LogMeshMerging: No distributed automatic mesh merging module available
[2019.12.13-17.39.54:043][  0]LogNetVersion: NoNameProject 1.0.0, NetCL: 5660361, EngineNetVer: 10, GameNetVer: 0 (Checksum: 133946462)
[2019.12.13-17.39.54:493][  0]LogPackageLocalizationCache: Processed 10 localized package path(s) for 1 prioritized culture(s) in 0.045570 seconds
[2019.12.13-17.39.54:499][  0]LogUObjectArray: 42205 objects as part of root set at end of initial load.
[2019.12.13-17.39.54:500][  0]LogUObjectAllocator: 7325032 out of 0 bytes used by permanent object pool.
[2019.12.13-17.39.54:500][  0]LogUObjectArray: CloseDisregardForGC: 0/0 objects in disregard for GC pool
[2019.12.13-17.39.56:034][  0]LogTcpMessaging: Initializing TcpMessaging bridge
[2019.12.13-17.39.56:053][  0]LogUdpMessaging: Initializing bridge on interface 0.0.0.0:0 to multicast group 230.0.0.1:6666.
[2019.12.13-17.39.56:271][  0]SourceControl: Source control is disabled
[2019.12.13-17.39.56:271][  0]SourceControl: Source control is disabled
[2019.12.13-17.39.56:283][  0]SourceControl: Source control is disabled
[2019.12.13-17.39.56:289][  0]SourceControl: Source control is disabled
[2019.12.13-17.39.56:516][  0]LogAndroidPermission: UAndroidPermissionCallbackProxy::GetInstance
[2019.12.13-17.39.56:699][  0]LogOcInput: OculusInput pre-init called
[2019.12.13-17.39.57:820][  0]LogEngine: Initializing Engine...
[2019.12.13-17.39.57:822][  0]LogHMD: Failed to initialize OpenVR with code 110
[2019.12.13-17.39.57:823][  0]LogStats: UGameplayTagsManager::InitializeManager -  0.000 s
[2019.12.13-17.39.58:035][  0]LogInit: Initializing FReadOnlyCVARCache
[2019.12.13-17.39.58:055][  0]LogAIModule: Creating AISystem for world Untitled
[2019.12.13-17.39.58:088][  0]LogInit: XAudio2 using 'MX279 (2- NVIDIA High Definition Audio)' : 2 channels at 48 kHz using 16 bits per sample (channel mask 0x3)
[2019.12.13-17.39.58:119][  0]LogInit: FAudioDevice initialized.
[2019.12.13-17.39.58:119][  0]LogNetVersion: Set ProjectVersion to 1.0.0.0. Version Checksum will be recalculated on next use.
[2019.12.13-17.39.58:753][  0]LogDerivedDataCache: Saved boot cache 0.63s 71MB C:/Users/ALUMNO/AppData/Local/UnrealEngine/4.22/DerivedDataCache/Boot.ddc.
[2019.12.13-17.39.58:755][  0]LogInit: Texture streaming: Enabled
[2019.12.13-17.39.58:809][  0]LogEngineSessionManager: EngineSessionManager initialized
[2019.12.13-17.39.58:827][  0]LogEngineSessionManager: EngineSessionManager sent abnormal shutdown report. Type=Crashed, SessionId={E365B342-4E75-4FA3-3FDD-E2A79C40A6A8}
[2019.12.13-17.39.58:853][  0]LogInit: Transaction tracking system initialized
[2019.12.13-17.39.58:899][  0]BlueprintLog: New page: Editor Load
[2019.12.13-17.39.59:066][  0]LocalizationService: Localization service is disabled
[2019.12.13-17.39.59:244][  0]LogLinker: Warning: Can't find file '/Game/FirstPersonBP/FirstPersonOverview'
[2019.12.13-17.39.59:245][  0]LogLinker: Warning: Can't find file '/Game/FirstPersonBP/FirstPersonOverview'
[2019.12.13-17.39.59:245][  0]LogUObjectGlobals: Warning: Failed to find object 'Class /Game/FirstPersonBP/FirstPersonOverview.FirstPersonOverview_C'
[2019.12.13-17.39.59:508][  0]LogFileCache: Scanning file cache for directory 'C:/Users/ALUMNO/Documents/GitHub/UntitledHorrorGame/NoNameProject/Content/' took 0.02s
[2019.12.13-17.39.59:508][  0]LogCook: Display: Max memory allowance for cook 16384mb min free memory 0mb
[2019.12.13-17.39.59:509][  0]LogCook: Display: Mobile HDR setting 1
[2019.12.13-17.39.59:874][  0]SourceControl: Source control is disabled
[2019.12.13-17.39.59:874][  0]Cmd: MAP LOAD FILE="../../../../../../Users/ALUMNO/Documents/GitHub/UntitledHorrorGame/NoNameProject/Content/PasilloCasa.umap" TEMPLATE=0 SHOWPROGRESS=1 FEATURELEVEL=3
[2019.12.13-17.39.59:875][  0]LogEditorServer: Warning: Can't find file '../../../../../../Users/ALUMNO/Documents/GitHub/UntitledHorrorGame/NoNameProject/Content/PasilloCasa.umap'
[2019.12.13-17.39.59:875][  0]Cmd: MAP CHECKDEP NOCLEARLOG
[2019.12.13-17.39.59:876][  0]MapCheck: Map check complete: 0 Error(s), 0 Warning(s), took 0.377ms to complete.
[2019.12.13-17.39.59:876][  0]LogFileHelpers: Loading map 'PasilloCasa' took 0.002
[2019.12.13-17.40.00:050][  0]LogSlate: Updating window title bar state: overlay mode, drag disabled, window buttons hidden, title bar hidden
[2019.12.13-17.40.00:057][  0]LogSlate: Updating window title bar state: overlay mode, drag disabled, window buttons hidden, title bar hidden
[2019.12.13-17.40.00:064][  0]LogSlate: Updating window title bar state: overlay mode, drag disabled, window buttons hidden, title bar hidden
[2019.12.13-17.40.00:071][  0]LogSlate: Updating window title bar state: overlay mode, drag disabled, window buttons hidden, title bar hidden
[2019.12.13-17.40.00:083][  0]LogCollectionManager: Loaded 0 collections in 0.002274 seconds
[2019.12.13-17.40.00:129][  0]LogFileCache: Scanning file cache for directory 'C:/Users/ALUMNO/Documents/GitHub/UntitledHorrorGame/NoNameProject/Saved/Collections/' took 0.01s
[2019.12.13-17.40.00:129][  0]LogFileCache: Scanning file cache for directory 'C:/Users/ALUMNO/Documents/GitHub/UntitledHorrorGame/NoNameProject/Content/Developers/ALUMNO/Collections/' took 0.01s
[2019.12.13-17.40.00:129][  0]LogFileCache: Scanning file cache for directory 'C:/Users/ALUMNO/Documents/GitHub/UntitledHorrorGame/NoNameProject/Content/Collections/' took 0.01s
[2019.12.13-17.40.00:129][  0]LogCollectionManager: Rebuilt the GUID cache for 0 collections in 0.000000 seconds
[2019.12.13-17.40.00:139][  0]LogContentBrowser: Native class hierarchy populated in 0.0093 seconds. Added 2746 classes and 663 folders.
[2019.12.13-17.40.00:146][  0]LogContentBrowser: Native class hierarchy updated for 'WidgetCarousel' in 0.0004 seconds. Added 0 classes and 0 folders.
[2019.12.13-17.40.00:149][  0]LogPakFile: Registered encryption key '00000000000000000000000000000000': 0 pak files mounted, 0 remain pending
[2019.12.13-17.40.00:150][  0]LogPakFile: Registered encryption key '00000000000000000000000000000000': 0 pak files mounted, 0 remain pending
[2019.12.13-17.40.00:151][  0]LogPakFile: Registered encryption key '00000000000000000000000000000000': 0 pak files mounted, 0 remain pending
[2019.12.13-17.40.00:152][  0]LogPakFile: Registered encryption key '00000000000000000000000000000000': 0 pak files mounted, 0 remain pending
[2019.12.13-17.40.00:153][  0]LogPakFile: Registered encryption key '00000000000000000000000000000000': 0 pak files mounted, 0 remain pending
[2019.12.13-17.40.00:153][  0]LogPakFile: Registered encryption key '00000000000000000000000000000000': 0 pak files mounted, 0 remain pending
[2019.12.13-17.40.00:154][  0]LogPakFile: Registered encryption key '00000000000000000000000000000000': 0 pak files mounted, 0 remain pending
[2019.12.13-17.40.00:155][  0]LogPakFile: Registered encryption key '00000000000000000000000000000000': 0 pak files mounted, 0 remain pending
[2019.12.13-17.40.00:156][  0]LogPakFile: Registered encryption key '00000000000000000000000000000000': 0 pak files mounted, 0 remain pending
[2019.12.13-17.40.00:156][  0]LogPakFile: Registered encryption key '00000000000000000000000000000000': 0 pak files mounted, 0 remain pending
[2019.12.13-17.40.00:157][  0]LogPakFile: Registered encryption key '00000000000000000000000000000000': 0 pak files mounted, 0 remain pending
[2019.12.13-17.40.00:158][  0]LogPakFile: Registered encryption key '00000000000000000000000000000000': 0 pak files mounted, 0 remain pending
[2019.12.13-17.40.00:159][  0]LogPakFile: Registered encryption key '00000000000000000000000000000000': 0 pak files mounted, 0 remain pending
[2019.12.13-17.40.00:160][  0]LogPakFile: Registered encryption key '00000000000000000000000000000000': 0 pak files mounted, 0 remain pending
[2019.12.13-17.40.00:161][  0]LogPakFile: Registered encryption key '00000000000000000000000000000000': 0 pak files mounted, 0 remain pending
[2019.12.13-17.40.00:162][  0]LogPakFile: Registered encryption key '00000000000000000000000000000000': 0 pak files mounted, 0 remain pending
[2019.12.13-17.40.00:162][  0]LogPakFile: Registered encryption key '00000000000000000000000000000000': 0 pak files mounted, 0 remain pending
[2019.12.13-17.40.00:163][  0]LogPakFile: Registered encryption key '00000000000000000000000000000000': 0 pak files mounted, 0 remain pending
[2019.12.13-17.40.00:164][  0]LogPakFile: Registered encryption key '00000000000000000000000000000000': 0 pak files mounted, 0 remain pending
[2019.12.13-17.40.00:165][  0]LogPakFile: Registered encryption key '00000000000000000000000000000000': 0 pak files mounted, 0 remain pending
[2019.12.13-17.40.00:166][  0]LogPakFile: Registered encryption key '00000000000000000000000000000000': 0 pak files mounted, 0 remain pending
[2019.12.13-17.40.00:167][  0]LogPakFile: Registered encryption key '00000000000000000000000000000000': 0 pak files mounted, 0 remain pending
[2019.12.13-17.40.00:168][  0]LogPakFile: Registered encryption key '00000000000000000000000000000000': 0 pak files mounted, 0 remain pending
[2019.12.13-17.40.00:169][  0]LogPakFile: Registered encryption key '00000000000000000000000000000000': 0 pak files mounted, 0 remain pending
[2019.12.13-17.40.00:169][  0]LogPakFile: Registered encryption key '00000000000000000000000000000000': 0 pak files mounted, 0 remain pending
[2019.12.13-17.40.00:171][  0]LogPakFile: Registered encryption key '00000000000000000000000000000000': 0 pak files mounted, 0 remain pending
[2019.12.13-17.40.00:219][  0]LogContentBrowser: Native class hierarchy updated for 'AddContentDialog' in 0.0004 seconds. Added 0 classes and 0 folders.
[2019.12.13-17.40.00:283][  0]LogSlate: Took 0.000425 seconds to synchronously load lazily loaded font '../../../Engine/Content/Slate/Fonts/Roboto-Regular.ttf' (155K)
[2019.12.13-17.40.00:286][  0]LogSlate: Took 0.000317 seconds to synchronously load lazily loaded font '../../../Engine/Content/Slate/Fonts/Roboto-Bold.ttf' (160K)
[2019.12.13-17.40.00:292][  0]LogSlate: Took 0.000344 seconds to synchronously load lazily loaded font '../../../Engine/Content/Editor/Slate/Fonts/FontAwesome.ttf' (139K)
[2019.12.13-17.40.00:361][  0]LogRenderer: Reallocating scene render targets to support 988x512 Format 10 NumSamples 1 (Frame:1).
[2019.12.13-17.40.00:489][  0]LogContentBrowser: Native class hierarchy updated for 'HierarchicalLODOutliner' in 0.0012 seconds. Added 0 classes and 0 folders.
[2019.12.13-17.40.00:490][  0]LogLoad: (Engine Initialization) Total time: 19.36 seconds
[2019.12.13-17.40.00:490][  0]LogLoad: (Engine Initialization) Total Blueprint compile time: 0.00 seconds
[2019.12.13-17.40.00:541][  0]LogAssetRegistry: Asset discovery search completed in 7.1555 seconds
[2019.12.13-17.40.00:543][  0]LogCollectionManager: Rebuilt the object cache for 0 collections in 0.000000 seconds (found 0 objects)
[2019.12.13-17.40.00:543][  0]LogCollectionManager: Fixed up redirectors for 0 collections in 0.000155 seconds (updated 0 objects)
[2019.12.13-17.40.00:545][  0]LogContentStreaming: Texture pool size now 1000 MB
[2019.12.13-17.40.00:567][  0]LogSlate: Took 0.000305 seconds to synchronously load lazily loaded font '../../../Engine/Content/Slate/Fonts/Roboto-Light.ttf' (167K)
[2019.12.13-17.40.01:526][105]LogSlate: Took 0.000288 seconds to synchronously load lazily loaded font '../../../Engine/Content/Slate/Fonts/Roboto-Light.ttf' (167K)
[2019.12.13-17.40.07:925][862]LogSlate: FSceneViewport::OnFocusLost() reason 0
[2019.12.13-17.40.11:924][264]LogAIModule: Creating AISystem for world PasilloCasa
[2019.12.13-17.40.11:940][264]LogAssetEditorManager: Opening Asset editor for World /Game/Levels/PasilloCasa.PasilloCasa
[2019.12.13-17.40.11:962][264]LogUObjectHash: Compacting FUObjectHashTables data took   1.93ms
[2019.12.13-17.40.11:964][264]Cmd: MAP LOAD FILE="../../../../../../Users/ALUMNO/Documents/GitHub/UntitledHorrorGame/NoNameProject/Content/Levels/PasilloCasa.umap" TEMPLATE=0 SHOWPROGRESS=1 FEATURELEVEL=3
[2019.12.13-17.40.11:964][264]LightingResults: New page: Lighting Build
[2019.12.13-17.40.11:968][264]LogContentBrowser: Native class hierarchy updated for 'StatsViewer' in 0.0004 seconds. Added 5 classes and 0 folders.
[2019.12.13-17.40.11:968][264]LoadErrors: New page: Loading map: PasilloCasa.umap
[2019.12.13-17.40.11:969][264]MapCheck: New page: Map Check
[2019.12.13-17.40.11:969][264]LightingResults: New page: Lighting Build
[2019.12.13-17.40.11:993][264]LogUObjectHash: Compacting FUObjectHashTables data took   1.84ms
[2019.12.13-17.40.12:078][264]LogEditorServer: Finished looking for orphan Actors (0.000 secs)
[2019.12.13-17.40.12:102][264]LogUObjectHash: Compacting FUObjectHashTables data took   1.11ms
[2019.12.13-17.40.12:131][264]Cmd: MAP CHECKDEP NOCLEARLOG
[2019.12.13-17.40.12:132][264]MapCheck: Map check complete: 0 Error(s), 0 Warning(s), took 0.272ms to complete.
[2019.12.13-17.40.12:132][264]LogFileHelpers: Loading map 'PasilloCasa' took 0.169
[2019.12.13-17.40.31:327][183]LogActorFactory: Actor Factory created Cube
[2019.12.13-17.40.32:443][237]LogActorFactory: Actor Factory created Cube
[2019.12.13-17.40.41:701][693]LogSlate: FSceneViewport::OnFocusLost() reason 2
[2019.12.13-17.40.45:652][111]LogSlate: Took 0.001027 seconds to synchronously load lazily loaded font '../../../Engine/Content/Slate/Fonts/Roboto-Italic.ttf' (157K)
[2019.12.13-17.41.54:391][834]LogSlate: FSceneViewport::OnFocusLost() reason 0
[2019.12.13-17.41.54:629][841]LogUObjectHash: Compacting FUObjectHashTables data took   1.41ms
[2019.12.13-17.41.54:826][841]LogSavePackage: Moving '../../../../../../Users/ALUMNO/Documents/GitHub/UntitledHorrorGame/NoNameProject/Saved/PasilloCasa18A3BA054B19D23F4B474A80FE652E74.tmp' to '../../../../../../Users/ALUMNO/Documents/GitHub/UntitledHorrorGame/NoNameProject/Content/Levels/PasilloCasa.umap'
[2019.12.13-17.41.58:299][ 21]LogSlate: FSceneViewport::OnFocusLost() reason 0
[2019.12.13-17.42.02:919][224]LogUObjectHash: Compacting FUObjectHashTables data took   2.02ms
[2019.12.13-17.42.03:095][224]LogSavePackage: Moving '../../../../../../Users/ALUMNO/Documents/GitHub/UntitledHorrorGame/NoNameProject/Saved/PasilloCasa80A0F85448B1B05F441C6F8B9447913D.tmp' to '../../../../../../Users/ALUMNO/Documents/GitHub/UntitledHorrorGame/NoNameProject/Content/Levels/PasilloCasa.umap'
[2019.12.13-17.42.03:690][254]LogSlate: FSceneViewport::OnFocusLost() reason 0
[2019.12.13-17.42.03:778][262]LogTemp: Repeating last play command: Selected Viewport
[2019.12.13-17.42.03:794][262]LogBlueprintUserMessages: Early PlayInEditor Detection: Level '/Game/Levels/PasilloCasa.PasilloCasa:PersistentLevel' has LevelScriptBlueprint '/Game/Levels/PasilloCasa.PasilloCasa:PersistentLevel.PasilloCasa' with GeneratedClass '/Game/Levels/PasilloCasa.PasilloCasa_C' with ClassGeneratedBy '/Game/Levels/PasilloCasa.PasilloCasa:PersistentLevel.PasilloCasa'
[2019.12.13-17.42.03:794][262]LogPlayLevel: PlayLevel: No blueprints needed recompiling
[2019.12.13-17.42.03:794][262]PIE: New page: PIE session: PasilloCasa (Dec 13, 2019, 5:42:03 AM)
[2019.12.13-17.42.03:808][262]LogPlayLevel: Creating play world package: /Game/Levels/UEDPIE_0_PasilloCasa
[2019.12.13-17.42.03:814][262]LogPlayLevel: PIE: StaticDuplicateObject took: (0.005664s)
[2019.12.13-17.42.03:815][262]LogAIModule: Creating AISystem for world PasilloCasa
[2019.12.13-17.42.03:815][262]LogPlayLevel: PIE: World Init took: (0.000909s)
[2019.12.13-17.42.03:816][262]LogPlayLevel: PIE: Created PIE world by copying editor world from /Game/Levels/PasilloCasa.PasilloCasa to /Game/Levels/UEDPIE_0_PasilloCasa.PasilloCasa (0.007397s)
[2019.12.13-17.42.03:837][262]LogUObjectHash: Compacting FUObjectHashTables data took   1.83ms
[2019.12.13-17.42.03:864][262]LogInit: XAudio2 using 'MX279 (2- NVIDIA High Definition Audio)' : 2 channels at 48 kHz using 16 bits per sample (channel mask 0x3)
[2019.12.13-17.42.03:878][262]LogInit: FAudioDevice initialized.
[2019.12.13-17.42.03:937][262]LogLoad: Game class is 'MyNoNameProjectGameModeBase_C'
[2019.12.13-17.42.03:952][262]LogWorld: Bringing World /Game/Levels/UEDPIE_0_PasilloCasa.PasilloCasa up for play (max tick rate 0) at 2019.12.13-11.42.03
[2019.12.13-17.42.03:954][262]LogWorld: Bringing up level for play took: 0.011137
[2019.12.13-17.42.03:987][262]LogContentBrowser: Native class hierarchy updated for 'MovieSceneCapture' in 0.0009 seconds. Added 20 classes and 0 folders.
[2019.12.13-17.42.03:988][262]LogTemp: Warning: All systems set.
[2019.12.13-17.42.03:989][262]PIE: Play in editor start time for /Game/Levels/UEDPIE_0_PasilloCasa -0.36
[2019.12.13-17.42.03:989][262]LogBlueprintUserMessages: Late PlayInEditor Detection: Level '/Game/Levels/PasilloCasa.PasilloCasa:PersistentLevel' has LevelScriptBlueprint '/Game/Levels/PasilloCasa.PasilloCasa:PersistentLevel.PasilloCasa' with GeneratedClass '/Game/Levels/PasilloCasa.PasilloCasa_C' with ClassGeneratedBy '/Game/Levels/PasilloCasa.PasilloCasa:PersistentLevel.PasilloCasa'
[2019.12.13-17.42.05:202][332]LogSlate: Took 0.000605 seconds to synchronously load lazily loaded font '../../../Engine/Content/Slate/Fonts/DroidSansMono.ttf' (77K)
[2019.12.13-17.42.09:605][574]LogBlueprintUserMessages: Early EndPlayMap Detection: Level '/Game/Levels/PasilloCasa.PasilloCasa:PersistentLevel' has LevelScriptBlueprint '/Game/Levels/PasilloCasa.PasilloCasa:PersistentLevel.PasilloCasa' with GeneratedClass '/Game/Levels/PasilloCasa.PasilloCasa_C' with ClassGeneratedBy '/Game/Levels/PasilloCasa.PasilloCasa:PersistentLevel.PasilloCasa'
[2019.12.13-17.42.09:606][574]LogSlate: Updating window title bar state: overlay mode, drag disabled, window buttons hidden, title bar hidden
[2019.12.13-17.42.09:664][574]LogPlayLevel: Display: Shutting down PIE online subsystems
[2019.12.13-17.42.09:664][574]LogBlueprintUserMessages: Late EndPlayMap Detection: Level '/Game/Levels/PasilloCasa.PasilloCasa:PersistentLevel' has LevelScriptBlueprint '/Game/Levels/PasilloCasa.PasilloCasa:PersistentLevel.PasilloCasa' with GeneratedClass '/Game/Levels/PasilloCasa.PasilloCasa_C' with ClassGeneratedBy '/Game/Levels/PasilloCasa.PasilloCasa:PersistentLevel.PasilloCasa'
[2019.12.13-17.42.09:704][574]LogSlate: Updating window title bar state: overlay mode, drag disabled, window buttons hidden, title bar hidden
[2019.12.13-17.42.09:708][574]LogUObjectHash: Compacting FUObjectHashTables data took   2.04ms
[2019.12.13-17.42.09:747][575]LogPlayLevel: Display: Destroying online subsystem :Context_3
[2019.12.13-17.42.11:051][635]LogSlate: FSceneViewport::OnFocusLost() reason 2
[2019.12.13-17.42.12:156][677]LogSlate: FSceneViewport::OnFocusLost() reason 2
[2019.12.13-17.42.13:086][677]LogSlate: Only BGRA pngs, bmps or icos are supported in by External Image Picker
[2019.12.13-17.42.24:511][144]LogSlate: FSceneViewport::OnFocusLost() reason 2
[2019.12.13-17.42.28:046][275]LogSlate: Prevented a slow task dialog from being summoned while a context menu was open
[2019.12.13-17.42.29:808][355]LogSlate: Window 'Project Settings' being destroyed
[2019.12.13-17.42.29:834][355]LogSlate: Window 'Project Settings' being destroyed
[2019.12.13-17.42.30:514][387]LogSlate: FSceneViewport::OnFocusLost() reason 0
[2019.12.13-17.42.30:647][390]LogUObjectHash: Compacting FUObjectHashTables data took   1.45ms
[2019.12.13-17.42.30:827][390]LogSavePackage: Moving '../../../../../../Users/ALUMNO/Documents/GitHub/UntitledHorrorGame/NoNameProject/Saved/PasilloCasaB167B2CB4A19A7C619F99A8854B2EE5D.tmp' to '../../../../../../Users/ALUMNO/Documents/GitHub/UntitledHorrorGame/NoNameProject/Content/Levels/PasilloCasa.umap'
[2019.12.13-17.42.31:435][418]LogSlate: FSceneViewport::OnFocusLost() reason 0
[2019.12.13-17.42.31:520][422]LogTemp: Repeating last play command: Selected Viewport
[2019.12.13-17.42.31:536][422]LogBlueprintUserMessages: Early PlayInEditor Detection: Level '/Game/Levels/PasilloCasa.PasilloCasa:PersistentLevel' has LevelScriptBlueprint '/Game/Levels/PasilloCasa.PasilloCasa:PersistentLevel.PasilloCasa' with GeneratedClass '/Game/Levels/PasilloCasa.PasilloCasa_C' with ClassGeneratedBy '/Game/Levels/PasilloCasa.PasilloCasa:PersistentLevel.PasilloCasa'
[2019.12.13-17.42.31:537][422]LogPlayLevel: PlayLevel: No blueprints needed recompiling
[2019.12.13-17.42.31:537][422]PIE: New page: PIE session: PasilloCasa (Dec 13, 2019, 5:42:31 AM)
[2019.12.13-17.42.31:537][422]LogPlayLevel: Creating play world package: /Game/Levels/UEDPIE_0_PasilloCasa
[2019.12.13-17.42.31:543][422]LogPlayLevel: PIE: StaticDuplicateObject took: (0.005642s)
[2019.12.13-17.42.31:544][422]LogAIModule: Creating AISystem for world PasilloCasa
[2019.12.13-17.42.31:544][422]LogPlayLevel: PIE: World Init took: (0.000989s)
[2019.12.13-17.42.31:545][422]LogPlayLevel: PIE: Created PIE world by copying editor world from /Game/Levels/PasilloCasa.PasilloCasa to /Game/Levels/UEDPIE_0_PasilloCasa.PasilloCasa (0.007459s)
[2019.12.13-17.42.31:567][422]LogUObjectHash: Compacting FUObjectHashTables data took   1.82ms
[2019.12.13-17.42.31:591][422]LogInit: XAudio2 using 'MX279 (2- NVIDIA High Definition Audio)' : 2 channels at 48 kHz using 16 bits per sample (channel mask 0x3)
[2019.12.13-17.42.31:605][422]LogInit: FAudioDevice initialized.
[2019.12.13-17.42.31:634][422]LogLoad: Game class is 'MyNoNameProjectGameModeBase_C'
[2019.12.13-17.42.31:639][422]LogWorld: Bringing World /Game/Levels/UEDPIE_0_PasilloCasa.PasilloCasa up for play (max tick rate 0) at 2019.12.13-11.42.31
[2019.12.13-17.42.31:640][422]LogWorld: Bringing up level for play took: 0.004505
[2019.12.13-17.42.31:655][422]LogTemp: Warning: All systems set.
[2019.12.13-17.42.31:655][422]LogTemp: Warning: ?????????????????????????????????????????
[2019.12.13-17.42.31:655][422]LogTemp: Warning: Input Setup
[2019.12.13-17.42.31:655][422]PIE: Play in editor start time for /Game/Levels/UEDPIE_0_PasilloCasa -0.693
[2019.12.13-17.42.31:656][422]LogBlueprintUserMessages: Late PlayInEditor Detection: Level '/Game/Levels/PasilloCasa.PasilloCasa:PersistentLevel' has LevelScriptBlueprint '/Game/Levels/PasilloCasa.PasilloCasa:PersistentLevel.PasilloCasa' with GeneratedClass '/Game/Levels/PasilloCasa.PasilloCasa_C' with ClassGeneratedBy '/Game/Levels/PasilloCasa.PasilloCasa:PersistentLevel.PasilloCasa'
[2019.12.13-17.42.32:493][470]LogTemp: Warning: Grabbing a mango
[2019.12.13-17.42.32:493][470]LogTemp: Warning: No encontre actor
[2019.12.13-17.42.33:244][512]LogTemp: Warning: Releasing a mango
[2019.12.13-17.42.34:550][582]LogTemp: Warning: Grabbing a mango
[2019.12.13-17.42.34:550][582]LogTemp: Warning: Hit: Cube_2
[2019.12.13-17.42.34:550][582]LogTemp: Warning: Grabbing a mango
[2019.12.13-17.42.34:551][582]LogTemp: Warning: Cube_2
[2019.12.13-17.42.34:551][582]LogTemp: Warning: Agarrando el mango
[2019.12.13-17.42.34:568][583]LogTemp: Warning: Agarrando el mango
[2019.12.13-17.42.34:586][584]LogTemp: Warning: Agarrando el mango
[2019.12.13-17.42.34:606][585]LogTemp: Warning: Agarrando el mango
[2019.12.13-17.42.34:625][586]LogTemp: Warning: Agarrando el mango
[2019.12.13-17.42.34:644][587]LogTemp: Warning: Agarrando el mango
[2019.12.13-17.42.34:663][588]LogTemp: Warning: Agarrando el mango
[2019.12.13-17.42.34:681][589]LogTemp: Warning: Agarrando el mango
[2019.12.13-17.42.34:700][590]LogTemp: Warning: Agarrando el mango
[2019.12.13-17.42.34:720][591]LogTemp: Warning: Agarrando el mango
[2019.12.13-17.42.34:740][592]LogTemp: Warning: Agarrando el mango
[2019.12.13-17.42.34:759][593]LogTemp: Warning: Agarrando el mango
[2019.12.13-17.42.34:778][594]LogTemp: Warning: Agarrando el mango
[2019.12.13-17.42.34:797][595]LogTemp: Warning: Agarrando el mango
[2019.12.13-17.42.34:817][596]LogTemp: Warning: Agarrando el mango
[2019.12.13-17.42.34:837][597]LogTemp: Warning: Agarrando el mango
[2019.12.13-17.42.34:856][598]LogTemp: Warning: Agarrando el mango
[2019.12.13-17.42.34:875][599]LogTemp: Warning: Agarrando el mango
[2019.12.13-17.42.34:895][600]LogTemp: Warning: Agarrando el mango
[2019.12.13-17.42.34:915][601]LogTemp: Warning: Agarrando el mango
[2019.12.13-17.42.34:934][602]LogTemp: Warning: Agarrando el mango
[2019.12.13-17.42.34:955][603]LogTemp: Warning: Agarrando el mango
[2019.12.13-17.42.34:975][604]LogTemp: Warning: Agarrando el mango
[2019.12.13-17.42.34:994][605]LogTemp: Warning: Agarrando el mango
[2019.12.13-17.42.35:013][606]LogTemp: Warning: Agarrando el mango
[2019.12.13-17.42.35:034][607]LogTemp: Warning: Agarrando el mango
[2019.12.13-17.42.35:053][608]LogTemp: Warning: Agarrando el mango
[2019.12.13-17.42.35:073][609]LogTemp: Warning: Agarrando el mango
[2019.12.13-17.42.35:093][610]LogTemp: Warning: Agarrando el mango
[2019.12.13-17.42.35:114][611]LogTemp: Warning: Agarrando el mango
[2019.12.13-17.42.35:133][612]LogTemp: Warning: Agarrando el mango
[2019.12.13-17.42.35:152][613]LogTemp: Warning: Agarrando el mango
[2019.12.13-17.42.35:172][614]LogTemp: Warning: Agarrando el mango
[2019.12.13-17.42.35:192][615]LogTemp: Warning: Agarrando el mango
[2019.12.13-17.42.35:212][616]LogTemp: Warning: Agarrando el mango
[2019.12.13-17.42.35:232][617]LogTemp: Warning: Agarrando el mango
[2019.12.13-17.42.35:252][618]LogTemp: Warning: Agarrando el mango
[2019.12.13-17.42.35:272][619]LogTemp: Warning: Agarrando el mango
[2019.12.13-17.42.35:292][620]LogTemp: Warning: Agarrando el mango
[2019.12.13-17.42.35:311][621]LogTemp: Warning: Agarrando el mango
[2019.12.13-17.42.35:332][622]LogTemp: Warning: Agarrando el mango
[2019.12.13-17.42.35:351][623]LogTemp: Warning: Agarrando el mango
[2019.12.13-17.42.35:371][624]LogTemp: Warning: Agarrando el mango
[2019.12.13-17.42.35:391][625]LogTemp: Warning: Agarrando el mango
[2019.12.13-17.42.35:411][626]LogTemp: Warning: Agarrando el mango
[2019.12.13-17.42.35:431][627]LogTemp: Warning: Agarrando el mango
[2019.12.13-17.42.35:452][628]LogTemp: Warning: Agarrando el mango
[2019.12.13-17.42.35:472][629]LogTemp: Warning: Agarrando el mango
[2019.12.13-17.42.35:492][630]LogTemp: Warning: Agarrando el mango
[2019.12.13-17.42.35:511][631]LogTemp: Warning: Agarrando el mango
[2019.12.13-17.42.35:531][632]LogTemp: Warning: Agarrando el mango
[2019.12.13-17.42.35:552][633]LogTemp: Warning: Agarrando el mango
[2019.12.13-17.42.35:573][634]LogTemp: Warning: Agarrando el mango
[2019.12.13-17.42.35:594][635]LogTemp: Warning: Agarrando el mango
[2019.12.13-17.42.35:613][636]LogTemp: Warning: Agarrando el mango
[2019.12.13-17.42.35:632][637]LogTemp: Warning: Agarrando el mango
[2019.12.13-17.42.35:652][638]LogTemp: Warning: Agarrando el mango
[2019.12.13-17.42.35:671][639]LogTemp: Warning: Agarrando el mango
[2019.12.13-17.42.35:691][640]LogTemp: Warning: Agarrando el mango
[2019.12.13-17.42.35:711][641]LogTemp: Warning: Agarrando el mango
[2019.12.13-17.42.35:731][642]LogTemp: Warning: Agarrando el mango
[2019.12.13-17.42.35:750][643]LogTemp: Warning: Agarrando el mango
[2019.12.13-17.42.35:770][644]LogTemp: Warning: Agarrando el mango
[2019.12.13-17.42.35:791][645]LogTemp: Warning: Agarrando el mango
[2019.12.13-17.42.35:811][646]LogTemp: Warning: Agarrando el mango
[2019.12.13-17.42.35:831][647]LogTemp: Warning: Agarrando el mango
[2019.12.13-17.42.35:851][648]LogTemp: Warning: Agarrando el mango
[2019.12.13-17.42.35:871][649]LogTemp: Warning: Agarrando el mango
[2019.12.13-17.42.35:891][650]LogTemp: Warning: Agarrando el mango
[2019.12.13-17.42.35:911][651]LogTemp: Warning: Agarrando el mango
[2019.12.13-17.42.35:931][652]LogTemp: Warning: Agarrando el mango
[2019.12.13-17.42.35:951][653]LogTemp: Warning: Agarrando el mango
[2019.12.13-17.42.35:971][654]LogTemp: Warning: Agarrando el mango
[2019.12.13-17.42.35:991][655]LogTemp: Warning: Agarrando el mango
[2019.12.13-17.42.36:013][656]LogTemp: Warning: Agarrando el mango
[2019.12.13-17.42.36:031][657]LogTemp: Warning: Agarrando el mango
[2019.12.13-17.42.36:051][658]LogTemp: Warning: Agarrando el mango
[2019.12.13-17.42.36:071][659]LogTemp: Warning: Agarrando el mango
[2019.12.13-17.42.36:091][660]LogTemp: Warning: Agarrando el mango
[2019.12.13-17.42.36:111][661]LogTemp: Warning: Agarrando el mango
[2019.12.13-17.42.36:131][662]LogTemp: Warning: Agarrando el mango
[2019.12.13-17.42.36:151][663]LogTemp: Warning: Agarrando el mango
[2019.12.13-17.42.36:171][664]LogTemp: Warning: Agarrando el mango
[2019.12.13-17.42.36:191][665]LogTemp: Warning: Agarrando el mango
[2019.12.13-17.42.36:211][666]LogTemp: Warning: Agarrando el mango
[2019.12.13-17.42.36:231][667]LogTemp: Warning: Agarrando el mango
[2019.12.13-17.42.36:252][668]LogTemp: Warning: Agarrando el mango
[2019.12.13-17.42.36:273][669]LogTemp: Warning: Agarrando el mango
[2019.12.13-17.42.36:293][670]LogTemp: Warning: Agarrando el mango
[2019.12.13-17.42.36:312][671]LogTemp: Warning: Agarrando el mango
[2019.12.13-17.42.36:332][672]LogTemp: Warning: Agarrando el mango
[2019.12.13-17.42.36:352][673]LogTemp: Warning: Agarrando el mango
[2019.12.13-17.42.36:371][674]LogTemp: Warning: Agarrando el mango
[2019.12.13-17.42.36:391][675]LogTemp: Warning: Agarrando el mango
[2019.12.13-17.42.36:414][676]LogTemp: Warning: Agarrando el mango
[2019.12.13-17.42.36:434][677]LogTemp: Warning: Agarrando el mango
[2019.12.13-17.42.36:453][678]LogTemp: Warning: Agarrando el mango
[2019.12.13-17.42.36:472][679]LogTemp: Warning: Agarrando el mango
[2019.12.13-17.42.36:492][680]LogTemp: Warning: Agarrando el mango
[2019.12.13-17.42.36:512][681]LogTemp: Warning: Agarrando el mango
[2019.12.13-17.42.36:532][682]LogTemp: Warning: Agarrando el mango
[2019.12.13-17.42.36:552][683]LogTemp: Warning: Agarrando el mango
[2019.12.13-17.42.36:571][684]LogTemp: Warning: Agarrando el mango
[2019.12.13-17.42.36:592][685]LogTemp: Warning: Agarrando el mango
[2019.12.13-17.42.36:613][686]LogTemp: Warning: Agarrando el mango
[2019.12.13-17.42.36:633][687]LogTemp: Warning: Agarrando el mango
[2019.12.13-17.42.36:653][688]LogTemp: Warning: Agarrando el mango
[2019.12.13-17.42.36:673][689]LogTemp: Warning: Agarrando el mango
[2019.12.13-17.42.36:693][690]LogTemp: Warning: Agarrando el mango
[2019.12.13-17.42.36:713][691]LogTemp: Warning: Agarrando el mango
[2019.12.13-17.42.36:734][692]LogTemp: Warning: Agarrando el mango
[2019.12.13-17.42.36:754][693]LogTemp: Warning: Agarrando el mango
[2019.12.13-17.42.36:773][694]LogTemp: Warning: Agarrando el mango
[2019.12.13-17.42.36:793][695]LogTemp: Warning: Agarrando el mango
[2019.12.13-17.42.36:814][696]LogTemp: Warning: Agarrando el mango
[2019.12.13-17.42.36:834][697]LogTemp: Warning: Agarrando el mango
[2019.12.13-17.42.36:854][698]LogTemp: Warning: Agarrando el mango
[2019.12.13-17.42.36:874][699]LogTemp: Warning: Agarrando el mango
[2019.12.13-17.42.36:895][700]LogTemp: Warning: Agarrando el mango
[2019.12.13-17.42.36:916][701]LogTemp: Warning: Agarrando el mango
[2019.12.13-17.42.36:934][702]LogTemp: Warning: Agarrando el mango
[2019.12.13-17.42.36:953][703]LogTemp: Warning: Agarrando el mango
[2019.12.13-17.42.36:973][704]LogTemp: Warning: Agarrando el mango
[2019.12.13-17.42.36:993][705]LogTemp: Warning: Agarrando el mango
[2019.12.13-17.42.37:014][706]LogTemp: Warning: Agarrando el mango
[2019.12.13-17.42.37:034][707]LogTemp: Warning: Agarrando el mango
[2019.12.13-17.42.37:053][708]LogTemp: Warning: Agarrando el mango
[2019.12.13-17.42.37:073][709]LogTemp: Warning: Agarrando el mango
[2019.12.13-17.42.37:093][710]LogTemp: Warning: Agarrando el mango
[2019.12.13-17.42.37:113][711]LogTemp: Warning: Agarrando el mango
[2019.12.13-17.42.37:132][712]LogTemp: Warning: Agarrando el mango
[2019.12.13-17.42.37:152][713]LogTemp: Warning: Agarrando el mango
[2019.12.13-17.42.37:174][714]LogTemp: Warning: Agarrando el mango
[2019.12.13-17.42.37:192][715]LogTemp: Warning: Agarrando el mango
[2019.12.13-17.42.37:211][716]LogTemp: Warning: Agarrando el mango
[2019.12.13-17.42.37:231][717]LogTemp: Warning: Agarrando el mango
[2019.12.13-17.42.37:252][718]LogTemp: Warning: Agarrando el mango
[2019.12.13-17.42.37:272][719]LogTemp: Warning: Agarrando el mango
[2019.12.13-17.42.37:291][720]LogTemp: Warning: Agarrando el mango
[2019.12.13-17.42.37:311][721]LogTemp: Warning: Agarrando el mango
[2019.12.13-17.42.37:331][722]LogTemp: Warning: Agarrando el mango
[2019.12.13-17.42.37:353][723]LogTemp: Warning: Agarrando el mango
[2019.12.13-17.42.37:372][724]LogTemp: Warning: Agarrando el mango
[2019.12.13-17.42.37:392][725]LogTemp: Warning: Agarrando el mango
[2019.12.13-17.42.37:411][726]LogTemp: Warning: Agarrando el mango
[2019.12.13-17.42.37:430][727]LogTemp: Warning: Agarrando el mango
[2019.12.13-17.42.37:450][728]LogTemp: Warning: Agarrando el mango
[2019.12.13-17.42.37:470][729]LogTemp: Warning: Agarrando el mango
[2019.12.13-17.42.37:491][730]LogTemp: Warning: Agarrando el mango
[2019.12.13-17.42.37:511][731]LogTemp: Warning: Agarrando el mango
[2019.12.13-17.42.37:531][732]LogTemp: Warning: Agarrando el mango
[2019.12.13-17.42.37:552][733]LogTemp: Warning: Agarrando el mango
[2019.12.13-17.42.37:573][734]LogTemp: Warning: Agarrando el mango
[2019.12.13-17.42.37:592][735]LogTemp: Warning: Agarrando el mango
[2019.12.13-17.42.37:612][736]LogTemp: Warning: Agarrando el mango
[2019.12.13-17.42.37:631][737]LogTemp: Warning: Agarrando el mango
[2019.12.13-17.42.37:651][738]LogTemp: Warning: Agarrando el mango
[2019.12.13-17.42.37:670][739]LogTemp: Warning: Agarrando el mango
[2019.12.13-17.42.37:690][740]LogTemp: Warning: Agarrando el mango
[2019.12.13-17.42.37:710][741]LogTemp: Warning: Agarrando el mango
[2019.12.13-17.42.37:731][742]LogTemp: Warning: Agarrando el mango
[2019.12.13-17.42.37:751][743]LogTemp: Warning: Agarrando el mango
[2019.12.13-17.42.37:771][744]LogTemp: Warning: Agarrando el mango
[2019.12.13-17.42.37:791][745]LogTemp: Warning: Agarrando el mango
[2019.12.13-17.42.37:811][746]LogTemp: Warning: Agarrando el mango
[2019.12.13-17.42.37:830][747]LogTemp: Warning: Agarrando el mango
[2019.12.13-17.42.37:850][748]LogTemp: Warning: Agarrando el mango
[2019.12.13-17.42.37:871][749]LogTemp: Warning: Agarrando el mango
[2019.12.13-17.42.37:890][750]LogTemp: Warning: Agarrando el mango
[2019.12.13-17.42.37:910][751]LogTemp: Warning: Agarrando el mango
[2019.12.13-17.42.37:930][752]LogTemp: Warning: Agarrando el mango
[2019.12.13-17.42.37:949][753]LogTemp: Warning: Agarrando el mango
[2019.12.13-17.42.37:970][754]LogTemp: Warning: Agarrando el mango
[2019.12.13-17.42.37:990][755]LogTemp: Warning: Agarrando el mango
[2019.12.13-17.42.38:009][756]LogTemp: Warning: Agarrando el mango
[2019.12.13-17.42.38:029][757]LogTemp: Warning: Agarrando el mango
[2019.12.13-17.42.38:050][758]LogTemp: Warning: Agarrando el mango
[2019.12.13-17.42.38:069][759]LogTemp: Warning: Releasing a mango
[2019.12.13-17.42.43:104][  0]LogSlate: FSceneViewport::OnFocusLost() reason 0
[2019.12.13-17.43.28:538][534]LogEditorViewport: Clicking on Actor (LMB): StaticMeshActor (FBX_PasilloUV_MESH_Paredes)
[2019.12.13-17.43.29:555][578]LogTemp: Warning: Grabbing a mango
[2019.12.13-17.43.29:556][578]LogTemp: Warning: No encontre actor
[2019.12.13-17.43.30:172][609]LogTemp: Warning: Releasing a mango
[2019.12.13-17.43.37:022][941]LogSlate: FSceneViewport::OnFocusLost() reason 0
[2019.12.13-17.43.38:086][993]LogSlate: FSceneViewport::OnFocusLost() reason 0
[2019.12.13-17.43.41:175][251]LogEditorViewport: Clicking on Actor (LMB): StaticMeshActor (FBX_PasilloUV_MESH_Paredes)
[2019.12.13-17.43.42:643][314]LogTemp: Warning: Grabbing a mango
[2019.12.13-17.43.42:643][314]LogTemp: Warning: No encontre actor
[2019.12.13-17.43.43:141][340]LogTemp: Warning: Releasing a mango
[2019.12.13-17.43.46:225][495]LogTemp: Warning: Grabbing a mango
[2019.12.13-17.43.46:226][495]LogTemp: Warning: Hit: Cube_2
[2019.12.13-17.43.46:226][495]LogTemp: Warning: Grabbing a mango
[2019.12.13-17.43.46:226][495]LogTemp: Warning: Cube_2
[2019.12.13-17.43.46:228][495]LogTemp: Warning: Agarrando el mango
[2019.12.13-17.43.46:245][496]LogTemp: Warning: Agarrando el mango
[2019.12.13-17.43.46:265][497]LogTemp: Warning: Agarrando el mango
[2019.12.13-17.43.46:286][498]LogTemp: Warning: Agarrando el mango
[2019.12.13-17.43.46:308][499]LogTemp: Warning: Agarrando el mango
[2019.12.13-17.43.46:329][500]LogTemp: Warning: Agarrando el mango
[2019.12.13-17.43.46:349][501]LogTemp: Warning: Agarrando el mango
[2019.12.13-17.43.46:369][502]LogTemp: Warning: Agarrando el mango
[2019.12.13-17.43.46:390][503]LogTemp: Warning: Agarrando el mango
[2019.12.13-17.43.46:410][504]LogTemp: Warning: Agarrando el mango
[2019.12.13-17.43.46:431][505]LogTemp: Warning: Agarrando el mango
[2019.12.13-17.43.46:451][506]LogTemp: Warning: Agarrando el mango
[2019.12.13-17.43.46:472][507]LogTemp: Warning: Agarrando el mango
[2019.12.13-17.43.46:493][508]LogTemp: Warning: Agarrando el mango
[2019.12.13-17.43.46:513][509]LogTemp: Warning: Agarrando el mango
[2019.12.13-17.43.46:534][510]LogTemp: Warning: Agarrando el mango
[2019.12.13-17.43.46:554][511]LogTemp: Warning: Agarrando el mango
[2019.12.13-17.43.46:575][512]LogTemp: Warning: Agarrando el mango
[2019.12.13-17.43.46:596][513]LogTemp: Warning: Agarrando el mango
[2019.12.13-17.43.46:616][514]LogTemp: Warning: Agarrando el mango
[2019.12.13-17.43.46:638][515]LogTemp: Warning: Agarrando el mango
[2019.12.13-17.43.46:660][516]LogTemp: Warning: Agarrando el mango
[2019.12.13-17.43.46:679][517]LogTemp: Warning: Releasing a mango
[2019.12.13-17.43.46:788][522]LogTemp: Warning: Grabbing a mango
[2019.12.13-17.43.46:789][522]LogTemp: Warning: Hit: Cube_2
[2019.12.13-17.43.46:789][522]LogTemp: Warning: Grabbing a mango
[2019.12.13-17.43.46:790][522]LogTemp: Warning: Cube_2
[2019.12.13-17.43.46:791][522]LogTemp: Warning: Agarrando el mango
[2019.12.13-17.43.46:806][523]LogTemp: Warning: Agarrando el mango
[2019.12.13-17.43.46:826][524]LogTemp: Warning: Releasing a mango
[2019.12.13-17.43.47:951][578]LogTemp: Warning: Grabbing a mango
[2019.12.13-17.43.47:951][578]LogTemp: Warning: Hit: Cube_2
[2019.12.13-17.43.47:951][578]LogTemp: Warning: Grabbing a mango
[2019.12.13-17.43.47:952][578]LogTemp: Warning: Cube_2
[2019.12.13-17.43.47:953][578]LogTemp: Warning: Agarrando el mango
[2019.12.13-17.43.47:971][579]LogTemp: Warning: Agarrando el mango
[2019.12.13-17.43.47:990][580]LogTemp: Warning: Agarrando el mango
[2019.12.13-17.43.48:011][581]LogTemp: Warning: Agarrando el mango
[2019.12.13-17.43.48:031][582]LogTemp: Warning: Agarrando el mango
[2019.12.13-17.43.48:052][583]LogTemp: Warning: Agarrando el mango
[2019.12.13-17.43.48:075][584]LogTemp: Warning: Agarrando el mango
[2019.12.13-17.43.48:094][585]LogTemp: Warning: Agarrando el mango
[2019.12.13-17.43.48:114][586]LogTemp: Warning: Agarrando el mango
[2019.12.13-17.43.48:136][587]LogTemp: Warning: Agarrando el mango
[2019.12.13-17.43.48:157][588]LogTemp: Warning: Agarrando el mango
[2019.12.13-17.43.48:177][589]LogTemp: Warning: Agarrando el mango
[2019.12.13-17.43.48:197][590]LogTemp: Warning: Agarrando el mango
[2019.12.13-17.43.48:218][591]LogTemp: Warning: Agarrando el mango
[2019.12.13-17.43.48:239][592]LogTemp: Warning: Agarrando el mango
[2019.12.13-17.43.48:260][593]LogTemp: Warning: Releasing a mango
[2019.12.13-17.43.49:070][632]LogTemp: Warning: Grabbing a mango
[2019.12.13-17.43.49:071][632]LogTemp: Warning: Hit: Cube_2
[2019.12.13-17.43.49:071][632]LogTemp: Warning: Grabbing a mango
[2019.12.13-17.43.49:071][632]LogTemp: Warning: Cube_2
[2019.12.13-17.43.49:072][632]LogTemp: Warning: Agarrando el mango
[2019.12.13-17.43.49:090][633]LogTemp: Warning: Agarrando el mango
[2019.12.13-17.43.49:111][634]LogTemp: Warning: Agarrando el mango
[2019.12.13-17.43.49:132][635]LogTemp: Warning: Releasing a mango
[2019.12.13-17.43.51:274][738]LogTemp: Warning: Grabbing a mango
[2019.12.13-17.43.51:274][738]LogTemp: Warning: Hit: Cube_2
[2019.12.13-17.43.51:274][738]LogTemp: Warning: Grabbing a mango
[2019.12.13-17.43.51:275][738]LogTemp: Warning: Cube_2
[2019.12.13-17.43.51:276][738]LogTemp: Warning: Agarrando el mango
[2019.12.13-17.43.51:293][739]LogTemp: Warning: Agarrando el mango
[2019.12.13-17.43.51:314][740]LogTemp: Warning: Agarrando el mango
[2019.12.13-17.43.51:335][741]LogTemp: Warning: Agarrando el mango
[2019.12.13-17.43.51:355][742]LogTemp: Warning: Releasing a mango
[2019.12.13-17.44.15:527][ 12]LogSlate: FSceneViewport::OnFocusLost() reason 2
[2019.12.13-17.44.16:528][ 44]LogEditorViewport: Clicking on Actor (LMB): StaticMeshActor (FBX_PasilloUV_MESH_SueloYTechoPasillo)
[2019.12.13-17.44.22:353][292]LogTemp: Warning: Grabbing a mango
[2019.12.13-17.44.22:354][292]LogTemp: Warning: Hit: Cube_2
[2019.12.13-17.44.22:354][292]LogTemp: Warning: Grabbing a mango
[2019.12.13-17.44.22:355][292]LogTemp: Warning: Cube_2
[2019.12.13-17.44.22:356][292]LogTemp: Warning: Agarrando el mango
[2019.12.13-17.44.22:372][293]LogTemp: Warning: Agarrando el mango
[2019.12.13-17.44.22:393][294]LogTemp: Warning: Agarrando el mango
[2019.12.13-17.44.22:414][295]LogTemp: Warning: Agarrando el mango
[2019.12.13-17.44.22:434][296]LogTemp: Warning: Releasing a mango
[2019.12.13-17.44.24:954][416]LogTemp: Warning: En el key B
[2019.12.13-17.44.24:954][416]LogTemp: Warning: Esta el objeto con su id: 1
[2019.12.13-17.44.24:955][416]LogTemp: Warning: Esta el objeto con su id: 1
[2019.12.13-17.44.24:955][416]LogTemp: Warning: Esta el objeto con su id: 1
[2019.12.13-17.44.24:955][416]LogTemp: Warning: Esta el objeto con su id: 1
[2019.12.13-17.44.24:956][416]LogTemp: Warning: Esta el objeto con su id: 1
[2019.12.13-17.44.24:956][416]LogTemp: Warning: Esta el objeto con su id: 1
[2019.12.13-17.44.24:957][416]LogTemp: Warning: Esta el objeto con su id: 1
[2019.12.13-17.44.28:731][597]LogTemp: Warning: Grabbing a mango
[2019.12.13-17.44.28:732][597]LogTemp: Warning: No encontre actor
[2019.12.13-17.44.28:810][601]LogTemp: Warning: Releasing a mango
[2019.12.13-17.44.29:354][627]LogTemp: Warning: Grabbing a mango
[2019.12.13-17.44.29:354][627]LogTemp: Warning: Hit: Cube_2
[2019.12.13-17.44.29:354][627]LogTemp: Warning: Grabbing a mango
[2019.12.13-17.44.29:355][627]LogTemp: Warning: Cube_2
[2019.12.13-17.44.29:356][627]LogTemp: Warning: Agarrando el mango
[2019.12.13-17.44.29:374][628]LogTemp: Warning: Agarrando el mango
[2019.12.13-17.44.29:394][629]LogTemp: Warning: Agarrando el mango
[2019.12.13-17.44.29:414][630]LogTemp: Warning: Agarrando el mango
[2019.12.13-17.44.29:435][631]LogTemp: Warning: Releasing a mango
[2019.12.13-17.44.30:492][682]LogTemp: Warning: En el key B
[2019.12.13-17.44.30:492][682]LogTemp: Warning: Esta el objeto con su id: 1
[2019.12.13-17.44.30:492][682]LogTemp: Warning: Esta el objeto con su id: 1
[2019.12.13-17.44.30:493][682]LogTemp: Warning: Esta el objeto con su id: 1
[2019.12.13-17.44.30:493][682]LogTemp: Warning: Esta el objeto con su id: 1
[2019.12.13-17.44.30:493][682]LogTemp: Warning: Esta el objeto con su id: 1
[2019.12.13-17.44.30:493][682]LogTemp: Warning: Esta el objeto con su id: 1
[2019.12.13-17.44.30:493][682]LogTemp: Warning: Esta el objeto con su id: 1
[2019.12.13-17.44.30:493][682]LogTemp: Warning: Esta el objeto con su id: 1
[2019.12.13-17.44.31:427][727]LogTemp: Warning: Grabbing a mango
[2019.12.13-17.44.31:427][727]LogTemp: Warning: Hit: Cube_2
[2019.12.13-17.44.31:427][727]LogTemp: Warning: Grabbing a mango
[2019.12.13-17.44.31:427][727]LogTemp: Warning: Cube_2
[2019.12.13-17.44.31:428][727]LogTemp: Warning: Agarrando el mango
[2019.12.13-17.44.31:447][728]LogTemp: Warning: Agarrando el mango
[2019.12.13-17.44.31:467][729]LogTemp: Warning: Agarrando el mango
[2019.12.13-17.44.31:489][730]LogTemp: Warning: Agarrando el mango
[2019.12.13-17.44.31:510][731]LogTemp: Warning: Releasing a mango
[2019.12.13-17.44.32:049][757]LogTemp: Warning: En el key B
[2019.12.13-17.44.32:051][757]LogTemp: Warning: Esta el objeto con su id: 1
[2019.12.13-17.44.32:051][757]LogTemp: Warning: Esta el objeto con su id: 1
[2019.12.13-17.44.32:051][757]LogTemp: Warning: Esta el objeto con su id: 1
[2019.12.13-17.44.32:052][757]LogTemp: Warning: Esta el objeto con su id: 1
[2019.12.13-17.44.32:052][757]LogTemp: Warning: Esta el objeto con su id: 1
[2019.12.13-17.44.32:052][757]LogTemp: Warning: Esta el objeto con su id: 1
[2019.12.13-17.44.32:053][757]LogTemp: Warning: Esta el objeto con su id: 1
[2019.12.13-17.44.32:053][757]LogTemp: Warning: Esta el objeto con su id: 1
[2019.12.13-17.44.32:053][757]LogTemp: Warning: Esta el objeto con su id: 1
