Log file open, 12/13/19 11:54:48
LogWindows: Failed to load 'aqProf.dll' (GetLastError=126)
LogWindows: File 'aqProf.dll' does not exist
LogWindows: Failed to load 'VtuneApi.dll' (GetLastError=126)
LogWindows: File 'VtuneApi.dll' does not exist
LogWindows: Failed to load 'VtuneApi32e.dll' (GetLastError=126)
LogWindows: File 'VtuneApi32e.dll' does not exist
LogConsoleResponse: Display: Failed to find resolution value strings in scalability ini. Falling back to default.
LogInit: Display: Running engine for game: NoNameProject
LogPakFile: Registered encryption key '00000000000000000000000000000000': 0 pak files mounted, 0 remain pending
LogPlatformFile: Not using cached read wrapper
LogTaskGraph: Started task graph with 5 named threads and 23 total threads with 3 sets of task threads.
LogStats: Stats thread started at 0.381240
LogD3D11RHI: Loaded GFSDK_Aftermath_Lib.x64.dll
LogICUInternationalization: ICU TimeZone Detection - Raw Offset: -6:00, Platform Override: ''
LogPluginManager: Mounting plugin Paper2D
LogPluginManager: Mounting plugin AISupport
LogPluginManager: Mounting plugin LightPropagationVolume
LogPluginManager: Mounting plugin ActorLayerUtilities
LogPluginManager: Mounting plugin AnimationSharing
LogPluginManager: Mounting plugin CLionSourceCodeAccess
LogPluginManager: Mounting plugin CodeLiteSourceCodeAccess
LogPluginManager: Mounting plugin GitSourceControl
LogPluginManager: Mounting plugin KDevelopSourceCodeAccess
LogPluginManager: Mounting plugin NullSourceCodeAccess
LogPluginManager: Mounting plugin PerforceSourceControl
LogPluginManager: Mounting plugin SubversionSourceControl
LogPluginManager: Mounting plugin UObjectPlugin
LogPluginManager: Mounting plugin VisualStudioCodeSourceCodeAccess
LogPluginManager: Mounting plugin VisualStudioSourceCodeAccess
LogPluginManager: Mounting plugin XCodeSourceCodeAccess
LogPluginManager: Mounting plugin AssetManagerEditor
LogPluginManager: Mounting plugin CryptoKeys
LogPluginManager: Mounting plugin DataValidation
LogPluginManager: Mounting plugin FacialAnimation
LogPluginManager: Mounting plugin GameplayTagsEditor
LogPluginManager: Mounting plugin MacGraphicsSwitching
LogPluginManager: Mounting plugin MaterialAnalyzer
LogPluginManager: Mounting plugin MobileLauncherProfileWizard
LogPluginManager: Mounting plugin PluginBrowser
LogPluginManager: Mounting plugin SpeedTreeImporter
LogPluginManager: Mounting plugin DatasmithContent
LogPluginManager: Mounting plugin VariantManagerContent
LogPluginManager: Mounting plugin AlembicImporter
LogPluginManager: Mounting plugin AppleImageUtils
LogPluginManager: Mounting plugin AppleVision
LogPluginManager: Mounting plugin BackChannel
LogPluginManager: Mounting plugin CharacterAI
LogPluginManager: Mounting plugin GeometryCache
LogPluginManager: Mounting plugin HTML5Networking
LogPluginManager: Mounting plugin ProxyLODPlugin
LogPluginManager: Mounting plugin SkeletalReduction
LogPluginManager: Mounting plugin MagicLeap
LogPluginManager: Mounting plugin MagicLeapMedia
LogPluginManager: Mounting plugin AndroidMedia
LogPluginManager: Mounting plugin AvfMedia
LogPluginManager: Mounting plugin ImgMedia
LogPluginManager: Mounting plugin LinearTimecode
LogPluginManager: Mounting plugin MediaCompositing
LogPluginManager: Mounting plugin MediaPlayerEditor
LogPluginManager: Mounting plugin WebMMedia
LogPluginManager: Mounting plugin WmfMedia
LogPluginManager: Mounting plugin TcpMessaging
LogPluginManager: Mounting plugin UdpMessaging
LogPluginManager: Mounting plugin ActorSequence
LogPluginManager: Mounting plugin LevelSequenceEditor
LogPluginManager: Mounting plugin MatineeToLevelSequence
LogPluginManager: Mounting plugin NetcodeUnitTest
LogPluginManager: Mounting plugin NUTUnrealEngine4
LogPluginManager: Mounting plugin OnlineSubsystemGooglePlay
LogPluginManager: Mounting plugin OnlineSubsystemIOS
LogPluginManager: Mounting plugin OnlineSubsystem
LogPluginManager: Mounting plugin OnlineSubsystemNull
LogPluginManager: Mounting plugin OnlineSubsystemUtils
LogPluginManager: Mounting plugin LauncherChunkInstaller
LogPluginManager: Mounting plugin AndroidDeviceProfileSelector
LogPluginManager: Mounting plugin AndroidMoviePlayer
LogPluginManager: Mounting plugin AndroidPermission
LogPluginManager: Mounting plugin AppleMoviePlayer
LogPluginManager: Mounting plugin ArchVisCharacter
LogPluginManager: Mounting plugin AudioCapture
LogPluginManager: Mounting plugin CableComponent
LogPluginManager: Mounting plugin CustomMeshComponent
LogPluginManager: Mounting plugin EditableMesh
LogPluginManager: Mounting plugin ExampleDeviceProfileSelector
LogPluginManager: Mounting plugin Firebase
LogPluginManager: Mounting plugin GoogleCloudMessaging
LogPluginManager: Mounting plugin IOSDeviceProfileSelector
LogPluginManager: Mounting plugin LinuxDeviceProfileSelector
LogPluginManager: Mounting plugin LocationServicesBPLibrary
LogPluginManager: Mounting plugin MobilePatchingUtils
LogPluginManager: Mounting plugin OculusVR
LogPluginManager: Mounting plugin PhysXVehicles
LogPluginManager: Mounting plugin ProceduralMeshComponent
LogPluginManager: Mounting plugin RuntimePhysXCooking
LogPluginManager: Mounting plugin SignificanceManager
LogPluginManager: Mounting plugin SteamVR
LogPluginManager: Mounting plugin WebMMoviePlayer
LogPluginManager: Mounting plugin WindowsMoviePlayer
LogInit: Using libcurl 7.55.1-DEV
LogInit:  - built for x86_64-pc-win32
LogInit:  - supports SSL with OpenSSL/1.1.1
LogInit:  - supports HTTP deflate (compression) using libz 1.2.8
LogInit:  - other features:
LogInit:      CURL_VERSION_SSL
LogInit:      CURL_VERSION_LIBZ
LogInit:      CURL_VERSION_IPV6
LogInit:      CURL_VERSION_ASYNCHDNS
LogInit:      CURL_VERSION_LARGEFILE
LogInit:      CURL_VERSION_IDN
LogInit:  CurlRequestOptions (configurable via config and command line):
LogInit:  - bVerifyPeer = true  - Libcurl will verify peer certificate
LogInit:  - bUseHttpProxy = false  - Libcurl will NOT use HTTP proxy
LogInit:  - bDontReuseConnections = false  - Libcurl will reuse connections
LogInit:  - MaxHostConnections = 16  - Libcurl will limit the number of connections to a host
LogInit:  - LocalHostAddr = Default
LogInit:  - BufferSize = 65536
LogInit: WinSock: version 1.1 (2.2), MaxSocks=32767, MaxUdp=65467
LogInit: Build: ++UE4+Release-4.22-CL-7053642
LogInit: Engine Version: 4.22.3-7053642+++UE4+Release-4.22
LogInit: Compatible Engine Version: 4.22.0-5660361+++UE4+Release-4.22
LogInit: Net CL: 5660361
LogInit: OS: Windows 10 (Release 1903) (), CPU: Intel(R) Core(TM) i7-4790 CPU @ 3.60GHz, GPU: NVIDIA Quadro K2200
LogInit: Compiled (64-bit): Jun 18 2019 03:09:11
LogInit: Compiled with Visual C++: 19.16.27025.01
LogInit: Build Configuration: Development
LogInit: Branch Name: ++UE4+Release-4.22
LogInit: Command Line:  -skipcompile
LogInit: Base Directory: C:/Program Files/Epic Games/UE_4.22/Engine/Binaries/Win64/
LogInit: Installed Engine Build: 1
LogDevObjectVersion: Number of dev versions registered: 23
LogDevObjectVersion:   Dev-Blueprints (B0D832E4-1F89-4F0D-ACCF-7EB736FD4AA2): 10
LogDevObjectVersion:   Dev-Build (E1C64328-A22C-4D53-A36C-8E866417BD8C): 0
LogDevObjectVersion:   Dev-Core (375EC13C-06E4-48FB-B500-84F0262A717E): 3
LogDevObjectVersion:   Dev-Editor (E4B068ED-F494-42E9-A231-DA0B2E46BB41): 30
LogDevObjectVersion:   Dev-Framework (CFFC743F-43B0-4480-9391-14DF171D2073): 35
LogDevObjectVersion:   Dev-Mobile (B02B49B5-BB20-44E9-A304-32B752E40360): 2
LogDevObjectVersion:   Dev-Networking (A4E4105C-59A1-49B5-A7C5-40C4547EDFEE): 0
LogDevObjectVersion:   Dev-Online (39C831C9-5AE6-47DC-9A44-9C173E1C8E7C): 0
LogDevObjectVersion:   Dev-Physics (78F01B33-EBEA-4F98-B9B4-84EACCB95AA2): 0
LogDevObjectVersion:   Dev-Platform (6631380F-2D4D-43E0-8009-CF276956A95A): 0
LogDevObjectVersion:   Dev-Rendering (12F88B9F-8875-4AFC-A67C-D90C383ABD29): 28
LogDevObjectVersion:   Dev-Sequencer (7B5AE74C-D270-4C10-A958-57980B212A5A): 11
LogDevObjectVersion:   Dev-VR (D7296918-1DD6-4BDD-9DE2-64A83CC13884): 2
LogDevObjectVersion:   Dev-LoadTimes (C2A15278-BFE7-4AFE-6C17-90FF531DF755): 1
LogDevObjectVersion:   Private-Geometry (6EACA3D4-40EC-4CC1-B786-8BED09428FC5): 3
LogDevObjectVersion:   Dev-AnimPhys (29E575DD-E0A3-4627-9D10-D276232CDCEA): 17
LogDevObjectVersion:   Dev-Anim (AF43A65D-7FD3-4947-9873-3E8ED9C1BB05): 2
LogDevObjectVersion:   Dev-ReflectionCapture (6B266CEC-1EC7-4B8F-A30B-E4D90942FC07): 1
LogDevObjectVersion:   Dev-Automation (0DF73D61-A23F-47EA-B727-89E90C41499A): 1
LogDevObjectVersion:   FortniteMain (601D1886-AC64-4F84-AA16-D3DE0DEAC7D6): 25
LogDevObjectVersion:   Dev-Enterprise (9DFFBCD6-494F-0158-E221-12823C92A888): 6
LogDevObjectVersion:   Dev-Niagara (F2AED0AC-9AFE-416F-8664-AA7FFA26D6FC): 1
LogDevObjectVersion:   Dev-Destruction (174F1F0B-B4C6-45A5-B13F-2EE8D0FB917D): 2
LogInit: Presizing for max 16777216 objects, including 0 objects not considered by GC, pre-allocating 0 bytes for permanent pool.
LogInit: Object subsystem initialized
LogConfig: Setting CVar [[con.DebugEarlyDefault:1]]
LogConfig: Setting CVar [[r.setres:1280x720]]
[2019.12.13-17.54.49:042][  0]LogConfig: Setting CVar [[r.VSync:0]]
[2019.12.13-17.54.49:042][  0]LogConfig: Setting CVar [[r.RHICmdBypass:0]]
[2019.12.13-17.54.49:042][  0]LogConfig: Applying CVar settings from Section [/Script/Engine.RendererSettings] File [C:/Users/ALUMNO/Documents/GitHub/UntitledHorrorGame/NoNameProject/Saved/Config/Windows/Engine.ini]
[2019.12.13-17.54.49:042][  0]LogConfig: Setting CVar [[r.GPUCrashDebugging:0]]
[2019.12.13-17.54.49:042][  0]LogConfig: Setting CVar [[r.DefaultFeature.AutoExposure.ExtendDefaultLuminanceRange:1]]
[2019.12.13-17.54.49:042][  0]LogConfig: Setting CVar [[r.ReflectionCaptureResolution:512]]
[2019.12.13-17.54.49:042][  0]LogConfig: Applying CVar settings from Section [/Script/Engine.RendererOverrideSettings] File [C:/Users/ALUMNO/Documents/GitHub/UntitledHorrorGame/NoNameProject/Saved/Config/Windows/Engine.ini]
[2019.12.13-17.54.49:042][  0]LogConfig: Applying CVar settings from Section [/Script/Engine.StreamingSettings] File [C:/Users/ALUMNO/Documents/GitHub/UntitledHorrorGame/NoNameProject/Saved/Config/Windows/Engine.ini]
[2019.12.13-17.54.49:043][  0]LogConfig: Setting CVar [[s.MinBulkDataSizeForAsyncLoading:131072]]
[2019.12.13-17.54.49:043][  0]LogConfig: Setting CVar [[s.AsyncLoadingThreadEnabled:0]]
[2019.12.13-17.54.49:043][  0]LogConfig: Setting CVar [[s.EventDrivenLoaderEnabled:1]]
[2019.12.13-17.54.49:043][  0]LogConfig: Setting CVar [[s.WarnIfTimeLimitExceeded:0]]
[2019.12.13-17.54.49:043][  0]LogConfig: Setting CVar [[s.TimeLimitExceededMultiplier:1.5]]
[2019.12.13-17.54.49:043][  0]LogConfig: Setting CVar [[s.TimeLimitExceededMinTime:0.005]]
[2019.12.13-17.54.49:043][  0]LogConfig: Setting CVar [[s.UseBackgroundLevelStreaming:1]]
[2019.12.13-17.54.49:043][  0]LogConfig: Setting CVar [[s.PriorityAsyncLoadingExtraTime:15.0]]
[2019.12.13-17.54.49:043][  0]LogConfig: Setting CVar [[s.LevelStreamingActorsUpdateTimeLimit:5.0]]
[2019.12.13-17.54.49:043][  0]LogConfig: Setting CVar [[s.PriorityLevelStreamingActorsUpdateExtraTime:5.0]]
[2019.12.13-17.54.49:043][  0]LogConfig: Setting CVar [[s.LevelStreamingComponentsRegistrationGranularity:10]]
[2019.12.13-17.54.49:043][  0]LogConfig: Setting CVar [[s.UnregisterComponentsTimeLimit:1.0]]
[2019.12.13-17.54.49:043][  0]LogConfig: Setting CVar [[s.LevelStreamingComponentsUnregistrationGranularity:5]]
[2019.12.13-17.54.49:043][  0]LogConfig: Applying CVar settings from Section [/Script/Engine.GarbageCollectionSettings] File [C:/Users/ALUMNO/Documents/GitHub/UntitledHorrorGame/NoNameProject/Saved/Config/Windows/Engine.ini]
[2019.12.13-17.54.49:043][  0]LogConfig: Setting CVar [[gc.MaxObjectsNotConsideredByGC:1]]
[2019.12.13-17.54.49:043][  0]LogConfig: Setting CVar [[gc.SizeOfPermanentObjectPool:0]]
[2019.12.13-17.54.49:044][  0]LogConfig: Setting CVar [[gc.FlushStreamingOnGC:0]]
[2019.12.13-17.54.49:044][  0]LogConfig: Setting CVar [[gc.NumRetriesBeforeForcingGC:10]]
[2019.12.13-17.54.49:044][  0]LogConfig: Setting CVar [[gc.AllowParallelGC:1]]
[2019.12.13-17.54.49:044][  0]LogConfig: Setting CVar [[gc.TimeBetweenPurgingPendingKillObjects:61.1]]
[2019.12.13-17.54.49:044][  0]LogConfig: Setting CVar [[gc.MaxObjectsInEditor:16777216]]
[2019.12.13-17.54.49:044][  0]LogConfig: Setting CVar [[gc.IncrementalBeginDestroyEnabled:1]]
[2019.12.13-17.54.49:044][  0]LogConfig: Setting CVar [[gc.CreateGCClusters:1]]
[2019.12.13-17.54.49:044][  0]LogConfig: Setting CVar [[gc.MinGCClusterSize:5]]
[2019.12.13-17.54.49:044][  0]LogConfig: Setting CVar [[gc.ActorClusteringEnabled:0]]
[2019.12.13-17.54.49:044][  0]LogConfig: Setting CVar [[gc.BlueprintClusteringEnabled:0]]
[2019.12.13-17.54.49:044][  0]LogConfig: Setting CVar [[gc.UseDisregardForGCOnDedicatedServers:0]]
[2019.12.13-17.54.49:044][  0]LogConfig: Applying CVar settings from Section [/Script/Engine.NetworkSettings] File [C:/Users/ALUMNO/Documents/GitHub/UntitledHorrorGame/NoNameProject/Saved/Config/Windows/Engine.ini]
[2019.12.13-17.54.49:044][  0]LogConfig: Applying CVar settings from Section [/Script/UnrealEd.CookerSettings] File [C:/Users/ALUMNO/Documents/GitHub/UntitledHorrorGame/NoNameProject/Saved/Config/Windows/Engine.ini]
[2019.12.13-17.54.49:053][  0]LogConfig: Applying CVar settings from Section [ViewDistanceQuality@3] File [C:/Users/ALUMNO/Documents/GitHub/UntitledHorrorGame/NoNameProject/Saved/Config/Windows/Scalability.ini]
[2019.12.13-17.54.49:053][  0]LogConfig: Setting CVar [[r.SkeletalMeshLODBias:0]]
[2019.12.13-17.54.49:053][  0]LogConfig: Setting CVar [[r.ViewDistanceScale:1.0]]
[2019.12.13-17.54.49:053][  0]LogConfig: Applying CVar settings from Section [AntiAliasingQuality@3] File [C:/Users/ALUMNO/Documents/GitHub/UntitledHorrorGame/NoNameProject/Saved/Config/Windows/Scalability.ini]
[2019.12.13-17.54.49:053][  0]LogConfig: Setting CVar [[r.PostProcessAAQuality:4]]
[2019.12.13-17.54.49:054][  0]LogConfig: Applying CVar settings from Section [ShadowQuality@3] File [C:/Users/ALUMNO/Documents/GitHub/UntitledHorrorGame/NoNameProject/Saved/Config/Windows/Scalability.ini]
[2019.12.13-17.54.49:054][  0]LogConfig: Setting CVar [[r.LightFunctionQuality:1]]
[2019.12.13-17.54.49:054][  0]LogConfig: Setting CVar [[r.ShadowQuality:5]]
[2019.12.13-17.54.49:054][  0]LogConfig: Setting CVar [[r.Shadow.CSM.MaxCascades:10]]
[2019.12.13-17.54.49:054][  0]LogConfig: Setting CVar [[r.Shadow.MaxResolution:2048]]
[2019.12.13-17.54.49:054][  0]LogConfig: Setting CVar [[r.Shadow.MaxCSMResolution:2048]]
[2019.12.13-17.54.49:054][  0]LogConfig: Setting CVar [[r.Shadow.RadiusThreshold:0.01]]
[2019.12.13-17.54.49:054][  0]LogConfig: Setting CVar [[r.Shadow.DistanceScale:1.0]]
[2019.12.13-17.54.49:054][  0]LogConfig: Setting CVar [[r.Shadow.CSM.TransitionScale:1.0]]
[2019.12.13-17.54.49:054][  0]LogConfig: Setting CVar [[r.Shadow.PreShadowResolutionFactor:1.0]]
[2019.12.13-17.54.49:054][  0]LogConfig: Setting CVar [[r.DistanceFieldShadowing:1]]
[2019.12.13-17.54.49:054][  0]LogConfig: Setting CVar [[r.DistanceFieldAO:1]]
[2019.12.13-17.54.49:054][  0]LogConfig: Setting CVar [[r.AOQuality:2]]
[2019.12.13-17.54.49:054][  0]LogConfig: Setting CVar [[r.VolumetricFog:1]]
[2019.12.13-17.54.49:054][  0]LogConfig: Setting CVar [[r.VolumetricFog.GridPixelSize:8]]
[2019.12.13-17.54.49:054][  0]LogConfig: Setting CVar [[r.VolumetricFog.GridSizeZ:128]]
[2019.12.13-17.54.49:054][  0]LogConfig: Setting CVar [[r.VolumetricFog.HistoryMissSupersampleCount:4]]
[2019.12.13-17.54.49:054][  0]LogConfig: Setting CVar [[r.LightMaxDrawDistanceScale:1]]
[2019.12.13-17.54.49:055][  0]LogConfig: Setting CVar [[r.CapsuleShadows:1]]
[2019.12.13-17.54.49:055][  0]LogConfig: Applying CVar settings from Section [PostProcessQuality@3] File [C:/Users/ALUMNO/Documents/GitHub/UntitledHorrorGame/NoNameProject/Saved/Config/Windows/Scalability.ini]
[2019.12.13-17.54.49:055][  0]LogConfig: Setting CVar [[r.MotionBlurQuality:4]]
[2019.12.13-17.54.49:055][  0]LogConfig: Setting CVar [[r.AmbientOcclusionMipLevelFactor:0.4]]
[2019.12.13-17.54.49:055][  0]LogConfig: Setting CVar [[r.AmbientOcclusionMaxQuality:100]]
[2019.12.13-17.54.49:055][  0]LogConfig: Setting CVar [[r.AmbientOcclusionLevels:-1]]
[2019.12.13-17.54.49:055][  0]LogConfig: Setting CVar [[r.AmbientOcclusionRadiusScale:1.0]]
[2019.12.13-17.54.49:055][  0]LogConfig: Setting CVar [[r.DepthOfFieldQuality:2]]
[2019.12.13-17.54.49:055][  0]LogConfig: Setting CVar [[r.RenderTargetPoolMin:400]]
[2019.12.13-17.54.49:055][  0]LogConfig: Setting CVar [[r.LensFlareQuality:2]]
[2019.12.13-17.54.49:055][  0]LogConfig: Setting CVar [[r.SceneColorFringeQuality:1]]
[2019.12.13-17.54.49:055][  0]LogConfig: Setting CVar [[r.EyeAdaptationQuality:2]]
[2019.12.13-17.54.49:055][  0]LogConfig: Setting CVar [[r.BloomQuality:5]]
[2019.12.13-17.54.49:055][  0]LogConfig: Setting CVar [[r.FastBlurThreshold:100]]
[2019.12.13-17.54.49:055][  0]LogConfig: Setting CVar [[r.Upscale.Quality:3]]
[2019.12.13-17.54.49:055][  0]LogConfig: Setting CVar [[r.Tonemapper.GrainQuantization:1]]
[2019.12.13-17.54.49:056][  0]LogConfig: Setting CVar [[r.LightShaftQuality:1]]
[2019.12.13-17.54.49:056][  0]LogConfig: Setting CVar [[r.Filter.SizeScale:1]]
[2019.12.13-17.54.49:056][  0]LogConfig: Setting CVar [[r.Tonemapper.Quality:5]]
[2019.12.13-17.54.49:056][  0]LogConfig: Setting CVar [[r.DOF.Gather.AccumulatorQuality:1        ; higher gathering accumulator quality]]
[2019.12.13-17.54.49:056][  0]LogConfig: Setting CVar [[r.DOF.Gather.PostfilterMethod:1          ; Median3x3 postfilering method]]
[2019.12.13-17.54.49:056][  0]LogConfig: Setting CVar [[r.DOF.Gather.EnableBokehSettings:0       ; no bokeh simulation when gathering]]
[2019.12.13-17.54.49:056][  0]LogConfig: Setting CVar [[r.DOF.Gather.RingCount:4                 ; medium number of samples when gathering]]
[2019.12.13-17.54.49:056][  0]LogConfig: Setting CVar [[r.DOF.Scatter.ForegroundCompositing:1    ; additive foreground scattering]]
[2019.12.13-17.54.49:056][  0]LogConfig: Setting CVar [[r.DOF.Scatter.BackgroundCompositing:2    ; additive background scattering]]
[2019.12.13-17.54.49:056][  0]LogConfig: Setting CVar [[r.DOF.Scatter.EnableBokehSettings:1      ; bokeh simulation when scattering]]
[2019.12.13-17.54.49:056][  0]LogConfig: Setting CVar [[r.DOF.Scatter.MaxSpriteRatio:0.1         ; only a maximum of 10% of scattered bokeh]]
[2019.12.13-17.54.49:056][  0]LogConfig: Setting CVar [[r.DOF.Recombine.Quality:1                ; cheap slight out of focus]]
[2019.12.13-17.54.49:056][  0]LogConfig: Setting CVar [[r.DOF.Recombine.EnableBokehSettings:0    ; no bokeh simulation on slight out of focus]]
[2019.12.13-17.54.49:056][  0]LogConfig: Setting CVar [[r.DOF.TemporalAAQuality:1                ; more stable temporal accumulation]]
[2019.12.13-17.54.49:056][  0]LogConfig: Setting CVar [[r.DOF.Kernel.MaxForegroundRadius:0.025]]
[2019.12.13-17.54.49:056][  0]LogConfig: Setting CVar [[r.DOF.Kernel.MaxBackgroundRadius:0.025]]
[2019.12.13-17.54.49:056][  0]LogConfig: Applying CVar settings from Section [TextureQuality@3] File [C:/Users/ALUMNO/Documents/GitHub/UntitledHorrorGame/NoNameProject/Saved/Config/Windows/Scalability.ini]
[2019.12.13-17.54.49:056][  0]LogConfig: Setting CVar [[r.Streaming.MipBias:0]]
[2019.12.13-17.54.49:057][  0]LogConfig: Setting CVar [[r.Streaming.AmortizeCPUToGPUCopy:0]]
[2019.12.13-17.54.49:057][  0]LogConfig: Setting CVar [[r.Streaming.MaxNumTexturesToStreamPerFrame:0]]
[2019.12.13-17.54.49:057][  0]LogConfig: Setting CVar [[r.Streaming.Boost:1]]
[2019.12.13-17.54.49:057][  0]LogConfig: Setting CVar [[r.MaxAnisotropy:8]]
[2019.12.13-17.54.49:057][  0]LogConfig: Setting CVar [[r.Streaming.LimitPoolSizeToVRAM:0]]
[2019.12.13-17.54.49:057][  0]LogConfig: Setting CVar [[r.Streaming.PoolSize:1000]]
[2019.12.13-17.54.49:057][  0]LogConfig: Setting CVar [[r.Streaming.MaxEffectiveScreenSize:0]]
[2019.12.13-17.54.49:057][  0]LogConfig: Applying CVar settings from Section [EffectsQuality@3] File [C:/Users/ALUMNO/Documents/GitHub/UntitledHorrorGame/NoNameProject/Saved/Config/Windows/Scalability.ini]
[2019.12.13-17.54.49:057][  0]LogConfig: Setting CVar [[r.TranslucencyLightingVolumeDim:64]]
[2019.12.13-17.54.49:057][  0]LogConfig: Setting CVar [[r.RefractionQuality:2]]
[2019.12.13-17.54.49:057][  0]LogConfig: Setting CVar [[r.SSR.Quality:3]]
[2019.12.13-17.54.49:057][  0]LogConfig: Setting CVar [[r.SceneColorFormat:4]]
[2019.12.13-17.54.49:057][  0]LogConfig: Setting CVar [[r.DetailMode:2]]
[2019.12.13-17.54.49:057][  0]LogConfig: Setting CVar [[r.TranslucencyVolumeBlur:1]]
[2019.12.13-17.54.49:057][  0]LogConfig: Setting CVar [[r.MaterialQualityLevel:1 ; High quality]]
[2019.12.13-17.54.49:057][  0]LogConfig: Setting CVar [[r.SSS.Scale:1]]
[2019.12.13-17.54.49:057][  0]LogConfig: Setting CVar [[r.SSS.SampleSet:2]]
[2019.12.13-17.54.49:057][  0]LogConfig: Setting CVar [[r.SSS.Quality:1]]
[2019.12.13-17.54.49:057][  0]LogConfig: Setting CVar [[r.SSS.HalfRes:1]]
[2019.12.13-17.54.49:058][  0]LogConfig: Setting CVar [[r.EmitterSpawnRateScale:1.0]]
[2019.12.13-17.54.49:058][  0]LogConfig: Setting CVar [[r.ParticleLightQuality:2]]
[2019.12.13-17.54.49:058][  0]LogConfig: Applying CVar settings from Section [FoliageQuality@3] File [C:/Users/ALUMNO/Documents/GitHub/UntitledHorrorGame/NoNameProject/Saved/Config/Windows/Scalability.ini]
[2019.12.13-17.54.49:058][  0]LogConfig: Setting CVar [[foliage.DensityScale:1.0]]
[2019.12.13-17.54.49:058][  0]LogConfig: Setting CVar [[grass.DensityScale:1.0]]
[2019.12.13-17.54.49:058][  0]LogInit: Selected Device Profile: [Windows]
[2019.12.13-17.54.49:058][  0]LogInit: Applying CVar settings loaded from the selected device profile: [Windows]
[2019.12.13-17.54.49:071][  0]LogHAL: Display: Platform has ~ 16 GB [17098399744 / 17179869184 / 16], which maps to Larger [LargestMinGB=32, LargerMinGB=12, DefaultMinGB=8, SmallerMinGB=6, SmallestMinGB=0)
[2019.12.13-17.54.49:071][  0]LogConfig: Setting CVar [[r.Vulkan.UseRealUBs:0		; Required until we fix HLR fall-out]]
[2019.12.13-17.54.49:071][  0]LogInit: Going up to parent DeviceProfile []
[2019.12.13-17.54.49:071][  0]LogConfig: Applying CVar settings from Section [ViewDistanceQuality@3] File [C:/Users/ALUMNO/Documents/GitHub/UntitledHorrorGame/NoNameProject/Saved/Config/Windows/Scalability.ini]
[2019.12.13-17.54.49:071][  0]LogConfig: Setting CVar [[r.SkeletalMeshLODBias:0]]
[2019.12.13-17.54.49:072][  0]LogConfig: Setting CVar [[r.ViewDistanceScale:1.0]]
[2019.12.13-17.54.49:072][  0]LogConfig: Applying CVar settings from Section [AntiAliasingQuality@3] File [C:/Users/ALUMNO/Documents/GitHub/UntitledHorrorGame/NoNameProject/Saved/Config/Windows/Scalability.ini]
[2019.12.13-17.54.49:072][  0]LogConfig: Setting CVar [[r.PostProcessAAQuality:4]]
[2019.12.13-17.54.49:072][  0]LogConfig: Applying CVar settings from Section [ShadowQuality@3] File [C:/Users/ALUMNO/Documents/GitHub/UntitledHorrorGame/NoNameProject/Saved/Config/Windows/Scalability.ini]
[2019.12.13-17.54.49:072][  0]LogConfig: Setting CVar [[r.LightFunctionQuality:1]]
[2019.12.13-17.54.49:072][  0]LogConfig: Setting CVar [[r.ShadowQuality:5]]
[2019.12.13-17.54.49:072][  0]LogConfig: Setting CVar [[r.Shadow.CSM.MaxCascades:10]]
[2019.12.13-17.54.49:072][  0]LogConfig: Setting CVar [[r.Shadow.MaxResolution:2048]]
[2019.12.13-17.54.49:072][  0]LogConfig: Setting CVar [[r.Shadow.MaxCSMResolution:2048]]
[2019.12.13-17.54.49:072][  0]LogConfig: Setting CVar [[r.Shadow.RadiusThreshold:0.01]]
[2019.12.13-17.54.49:072][  0]LogConfig: Setting CVar [[r.Shadow.DistanceScale:1.0]]
[2019.12.13-17.54.49:072][  0]LogConfig: Setting CVar [[r.Shadow.CSM.TransitionScale:1.0]]
[2019.12.13-17.54.49:072][  0]LogConfig: Setting CVar [[r.Shadow.PreShadowResolutionFactor:1.0]]
[2019.12.13-17.54.49:072][  0]LogConfig: Setting CVar [[r.DistanceFieldShadowing:1]]
[2019.12.13-17.54.49:072][  0]LogConfig: Setting CVar [[r.DistanceFieldAO:1]]
[2019.12.13-17.54.49:072][  0]LogConfig: Setting CVar [[r.AOQuality:2]]
[2019.12.13-17.54.49:073][  0]LogConfig: Setting CVar [[r.VolumetricFog:1]]
[2019.12.13-17.54.49:073][  0]LogConfig: Setting CVar [[r.VolumetricFog.GridPixelSize:8]]
[2019.12.13-17.54.49:073][  0]LogConfig: Setting CVar [[r.VolumetricFog.GridSizeZ:128]]
[2019.12.13-17.54.49:073][  0]LogConfig: Setting CVar [[r.VolumetricFog.HistoryMissSupersampleCount:4]]
[2019.12.13-17.54.49:073][  0]LogConfig: Setting CVar [[r.LightMaxDrawDistanceScale:1]]
[2019.12.13-17.54.49:073][  0]LogConfig: Setting CVar [[r.CapsuleShadows:1]]
[2019.12.13-17.54.49:073][  0]LogConfig: Applying CVar settings from Section [PostProcessQuality@3] File [C:/Users/ALUMNO/Documents/GitHub/UntitledHorrorGame/NoNameProject/Saved/Config/Windows/Scalability.ini]
[2019.12.13-17.54.49:073][  0]LogConfig: Setting CVar [[r.MotionBlurQuality:4]]
[2019.12.13-17.54.49:073][  0]LogConfig: Setting CVar [[r.AmbientOcclusionMipLevelFactor:0.4]]
[2019.12.13-17.54.49:073][  0]LogConfig: Setting CVar [[r.AmbientOcclusionMaxQuality:100]]
[2019.12.13-17.54.49:073][  0]LogConfig: Setting CVar [[r.AmbientOcclusionLevels:-1]]
[2019.12.13-17.54.49:073][  0]LogConfig: Setting CVar [[r.AmbientOcclusionRadiusScale:1.0]]
[2019.12.13-17.54.49:073][  0]LogConfig: Setting CVar [[r.DepthOfFieldQuality:2]]
[2019.12.13-17.54.49:073][  0]LogConfig: Setting CVar [[r.RenderTargetPoolMin:400]]
[2019.12.13-17.54.49:073][  0]LogConfig: Setting CVar [[r.LensFlareQuality:2]]
[2019.12.13-17.54.49:073][  0]LogConfig: Setting CVar [[r.SceneColorFringeQuality:1]]
[2019.12.13-17.54.49:074][  0]LogConfig: Setting CVar [[r.EyeAdaptationQuality:2]]
[2019.12.13-17.54.49:074][  0]LogConfig: Setting CVar [[r.BloomQuality:5]]
[2019.12.13-17.54.49:074][  0]LogConfig: Setting CVar [[r.FastBlurThreshold:100]]
[2019.12.13-17.54.49:074][  0]LogConfig: Setting CVar [[r.Upscale.Quality:3]]
[2019.12.13-17.54.49:074][  0]LogConfig: Setting CVar [[r.Tonemapper.GrainQuantization:1]]
[2019.12.13-17.54.49:074][  0]LogConfig: Setting CVar [[r.LightShaftQuality:1]]
[2019.12.13-17.54.49:074][  0]LogConfig: Setting CVar [[r.Filter.SizeScale:1]]
[2019.12.13-17.54.49:074][  0]LogConfig: Setting CVar [[r.Tonemapper.Quality:5]]
[2019.12.13-17.54.49:074][  0]LogConfig: Setting CVar [[r.DOF.Gather.AccumulatorQuality:1        ; higher gathering accumulator quality]]
[2019.12.13-17.54.49:074][  0]LogConfig: Setting CVar [[r.DOF.Gather.PostfilterMethod:1          ; Median3x3 postfilering method]]
[2019.12.13-17.54.49:074][  0]LogConfig: Setting CVar [[r.DOF.Gather.EnableBokehSettings:0       ; no bokeh simulation when gathering]]
[2019.12.13-17.54.49:074][  0]LogConfig: Setting CVar [[r.DOF.Gather.RingCount:4                 ; medium number of samples when gathering]]
[2019.12.13-17.54.49:074][  0]LogConfig: Setting CVar [[r.DOF.Scatter.ForegroundCompositing:1    ; additive foreground scattering]]
[2019.12.13-17.54.49:074][  0]LogConfig: Setting CVar [[r.DOF.Scatter.BackgroundCompositing:2    ; additive background scattering]]
[2019.12.13-17.54.49:075][  0]LogConfig: Setting CVar [[r.DOF.Scatter.EnableBokehSettings:1      ; bokeh simulation when scattering]]
[2019.12.13-17.54.49:075][  0]LogConfig: Setting CVar [[r.DOF.Scatter.MaxSpriteRatio:0.1         ; only a maximum of 10% of scattered bokeh]]
[2019.12.13-17.54.49:075][  0]LogConfig: Setting CVar [[r.DOF.Recombine.Quality:1                ; cheap slight out of focus]]
[2019.12.13-17.54.49:075][  0]LogConfig: Setting CVar [[r.DOF.Recombine.EnableBokehSettings:0    ; no bokeh simulation on slight out of focus]]
[2019.12.13-17.54.49:075][  0]LogConfig: Setting CVar [[r.DOF.TemporalAAQuality:1                ; more stable temporal accumulation]]
[2019.12.13-17.54.49:075][  0]LogConfig: Setting CVar [[r.DOF.Kernel.MaxForegroundRadius:0.025]]
[2019.12.13-17.54.49:075][  0]LogConfig: Setting CVar [[r.DOF.Kernel.MaxBackgroundRadius:0.025]]
[2019.12.13-17.54.49:075][  0]LogConfig: Applying CVar settings from Section [TextureQuality@3] File [C:/Users/ALUMNO/Documents/GitHub/UntitledHorrorGame/NoNameProject/Saved/Config/Windows/Scalability.ini]
[2019.12.13-17.54.49:075][  0]LogConfig: Setting CVar [[r.Streaming.MipBias:0]]
[2019.12.13-17.54.49:075][  0]LogConfig: Setting CVar [[r.Streaming.AmortizeCPUToGPUCopy:0]]
[2019.12.13-17.54.49:075][  0]LogConfig: Setting CVar [[r.Streaming.MaxNumTexturesToStreamPerFrame:0]]
[2019.12.13-17.54.49:075][  0]LogConfig: Setting CVar [[r.Streaming.Boost:1]]
[2019.12.13-17.54.49:075][  0]LogConfig: Setting CVar [[r.MaxAnisotropy:8]]
[2019.12.13-17.54.49:075][  0]LogConfig: Setting CVar [[r.Streaming.LimitPoolSizeToVRAM:0]]
[2019.12.13-17.54.49:075][  0]LogConfig: Setting CVar [[r.Streaming.PoolSize:1000]]
[2019.12.13-17.54.49:075][  0]LogConfig: Setting CVar [[r.Streaming.MaxEffectiveScreenSize:0]]
[2019.12.13-17.54.49:075][  0]LogConfig: Applying CVar settings from Section [EffectsQuality@3] File [C:/Users/ALUMNO/Documents/GitHub/UntitledHorrorGame/NoNameProject/Saved/Config/Windows/Scalability.ini]
[2019.12.13-17.54.49:076][  0]LogConfig: Setting CVar [[r.TranslucencyLightingVolumeDim:64]]
[2019.12.13-17.54.49:076][  0]LogConfig: Setting CVar [[r.RefractionQuality:2]]
[2019.12.13-17.54.49:076][  0]LogConfig: Setting CVar [[r.SSR.Quality:3]]
[2019.12.13-17.54.49:076][  0]LogConfig: Setting CVar [[r.SceneColorFormat:4]]
[2019.12.13-17.54.49:076][  0]LogConfig: Setting CVar [[r.DetailMode:2]]
[2019.12.13-17.54.49:076][  0]LogConfig: Setting CVar [[r.TranslucencyVolumeBlur:1]]
[2019.12.13-17.54.49:076][  0]LogConfig: Setting CVar [[r.MaterialQualityLevel:1 ; High quality]]
[2019.12.13-17.54.49:076][  0]LogConfig: Setting CVar [[r.SSS.Scale:1]]
[2019.12.13-17.54.49:076][  0]LogConfig: Setting CVar [[r.SSS.SampleSet:2]]
[2019.12.13-17.54.49:076][  0]LogConfig: Setting CVar [[r.SSS.Quality:1]]
[2019.12.13-17.54.49:076][  0]LogConfig: Setting CVar [[r.SSS.HalfRes:1]]
[2019.12.13-17.54.49:076][  0]LogConfig: Setting CVar [[r.EmitterSpawnRateScale:1.0]]
[2019.12.13-17.54.49:076][  0]LogConfig: Setting CVar [[r.ParticleLightQuality:2]]
[2019.12.13-17.54.49:076][  0]LogConfig: Applying CVar settings from Section [FoliageQuality@3] File [C:/Users/ALUMNO/Documents/GitHub/UntitledHorrorGame/NoNameProject/Saved/Config/Windows/Scalability.ini]
[2019.12.13-17.54.49:076][  0]LogConfig: Setting CVar [[foliage.DensityScale:1.0]]
[2019.12.13-17.54.49:076][  0]LogConfig: Setting CVar [[grass.DensityScale:1.0]]
[2019.12.13-17.54.49:076][  0]LogConfig: Applying CVar settings from Section [Startup] File [../../../Engine/Config/ConsoleVariables.ini]
[2019.12.13-17.54.49:077][  0]LogConfig: Setting CVar [[net.UseAdaptiveNetUpdateFrequency:0]]
[2019.12.13-17.54.49:077][  0]LogConfig: Setting CVar [[p.chaos.AllowCreatePhysxBodies:1]]
[2019.12.13-17.54.49:077][  0]LogConfig: Applying CVar settings from Section [ConsoleVariables] File [C:/Users/ALUMNO/Documents/GitHub/UntitledHorrorGame/NoNameProject/Saved/Config/Windows/Engine.ini]
[2019.12.13-17.54.49:077][  0]LogInit: Computer: P-13
[2019.12.13-17.54.49:077][  0]LogInit: User: ALUMNO
[2019.12.13-17.54.49:078][  0]LogInit: CPU Page size=4096, Cores=4
[2019.12.13-17.54.49:078][  0]LogInit: High frequency timer resolution =10.000000 MHz
[2019.12.13-17.54.49:078][  0]LogMemory: Memory total: Physical=15.9GB (16GB approx)
[2019.12.13-17.54.49:078][  0]LogMemory: Platform Memory Stats for Windows
[2019.12.13-17.54.49:078][  0]LogMemory: Process Physical Memory: 98.59 MB used, 98.59 MB peak
[2019.12.13-17.54.49:078][  0]LogMemory: Process Virtual Memory: 88.93 MB used, 88.93 MB peak
[2019.12.13-17.54.49:078][  0]LogMemory: Physical Memory: 6052.00 MB used,  10254.31 MB free, 16306.30 MB total
[2019.12.13-17.54.49:078][  0]LogMemory: Virtual Memory: 4643.21 MB used,  134213088.00 MB free, 134217728.00 MB total
[2019.12.13-17.54.49:183][  0]LogInit: Overriding language with editor language configuration option (en).
[2019.12.13-17.54.49:183][  0]LogInit: Overriding locale with editor locale configuration option (en).
[2019.12.13-17.54.49:346][  0]LogInit: Setting process to per monitor DPI aware
[2019.12.13-17.54.49:405][  0]LogSlate: New Slate User Created.  User Index 0, Is Virtual User: 0
[2019.12.13-17.54.49:405][  0]LogSlate: Slate User Registered.  User Index 0, Is Virtual User: 0
[2019.12.13-17.54.49:751][  0]LogHMD: Failed to initialize OpenVR with code 110
[2019.12.13-17.54.49:751][  0]LogD3D11RHI: D3D11 adapters:
[2019.12.13-17.54.49:833][  0]LogD3D11RHI:    0. 'NVIDIA Quadro K2200' (Feature Level 11_0)
[2019.12.13-17.54.49:833][  0]LogD3D11RHI:       4053/0/8153 MB DedicatedVideo/DedicatedSystem/SharedSystem, Outputs:1, VendorId:0x10de
[2019.12.13-17.54.49:841][  0]LogD3D11RHI:    1. 'Microsoft Basic Render Driver' (Feature Level 11_0)
[2019.12.13-17.54.49:841][  0]LogD3D11RHI:       0/0/8153 MB DedicatedVideo/DedicatedSystem/SharedSystem, Outputs:0, VendorId:0x1414
[2019.12.13-17.54.49:841][  0]LogD3D11RHI: Chosen D3D11 Adapter: 0
[2019.12.13-17.54.49:846][  0]LogD3D11RHI: Creating new Direct3DDevice
[2019.12.13-17.54.49:846][  0]LogD3D11RHI:     GPU DeviceId: 0x13ba (for the marketing name, search the web for "GPU Device Id")
[2019.12.13-17.54.49:846][  0]LogWindows: EnumDisplayDevices:
[2019.12.13-17.54.49:847][  0]LogWindows:    0. 'NVIDIA Quadro K2200' (P:1 D:1)
[2019.12.13-17.54.49:847][  0]LogWindows:    1. 'NVIDIA Quadro K2200' (P:0 D:0)
[2019.12.13-17.54.49:848][  0]LogWindows:    2. 'NVIDIA Quadro K2200' (P:0 D:0)
[2019.12.13-17.54.49:848][  0]LogWindows:    3. 'NVIDIA Quadro K2200' (P:0 D:0)
[2019.12.13-17.54.49:848][  0]LogWindows: DebugString: FoundDriverCount:4 
[2019.12.13-17.54.49:848][  0]LogD3D11RHI:     Adapter Name: NVIDIA Quadro K2200
[2019.12.13-17.54.49:849][  0]LogD3D11RHI:   Driver Version: 432.00 (internal:26.21.14.3200, unified:432.00)
[2019.12.13-17.54.49:849][  0]LogD3D11RHI:      Driver Date: 7-24-2019
[2019.12.13-17.54.49:849][  0]LogRHI: Texture pool is 2837 MB (70% of 4053 MB)
[2019.12.13-17.54.49:909][  0]LogD3D11RHI: Async texture creation enabled
[2019.12.13-17.54.49:914][  0]LogRendererCore: FGlobalReadBuffer::InitRHI
[2019.12.13-17.54.49:915][  0]LogRendererCore: FGlobalReadBuffer::InitRHI
[2019.12.13-17.54.49:915][  0]LogRendererCore: FGlobalReadBuffer::InitRHI
[2019.12.13-17.54.49:923][  0]LogD3D11RHI: GPU Timing Frequency: 1000.000000 (Debug: 2 1)
[2019.12.13-17.54.50:339][  0]LogTemp: Display: Module 'AllDesktopTargetPlatform' loaded TargetPlatform 'AllDesktop'
[2019.12.13-17.54.50:359][  0]LogTemp: Display: Module 'MacClientTargetPlatform' loaded TargetPlatform 'MacClient'
[2019.12.13-17.54.50:379][  0]LogTemp: Display: Module 'MacNoEditorTargetPlatform' loaded TargetPlatform 'MacNoEditor'
[2019.12.13-17.54.50:399][  0]LogTemp: Display: Module 'MacServerTargetPlatform' loaded TargetPlatform 'MacServer'
[2019.12.13-17.54.50:421][  0]LogTemp: Display: Module 'MacTargetPlatform' loaded TargetPlatform 'Mac'
[2019.12.13-17.54.50:441][  0]LogTemp: Display: Module 'WindowsClientTargetPlatform' loaded TargetPlatform 'WindowsClient'
[2019.12.13-17.54.50:460][  0]LogTemp: Display: Module 'WindowsNoEditorTargetPlatform' loaded TargetPlatform 'WindowsNoEditor'
[2019.12.13-17.54.50:479][  0]LogTemp: Display: Module 'WindowsServerTargetPlatform' loaded TargetPlatform 'WindowsServer'
[2019.12.13-17.54.50:490][  0]LogTemp: Display: Module 'WindowsTargetPlatform' loaded TargetPlatform 'Windows'
[2019.12.13-17.54.50:598][  0]LogTemp: Display: Module 'AndroidTargetPlatform' loaded TargetPlatform 'Android'
[2019.12.13-17.54.50:598][  0]LogTemp: Display: Module 'AndroidTargetPlatform' loaded TargetPlatform 'Android_ASTC'
[2019.12.13-17.54.50:598][  0]LogTemp: Display: Module 'AndroidTargetPlatform' loaded TargetPlatform 'Android_ATC'
[2019.12.13-17.54.50:598][  0]LogTemp: Display: Module 'AndroidTargetPlatform' loaded TargetPlatform 'Android_DXT'
[2019.12.13-17.54.50:599][  0]LogTemp: Display: Module 'AndroidTargetPlatform' loaded TargetPlatform 'Android_ETC1'
[2019.12.13-17.54.50:599][  0]LogTemp: Display: Module 'AndroidTargetPlatform' loaded TargetPlatform 'Android_ETC1a'
[2019.12.13-17.54.50:599][  0]LogTemp: Display: Module 'AndroidTargetPlatform' loaded TargetPlatform 'Android_ETC2'
[2019.12.13-17.54.50:599][  0]LogTemp: Display: Module 'AndroidTargetPlatform' loaded TargetPlatform 'Android_PVRTC'
[2019.12.13-17.54.50:599][  0]LogTemp: Display: Module 'AndroidTargetPlatform' loaded TargetPlatform 'AndroidClient'
[2019.12.13-17.54.50:599][  0]LogTemp: Display: Module 'AndroidTargetPlatform' loaded TargetPlatform 'Android_ASTCClient'
[2019.12.13-17.54.50:599][  0]LogTemp: Display: Module 'AndroidTargetPlatform' loaded TargetPlatform 'Android_ATCClient'
[2019.12.13-17.54.50:599][  0]LogTemp: Display: Module 'AndroidTargetPlatform' loaded TargetPlatform 'Android_DXTClient'
[2019.12.13-17.54.50:599][  0]LogTemp: Display: Module 'AndroidTargetPlatform' loaded TargetPlatform 'Android_ETC1Client'
[2019.12.13-17.54.50:599][  0]LogTemp: Display: Module 'AndroidTargetPlatform' loaded TargetPlatform 'Android_ETC1aClient'
[2019.12.13-17.54.50:599][  0]LogTemp: Display: Module 'AndroidTargetPlatform' loaded TargetPlatform 'Android_ETC2Client'
[2019.12.13-17.54.50:599][  0]LogTemp: Display: Module 'AndroidTargetPlatform' loaded TargetPlatform 'Android_PVRTCClient'
[2019.12.13-17.54.50:599][  0]LogTemp: Display: Module 'AndroidTargetPlatform' loaded TargetPlatform 'Android_Multi'
[2019.12.13-17.54.50:599][  0]LogTemp: Display: Module 'AndroidTargetPlatform' loaded TargetPlatform 'Android_MultiClient'
[2019.12.13-17.54.50:607][  0]LogTemp: Display: Module 'HTML5TargetPlatform' loaded TargetPlatform 'HTML5'
[2019.12.13-17.54.50:679][  0]LogTemp: Display: Module 'IOSTargetPlatform' loaded TargetPlatform 'IOSClient'
[2019.12.13-17.54.50:679][  0]LogTemp: Display: Module 'IOSTargetPlatform' loaded TargetPlatform 'IOS'
[2019.12.13-17.54.50:710][  0]LogTemp: Display: Module 'TVOSTargetPlatform' loaded TargetPlatform 'TVOSClient'
[2019.12.13-17.54.50:710][  0]LogTemp: Display: Module 'TVOSTargetPlatform' loaded TargetPlatform 'TVOS'
[2019.12.13-17.54.50:727][  0]LogTemp: Display: Module 'LinuxClientTargetPlatform' loaded TargetPlatform 'LinuxClient'
[2019.12.13-17.54.50:745][  0]LogTemp: Display: Module 'LinuxNoEditorTargetPlatform' loaded TargetPlatform 'LinuxNoEditor'
[2019.12.13-17.54.50:765][  0]LogTemp: Display: Module 'LinuxServerTargetPlatform' loaded TargetPlatform 'LinuxServer'
[2019.12.13-17.54.50:786][  0]LogTemp: Display: Module 'LinuxTargetPlatform' loaded TargetPlatform 'Linux'
[2019.12.13-17.54.50:845][  0]LogTemp: Display: Module 'LuminTargetPlatform' loaded TargetPlatform 'Lumin'
[2019.12.13-17.54.50:845][  0]LogTemp: Display: Module 'LuminTargetPlatform' loaded TargetPlatform 'LuminClient'
[2019.12.13-17.54.50:845][  0]LogTargetPlatformManager: Display: Building Assets For Windows
[2019.12.13-17.54.50:868][  0]LogAudioDebug: Display: Lib vorbis DLL was dynamically loaded.
[2019.12.13-17.54.50:998][  0]LogShaderCompilers: Guid format shader working directory is -34 characters bigger than the processId version (../../../../../../Users/ALUMNO/Documents/GitHub/UntitledHorrorGame/NoNameProject/Intermediate/Shaders/WorkingDirectory/12912/).
[2019.12.13-17.54.50:999][  0]LogShaderCompilers: Cleaned the shader compiler working directory 'C:/Users/ALUMNO/AppData/Local/Temp/UnrealShaderWorkingDir/FBAA749F47F552774D7EDC81D8346BDA/'.
[2019.12.13-17.54.51:002][  0]LogXGEController: Cleaning working directory: C:/Users/ALUMNO/AppData/Local/Temp/UnrealXGEWorkingDir/
[2019.12.13-17.54.51:003][  0]LogXGEController: Cannot use XGE Controller as Incredibuild is not installed on this machine.
[2019.12.13-17.54.51:003][  0]LogShaderCompilers: Cannot use XGE Shader Compiler as Incredibuild is not installed on this machine.
[2019.12.13-17.54.51:003][  0]LogShaderCompilers: Display: Using Local Shader Compiler.
[2019.12.13-17.54.51:659][  0]LogDerivedDataCache: Display: Max Cache Size: 512 MB
[2019.12.13-17.54.51:708][  0]LogDerivedDataCache: Loaded boot cache 0.05s 71MB C:/Users/ALUMNO/AppData/Local/UnrealEngine/4.22/DerivedDataCache/Boot.ddc.
[2019.12.13-17.54.51:708][  0]LogDerivedDataCache: Display: Loaded Boot cache: C:/Users/ALUMNO/AppData/Local/UnrealEngine/4.22/DerivedDataCache/Boot.ddc
[2019.12.13-17.54.51:709][  0]LogDerivedDataCache: FDerivedDataBackendGraph:  Pak pak cache file ../../../../../../Users/ALUMNO/Documents/GitHub/UntitledHorrorGame/NoNameProject/DerivedDataCache/DDC.ddp not found, will not use a pak cache.
[2019.12.13-17.54.51:709][  0]LogDerivedDataCache: Unable to find inner node Pak for hierarchical cache Hierarchy.
[2019.12.13-17.54.51:709][  0]LogDerivedDataCache: FDerivedDataBackendGraph:  CompressedPak pak cache file ../../../../../../Users/ALUMNO/Documents/GitHub/UntitledHorrorGame/NoNameProject/DerivedDataCache/Compressed.ddp not found, will not use a pak cache.
[2019.12.13-17.54.51:709][  0]LogDerivedDataCache: Unable to find inner node CompressedPak for hierarchical cache Hierarchy.
[2019.12.13-17.54.51:721][  0]LogDerivedDataCache: Display: Pak cache opened for reading ../../../Engine/DerivedDataCache/Compressed.ddp.
[2019.12.13-17.54.51:722][  0]LogDerivedDataCache: FDerivedDataBackendGraph:  EnterprisePak pak cache file ../../../Enterprise/DerivedDataCache/Compressed.ddp not found, will not use a pak cache.
[2019.12.13-17.54.51:722][  0]LogDerivedDataCache: Unable to find inner node EnterprisePak for hierarchical cache Hierarchy.
[2019.12.13-17.54.51:735][  0]LogDerivedDataCache: Using Local data cache path C:/Users/ALUMNO/AppData/Local/UnrealEngine/Common/DerivedDataCache: Writable
[2019.12.13-17.54.51:735][  0]LogDerivedDataCache: Shared data cache path not found in *engine.ini, will not use an Shared cache.
[2019.12.13-17.54.51:735][  0]LogDerivedDataCache: Unable to find inner node Shared for hierarchical cache Hierarchy.
[2019.12.13-17.54.51:757][  0]LogMaterial: Verifying Global Shaders for PCD3D_SM5
[2019.12.13-17.54.51:758][  0]LogSlate: Using FreeType 2.6.0
[2019.12.13-17.54.51:760][  0]LogSlate: SlateFontServices - WITH_FREETYPE: 1, WITH_HARFBUZZ: 1
[2019.12.13-17.54.51:892][  0]LogAssetRegistry: FAssetRegistry took 0.0391 seconds to start up
[2019.12.13-17.54.52:321][  0]LogInit: Selected Device Profile: [Windows]
[2019.12.13-17.54.52:498][  0]LogMeshReduction: Using QuadricMeshReduction for automatic static mesh reduction
[2019.12.13-17.54.52:498][  0]LogMeshReduction: Using SimplygonMeshReduction for automatic skeletal mesh reduction
[2019.12.13-17.54.52:498][  0]LogMeshReduction: Using ProxyLODMeshReduction for automatic mesh merging
[2019.12.13-17.54.52:498][  0]LogMeshReduction: No distributed automatic mesh merging module available
[2019.12.13-17.54.52:498][  0]LogMeshMerging: No distributed automatic mesh merging module available
[2019.12.13-17.54.52:510][  0]LogNetVersion: NoNameProject 1.0.0, NetCL: 5660361, EngineNetVer: 10, GameNetVer: 0 (Checksum: 133946462)
[2019.12.13-17.54.52:993][  0]LogPackageLocalizationCache: Processed 10 localized package path(s) for 1 prioritized culture(s) in 0.046283 seconds
[2019.12.13-17.54.52:999][  0]LogUObjectArray: 42205 objects as part of root set at end of initial load.
[2019.12.13-17.54.52:999][  0]LogUObjectAllocator: 7325032 out of 0 bytes used by permanent object pool.
[2019.12.13-17.54.52:999][  0]LogUObjectArray: CloseDisregardForGC: 0/0 objects in disregard for GC pool
[2019.12.13-17.54.54:500][  0]LogTcpMessaging: Initializing TcpMessaging bridge
[2019.12.13-17.54.54:520][  0]LogUdpMessaging: Initializing bridge on interface 0.0.0.0:0 to multicast group 230.0.0.1:6666.
[2019.12.13-17.54.54:717][  0]SourceControl: Source control is disabled
[2019.12.13-17.54.54:717][  0]SourceControl: Source control is disabled
[2019.12.13-17.54.54:723][  0]SourceControl: Source control is disabled
[2019.12.13-17.54.54:727][  0]SourceControl: Source control is disabled
[2019.12.13-17.54.54:949][  0]LogAndroidPermission: UAndroidPermissionCallbackProxy::GetInstance
[2019.12.13-17.54.55:133][  0]LogOcInput: OculusInput pre-init called
[2019.12.13-17.54.56:230][  0]LogEngine: Initializing Engine...
[2019.12.13-17.54.56:231][  0]LogHMD: Failed to initialize OpenVR with code 110
[2019.12.13-17.54.56:232][  0]LogStats: UGameplayTagsManager::InitializeManager -  0.000 s
[2019.12.13-17.54.56:463][  0]LogInit: Initializing FReadOnlyCVARCache
[2019.12.13-17.54.56:482][  0]LogAIModule: Creating AISystem for world Untitled
[2019.12.13-17.54.56:520][  0]LogInit: XAudio2 using 'MX279 (2- NVIDIA High Definition Audio)' : 2 channels at 48 kHz using 16 bits per sample (channel mask 0x3)
[2019.12.13-17.54.56:559][  0]LogInit: FAudioDevice initialized.
[2019.12.13-17.54.56:560][  0]LogNetVersion: Set ProjectVersion to 1.0.0.0. Version Checksum will be recalculated on next use.
[2019.12.13-17.54.56:679][  0]LogDerivedDataCache: Saved boot cache 0.12s 71MB C:/Users/ALUMNO/AppData/Local/UnrealEngine/4.22/DerivedDataCache/Boot.ddc.
[2019.12.13-17.54.56:680][  0]LogInit: Texture streaming: Enabled
[2019.12.13-17.54.56:717][  0]LogEngineSessionManager: EngineSessionManager initialized
[2019.12.13-17.54.56:717][  0]LogEngineSessionManager: EngineSessionManager sent abnormal shutdown report. Type=Debugger, SessionId={66E78E02-4A47-0DC3-DC20-2382117A15BE}
[2019.12.13-17.54.56:743][  0]LogInit: Transaction tracking system initialized
[2019.12.13-17.54.56:791][  0]BlueprintLog: New page: Editor Load
[2019.12.13-17.54.56:956][  0]LocalizationService: Localization service is disabled
[2019.12.13-17.54.57:122][  0]LogLinker: Warning: Can't find file '/Game/FirstPersonBP/FirstPersonOverview'
[2019.12.13-17.54.57:123][  0]LogLinker: Warning: Can't find file '/Game/FirstPersonBP/FirstPersonOverview'
[2019.12.13-17.54.57:124][  0]LogUObjectGlobals: Warning: Failed to find object 'Class /Game/FirstPersonBP/FirstPersonOverview.FirstPersonOverview_C'
[2019.12.13-17.54.57:390][  0]LogFileCache: Scanning file cache for directory 'C:/Users/ALUMNO/Documents/GitHub/UntitledHorrorGame/NoNameProject/Content/' took 0.02s
[2019.12.13-17.54.57:390][  0]LogCook: Display: Max memory allowance for cook 16384mb min free memory 0mb
[2019.12.13-17.54.57:391][  0]LogCook: Display: Mobile HDR setting 1
[2019.12.13-17.54.57:725][  0]SourceControl: Source control is disabled
[2019.12.13-17.54.57:726][  0]Cmd: MAP LOAD FILE="../../../../../../Users/ALUMNO/Documents/GitHub/UntitledHorrorGame/NoNameProject/Content/PasilloCasa.umap" TEMPLATE=0 SHOWPROGRESS=1 FEATURELEVEL=3
[2019.12.13-17.54.57:726][  0]LogEditorServer: Warning: Can't find file '../../../../../../Users/ALUMNO/Documents/GitHub/UntitledHorrorGame/NoNameProject/Content/PasilloCasa.umap'
[2019.12.13-17.54.57:726][  0]Cmd: MAP CHECKDEP NOCLEARLOG
[2019.12.13-17.54.57:727][  0]MapCheck: Map check complete: 0 Error(s), 0 Warning(s), took 0.348ms to complete.
[2019.12.13-17.54.57:727][  0]LogFileHelpers: Loading map 'PasilloCasa' took 0.001
[2019.12.13-17.54.57:860][  0]LogSlate: Updating window title bar state: overlay mode, drag disabled, window buttons hidden, title bar hidden
[2019.12.13-17.54.57:868][  0]LogSlate: Updating window title bar state: overlay mode, drag disabled, window buttons hidden, title bar hidden
[2019.12.13-17.54.57:876][  0]LogSlate: Updating window title bar state: overlay mode, drag disabled, window buttons hidden, title bar hidden
[2019.12.13-17.54.57:883][  0]LogSlate: Updating window title bar state: overlay mode, drag disabled, window buttons hidden, title bar hidden
[2019.12.13-17.54.57:894][  0]LogCollectionManager: Loaded 0 collections in 0.001795 seconds
[2019.12.13-17.54.57:926][  0]LogFileCache: Scanning file cache for directory 'C:/Users/ALUMNO/Documents/GitHub/UntitledHorrorGame/NoNameProject/Saved/Collections/' took 0.01s
[2019.12.13-17.54.57:926][  0]LogFileCache: Scanning file cache for directory 'C:/Users/ALUMNO/Documents/GitHub/UntitledHorrorGame/NoNameProject/Content/Developers/ALUMNO/Collections/' took 0.00s
[2019.12.13-17.54.57:926][  0]LogFileCache: Scanning file cache for directory 'C:/Users/ALUMNO/Documents/GitHub/UntitledHorrorGame/NoNameProject/Content/Collections/' took 0.01s
[2019.12.13-17.54.57:927][  0]LogCollectionManager: Rebuilt the GUID cache for 0 collections in 0.000000 seconds
[2019.12.13-17.54.57:935][  0]LogContentBrowser: Native class hierarchy populated in 0.0083 seconds. Added 2746 classes and 663 folders.
[2019.12.13-17.54.57:944][  0]LogContentBrowser: Native class hierarchy updated for 'WidgetCarousel' in 0.0005 seconds. Added 0 classes and 0 folders.
[2019.12.13-17.54.57:947][  0]LogPakFile: Registered encryption key '00000000000000000000000000000000': 0 pak files mounted, 0 remain pending
[2019.12.13-17.54.57:948][  0]LogPakFile: Registered encryption key '00000000000000000000000000000000': 0 pak files mounted, 0 remain pending
[2019.12.13-17.54.57:949][  0]LogPakFile: Registered encryption key '00000000000000000000000000000000': 0 pak files mounted, 0 remain pending
[2019.12.13-17.54.57:950][  0]LogPakFile: Registered encryption key '00000000000000000000000000000000': 0 pak files mounted, 0 remain pending
[2019.12.13-17.54.57:951][  0]LogPakFile: Registered encryption key '00000000000000000000000000000000': 0 pak files mounted, 0 remain pending
[2019.12.13-17.54.57:951][  0]LogPakFile: Registered encryption key '00000000000000000000000000000000': 0 pak files mounted, 0 remain pending
[2019.12.13-17.54.57:952][  0]LogPakFile: Registered encryption key '00000000000000000000000000000000': 0 pak files mounted, 0 remain pending
[2019.12.13-17.54.57:954][  0]LogPakFile: Registered encryption key '00000000000000000000000000000000': 0 pak files mounted, 0 remain pending
[2019.12.13-17.54.57:955][  0]LogPakFile: Registered encryption key '00000000000000000000000000000000': 0 pak files mounted, 0 remain pending
[2019.12.13-17.54.57:956][  0]LogPakFile: Registered encryption key '00000000000000000000000000000000': 0 pak files mounted, 0 remain pending
[2019.12.13-17.54.57:957][  0]LogPakFile: Registered encryption key '00000000000000000000000000000000': 0 pak files mounted, 0 remain pending
[2019.12.13-17.54.57:958][  0]LogPakFile: Registered encryption key '00000000000000000000000000000000': 0 pak files mounted, 0 remain pending
[2019.12.13-17.54.57:958][  0]LogPakFile: Registered encryption key '00000000000000000000000000000000': 0 pak files mounted, 0 remain pending
[2019.12.13-17.54.57:959][  0]LogPakFile: Registered encryption key '00000000000000000000000000000000': 0 pak files mounted, 0 remain pending
[2019.12.13-17.54.57:960][  0]LogPakFile: Registered encryption key '00000000000000000000000000000000': 0 pak files mounted, 0 remain pending
[2019.12.13-17.54.57:961][  0]LogPakFile: Registered encryption key '00000000000000000000000000000000': 0 pak files mounted, 0 remain pending
[2019.12.13-17.54.57:962][  0]LogPakFile: Registered encryption key '00000000000000000000000000000000': 0 pak files mounted, 0 remain pending
[2019.12.13-17.54.57:962][  0]LogPakFile: Registered encryption key '00000000000000000000000000000000': 0 pak files mounted, 0 remain pending
[2019.12.13-17.54.57:963][  0]LogPakFile: Registered encryption key '00000000000000000000000000000000': 0 pak files mounted, 0 remain pending
[2019.12.13-17.54.57:964][  0]LogPakFile: Registered encryption key '00000000000000000000000000000000': 0 pak files mounted, 0 remain pending
[2019.12.13-17.54.57:965][  0]LogPakFile: Registered encryption key '00000000000000000000000000000000': 0 pak files mounted, 0 remain pending
[2019.12.13-17.54.57:966][  0]LogPakFile: Registered encryption key '00000000000000000000000000000000': 0 pak files mounted, 0 remain pending
[2019.12.13-17.54.57:966][  0]LogPakFile: Registered encryption key '00000000000000000000000000000000': 0 pak files mounted, 0 remain pending
[2019.12.13-17.54.57:967][  0]LogPakFile: Registered encryption key '00000000000000000000000000000000': 0 pak files mounted, 0 remain pending
[2019.12.13-17.54.57:968][  0]LogPakFile: Registered encryption key '00000000000000000000000000000000': 0 pak files mounted, 0 remain pending
[2019.12.13-17.54.57:969][  0]LogPakFile: Registered encryption key '00000000000000000000000000000000': 0 pak files mounted, 0 remain pending
[2019.12.13-17.54.58:015][  0]LogContentBrowser: Native class hierarchy updated for 'AddContentDialog' in 0.0004 seconds. Added 0 classes and 0 folders.
[2019.12.13-17.54.58:083][  0]LogSlate: Took 0.000696 seconds to synchronously load lazily loaded font '../../../Engine/Content/Slate/Fonts/Roboto-Regular.ttf' (155K)
[2019.12.13-17.54.58:086][  0]LogSlate: Took 0.000569 seconds to synchronously load lazily loaded font '../../../Engine/Content/Slate/Fonts/Roboto-Bold.ttf' (160K)
[2019.12.13-17.54.58:092][  0]LogSlate: Took 0.000381 seconds to synchronously load lazily loaded font '../../../Engine/Content/Editor/Slate/Fonts/FontAwesome.ttf' (139K)
[2019.12.13-17.54.58:164][  0]LogRenderer: Reallocating scene render targets to support 988x512 Format 10 NumSamples 1 (Frame:1).
[2019.12.13-17.54.58:323][  0]LogContentBrowser: Native class hierarchy updated for 'HierarchicalLODOutliner' in 0.0005 seconds. Added 0 classes and 0 folders.
[2019.12.13-17.54.58:324][  0]LogLoad: (Engine Initialization) Total time: 11.91 seconds
[2019.12.13-17.54.58:324][  0]LogLoad: (Engine Initialization) Total Blueprint compile time: 0.00 seconds
[2019.12.13-17.54.58:364][  0]LogAssetRegistry: Asset discovery search completed in 6.4964 seconds
[2019.12.13-17.54.58:366][  0]LogCollectionManager: Rebuilt the object cache for 0 collections in 0.000000 seconds (found 0 objects)
[2019.12.13-17.54.58:366][  0]LogCollectionManager: Fixed up redirectors for 0 collections in 0.000129 seconds (updated 0 objects)
[2019.12.13-17.54.58:367][  0]LogContentStreaming: Texture pool size now 1000 MB
[2019.12.13-17.54.58:391][  0]LogSlate: Took 0.000320 seconds to synchronously load lazily loaded font '../../../Engine/Content/Slate/Fonts/Roboto-Light.ttf' (167K)
[2019.12.13-17.55.01:468][359]LogSlate: FSceneViewport::OnFocusLost() reason 0
[2019.12.13-17.55.01:543][368]LogTemp: Repeating last play command: Selected Viewport
[2019.12.13-17.55.01:555][368]LogPlayLevel: PlayLevel: No blueprints needed recompiling
[2019.12.13-17.55.01:556][368]PIE: New page: PIE session: Untitled_0 (Dec 13, 2019, 5:55:01 AM)
[2019.12.13-17.55.01:570][368]LogPlayLevel: Creating play world package: /Temp/UEDPIE_0_Untitled_0
[2019.12.13-17.55.01:572][368]LogPlayLevel: PIE: StaticDuplicateObject took: (0.000942s)
[2019.12.13-17.55.01:573][368]LogAIModule: Creating AISystem for world Untitled
[2019.12.13-17.55.01:573][368]LogPlayLevel: PIE: World Init took: (0.000796s)
[2019.12.13-17.55.01:573][368]LogPlayLevel: PIE: Created PIE world by copying editor world from /Temp/Untitled_0.Untitled to /Temp/UEDPIE_0_Untitled_0.Untitled (0.002643s)
[2019.12.13-17.55.01:598][368]LogUObjectHash: Compacting FUObjectHashTables data took   1.60ms
[2019.12.13-17.55.01:623][368]LogInit: XAudio2 using 'MX279 (2- NVIDIA High Definition Audio)' : 2 channels at 48 kHz using 16 bits per sample (channel mask 0x3)
[2019.12.13-17.55.01:640][368]LogInit: FAudioDevice initialized.
[2019.12.13-17.55.01:692][368]LogLoad: Game class is 'MyNoNameProjectGameModeBase_C'
[2019.12.13-17.55.01:694][368]LogWorld: Bringing World /Temp/UEDPIE_0_Untitled_0.Untitled up for play (max tick rate 0) at 2019.12.13-11.55.01
[2019.12.13-17.55.01:694][368]LogWorld: Bringing up level for play took: 0.000542
[2019.12.13-17.55.01:713][368]LogContentBrowser: Native class hierarchy updated for 'MovieSceneCapture' in 0.0005 seconds. Added 20 classes and 0 folders.
[2019.12.13-17.55.01:714][368]PIE: Play in editor start time for /Temp/UEDPIE_0_Untitled_0 -0.635
[2019.12.13-17.55.03:439][565]LogSlate: Updating window title bar state: overlay mode, drag disabled, window buttons hidden, title bar hidden
[2019.12.13-17.55.03:475][565]LogPlayLevel: Display: Shutting down PIE online subsystems
[2019.12.13-17.55.03:501][565]LogSlate: Updating window title bar state: overlay mode, drag disabled, window buttons hidden, title bar hidden
[2019.12.13-17.55.03:504][565]LogUObjectHash: Compacting FUObjectHashTables data took   1.80ms
[2019.12.13-17.55.03:541][569]LogPlayLevel: Display: Destroying online subsystem :Context_1
[2019.12.13-17.55.06:214][887]LogSlate: Took 0.000225 seconds to synchronously load lazily loaded font '../../../Engine/Content/Slate/Fonts/Roboto-Light.ttf' (167K)
[2019.12.13-17.55.06:870][887]LogAIModule: Creating AISystem for world PasilloCasa
[2019.12.13-17.55.06:884][887]LogAssetEditorManager: Opening Asset editor for World /Game/Levels/PasilloCasa.PasilloCasa
[2019.12.13-17.55.06:908][887]LogUObjectHash: Compacting FUObjectHashTables data took   2.10ms
[2019.12.13-17.55.06:910][887]Cmd: MAP LOAD FILE="../../../../../../Users/ALUMNO/Documents/GitHub/UntitledHorrorGame/NoNameProject/Content/Levels/PasilloCasa.umap" TEMPLATE=0 SHOWPROGRESS=1 FEATURELEVEL=3
[2019.12.13-17.55.06:910][887]LightingResults: New page: Lighting Build
[2019.12.13-17.55.06:913][887]LogContentBrowser: Native class hierarchy updated for 'StatsViewer' in 0.0004 seconds. Added 5 classes and 0 folders.
[2019.12.13-17.55.06:914][887]LoadErrors: New page: Loading map: PasilloCasa.umap
[2019.12.13-17.55.06:915][887]MapCheck: New page: Map Check
[2019.12.13-17.55.06:915][887]LightingResults: New page: Lighting Build
[2019.12.13-17.55.06:936][887]LogUObjectHash: Compacting FUObjectHashTables data took   2.11ms
[2019.12.13-17.55.07:022][887]LogEditorServer: Finished looking for orphan Actors (0.000 secs)
[2019.12.13-17.55.07:050][887]LogUObjectHash: Compacting FUObjectHashTables data took   1.08ms
[2019.12.13-17.55.07:071][887]Cmd: MAP CHECKDEP NOCLEARLOG
[2019.12.13-17.55.07:072][887]MapCheck: Map check complete: 0 Error(s), 0 Warning(s), took 0.422ms to complete.
[2019.12.13-17.55.07:072][887]LogFileHelpers: Loading map 'PasilloCasa' took 0.163
[2019.12.13-17.55.10:469][ 45]LogSlate: Only BGRA pngs, bmps or icos are supported in by External Image Picker
[2019.12.13-17.55.15:950][467]LogSlate: Prevented a slow task dialog from being summoned while a context menu was open
[2019.12.13-17.55.17:839][558]LogSlate: Window 'Project Settings' being destroyed
[2019.12.13-17.55.17:843][558]LogSlate: Window 'Project Settings' being destroyed
[2019.12.13-17.55.23:129][815]LogSlate: Took 0.000621 seconds to synchronously load lazily loaded font '../../../Engine/Content/Slate/Fonts/DroidSansMono.ttf' (77K)
[2019.12.13-17.55.24:762][895]LogTemp: Repeating last play command: Selected Viewport
[2019.12.13-17.55.24:774][895]LogBlueprintUserMessages: Early PlayInEditor Detection: Level '/Game/Levels/PasilloCasa.PasilloCasa:PersistentLevel' has LevelScriptBlueprint '/Game/Levels/PasilloCasa.PasilloCasa:PersistentLevel.PasilloCasa' with GeneratedClass '/Game/Levels/PasilloCasa.PasilloCasa_C' with ClassGeneratedBy '/Game/Levels/PasilloCasa.PasilloCasa:PersistentLevel.PasilloCasa'
[2019.12.13-17.55.24:775][895]LogPlayLevel: PlayLevel: No blueprints needed recompiling
[2019.12.13-17.55.24:775][895]PIE: New page: PIE session: PasilloCasa (Dec 13, 2019, 5:55:24 AM)
[2019.12.13-17.55.24:775][895]LogPlayLevel: Creating play world package: /Game/Levels/UEDPIE_0_PasilloCasa
[2019.12.13-17.55.24:780][895]LogPlayLevel: PIE: StaticDuplicateObject took: (0.005733s)
[2019.12.13-17.55.24:781][895]LogAIModule: Creating AISystem for world PasilloCasa
[2019.12.13-17.55.24:782][895]LogPlayLevel: PIE: World Init took: (0.000972s)
[2019.12.13-17.55.24:782][895]LogPlayLevel: PIE: Created PIE world by copying editor world from /Game/Levels/PasilloCasa.PasilloCasa to /Game/Levels/UEDPIE_0_PasilloCasa.PasilloCasa (0.007813s)
[2019.12.13-17.55.24:805][895]LogUObjectHash: Compacting FUObjectHashTables data took   2.35ms
[2019.12.13-17.55.24:833][895]LogInit: XAudio2 using 'MX279 (2- NVIDIA High Definition Audio)' : 2 channels at 48 kHz using 16 bits per sample (channel mask 0x3)
[2019.12.13-17.55.24:849][895]LogInit: FAudioDevice initialized.
[2019.12.13-17.55.24:886][895]LogLoad: Game class is 'MyNoNameProjectGameModeBase_C'
[2019.12.13-17.55.24:890][895]LogWorld: Bringing World /Game/Levels/UEDPIE_0_PasilloCasa.PasilloCasa up for play (max tick rate 0) at 2019.12.13-11.55.24
[2019.12.13-17.55.24:891][895]LogWorld: Bringing up level for play took: 0.003654
[2019.12.13-17.55.24:905][895]LogTemp: Warning: All systems set.
[2019.12.13-17.55.24:906][895]LogTemp: Warning: ?????????????????????????????????????????
[2019.12.13-17.55.24:906][895]LogTemp: Warning: Input Setup
[2019.12.13-17.55.24:906][895]PIE: Play in editor start time for /Game/Levels/UEDPIE_0_PasilloCasa 0.558
[2019.12.13-17.55.24:907][895]LogBlueprintUserMessages: Late PlayInEditor Detection: Level '/Game/Levels/PasilloCasa.PasilloCasa:PersistentLevel' has LevelScriptBlueprint '/Game/Levels/PasilloCasa.PasilloCasa:PersistentLevel.PasilloCasa' with GeneratedClass '/Game/Levels/PasilloCasa.PasilloCasa_C' with ClassGeneratedBy '/Game/Levels/PasilloCasa.PasilloCasa:PersistentLevel.PasilloCasa'
[2019.12.13-17.55.26:081][962]LogTemp: Warning: Grabbing a mango
[2019.12.13-17.55.26:081][962]LogTemp: Warning: No encontre actor
[2019.12.13-17.55.27:795][ 55]LogTemp: Warning: Releasing a mango
[2019.12.13-17.55.33:595][372]LogBlueprintUserMessages: Early EndPlayMap Detection: Level '/Game/Levels/PasilloCasa.PasilloCasa:PersistentLevel' has LevelScriptBlueprint '/Game/Levels/PasilloCasa.PasilloCasa:PersistentLevel.PasilloCasa' with GeneratedClass '/Game/Levels/PasilloCasa.PasilloCasa_C' with ClassGeneratedBy '/Game/Levels/PasilloCasa.PasilloCasa:PersistentLevel.PasilloCasa'
[2019.12.13-17.55.33:595][372]LogSlate: Updating window title bar state: overlay mode, drag disabled, window buttons hidden, title bar hidden
[2019.12.13-17.55.33:652][372]LogPlayLevel: Display: Shutting down PIE online subsystems
[2019.12.13-17.55.33:652][372]LogBlueprintUserMessages: Late EndPlayMap Detection: Level '/Game/Levels/PasilloCasa.PasilloCasa:PersistentLevel' has LevelScriptBlueprint '/Game/Levels/PasilloCasa.PasilloCasa:PersistentLevel.PasilloCasa' with GeneratedClass '/Game/Levels/PasilloCasa.PasilloCasa_C' with ClassGeneratedBy '/Game/Levels/PasilloCasa.PasilloCasa:PersistentLevel.PasilloCasa'
[2019.12.13-17.55.33:681][372]LogSlate: Updating window title bar state: overlay mode, drag disabled, window buttons hidden, title bar hidden
[2019.12.13-17.55.33:684][372]LogUObjectHash: Compacting FUObjectHashTables data took   1.32ms
[2019.12.13-17.55.33:727][373]LogPlayLevel: Display: Destroying online subsystem :Context_3
[2019.12.13-17.56.10:669][878]LogSlate: FSceneViewport::OnFocusLost() reason 0
[2019.12.13-17.57.39:673][840]LogUObjectHash: Compacting FUObjectHashTables data took   1.17ms
[2019.12.13-17.57.39:860][840]LogSavePackage: Moving '../../../../../../Users/ALUMNO/Documents/GitHub/UntitledHorrorGame/NoNameProject/Saved/PasilloCasa706A4C134D25C3DA75ACDBB5140692B7.tmp' to '../../../../../../Users/ALUMNO/Documents/GitHub/UntitledHorrorGame/NoNameProject/Content/Levels/PasilloCasa.umap'
[2019.12.13-17.57.43:260][  4]LogSlate: Took 0.000671 seconds to synchronously load lazily loaded font '../../../Engine/Content/Slate/Fonts/Roboto-Italic.ttf' (157K)
[2019.12.13-17.57.47:721][216]LogUObjectHash: Compacting FUObjectHashTables data took   2.19ms
[2019.12.13-17.57.47:932][216]LogSavePackage: Moving '../../../../../../Users/ALUMNO/Documents/GitHub/UntitledHorrorGame/NoNameProject/Saved/PasilloCasaC647B0EA423CC31C47C43DA4DD3E6651.tmp' to '../../../../../../Users/ALUMNO/Documents/GitHub/UntitledHorrorGame/NoNameProject/Content/Levels/PasilloCasa.umap'
[2019.12.13-17.58.00:122][800]LogUObjectHash: Compacting FUObjectHashTables data took   1.64ms
[2019.12.13-17.58.00:353][800]LogSavePackage: Moving '../../../../../../Users/ALUMNO/Documents/GitHub/UntitledHorrorGame/NoNameProject/Saved/PasilloCasaAF07A930442138DC198028B5CC2B4D50.tmp' to '../../../../../../Users/ALUMNO/Documents/GitHub/UntitledHorrorGame/NoNameProject/Content/Levels/PasilloCasa.umap'
