Log file open, 12/06/19 12:14:32
LogWindows: Failed to load 'aqProf.dll' (GetLastError=126)
LogWindows: File 'aqProf.dll' does not exist
LogWindows: Failed to load 'VtuneApi.dll' (GetLastError=126)
LogWindows: File 'VtuneApi.dll' does not exist
LogWindows: Failed to load 'VtuneApi32e.dll' (GetLastError=126)
LogWindows: File 'VtuneApi32e.dll' does not exist
LogConsoleResponse: Display: Failed to find resolution value strings in scalability ini. Falling back to default.
LogInit: Display: Running engine for game: NoNameProject
LogPakFile: Registered encryption key '00000000000000000000000000000000': 0 pak files mounted, 0 remain pending
LogPlatformFile: Not using cached read wrapper
LogTaskGraph: Started task graph with 5 named threads and 23 total threads with 3 sets of task threads.
LogStats: Stats thread started at 0.376562
LogD3D11RHI: Loaded GFSDK_Aftermath_Lib.x64.dll
LogICUInternationalization: ICU TimeZone Detection - Raw Offset: -6:00, Platform Override: ''
LogPluginManager: Mounting plugin Paper2D
LogPluginManager: Mounting plugin AISupport
LogPluginManager: Mounting plugin LightPropagationVolume
LogPluginManager: Mounting plugin ActorLayerUtilities
LogPluginManager: Mounting plugin AnimationSharing
LogPluginManager: Mounting plugin CLionSourceCodeAccess
LogPluginManager: Mounting plugin CodeLiteSourceCodeAccess
LogPluginManager: Mounting plugin GitSourceControl
LogPluginManager: Mounting plugin KDevelopSourceCodeAccess
LogPluginManager: Mounting plugin NullSourceCodeAccess
LogPluginManager: Mounting plugin PerforceSourceControl
LogPluginManager: Mounting plugin SubversionSourceControl
LogPluginManager: Mounting plugin UObjectPlugin
LogPluginManager: Mounting plugin VisualStudioCodeSourceCodeAccess
LogPluginManager: Mounting plugin VisualStudioSourceCodeAccess
LogPluginManager: Mounting plugin XCodeSourceCodeAccess
LogPluginManager: Mounting plugin AssetManagerEditor
LogPluginManager: Mounting plugin CryptoKeys
LogPluginManager: Mounting plugin DataValidation
LogPluginManager: Mounting plugin FacialAnimation
LogPluginManager: Mounting plugin GameplayTagsEditor
LogPluginManager: Mounting plugin MacGraphicsSwitching
LogPluginManager: Mounting plugin MaterialAnalyzer
LogPluginManager: Mounting plugin MobileLauncherProfileWizard
LogPluginManager: Mounting plugin PluginBrowser
LogPluginManager: Mounting plugin SpeedTreeImporter
LogPluginManager: Mounting plugin DatasmithContent
LogPluginManager: Mounting plugin VariantManagerContent
LogPluginManager: Mounting plugin AlembicImporter
LogPluginManager: Mounting plugin AppleImageUtils
LogPluginManager: Mounting plugin AppleVision
LogPluginManager: Mounting plugin BackChannel
LogPluginManager: Mounting plugin CharacterAI
LogPluginManager: Mounting plugin GeometryCache
LogPluginManager: Mounting plugin HTML5Networking
LogPluginManager: Mounting plugin ProxyLODPlugin
LogPluginManager: Mounting plugin SkeletalReduction
LogPluginManager: Mounting plugin MagicLeap
LogPluginManager: Mounting plugin MagicLeapMedia
LogPluginManager: Mounting plugin AndroidMedia
LogPluginManager: Mounting plugin AvfMedia
LogPluginManager: Mounting plugin ImgMedia
LogPluginManager: Mounting plugin LinearTimecode
LogPluginManager: Mounting plugin MediaCompositing
LogPluginManager: Mounting plugin MediaPlayerEditor
LogPluginManager: Mounting plugin WebMMedia
LogPluginManager: Mounting plugin WmfMedia
LogPluginManager: Mounting plugin TcpMessaging
LogPluginManager: Mounting plugin UdpMessaging
LogPluginManager: Mounting plugin ActorSequence
LogPluginManager: Mounting plugin LevelSequenceEditor
LogPluginManager: Mounting plugin MatineeToLevelSequence
LogPluginManager: Mounting plugin NetcodeUnitTest
LogPluginManager: Mounting plugin NUTUnrealEngine4
LogPluginManager: Mounting plugin OnlineSubsystemGooglePlay
LogPluginManager: Mounting plugin OnlineSubsystemIOS
LogPluginManager: Mounting plugin OnlineSubsystem
LogPluginManager: Mounting plugin OnlineSubsystemNull
LogPluginManager: Mounting plugin OnlineSubsystemUtils
LogPluginManager: Mounting plugin LauncherChunkInstaller
LogPluginManager: Mounting plugin AndroidDeviceProfileSelector
LogPluginManager: Mounting plugin AndroidMoviePlayer
LogPluginManager: Mounting plugin AndroidPermission
LogPluginManager: Mounting plugin AppleMoviePlayer
LogPluginManager: Mounting plugin ArchVisCharacter
LogPluginManager: Mounting plugin AudioCapture
LogPluginManager: Mounting plugin CableComponent
LogPluginManager: Mounting plugin CustomMeshComponent
LogPluginManager: Mounting plugin EditableMesh
LogPluginManager: Mounting plugin ExampleDeviceProfileSelector
LogPluginManager: Mounting plugin Firebase
LogPluginManager: Mounting plugin GoogleCloudMessaging
LogPluginManager: Mounting plugin IOSDeviceProfileSelector
LogPluginManager: Mounting plugin LinuxDeviceProfileSelector
LogPluginManager: Mounting plugin LocationServicesBPLibrary
LogPluginManager: Mounting plugin MobilePatchingUtils
LogPluginManager: Mounting plugin OculusVR
LogPluginManager: Mounting plugin PhysXVehicles
LogPluginManager: Mounting plugin ProceduralMeshComponent
LogPluginManager: Mounting plugin RuntimePhysXCooking
LogPluginManager: Mounting plugin SignificanceManager
LogPluginManager: Mounting plugin SteamVR
LogPluginManager: Mounting plugin WebMMoviePlayer
LogPluginManager: Mounting plugin WindowsMoviePlayer
LogInit: Using libcurl 7.55.1-DEV
LogInit:  - built for x86_64-pc-win32
LogInit:  - supports SSL with OpenSSL/1.1.1
LogInit:  - supports HTTP deflate (compression) using libz 1.2.8
LogInit:  - other features:
LogInit:      CURL_VERSION_SSL
LogInit:      CURL_VERSION_LIBZ
LogInit:      CURL_VERSION_IPV6
LogInit:      CURL_VERSION_ASYNCHDNS
LogInit:      CURL_VERSION_LARGEFILE
LogInit:      CURL_VERSION_IDN
LogInit:  CurlRequestOptions (configurable via config and command line):
LogInit:  - bVerifyPeer = true  - Libcurl will verify peer certificate
LogInit:  - bUseHttpProxy = false  - Libcurl will NOT use HTTP proxy
LogInit:  - bDontReuseConnections = false  - Libcurl will reuse connections
LogInit:  - MaxHostConnections = 16  - Libcurl will limit the number of connections to a host
LogInit:  - LocalHostAddr = Default
LogInit:  - BufferSize = 65536
LogInit: WinSock: version 1.1 (2.2), MaxSocks=32767, MaxUdp=65467
LogInit: Build: ++UE4+Release-4.22-CL-7053642
LogInit: Engine Version: 4.22.3-7053642+++UE4+Release-4.22
LogInit: Compatible Engine Version: 4.22.0-5660361+++UE4+Release-4.22
LogInit: Net CL: 5660361
LogInit: OS: Windows 10 (Release 1903) (), CPU: Intel(R) Core(TM) i7-4790 CPU @ 3.60GHz, GPU: NVIDIA Quadro K2200
LogInit: Compiled (64-bit): Jun 18 2019 03:09:11
LogInit: Compiled with Visual C++: 19.16.27025.01
LogInit: Build Configuration: Development
LogInit: Branch Name: ++UE4+Release-4.22
LogInit: Command Line:  -skipcompile
LogInit: Base Directory: C:/Program Files/Epic Games/UE_4.22/Engine/Binaries/Win64/
LogInit: Installed Engine Build: 1
LogDevObjectVersion: Number of dev versions registered: 23
LogDevObjectVersion:   Dev-Blueprints (B0D832E4-1F89-4F0D-ACCF-7EB736FD4AA2): 10
LogDevObjectVersion:   Dev-Build (E1C64328-A22C-4D53-A36C-8E866417BD8C): 0
LogDevObjectVersion:   Dev-Core (375EC13C-06E4-48FB-B500-84F0262A717E): 3
LogDevObjectVersion:   Dev-Editor (E4B068ED-F494-42E9-A231-DA0B2E46BB41): 30
LogDevObjectVersion:   Dev-Framework (CFFC743F-43B0-4480-9391-14DF171D2073): 35
LogDevObjectVersion:   Dev-Mobile (B02B49B5-BB20-44E9-A304-32B752E40360): 2
LogDevObjectVersion:   Dev-Networking (A4E4105C-59A1-49B5-A7C5-40C4547EDFEE): 0
LogDevObjectVersion:   Dev-Online (39C831C9-5AE6-47DC-9A44-9C173E1C8E7C): 0
LogDevObjectVersion:   Dev-Physics (78F01B33-EBEA-4F98-B9B4-84EACCB95AA2): 0
LogDevObjectVersion:   Dev-Platform (6631380F-2D4D-43E0-8009-CF276956A95A): 0
LogDevObjectVersion:   Dev-Rendering (12F88B9F-8875-4AFC-A67C-D90C383ABD29): 28
LogDevObjectVersion:   Dev-Sequencer (7B5AE74C-D270-4C10-A958-57980B212A5A): 11
LogDevObjectVersion:   Dev-VR (D7296918-1DD6-4BDD-9DE2-64A83CC13884): 2
LogDevObjectVersion:   Dev-LoadTimes (C2A15278-BFE7-4AFE-6C17-90FF531DF755): 1
LogDevObjectVersion:   Private-Geometry (6EACA3D4-40EC-4CC1-B786-8BED09428FC5): 3
LogDevObjectVersion:   Dev-AnimPhys (29E575DD-E0A3-4627-9D10-D276232CDCEA): 17
LogDevObjectVersion:   Dev-Anim (AF43A65D-7FD3-4947-9873-3E8ED9C1BB05): 2
LogDevObjectVersion:   Dev-ReflectionCapture (6B266CEC-1EC7-4B8F-A30B-E4D90942FC07): 1
LogDevObjectVersion:   Dev-Automation (0DF73D61-A23F-47EA-B727-89E90C41499A): 1
LogDevObjectVersion:   FortniteMain (601D1886-AC64-4F84-AA16-D3DE0DEAC7D6): 25
LogDevObjectVersion:   Dev-Enterprise (9DFFBCD6-494F-0158-E221-12823C92A888): 6
LogDevObjectVersion:   Dev-Niagara (F2AED0AC-9AFE-416F-8664-AA7FFA26D6FC): 1
LogDevObjectVersion:   Dev-Destruction (174F1F0B-B4C6-45A5-B13F-2EE8D0FB917D): 2
LogInit: Presizing for max 16777216 objects, including 0 objects not considered by GC, pre-allocating 0 bytes for permanent pool.
LogInit: Object subsystem initialized
LogConfig: Setting CVar [[con.DebugEarlyDefault:1]]
LogConfig: Setting CVar [[r.setres:1280x720]]
[2019.12.06-18.14.32:759][  0]LogConfig: Setting CVar [[r.VSync:0]]
[2019.12.06-18.14.32:759][  0]LogConfig: Setting CVar [[r.RHICmdBypass:0]]
[2019.12.06-18.14.32:759][  0]LogConfig: Applying CVar settings from Section [/Script/Engine.RendererSettings] File [C:/Users/ALUMNO/Downloads/UntitledHorrorGame-e1/NoNameProject/Saved/Config/Windows/Engine.ini]
[2019.12.06-18.14.32:759][  0]LogConfig: Setting CVar [[r.GPUCrashDebugging:0]]
[2019.12.06-18.14.32:759][  0]LogConfig: Setting CVar [[r.DefaultFeature.AutoExposure.ExtendDefaultLuminanceRange:1]]
[2019.12.06-18.14.32:759][  0]LogConfig: Setting CVar [[r.ReflectionCaptureResolution:512]]
[2019.12.06-18.14.32:759][  0]LogConfig: Applying CVar settings from Section [/Script/Engine.RendererOverrideSettings] File [C:/Users/ALUMNO/Downloads/UntitledHorrorGame-e1/NoNameProject/Saved/Config/Windows/Engine.ini]
[2019.12.06-18.14.32:759][  0]LogConfig: Applying CVar settings from Section [/Script/Engine.StreamingSettings] File [C:/Users/ALUMNO/Downloads/UntitledHorrorGame-e1/NoNameProject/Saved/Config/Windows/Engine.ini]
[2019.12.06-18.14.32:759][  0]LogConfig: Setting CVar [[s.MinBulkDataSizeForAsyncLoading:131072]]
[2019.12.06-18.14.32:760][  0]LogConfig: Setting CVar [[s.AsyncLoadingThreadEnabled:0]]
[2019.12.06-18.14.32:760][  0]LogConfig: Setting CVar [[s.EventDrivenLoaderEnabled:1]]
[2019.12.06-18.14.32:760][  0]LogConfig: Setting CVar [[s.WarnIfTimeLimitExceeded:0]]
[2019.12.06-18.14.32:760][  0]LogConfig: Setting CVar [[s.TimeLimitExceededMultiplier:1.5]]
[2019.12.06-18.14.32:760][  0]LogConfig: Setting CVar [[s.TimeLimitExceededMinTime:0.005]]
[2019.12.06-18.14.32:760][  0]LogConfig: Setting CVar [[s.UseBackgroundLevelStreaming:1]]
[2019.12.06-18.14.32:760][  0]LogConfig: Setting CVar [[s.PriorityAsyncLoadingExtraTime:15.0]]
[2019.12.06-18.14.32:760][  0]LogConfig: Setting CVar [[s.LevelStreamingActorsUpdateTimeLimit:5.0]]
[2019.12.06-18.14.32:760][  0]LogConfig: Setting CVar [[s.PriorityLevelStreamingActorsUpdateExtraTime:5.0]]
[2019.12.06-18.14.32:760][  0]LogConfig: Setting CVar [[s.LevelStreamingComponentsRegistrationGranularity:10]]
[2019.12.06-18.14.32:760][  0]LogConfig: Setting CVar [[s.UnregisterComponentsTimeLimit:1.0]]
[2019.12.06-18.14.32:760][  0]LogConfig: Setting CVar [[s.LevelStreamingComponentsUnregistrationGranularity:5]]
[2019.12.06-18.14.32:760][  0]LogConfig: Applying CVar settings from Section [/Script/Engine.GarbageCollectionSettings] File [C:/Users/ALUMNO/Downloads/UntitledHorrorGame-e1/NoNameProject/Saved/Config/Windows/Engine.ini]
[2019.12.06-18.14.32:760][  0]LogConfig: Setting CVar [[gc.MaxObjectsNotConsideredByGC:1]]
[2019.12.06-18.14.32:760][  0]LogConfig: Setting CVar [[gc.SizeOfPermanentObjectPool:0]]
[2019.12.06-18.14.32:760][  0]LogConfig: Setting CVar [[gc.FlushStreamingOnGC:0]]
[2019.12.06-18.14.32:761][  0]LogConfig: Setting CVar [[gc.NumRetriesBeforeForcingGC:10]]
[2019.12.06-18.14.32:761][  0]LogConfig: Setting CVar [[gc.AllowParallelGC:1]]
[2019.12.06-18.14.32:761][  0]LogConfig: Setting CVar [[gc.TimeBetweenPurgingPendingKillObjects:61.1]]
[2019.12.06-18.14.32:761][  0]LogConfig: Setting CVar [[gc.MaxObjectsInEditor:16777216]]
[2019.12.06-18.14.32:761][  0]LogConfig: Setting CVar [[gc.IncrementalBeginDestroyEnabled:1]]
[2019.12.06-18.14.32:761][  0]LogConfig: Setting CVar [[gc.CreateGCClusters:1]]
[2019.12.06-18.14.32:761][  0]LogConfig: Setting CVar [[gc.MinGCClusterSize:5]]
[2019.12.06-18.14.32:761][  0]LogConfig: Setting CVar [[gc.ActorClusteringEnabled:0]]
[2019.12.06-18.14.32:761][  0]LogConfig: Setting CVar [[gc.BlueprintClusteringEnabled:0]]
[2019.12.06-18.14.32:761][  0]LogConfig: Setting CVar [[gc.UseDisregardForGCOnDedicatedServers:0]]
[2019.12.06-18.14.32:761][  0]LogConfig: Applying CVar settings from Section [/Script/Engine.NetworkSettings] File [C:/Users/ALUMNO/Downloads/UntitledHorrorGame-e1/NoNameProject/Saved/Config/Windows/Engine.ini]
[2019.12.06-18.14.32:761][  0]LogConfig: Applying CVar settings from Section [/Script/UnrealEd.CookerSettings] File [C:/Users/ALUMNO/Downloads/UntitledHorrorGame-e1/NoNameProject/Saved/Config/Windows/Engine.ini]
[2019.12.06-18.14.32:769][  0]LogConfig: Applying CVar settings from Section [ViewDistanceQuality@3] File [C:/Users/ALUMNO/Downloads/UntitledHorrorGame-e1/NoNameProject/Saved/Config/Windows/Scalability.ini]
[2019.12.06-18.14.32:769][  0]LogConfig: Setting CVar [[r.SkeletalMeshLODBias:0]]
[2019.12.06-18.14.32:769][  0]LogConfig: Setting CVar [[r.ViewDistanceScale:1.0]]
[2019.12.06-18.14.32:769][  0]LogConfig: Applying CVar settings from Section [AntiAliasingQuality@3] File [C:/Users/ALUMNO/Downloads/UntitledHorrorGame-e1/NoNameProject/Saved/Config/Windows/Scalability.ini]
[2019.12.06-18.14.32:769][  0]LogConfig: Setting CVar [[r.PostProcessAAQuality:4]]
[2019.12.06-18.14.32:769][  0]LogConfig: Applying CVar settings from Section [ShadowQuality@3] File [C:/Users/ALUMNO/Downloads/UntitledHorrorGame-e1/NoNameProject/Saved/Config/Windows/Scalability.ini]
[2019.12.06-18.14.32:769][  0]LogConfig: Setting CVar [[r.LightFunctionQuality:1]]
[2019.12.06-18.14.32:770][  0]LogConfig: Setting CVar [[r.ShadowQuality:5]]
[2019.12.06-18.14.32:770][  0]LogConfig: Setting CVar [[r.Shadow.CSM.MaxCascades:10]]
[2019.12.06-18.14.32:770][  0]LogConfig: Setting CVar [[r.Shadow.MaxResolution:2048]]
[2019.12.06-18.14.32:770][  0]LogConfig: Setting CVar [[r.Shadow.MaxCSMResolution:2048]]
[2019.12.06-18.14.32:770][  0]LogConfig: Setting CVar [[r.Shadow.RadiusThreshold:0.01]]
[2019.12.06-18.14.32:770][  0]LogConfig: Setting CVar [[r.Shadow.DistanceScale:1.0]]
[2019.12.06-18.14.32:770][  0]LogConfig: Setting CVar [[r.Shadow.CSM.TransitionScale:1.0]]
[2019.12.06-18.14.32:770][  0]LogConfig: Setting CVar [[r.Shadow.PreShadowResolutionFactor:1.0]]
[2019.12.06-18.14.32:770][  0]LogConfig: Setting CVar [[r.DistanceFieldShadowing:1]]
[2019.12.06-18.14.32:770][  0]LogConfig: Setting CVar [[r.DistanceFieldAO:1]]
[2019.12.06-18.14.32:770][  0]LogConfig: Setting CVar [[r.AOQuality:2]]
[2019.12.06-18.14.32:770][  0]LogConfig: Setting CVar [[r.VolumetricFog:1]]
[2019.12.06-18.14.32:770][  0]LogConfig: Setting CVar [[r.VolumetricFog.GridPixelSize:8]]
[2019.12.06-18.14.32:770][  0]LogConfig: Setting CVar [[r.VolumetricFog.GridSizeZ:128]]
[2019.12.06-18.14.32:770][  0]LogConfig: Setting CVar [[r.VolumetricFog.HistoryMissSupersampleCount:4]]
[2019.12.06-18.14.32:770][  0]LogConfig: Setting CVar [[r.LightMaxDrawDistanceScale:1]]
[2019.12.06-18.14.32:770][  0]LogConfig: Setting CVar [[r.CapsuleShadows:1]]
[2019.12.06-18.14.32:770][  0]LogConfig: Applying CVar settings from Section [PostProcessQuality@3] File [C:/Users/ALUMNO/Downloads/UntitledHorrorGame-e1/NoNameProject/Saved/Config/Windows/Scalability.ini]
[2019.12.06-18.14.32:770][  0]LogConfig: Setting CVar [[r.MotionBlurQuality:4]]
[2019.12.06-18.14.32:771][  0]LogConfig: Setting CVar [[r.AmbientOcclusionMipLevelFactor:0.4]]
[2019.12.06-18.14.32:771][  0]LogConfig: Setting CVar [[r.AmbientOcclusionMaxQuality:100]]
[2019.12.06-18.14.32:771][  0]LogConfig: Setting CVar [[r.AmbientOcclusionLevels:-1]]
[2019.12.06-18.14.32:771][  0]LogConfig: Setting CVar [[r.AmbientOcclusionRadiusScale:1.0]]
[2019.12.06-18.14.32:771][  0]LogConfig: Setting CVar [[r.DepthOfFieldQuality:2]]
[2019.12.06-18.14.32:771][  0]LogConfig: Setting CVar [[r.RenderTargetPoolMin:400]]
[2019.12.06-18.14.32:771][  0]LogConfig: Setting CVar [[r.LensFlareQuality:2]]
[2019.12.06-18.14.32:771][  0]LogConfig: Setting CVar [[r.SceneColorFringeQuality:1]]
[2019.12.06-18.14.32:771][  0]LogConfig: Setting CVar [[r.EyeAdaptationQuality:2]]
[2019.12.06-18.14.32:771][  0]LogConfig: Setting CVar [[r.BloomQuality:5]]
[2019.12.06-18.14.32:771][  0]LogConfig: Setting CVar [[r.FastBlurThreshold:100]]
[2019.12.06-18.14.32:771][  0]LogConfig: Setting CVar [[r.Upscale.Quality:3]]
[2019.12.06-18.14.32:771][  0]LogConfig: Setting CVar [[r.Tonemapper.GrainQuantization:1]]
[2019.12.06-18.14.32:771][  0]LogConfig: Setting CVar [[r.LightShaftQuality:1]]
[2019.12.06-18.14.32:771][  0]LogConfig: Setting CVar [[r.Filter.SizeScale:1]]
[2019.12.06-18.14.32:771][  0]LogConfig: Setting CVar [[r.Tonemapper.Quality:5]]
[2019.12.06-18.14.32:771][  0]LogConfig: Setting CVar [[r.DOF.Gather.AccumulatorQuality:1        ; higher gathering accumulator quality]]
[2019.12.06-18.14.32:771][  0]LogConfig: Setting CVar [[r.DOF.Gather.PostfilterMethod:1          ; Median3x3 postfilering method]]
[2019.12.06-18.14.32:771][  0]LogConfig: Setting CVar [[r.DOF.Gather.EnableBokehSettings:0       ; no bokeh simulation when gathering]]
[2019.12.06-18.14.32:771][  0]LogConfig: Setting CVar [[r.DOF.Gather.RingCount:4                 ; medium number of samples when gathering]]
[2019.12.06-18.14.32:772][  0]LogConfig: Setting CVar [[r.DOF.Scatter.ForegroundCompositing:1    ; additive foreground scattering]]
[2019.12.06-18.14.32:772][  0]LogConfig: Setting CVar [[r.DOF.Scatter.BackgroundCompositing:2    ; additive background scattering]]
[2019.12.06-18.14.32:772][  0]LogConfig: Setting CVar [[r.DOF.Scatter.EnableBokehSettings:1      ; bokeh simulation when scattering]]
[2019.12.06-18.14.32:772][  0]LogConfig: Setting CVar [[r.DOF.Scatter.MaxSpriteRatio:0.1         ; only a maximum of 10% of scattered bokeh]]
[2019.12.06-18.14.32:772][  0]LogConfig: Setting CVar [[r.DOF.Recombine.Quality:1                ; cheap slight out of focus]]
[2019.12.06-18.14.32:772][  0]LogConfig: Setting CVar [[r.DOF.Recombine.EnableBokehSettings:0    ; no bokeh simulation on slight out of focus]]
[2019.12.06-18.14.32:772][  0]LogConfig: Setting CVar [[r.DOF.TemporalAAQuality:1                ; more stable temporal accumulation]]
[2019.12.06-18.14.32:772][  0]LogConfig: Setting CVar [[r.DOF.Kernel.MaxForegroundRadius:0.025]]
[2019.12.06-18.14.32:772][  0]LogConfig: Setting CVar [[r.DOF.Kernel.MaxBackgroundRadius:0.025]]
[2019.12.06-18.14.32:772][  0]LogConfig: Applying CVar settings from Section [TextureQuality@3] File [C:/Users/ALUMNO/Downloads/UntitledHorrorGame-e1/NoNameProject/Saved/Config/Windows/Scalability.ini]
[2019.12.06-18.14.32:772][  0]LogConfig: Setting CVar [[r.Streaming.MipBias:0]]
[2019.12.06-18.14.32:772][  0]LogConfig: Setting CVar [[r.Streaming.AmortizeCPUToGPUCopy:0]]
[2019.12.06-18.14.32:772][  0]LogConfig: Setting CVar [[r.Streaming.MaxNumTexturesToStreamPerFrame:0]]
[2019.12.06-18.14.32:772][  0]LogConfig: Setting CVar [[r.Streaming.Boost:1]]
[2019.12.06-18.14.32:772][  0]LogConfig: Setting CVar [[r.MaxAnisotropy:8]]
[2019.12.06-18.14.32:772][  0]LogConfig: Setting CVar [[r.Streaming.LimitPoolSizeToVRAM:0]]
[2019.12.06-18.14.32:772][  0]LogConfig: Setting CVar [[r.Streaming.PoolSize:1000]]
[2019.12.06-18.14.32:772][  0]LogConfig: Setting CVar [[r.Streaming.MaxEffectiveScreenSize:0]]
[2019.12.06-18.14.32:773][  0]LogConfig: Applying CVar settings from Section [EffectsQuality@3] File [C:/Users/ALUMNO/Downloads/UntitledHorrorGame-e1/NoNameProject/Saved/Config/Windows/Scalability.ini]
[2019.12.06-18.14.32:773][  0]LogConfig: Setting CVar [[r.TranslucencyLightingVolumeDim:64]]
[2019.12.06-18.14.32:773][  0]LogConfig: Setting CVar [[r.RefractionQuality:2]]
[2019.12.06-18.14.32:773][  0]LogConfig: Setting CVar [[r.SSR.Quality:3]]
[2019.12.06-18.14.32:773][  0]LogConfig: Setting CVar [[r.SceneColorFormat:4]]
[2019.12.06-18.14.32:773][  0]LogConfig: Setting CVar [[r.DetailMode:2]]
[2019.12.06-18.14.32:773][  0]LogConfig: Setting CVar [[r.TranslucencyVolumeBlur:1]]
[2019.12.06-18.14.32:773][  0]LogConfig: Setting CVar [[r.MaterialQualityLevel:1 ; High quality]]
[2019.12.06-18.14.32:773][  0]LogConfig: Setting CVar [[r.SSS.Scale:1]]
[2019.12.06-18.14.32:773][  0]LogConfig: Setting CVar [[r.SSS.SampleSet:2]]
[2019.12.06-18.14.32:773][  0]LogConfig: Setting CVar [[r.SSS.Quality:1]]
[2019.12.06-18.14.32:773][  0]LogConfig: Setting CVar [[r.SSS.HalfRes:1]]
[2019.12.06-18.14.32:773][  0]LogConfig: Setting CVar [[r.EmitterSpawnRateScale:1.0]]
[2019.12.06-18.14.32:773][  0]LogConfig: Setting CVar [[r.ParticleLightQuality:2]]
[2019.12.06-18.14.32:773][  0]LogConfig: Applying CVar settings from Section [FoliageQuality@3] File [C:/Users/ALUMNO/Downloads/UntitledHorrorGame-e1/NoNameProject/Saved/Config/Windows/Scalability.ini]
[2019.12.06-18.14.32:773][  0]LogConfig: Setting CVar [[foliage.DensityScale:1.0]]
[2019.12.06-18.14.32:773][  0]LogConfig: Setting CVar [[grass.DensityScale:1.0]]
[2019.12.06-18.14.32:773][  0]LogInit: Selected Device Profile: [Windows]
[2019.12.06-18.14.32:773][  0]LogInit: Applying CVar settings loaded from the selected device profile: [Windows]
[2019.12.06-18.14.32:788][  0]LogHAL: Display: Platform has ~ 16 GB [17098399744 / 17179869184 / 16], which maps to Larger [LargestMinGB=32, LargerMinGB=12, DefaultMinGB=8, SmallerMinGB=6, SmallestMinGB=0)
[2019.12.06-18.14.32:788][  0]LogConfig: Setting CVar [[r.Vulkan.UseRealUBs:0		; Required until we fix HLR fall-out]]
[2019.12.06-18.14.32:789][  0]LogInit: Going up to parent DeviceProfile []
[2019.12.06-18.14.32:789][  0]LogConfig: Applying CVar settings from Section [ViewDistanceQuality@3] File [C:/Users/ALUMNO/Downloads/UntitledHorrorGame-e1/NoNameProject/Saved/Config/Windows/Scalability.ini]
[2019.12.06-18.14.32:789][  0]LogConfig: Setting CVar [[r.SkeletalMeshLODBias:0]]
[2019.12.06-18.14.32:789][  0]LogConfig: Setting CVar [[r.ViewDistanceScale:1.0]]
[2019.12.06-18.14.32:789][  0]LogConfig: Applying CVar settings from Section [AntiAliasingQuality@3] File [C:/Users/ALUMNO/Downloads/UntitledHorrorGame-e1/NoNameProject/Saved/Config/Windows/Scalability.ini]
[2019.12.06-18.14.32:789][  0]LogConfig: Setting CVar [[r.PostProcessAAQuality:4]]
[2019.12.06-18.14.32:789][  0]LogConfig: Applying CVar settings from Section [ShadowQuality@3] File [C:/Users/ALUMNO/Downloads/UntitledHorrorGame-e1/NoNameProject/Saved/Config/Windows/Scalability.ini]
[2019.12.06-18.14.32:789][  0]LogConfig: Setting CVar [[r.LightFunctionQuality:1]]
[2019.12.06-18.14.32:789][  0]LogConfig: Setting CVar [[r.ShadowQuality:5]]
[2019.12.06-18.14.32:789][  0]LogConfig: Setting CVar [[r.Shadow.CSM.MaxCascades:10]]
[2019.12.06-18.14.32:789][  0]LogConfig: Setting CVar [[r.Shadow.MaxResolution:2048]]
[2019.12.06-18.14.32:789][  0]LogConfig: Setting CVar [[r.Shadow.MaxCSMResolution:2048]]
[2019.12.06-18.14.32:789][  0]LogConfig: Setting CVar [[r.Shadow.RadiusThreshold:0.01]]
[2019.12.06-18.14.32:789][  0]LogConfig: Setting CVar [[r.Shadow.DistanceScale:1.0]]
[2019.12.06-18.14.32:789][  0]LogConfig: Setting CVar [[r.Shadow.CSM.TransitionScale:1.0]]
[2019.12.06-18.14.32:790][  0]LogConfig: Setting CVar [[r.Shadow.PreShadowResolutionFactor:1.0]]
[2019.12.06-18.14.32:790][  0]LogConfig: Setting CVar [[r.DistanceFieldShadowing:1]]
[2019.12.06-18.14.32:790][  0]LogConfig: Setting CVar [[r.DistanceFieldAO:1]]
[2019.12.06-18.14.32:790][  0]LogConfig: Setting CVar [[r.AOQuality:2]]
[2019.12.06-18.14.32:790][  0]LogConfig: Setting CVar [[r.VolumetricFog:1]]
[2019.12.06-18.14.32:790][  0]LogConfig: Setting CVar [[r.VolumetricFog.GridPixelSize:8]]
[2019.12.06-18.14.32:790][  0]LogConfig: Setting CVar [[r.VolumetricFog.GridSizeZ:128]]
[2019.12.06-18.14.32:790][  0]LogConfig: Setting CVar [[r.VolumetricFog.HistoryMissSupersampleCount:4]]
[2019.12.06-18.14.32:790][  0]LogConfig: Setting CVar [[r.LightMaxDrawDistanceScale:1]]
[2019.12.06-18.14.32:790][  0]LogConfig: Setting CVar [[r.CapsuleShadows:1]]
[2019.12.06-18.14.32:790][  0]LogConfig: Applying CVar settings from Section [PostProcessQuality@3] File [C:/Users/ALUMNO/Downloads/UntitledHorrorGame-e1/NoNameProject/Saved/Config/Windows/Scalability.ini]
[2019.12.06-18.14.32:790][  0]LogConfig: Setting CVar [[r.MotionBlurQuality:4]]
[2019.12.06-18.14.32:790][  0]LogConfig: Setting CVar [[r.AmbientOcclusionMipLevelFactor:0.4]]
[2019.12.06-18.14.32:790][  0]LogConfig: Setting CVar [[r.AmbientOcclusionMaxQuality:100]]
[2019.12.06-18.14.32:790][  0]LogConfig: Setting CVar [[r.AmbientOcclusionLevels:-1]]
[2019.12.06-18.14.32:790][  0]LogConfig: Setting CVar [[r.AmbientOcclusionRadiusScale:1.0]]
[2019.12.06-18.14.32:790][  0]LogConfig: Setting CVar [[r.DepthOfFieldQuality:2]]
[2019.12.06-18.14.32:791][  0]LogConfig: Setting CVar [[r.RenderTargetPoolMin:400]]
[2019.12.06-18.14.32:791][  0]LogConfig: Setting CVar [[r.LensFlareQuality:2]]
[2019.12.06-18.14.32:791][  0]LogConfig: Setting CVar [[r.SceneColorFringeQuality:1]]
[2019.12.06-18.14.32:791][  0]LogConfig: Setting CVar [[r.EyeAdaptationQuality:2]]
[2019.12.06-18.14.32:791][  0]LogConfig: Setting CVar [[r.BloomQuality:5]]
[2019.12.06-18.14.32:791][  0]LogConfig: Setting CVar [[r.FastBlurThreshold:100]]
[2019.12.06-18.14.32:791][  0]LogConfig: Setting CVar [[r.Upscale.Quality:3]]
[2019.12.06-18.14.32:791][  0]LogConfig: Setting CVar [[r.Tonemapper.GrainQuantization:1]]
[2019.12.06-18.14.32:791][  0]LogConfig: Setting CVar [[r.LightShaftQuality:1]]
[2019.12.06-18.14.32:791][  0]LogConfig: Setting CVar [[r.Filter.SizeScale:1]]
[2019.12.06-18.14.32:791][  0]LogConfig: Setting CVar [[r.Tonemapper.Quality:5]]
[2019.12.06-18.14.32:791][  0]LogConfig: Setting CVar [[r.DOF.Gather.AccumulatorQuality:1        ; higher gathering accumulator quality]]
[2019.12.06-18.14.32:791][  0]LogConfig: Setting CVar [[r.DOF.Gather.PostfilterMethod:1          ; Median3x3 postfilering method]]
[2019.12.06-18.14.32:791][  0]LogConfig: Setting CVar [[r.DOF.Gather.EnableBokehSettings:0       ; no bokeh simulation when gathering]]
[2019.12.06-18.14.32:791][  0]LogConfig: Setting CVar [[r.DOF.Gather.RingCount:4                 ; medium number of samples when gathering]]
[2019.12.06-18.14.32:791][  0]LogConfig: Setting CVar [[r.DOF.Scatter.ForegroundCompositing:1    ; additive foreground scattering]]
[2019.12.06-18.14.32:791][  0]LogConfig: Setting CVar [[r.DOF.Scatter.BackgroundCompositing:2    ; additive background scattering]]
[2019.12.06-18.14.32:791][  0]LogConfig: Setting CVar [[r.DOF.Scatter.EnableBokehSettings:1      ; bokeh simulation when scattering]]
[2019.12.06-18.14.32:792][  0]LogConfig: Setting CVar [[r.DOF.Scatter.MaxSpriteRatio:0.1         ; only a maximum of 10% of scattered bokeh]]
[2019.12.06-18.14.32:792][  0]LogConfig: Setting CVar [[r.DOF.Recombine.Quality:1                ; cheap slight out of focus]]
[2019.12.06-18.14.32:792][  0]LogConfig: Setting CVar [[r.DOF.Recombine.EnableBokehSettings:0    ; no bokeh simulation on slight out of focus]]
[2019.12.06-18.14.32:792][  0]LogConfig: Setting CVar [[r.DOF.TemporalAAQuality:1                ; more stable temporal accumulation]]
[2019.12.06-18.14.32:792][  0]LogConfig: Setting CVar [[r.DOF.Kernel.MaxForegroundRadius:0.025]]
[2019.12.06-18.14.32:792][  0]LogConfig: Setting CVar [[r.DOF.Kernel.MaxBackgroundRadius:0.025]]
[2019.12.06-18.14.32:792][  0]LogConfig: Applying CVar settings from Section [TextureQuality@3] File [C:/Users/ALUMNO/Downloads/UntitledHorrorGame-e1/NoNameProject/Saved/Config/Windows/Scalability.ini]
[2019.12.06-18.14.32:792][  0]LogConfig: Setting CVar [[r.Streaming.MipBias:0]]
[2019.12.06-18.14.32:792][  0]LogConfig: Setting CVar [[r.Streaming.AmortizeCPUToGPUCopy:0]]
[2019.12.06-18.14.32:792][  0]LogConfig: Setting CVar [[r.Streaming.MaxNumTexturesToStreamPerFrame:0]]
[2019.12.06-18.14.32:792][  0]LogConfig: Setting CVar [[r.Streaming.Boost:1]]
[2019.12.06-18.14.32:792][  0]LogConfig: Setting CVar [[r.MaxAnisotropy:8]]
[2019.12.06-18.14.32:792][  0]LogConfig: Setting CVar [[r.Streaming.LimitPoolSizeToVRAM:0]]
[2019.12.06-18.14.32:792][  0]LogConfig: Setting CVar [[r.Streaming.PoolSize:1000]]
[2019.12.06-18.14.32:792][  0]LogConfig: Setting CVar [[r.Streaming.MaxEffectiveScreenSize:0]]
[2019.12.06-18.14.32:792][  0]LogConfig: Applying CVar settings from Section [EffectsQuality@3] File [C:/Users/ALUMNO/Downloads/UntitledHorrorGame-e1/NoNameProject/Saved/Config/Windows/Scalability.ini]
[2019.12.06-18.14.32:793][  0]LogConfig: Setting CVar [[r.TranslucencyLightingVolumeDim:64]]
[2019.12.06-18.14.32:793][  0]LogConfig: Setting CVar [[r.RefractionQuality:2]]
[2019.12.06-18.14.32:793][  0]LogConfig: Setting CVar [[r.SSR.Quality:3]]
[2019.12.06-18.14.32:793][  0]LogConfig: Setting CVar [[r.SceneColorFormat:4]]
[2019.12.06-18.14.32:793][  0]LogConfig: Setting CVar [[r.DetailMode:2]]
[2019.12.06-18.14.32:793][  0]LogConfig: Setting CVar [[r.TranslucencyVolumeBlur:1]]
[2019.12.06-18.14.32:793][  0]LogConfig: Setting CVar [[r.MaterialQualityLevel:1 ; High quality]]
[2019.12.06-18.14.32:793][  0]LogConfig: Setting CVar [[r.SSS.Scale:1]]
[2019.12.06-18.14.32:793][  0]LogConfig: Setting CVar [[r.SSS.SampleSet:2]]
[2019.12.06-18.14.32:793][  0]LogConfig: Setting CVar [[r.SSS.Quality:1]]
[2019.12.06-18.14.32:793][  0]LogConfig: Setting CVar [[r.SSS.HalfRes:1]]
[2019.12.06-18.14.32:793][  0]LogConfig: Setting CVar [[r.EmitterSpawnRateScale:1.0]]
[2019.12.06-18.14.32:793][  0]LogConfig: Setting CVar [[r.ParticleLightQuality:2]]
[2019.12.06-18.14.32:793][  0]LogConfig: Applying CVar settings from Section [FoliageQuality@3] File [C:/Users/ALUMNO/Downloads/UntitledHorrorGame-e1/NoNameProject/Saved/Config/Windows/Scalability.ini]
[2019.12.06-18.14.32:793][  0]LogConfig: Setting CVar [[foliage.DensityScale:1.0]]
[2019.12.06-18.14.32:793][  0]LogConfig: Setting CVar [[grass.DensityScale:1.0]]
[2019.12.06-18.14.32:793][  0]LogConfig: Applying CVar settings from Section [Startup] File [../../../Engine/Config/ConsoleVariables.ini]
[2019.12.06-18.14.32:794][  0]LogConfig: Setting CVar [[net.UseAdaptiveNetUpdateFrequency:0]]
[2019.12.06-18.14.32:794][  0]LogConfig: Setting CVar [[p.chaos.AllowCreatePhysxBodies:1]]
[2019.12.06-18.14.32:794][  0]LogConfig: Applying CVar settings from Section [ConsoleVariables] File [C:/Users/ALUMNO/Downloads/UntitledHorrorGame-e1/NoNameProject/Saved/Config/Windows/Engine.ini]
[2019.12.06-18.14.32:794][  0]LogInit: Computer: P-13
[2019.12.06-18.14.32:794][  0]LogInit: User: ALUMNO
[2019.12.06-18.14.32:795][  0]LogInit: CPU Page size=4096, Cores=4
[2019.12.06-18.14.32:795][  0]LogInit: High frequency timer resolution =10.000000 MHz
[2019.12.06-18.14.32:795][  0]LogMemory: Memory total: Physical=15.9GB (16GB approx)
[2019.12.06-18.14.32:795][  0]LogMemory: Platform Memory Stats for Windows
[2019.12.06-18.14.32:795][  0]LogMemory: Process Physical Memory: 98.13 MB used, 98.13 MB peak
[2019.12.06-18.14.32:795][  0]LogMemory: Process Virtual Memory: 92.86 MB used, 92.86 MB peak
[2019.12.06-18.14.32:795][  0]LogMemory: Physical Memory: 5727.38 MB used,  10578.92 MB free, 16306.30 MB total
[2019.12.06-18.14.32:795][  0]LogMemory: Virtual Memory: 4646.83 MB used,  134213080.00 MB free, 134217728.00 MB total
[2019.12.06-18.14.32:907][  0]LogInit: Overriding language with editor language configuration option (en).
[2019.12.06-18.14.32:907][  0]LogInit: Overriding locale with editor locale configuration option (en).
[2019.12.06-18.14.33:085][  0]LogInit: Setting process to per monitor DPI aware
[2019.12.06-18.14.33:148][  0]LogSlate: New Slate User Created.  User Index 0, Is Virtual User: 0
[2019.12.06-18.14.33:148][  0]LogSlate: Slate User Registered.  User Index 0, Is Virtual User: 0
[2019.12.06-18.14.33:505][  0]LogHMD: Failed to initialize OpenVR with code 110
[2019.12.06-18.14.33:505][  0]LogD3D11RHI: D3D11 adapters:
[2019.12.06-18.14.33:587][  0]LogD3D11RHI:    0. 'NVIDIA Quadro K2200' (Feature Level 11_0)
[2019.12.06-18.14.33:587][  0]LogD3D11RHI:       4053/0/8153 MB DedicatedVideo/DedicatedSystem/SharedSystem, Outputs:1, VendorId:0x10de
[2019.12.06-18.14.33:595][  0]LogD3D11RHI:    1. 'Microsoft Basic Render Driver' (Feature Level 11_0)
[2019.12.06-18.14.33:595][  0]LogD3D11RHI:       0/0/8153 MB DedicatedVideo/DedicatedSystem/SharedSystem, Outputs:0, VendorId:0x1414
[2019.12.06-18.14.33:595][  0]LogD3D11RHI: Chosen D3D11 Adapter: 0
[2019.12.06-18.14.33:601][  0]LogD3D11RHI: Creating new Direct3DDevice
[2019.12.06-18.14.33:601][  0]LogD3D11RHI:     GPU DeviceId: 0x13ba (for the marketing name, search the web for "GPU Device Id")
[2019.12.06-18.14.33:601][  0]LogWindows: EnumDisplayDevices:
[2019.12.06-18.14.33:601][  0]LogWindows:    0. 'NVIDIA Quadro K2200' (P:1 D:1)
[2019.12.06-18.14.33:602][  0]LogWindows:    1. 'NVIDIA Quadro K2200' (P:0 D:0)
[2019.12.06-18.14.33:602][  0]LogWindows:    2. 'NVIDIA Quadro K2200' (P:0 D:0)
[2019.12.06-18.14.33:603][  0]LogWindows:    3. 'NVIDIA Quadro K2200' (P:0 D:0)
[2019.12.06-18.14.33:603][  0]LogWindows: DebugString: FoundDriverCount:4 
[2019.12.06-18.14.33:603][  0]LogD3D11RHI:     Adapter Name: NVIDIA Quadro K2200
[2019.12.06-18.14.33:603][  0]LogD3D11RHI:   Driver Version: 432.00 (internal:26.21.14.3200, unified:432.00)
[2019.12.06-18.14.33:603][  0]LogD3D11RHI:      Driver Date: 7-24-2019
[2019.12.06-18.14.33:603][  0]LogRHI: Texture pool is 2837 MB (70% of 4053 MB)
[2019.12.06-18.14.33:667][  0]LogD3D11RHI: Async texture creation enabled
[2019.12.06-18.14.33:672][  0]LogRendererCore: FGlobalReadBuffer::InitRHI
[2019.12.06-18.14.33:673][  0]LogRendererCore: FGlobalReadBuffer::InitRHI
[2019.12.06-18.14.33:673][  0]LogRendererCore: FGlobalReadBuffer::InitRHI
[2019.12.06-18.14.33:681][  0]LogD3D11RHI: GPU Timing Frequency: 1000.000000 (Debug: 2 1)
[2019.12.06-18.14.34:041][  0]LogTemp: Display: Module 'AllDesktopTargetPlatform' loaded TargetPlatform 'AllDesktop'
[2019.12.06-18.14.34:062][  0]LogTemp: Display: Module 'MacClientTargetPlatform' loaded TargetPlatform 'MacClient'
[2019.12.06-18.14.34:080][  0]LogTemp: Display: Module 'MacNoEditorTargetPlatform' loaded TargetPlatform 'MacNoEditor'
[2019.12.06-18.14.34:101][  0]LogTemp: Display: Module 'MacServerTargetPlatform' loaded TargetPlatform 'MacServer'
[2019.12.06-18.14.34:124][  0]LogTemp: Display: Module 'MacTargetPlatform' loaded TargetPlatform 'Mac'
[2019.12.06-18.14.34:145][  0]LogTemp: Display: Module 'WindowsClientTargetPlatform' loaded TargetPlatform 'WindowsClient'
[2019.12.06-18.14.34:165][  0]LogTemp: Display: Module 'WindowsNoEditorTargetPlatform' loaded TargetPlatform 'WindowsNoEditor'
[2019.12.06-18.14.34:184][  0]LogTemp: Display: Module 'WindowsServerTargetPlatform' loaded TargetPlatform 'WindowsServer'
[2019.12.06-18.14.34:196][  0]LogTemp: Display: Module 'WindowsTargetPlatform' loaded TargetPlatform 'Windows'
[2019.12.06-18.14.34:307][  0]LogTemp: Display: Module 'AndroidTargetPlatform' loaded TargetPlatform 'Android'
[2019.12.06-18.14.34:307][  0]LogTemp: Display: Module 'AndroidTargetPlatform' loaded TargetPlatform 'Android_ASTC'
[2019.12.06-18.14.34:307][  0]LogTemp: Display: Module 'AndroidTargetPlatform' loaded TargetPlatform 'Android_ATC'
[2019.12.06-18.14.34:308][  0]LogTemp: Display: Module 'AndroidTargetPlatform' loaded TargetPlatform 'Android_DXT'
[2019.12.06-18.14.34:308][  0]LogTemp: Display: Module 'AndroidTargetPlatform' loaded TargetPlatform 'Android_ETC1'
[2019.12.06-18.14.34:308][  0]LogTemp: Display: Module 'AndroidTargetPlatform' loaded TargetPlatform 'Android_ETC1a'
[2019.12.06-18.14.34:308][  0]LogTemp: Display: Module 'AndroidTargetPlatform' loaded TargetPlatform 'Android_ETC2'
[2019.12.06-18.14.34:308][  0]LogTemp: Display: Module 'AndroidTargetPlatform' loaded TargetPlatform 'Android_PVRTC'
[2019.12.06-18.14.34:308][  0]LogTemp: Display: Module 'AndroidTargetPlatform' loaded TargetPlatform 'AndroidClient'
[2019.12.06-18.14.34:308][  0]LogTemp: Display: Module 'AndroidTargetPlatform' loaded TargetPlatform 'Android_ASTCClient'
[2019.12.06-18.14.34:308][  0]LogTemp: Display: Module 'AndroidTargetPlatform' loaded TargetPlatform 'Android_ATCClient'
[2019.12.06-18.14.34:308][  0]LogTemp: Display: Module 'AndroidTargetPlatform' loaded TargetPlatform 'Android_DXTClient'
[2019.12.06-18.14.34:308][  0]LogTemp: Display: Module 'AndroidTargetPlatform' loaded TargetPlatform 'Android_ETC1Client'
[2019.12.06-18.14.34:308][  0]LogTemp: Display: Module 'AndroidTargetPlatform' loaded TargetPlatform 'Android_ETC1aClient'
[2019.12.06-18.14.34:308][  0]LogTemp: Display: Module 'AndroidTargetPlatform' loaded TargetPlatform 'Android_ETC2Client'
[2019.12.06-18.14.34:308][  0]LogTemp: Display: Module 'AndroidTargetPlatform' loaded TargetPlatform 'Android_PVRTCClient'
[2019.12.06-18.14.34:308][  0]LogTemp: Display: Module 'AndroidTargetPlatform' loaded TargetPlatform 'Android_Multi'
[2019.12.06-18.14.34:308][  0]LogTemp: Display: Module 'AndroidTargetPlatform' loaded TargetPlatform 'Android_MultiClient'
[2019.12.06-18.14.34:315][  0]LogTemp: Display: Module 'HTML5TargetPlatform' loaded TargetPlatform 'HTML5'
[2019.12.06-18.14.34:380][  0]LogTemp: Display: Module 'IOSTargetPlatform' loaded TargetPlatform 'IOSClient'
[2019.12.06-18.14.34:380][  0]LogTemp: Display: Module 'IOSTargetPlatform' loaded TargetPlatform 'IOS'
[2019.12.06-18.14.34:418][  0]LogTemp: Display: Module 'TVOSTargetPlatform' loaded TargetPlatform 'TVOSClient'
[2019.12.06-18.14.34:418][  0]LogTemp: Display: Module 'TVOSTargetPlatform' loaded TargetPlatform 'TVOS'
[2019.12.06-18.14.34:439][  0]LogTemp: Display: Module 'LinuxClientTargetPlatform' loaded TargetPlatform 'LinuxClient'
[2019.12.06-18.14.34:457][  0]LogTemp: Display: Module 'LinuxNoEditorTargetPlatform' loaded TargetPlatform 'LinuxNoEditor'
[2019.12.06-18.14.34:475][  0]LogTemp: Display: Module 'LinuxServerTargetPlatform' loaded TargetPlatform 'LinuxServer'
[2019.12.06-18.14.34:495][  0]LogTemp: Display: Module 'LinuxTargetPlatform' loaded TargetPlatform 'Linux'
[2019.12.06-18.14.34:553][  0]LogTemp: Display: Module 'LuminTargetPlatform' loaded TargetPlatform 'Lumin'
[2019.12.06-18.14.34:554][  0]LogTemp: Display: Module 'LuminTargetPlatform' loaded TargetPlatform 'LuminClient'
[2019.12.06-18.14.34:554][  0]LogTargetPlatformManager: Display: Building Assets For Windows
[2019.12.06-18.14.34:575][  0]LogAudioDebug: Display: Lib vorbis DLL was dynamically loaded.
[2019.12.06-18.14.34:699][  0]LogShaderCompilers: Guid format shader working directory is -29 characters bigger than the processId version (../../../../../../Users/ALUMNO/Downloads/UntitledHorrorGame-e1/NoNameProject/Intermediate/Shaders/WorkingDirectory/6312/).
[2019.12.06-18.14.34:700][  0]LogShaderCompilers: Cleaned the shader compiler working directory 'C:/Users/ALUMNO/AppData/Local/Temp/UnrealShaderWorkingDir/6DAC524D41ADAAA5C18B42BBC078278A/'.
[2019.12.06-18.14.34:703][  0]LogXGEController: Cleaning working directory: C:/Users/ALUMNO/AppData/Local/Temp/UnrealXGEWorkingDir/
[2019.12.06-18.14.34:703][  0]LogXGEController: Cannot use XGE Controller as Incredibuild is not installed on this machine.
[2019.12.06-18.14.34:704][  0]LogShaderCompilers: Cannot use XGE Shader Compiler as Incredibuild is not installed on this machine.
[2019.12.06-18.14.34:704][  0]LogShaderCompilers: Display: Using Local Shader Compiler.
[2019.12.06-18.14.35:347][  0]LogDerivedDataCache: Display: Max Cache Size: 512 MB
[2019.12.06-18.14.35:393][  0]LogDerivedDataCache: Loaded boot cache 0.05s 71MB C:/Users/ALUMNO/AppData/Local/UnrealEngine/4.22/DerivedDataCache/Boot.ddc.
[2019.12.06-18.14.35:394][  0]LogDerivedDataCache: Display: Loaded Boot cache: C:/Users/ALUMNO/AppData/Local/UnrealEngine/4.22/DerivedDataCache/Boot.ddc
[2019.12.06-18.14.35:394][  0]LogDerivedDataCache: FDerivedDataBackendGraph:  Pak pak cache file ../../../../../../Users/ALUMNO/Downloads/UntitledHorrorGame-e1/NoNameProject/DerivedDataCache/DDC.ddp not found, will not use a pak cache.
[2019.12.06-18.14.35:394][  0]LogDerivedDataCache: Unable to find inner node Pak for hierarchical cache Hierarchy.
[2019.12.06-18.14.35:394][  0]LogDerivedDataCache: FDerivedDataBackendGraph:  CompressedPak pak cache file ../../../../../../Users/ALUMNO/Downloads/UntitledHorrorGame-e1/NoNameProject/DerivedDataCache/Compressed.ddp not found, will not use a pak cache.
[2019.12.06-18.14.35:394][  0]LogDerivedDataCache: Unable to find inner node CompressedPak for hierarchical cache Hierarchy.
[2019.12.06-18.14.35:406][  0]LogDerivedDataCache: Display: Pak cache opened for reading ../../../Engine/DerivedDataCache/Compressed.ddp.
[2019.12.06-18.14.35:406][  0]LogDerivedDataCache: FDerivedDataBackendGraph:  EnterprisePak pak cache file ../../../Enterprise/DerivedDataCache/Compressed.ddp not found, will not use a pak cache.
[2019.12.06-18.14.35:406][  0]LogDerivedDataCache: Unable to find inner node EnterprisePak for hierarchical cache Hierarchy.
[2019.12.06-18.14.35:420][  0]LogDerivedDataCache: Using Local data cache path C:/Users/ALUMNO/AppData/Local/UnrealEngine/Common/DerivedDataCache: Writable
[2019.12.06-18.14.35:420][  0]LogDerivedDataCache: Shared data cache path not found in *engine.ini, will not use an Shared cache.
[2019.12.06-18.14.35:420][  0]LogDerivedDataCache: Unable to find inner node Shared for hierarchical cache Hierarchy.
[2019.12.06-18.14.35:446][  0]LogMaterial: Verifying Global Shaders for PCD3D_SM5
[2019.12.06-18.14.35:447][  0]LogSlate: Using FreeType 2.6.0
[2019.12.06-18.14.35:448][  0]LogSlate: SlateFontServices - WITH_FREETYPE: 1, WITH_HARFBUZZ: 1
[2019.12.06-18.14.35:576][  0]LogAssetRegistry: FAssetRegistry took 0.0394 seconds to start up
[2019.12.06-18.14.36:016][  0]LogInit: Selected Device Profile: [Windows]
[2019.12.06-18.14.36:199][  0]LogMeshReduction: Using QuadricMeshReduction for automatic static mesh reduction
[2019.12.06-18.14.36:199][  0]LogMeshReduction: Using SimplygonMeshReduction for automatic skeletal mesh reduction
[2019.12.06-18.14.36:200][  0]LogMeshReduction: Using ProxyLODMeshReduction for automatic mesh merging
[2019.12.06-18.14.36:200][  0]LogMeshReduction: No distributed automatic mesh merging module available
[2019.12.06-18.14.36:200][  0]LogMeshMerging: No distributed automatic mesh merging module available
[2019.12.06-18.14.36:211][  0]LogNetVersion: NoNameProject 1.0.0, NetCL: 5660361, EngineNetVer: 10, GameNetVer: 0 (Checksum: 133946462)
[2019.12.06-18.14.36:672][  0]LogPackageLocalizationCache: Processed 10 localized package path(s) for 1 prioritized culture(s) in 0.048547 seconds
[2019.12.06-18.14.36:679][  0]LogUObjectArray: 42205 objects as part of root set at end of initial load.
[2019.12.06-18.14.36:679][  0]LogUObjectAllocator: 7325032 out of 0 bytes used by permanent object pool.
[2019.12.06-18.14.36:679][  0]LogUObjectArray: CloseDisregardForGC: 0/0 objects in disregard for GC pool
[2019.12.06-18.14.38:184][  0]LogTcpMessaging: Initializing TcpMessaging bridge
[2019.12.06-18.14.38:202][  0]LogUdpMessaging: Initializing bridge on interface 0.0.0.0:0 to multicast group 230.0.0.1:6666.
[2019.12.06-18.14.38:393][  0]SourceControl: Source control is disabled
[2019.12.06-18.14.38:393][  0]SourceControl: Source control is disabled
[2019.12.06-18.14.38:398][  0]SourceControl: Source control is disabled
[2019.12.06-18.14.38:406][  0]SourceControl: Source control is disabled
[2019.12.06-18.14.38:629][  0]LogAndroidPermission: UAndroidPermissionCallbackProxy::GetInstance
[2019.12.06-18.14.38:826][  0]LogOcInput: OculusInput pre-init called
[2019.12.06-18.14.39:841][  0]LogEngine: Initializing Engine...
[2019.12.06-18.14.39:842][  0]LogHMD: Failed to initialize OpenVR with code 110
[2019.12.06-18.14.39:843][  0]LogStats: UGameplayTagsManager::InitializeManager -  0.000 s
[2019.12.06-18.14.40:062][  0]LogInit: Initializing FReadOnlyCVARCache
[2019.12.06-18.14.40:085][  0]LogAIModule: Creating AISystem for world Untitled
[2019.12.06-18.14.40:126][  0]LogInit: XAudio2 using 'MX279 (2- NVIDIA High Definition Audio)' : 2 channels at 48 kHz using 16 bits per sample (channel mask 0x3)
[2019.12.06-18.14.40:172][  0]LogInit: FAudioDevice initialized.
[2019.12.06-18.14.40:172][  0]LogNetVersion: Set ProjectVersion to 1.0.0.0. Version Checksum will be recalculated on next use.
[2019.12.06-18.14.40:416][  0]LogDerivedDataCache: Saved boot cache 0.24s 71MB C:/Users/ALUMNO/AppData/Local/UnrealEngine/4.22/DerivedDataCache/Boot.ddc.
[2019.12.06-18.14.40:418][  0]LogInit: Texture streaming: Enabled
[2019.12.06-18.14.40:451][  0]LogEngineSessionManager: EngineSessionManager initialized
[2019.12.06-18.14.40:478][  0]LogInit: Transaction tracking system initialized
[2019.12.06-18.14.40:529][  0]BlueprintLog: New page: Editor Load
[2019.12.06-18.14.40:690][  0]LocalizationService: Localization service is disabled
[2019.12.06-18.14.40:859][  0]LogLinker: Warning: Can't find file '/Game/FirstPersonBP/FirstPersonOverview'
[2019.12.06-18.14.40:860][  0]LogLinker: Warning: Can't find file '/Game/FirstPersonBP/FirstPersonOverview'
[2019.12.06-18.14.40:860][  0]LogUObjectGlobals: Warning: Failed to find object 'Class /Game/FirstPersonBP/FirstPersonOverview.FirstPersonOverview_C'
[2019.12.06-18.14.41:135][  0]LogFileCache: Scanning file cache for directory 'C:/Users/ALUMNO/Downloads/UntitledHorrorGame-e1/NoNameProject/Content/' took 0.02s
[2019.12.06-18.14.41:135][  0]LogCook: Display: Max memory allowance for cook 16384mb min free memory 0mb
[2019.12.06-18.14.41:135][  0]LogCook: Display: Mobile HDR setting 1
[2019.12.06-18.14.41:455][  0]SourceControl: Source control is disabled
[2019.12.06-18.14.41:455][  0]Cmd: MAP LOAD FILE="../../../../../../Users/ALUMNO/Downloads/UntitledHorrorGame-e1/NoNameProject/Content/PasilloCasa.umap" TEMPLATE=0 SHOWPROGRESS=1 FEATURELEVEL=3
[2019.12.06-18.14.41:456][  0]LightingResults: New page: Lighting Build
[2019.12.06-18.14.41:459][  0]MapCheck: New page: Map Check
[2019.12.06-18.14.41:459][  0]LightingResults: New page: Lighting Build
[2019.12.06-18.14.41:482][  0]LogUObjectHash: Compacting FUObjectHashTables data took   1.63ms
[2019.12.06-18.14.42:105][  0]LogAIModule: Creating AISystem for world PasilloCasa
[2019.12.06-18.14.42:124][  0]LogEditorServer: Finished looking for orphan Actors (0.000 secs)
[2019.12.06-18.14.42:150][  0]LogUObjectHash: Compacting FUObjectHashTables data took   2.09ms
[2019.12.06-18.14.42:151][  0]Cmd: MAP CHECKDEP NOCLEARLOG
[2019.12.06-18.14.42:151][  0]MapCheck: Map check complete: 0 Error(s), 0 Warning(s), took 0.442ms to complete.
[2019.12.06-18.14.42:152][  0]LogFileHelpers: Loading map 'PasilloCasa' took 0.697
[2019.12.06-18.14.42:289][  0]LogSlate: Updating window title bar state: overlay mode, drag disabled, window buttons hidden, title bar hidden
[2019.12.06-18.14.42:297][  0]LogSlate: Updating window title bar state: overlay mode, drag disabled, window buttons hidden, title bar hidden
[2019.12.06-18.14.42:304][  0]LogSlate: Updating window title bar state: overlay mode, drag disabled, window buttons hidden, title bar hidden
[2019.12.06-18.14.42:311][  0]LogSlate: Updating window title bar state: overlay mode, drag disabled, window buttons hidden, title bar hidden
[2019.12.06-18.14.42:322][  0]LogCollectionManager: Loaded 0 collections in 0.001832 seconds
[2019.12.06-18.14.42:352][  0]LogFileCache: Scanning file cache for directory 'C:/Users/ALUMNO/Downloads/UntitledHorrorGame-e1/NoNameProject/Saved/Collections/' took 0.01s
[2019.12.06-18.14.42:352][  0]LogFileCache: Scanning file cache for directory 'C:/Users/ALUMNO/Downloads/UntitledHorrorGame-e1/NoNameProject/Content/Developers/ALUMNO/Collections/' took 0.01s
[2019.12.06-18.14.42:352][  0]LogFileCache: Scanning file cache for directory 'C:/Users/ALUMNO/Downloads/UntitledHorrorGame-e1/NoNameProject/Content/Collections/' took 0.00s
[2019.12.06-18.14.42:353][  0]LogCollectionManager: Rebuilt the GUID cache for 0 collections in 0.000000 seconds
[2019.12.06-18.14.42:361][  0]LogContentBrowser: Native class hierarchy populated in 0.0085 seconds. Added 2745 classes and 663 folders.
[2019.12.06-18.14.42:369][  0]LogContentBrowser: Native class hierarchy updated for 'WidgetCarousel' in 0.0004 seconds. Added 0 classes and 0 folders.
[2019.12.06-18.14.42:372][  0]LogPakFile: Registered encryption key '00000000000000000000000000000000': 0 pak files mounted, 0 remain pending
[2019.12.06-18.14.42:373][  0]LogPakFile: Registered encryption key '00000000000000000000000000000000': 0 pak files mounted, 0 remain pending
[2019.12.06-18.14.42:374][  0]LogPakFile: Registered encryption key '00000000000000000000000000000000': 0 pak files mounted, 0 remain pending
[2019.12.06-18.14.42:374][  0]LogPakFile: Registered encryption key '00000000000000000000000000000000': 0 pak files mounted, 0 remain pending
[2019.12.06-18.14.42:375][  0]LogPakFile: Registered encryption key '00000000000000000000000000000000': 0 pak files mounted, 0 remain pending
[2019.12.06-18.14.42:376][  0]LogPakFile: Registered encryption key '00000000000000000000000000000000': 0 pak files mounted, 0 remain pending
[2019.12.06-18.14.42:376][  0]LogPakFile: Registered encryption key '00000000000000000000000000000000': 0 pak files mounted, 0 remain pending
[2019.12.06-18.14.42:377][  0]LogPakFile: Registered encryption key '00000000000000000000000000000000': 0 pak files mounted, 0 remain pending
[2019.12.06-18.14.42:378][  0]LogPakFile: Registered encryption key '00000000000000000000000000000000': 0 pak files mounted, 0 remain pending
[2019.12.06-18.14.42:379][  0]LogPakFile: Registered encryption key '00000000000000000000000000000000': 0 pak files mounted, 0 remain pending
[2019.12.06-18.14.42:379][  0]LogPakFile: Registered encryption key '00000000000000000000000000000000': 0 pak files mounted, 0 remain pending
[2019.12.06-18.14.42:380][  0]LogPakFile: Registered encryption key '00000000000000000000000000000000': 0 pak files mounted, 0 remain pending
[2019.12.06-18.14.42:381][  0]LogPakFile: Registered encryption key '00000000000000000000000000000000': 0 pak files mounted, 0 remain pending
[2019.12.06-18.14.42:382][  0]LogPakFile: Registered encryption key '00000000000000000000000000000000': 0 pak files mounted, 0 remain pending
[2019.12.06-18.14.42:382][  0]LogPakFile: Registered encryption key '00000000000000000000000000000000': 0 pak files mounted, 0 remain pending
[2019.12.06-18.14.42:383][  0]LogPakFile: Registered encryption key '00000000000000000000000000000000': 0 pak files mounted, 0 remain pending
[2019.12.06-18.14.42:384][  0]LogPakFile: Registered encryption key '00000000000000000000000000000000': 0 pak files mounted, 0 remain pending
[2019.12.06-18.14.42:384][  0]LogPakFile: Registered encryption key '00000000000000000000000000000000': 0 pak files mounted, 0 remain pending
[2019.12.06-18.14.42:385][  0]LogPakFile: Registered encryption key '00000000000000000000000000000000': 0 pak files mounted, 0 remain pending
[2019.12.06-18.14.42:386][  0]LogPakFile: Registered encryption key '00000000000000000000000000000000': 0 pak files mounted, 0 remain pending
[2019.12.06-18.14.42:387][  0]LogPakFile: Registered encryption key '00000000000000000000000000000000': 0 pak files mounted, 0 remain pending
[2019.12.06-18.14.42:388][  0]LogPakFile: Registered encryption key '00000000000000000000000000000000': 0 pak files mounted, 0 remain pending
[2019.12.06-18.14.42:388][  0]LogPakFile: Registered encryption key '00000000000000000000000000000000': 0 pak files mounted, 0 remain pending
[2019.12.06-18.14.42:389][  0]LogPakFile: Registered encryption key '00000000000000000000000000000000': 0 pak files mounted, 0 remain pending
[2019.12.06-18.14.42:390][  0]LogPakFile: Registered encryption key '00000000000000000000000000000000': 0 pak files mounted, 0 remain pending
[2019.12.06-18.14.42:391][  0]LogPakFile: Registered encryption key '00000000000000000000000000000000': 0 pak files mounted, 0 remain pending
[2019.12.06-18.14.42:439][  0]LogContentBrowser: Native class hierarchy updated for 'AddContentDialog' in 0.0004 seconds. Added 0 classes and 0 folders.
[2019.12.06-18.14.42:540][  0]LogContentBrowser: Native class hierarchy updated for 'HierarchicalLODOutliner' in 0.0006 seconds. Added 0 classes and 0 folders.
[2019.12.06-18.14.42:540][  0]LogLoad: (Engine Initialization) Total time: 12.37 seconds
[2019.12.06-18.14.42:541][  0]LogLoad: (Engine Initialization) Total Blueprint compile time: 0.00 seconds
[2019.12.06-18.14.42:580][  0]LogAssetRegistry: Asset discovery search completed in 7.0291 seconds
[2019.12.06-18.14.42:582][  0]LogCollectionManager: Rebuilt the object cache for 0 collections in 0.000000 seconds (found 0 objects)
[2019.12.06-18.14.42:582][  0]LogCollectionManager: Fixed up redirectors for 0 collections in 0.000098 seconds (updated 0 objects)
[2019.12.06-18.14.42:583][  0]LogContentStreaming: Texture pool size now 1000 MB
[2019.12.06-18.14.42:593][  0]LogSlate: Took 0.000314 seconds to synchronously load lazily loaded font '../../../Engine/Content/Slate/Fonts/Roboto-Regular.ttf' (155K)
[2019.12.06-18.14.42:595][  0]LogSlate: Took 0.000350 seconds to synchronously load lazily loaded font '../../../Engine/Content/Slate/Fonts/Roboto-Bold.ttf' (160K)
[2019.12.06-18.14.42:778][  2]LogRenderer: Reallocating scene render targets to support 656x400 Format 10 NumSamples 1 (Frame:1).
[2019.12.06-18.14.42:849][  3]LogRenderer: Reallocating scene render targets to support 656x512 Format 10 NumSamples 1 (Frame:1).
[2019.12.06-18.14.50:784][668]LogSlate: FSceneViewport::OnFocusLost() reason 0
[2019.12.06-18.14.50:940][681]LogRenderer: Reallocating scene render targets to support 988x636 Format 10 NumSamples 1 (Frame:669).
[2019.12.06-18.14.58:328][ 85]LogSlate: Took 0.000518 seconds to synchronously load lazily loaded font '../../../Engine/Content/Editor/Slate/Fonts/FontAwesome.ttf' (139K)
[2019.12.06-18.14.58:346][ 85]LogSlate: Took 0.000509 seconds to synchronously load lazily loaded font '../../../Engine/Content/Slate/Fonts/Roboto-Light.ttf' (167K)
[2019.12.06-18.15.00:207][165]LogSlate: Took 0.000340 seconds to synchronously load lazily loaded font '../../../Engine/Content/Slate/Fonts/Roboto-Light.ttf' (167K)
[2019.12.06-18.15.00:216][165]LogAssetEditorManager: Opening Asset editor for Blueprint /Game/BP_FPSCharacter.BP_FPSCharacter
[2019.12.06-18.15.00:462][165]LogContentBrowser: Native class hierarchy updated for 'BlueprintGraph' in 0.0007 seconds. Added 121 classes and 0 folders.
[2019.12.06-18.15.01:265][165]LogSlate: Took 0.000482 seconds to synchronously load lazily loaded font '../../../Engine/Content/Slate/Fonts/Roboto-BoldCondensed.ttf' (158K)
[2019.12.06-18.15.02:216][272]LogSlate: Took 0.000388 seconds to synchronously load lazily loaded font '../../../Engine/Content/Slate/Fonts/Roboto-Italic.ttf' (157K)
[2019.12.06-18.15.10:227][213]BlueprintLog: New page: Compile BP_FPSCharacter
[2019.12.06-18.15.10:388][213]LogUObjectHash: Compacting FUObjectHashTables data took   3.81ms
[2019.12.06-18.15.14:138][589]Cmd: OBJ SAVEPACKAGE PACKAGE="/Game/BP_FPSCharacter" FILE="../../../../../../Users/ALUMNO/Downloads/UntitledHorrorGame-e1/NoNameProject/Content/BP_FPSCharacter.uasset" SILENT=true
[2019.12.06-18.15.14:169][589]LogSavePackage: Moving '../../../../../../Users/ALUMNO/Downloads/UntitledHorrorGame-e1/NoNameProject/Saved/BP_FPSCharacter761A2E664EB993A9804BEF8A257C9A5E.tmp' to '../../../../../../Users/ALUMNO/Downloads/UntitledHorrorGame-e1/NoNameProject/Content/BP_FPSCharacter.uasset'
[2019.12.06-18.15.16:648][775]LogTemp: Repeating last play command: Selected Viewport
[2019.12.06-18.15.16:666][775]LogBlueprintUserMessages: Early PlayInEditor Detection: Level '/Game/PasilloCasa.PasilloCasa:PersistentLevel' has LevelScriptBlueprint '/Game/PasilloCasa.PasilloCasa:PersistentLevel.PasilloCasa' with GeneratedClass '/Game/PasilloCasa.PasilloCasa_C' with ClassGeneratedBy '/Game/PasilloCasa.PasilloCasa:PersistentLevel.PasilloCasa'
[2019.12.06-18.15.16:666][775]LogPlayLevel: PlayLevel: No blueprints needed recompiling
[2019.12.06-18.15.16:667][775]PIE: New page: PIE session: PasilloCasa (Dec 6, 2019, 6:15:16 AM)
[2019.12.06-18.15.16:681][775]LogPlayLevel: Creating play world package: /Game/UEDPIE_0_PasilloCasa
[2019.12.06-18.15.16:688][775]LogPlayLevel: PIE: StaticDuplicateObject took: (0.005875s)
[2019.12.06-18.15.16:689][775]LogAIModule: Creating AISystem for world PasilloCasa
[2019.12.06-18.15.16:689][775]LogPlayLevel: PIE: World Init took: (0.001061s)
[2019.12.06-18.15.16:689][775]LogPlayLevel: PIE: Created PIE world by copying editor world from /Game/PasilloCasa.PasilloCasa to /Game/UEDPIE_0_PasilloCasa.PasilloCasa (0.007962s)
[2019.12.06-18.15.16:718][775]LogUObjectHash: Compacting FUObjectHashTables data took   2.73ms
[2019.12.06-18.15.16:743][775]LogInit: XAudio2 using 'MX279 (2- NVIDIA High Definition Audio)' : 2 channels at 48 kHz using 16 bits per sample (channel mask 0x3)
[2019.12.06-18.15.16:756][775]LogInit: FAudioDevice initialized.
[2019.12.06-18.15.16:803][775]LogLoad: Game class is 'MyNoNameProjectGameModeBase_C'
[2019.12.06-18.15.16:807][775]LogWorld: Bringing World /Game/UEDPIE_0_PasilloCasa.PasilloCasa up for play (max tick rate 0) at 2019.12.06-12.15.16
[2019.12.06-18.15.16:808][775]LogWorld: Bringing up level for play took: 0.003471
[2019.12.06-18.15.16:825][775]LogBlueprintActionDatabase: Requesting refresh due to module change: Voice (loaded)
[2019.12.06-18.15.16:828][775]LogBlueprintActionDatabase: Requesting refresh due to module change: MovieSceneCapture (loaded)
[2019.12.06-18.15.16:829][775]LogContentBrowser: Native class hierarchy updated for 'MovieSceneCapture' in 0.0006 seconds. Added 20 classes and 0 folders.
[2019.12.06-18.15.16:830][775]LogTemp: Warning: All systems set.
[2019.12.06-18.15.16:830][775]PIE: Play in editor start time for /Game/UEDPIE_0_PasilloCasa 0.844
[2019.12.06-18.15.16:831][775]LogBlueprintUserMessages: Late PlayInEditor Detection: Level '/Game/PasilloCasa.PasilloCasa:PersistentLevel' has LevelScriptBlueprint '/Game/PasilloCasa.PasilloCasa:PersistentLevel.PasilloCasa' with GeneratedClass '/Game/PasilloCasa.PasilloCasa_C' with ClassGeneratedBy '/Game/PasilloCasa.PasilloCasa:PersistentLevel.PasilloCasa'
[2019.12.06-18.15.22:700][ 41]LogSlate: FSceneViewport::OnFocusLost() reason 0
[2019.12.06-18.15.34:512][227]LogEditorViewport: Clicking on Actor (LMB): StaticMeshActor (FBX_PasilloUV_MESH_SueloYTechoPasillo)
[2019.12.06-18.15.42:059][564]LogSlate: FSceneViewport::OnFocusLost() reason 0
[2019.12.06-18.15.42:175][564]LogSlate: Took 0.110596 seconds to synchronously load lazily loaded font '../../../Engine/Content/Slate/Fonts/DroidSansMono.ttf' (77K)
[2019.12.06-18.15.49:574][886]LogEditorViewport: Clicking on Actor (LMB): StaticMeshActor (FBX_PasilloUV_MESH_SueloYTechoPasillo)
[2019.12.06-18.15.55:945][170]LogBlueprintUserMessages: Early EndPlayMap Detection: Level '/Game/PasilloCasa.PasilloCasa:PersistentLevel' has LevelScriptBlueprint '/Game/PasilloCasa.PasilloCasa:PersistentLevel.PasilloCasa' with GeneratedClass '/Game/PasilloCasa.PasilloCasa_C' with ClassGeneratedBy '/Game/PasilloCasa.PasilloCasa:PersistentLevel.PasilloCasa'
[2019.12.06-18.15.55:946][170]LogSlate: Updating window title bar state: overlay mode, drag disabled, window buttons hidden, title bar hidden
[2019.12.06-18.15.55:986][170]LogPlayLevel: Display: Shutting down PIE online subsystems
[2019.12.06-18.15.55:986][170]LogBlueprintUserMessages: Late EndPlayMap Detection: Level '/Game/PasilloCasa.PasilloCasa:PersistentLevel' has LevelScriptBlueprint '/Game/PasilloCasa.PasilloCasa:PersistentLevel.PasilloCasa' with GeneratedClass '/Game/PasilloCasa.PasilloCasa_C' with ClassGeneratedBy '/Game/PasilloCasa.PasilloCasa:PersistentLevel.PasilloCasa'
[2019.12.06-18.15.56:031][170]LogSlate: Updating window title bar state: overlay mode, drag disabled, window buttons hidden, title bar hidden
[2019.12.06-18.15.56:068][170]LogUObjectHash: Compacting FUObjectHashTables data took   9.18ms
[2019.12.06-18.15.56:093][171]LogPlayLevel: Display: Destroying online subsystem :Context_3
[2019.12.06-18.15.58:735][283]LogSlate: FSceneViewport::OnFocusLost() reason 2
[2019.12.06-18.15.59:008][294]LogSlate: FSceneViewport::OnFocusLost() reason 2
[2019.12.06-18.16.04:798][534]LogBlueprintActionDatabase: Requesting refresh due to module change: ExternalImagePicker (loaded)
[2019.12.06-18.16.05:697][534]LogSlate: Only BGRA pngs, bmps or icos are supported in by External Image Picker
[2019.12.06-18.17.46:731][328]LogTemp: Repeating last play command: Selected Viewport
[2019.12.06-18.17.46:754][328]LogBlueprintUserMessages: Early PlayInEditor Detection: Level '/Game/PasilloCasa.PasilloCasa:PersistentLevel' has LevelScriptBlueprint '/Game/PasilloCasa.PasilloCasa:PersistentLevel.PasilloCasa' with GeneratedClass '/Game/PasilloCasa.PasilloCasa_C' with ClassGeneratedBy '/Game/PasilloCasa.PasilloCasa:PersistentLevel.PasilloCasa'
[2019.12.06-18.17.46:755][328]LogPlayLevel: PlayLevel: No blueprints needed recompiling
[2019.12.06-18.17.46:755][328]PIE: New page: PIE session: PasilloCasa (Dec 6, 2019, 6:17:46 AM)
[2019.12.06-18.17.46:756][328]LogPlayLevel: Creating play world package: /Game/UEDPIE_0_PasilloCasa
[2019.12.06-18.17.46:766][328]LogPlayLevel: PIE: StaticDuplicateObject took: (0.009615s)
[2019.12.06-18.17.46:767][328]LogAIModule: Creating AISystem for world PasilloCasa
[2019.12.06-18.17.46:767][328]LogPlayLevel: PIE: World Init took: (0.001209s)
[2019.12.06-18.17.46:767][328]LogPlayLevel: PIE: Created PIE world by copying editor world from /Game/PasilloCasa.PasilloCasa to /Game/UEDPIE_0_PasilloCasa.PasilloCasa (0.011644s)
[2019.12.06-18.17.46:852][328]LogUObjectHash: Compacting FUObjectHashTables data took   5.47ms
[2019.12.06-18.17.46:881][328]LogInit: XAudio2 using 'MX279 (2- NVIDIA High Definition Audio)' : 2 channels at 48 kHz using 16 bits per sample (channel mask 0x3)
[2019.12.06-18.17.46:896][328]LogInit: FAudioDevice initialized.
[2019.12.06-18.17.46:926][328]LogLoad: Game class is 'MyNoNameProjectGameModeBase_C'
[2019.12.06-18.17.46:929][328]LogWorld: Bringing World /Game/UEDPIE_0_PasilloCasa.PasilloCasa up for play (max tick rate 0) at 2019.12.06-12.17.46
[2019.12.06-18.17.46:930][328]LogWorld: Bringing up level for play took: 0.003372
[2019.12.06-18.17.46:945][328]LogTemp: Warning: All systems set.
[2019.12.06-18.17.46:945][328]PIE: Play in editor start time for /Game/UEDPIE_0_PasilloCasa 0.959
[2019.12.06-18.17.46:945][328]LogBlueprintUserMessages: Late PlayInEditor Detection: Level '/Game/PasilloCasa.PasilloCasa:PersistentLevel' has LevelScriptBlueprint '/Game/PasilloCasa.PasilloCasa:PersistentLevel.PasilloCasa' with GeneratedClass '/Game/PasilloCasa.PasilloCasa_C' with ClassGeneratedBy '/Game/PasilloCasa.PasilloCasa:PersistentLevel.PasilloCasa'
[2019.12.06-18.17.54:470][669]LogSlate: FSceneViewport::OnFocusLost() reason 0
[2019.12.06-18.18.01:818][  9]LogSlate: FSceneViewport::OnFocusLost() reason 0
[2019.12.06-18.18.15:789][664]LogSlate: Window 'Project Settings' being destroyed
[2019.12.06-18.18.15:796][664]LogSlate: Window 'Project Settings' being destroyed
[2019.12.06-18.18.17:742][751]LogBlueprintUserMessages: Early EndPlayMap Detection: Level '/Game/PasilloCasa.PasilloCasa:PersistentLevel' has LevelScriptBlueprint '/Game/PasilloCasa.PasilloCasa:PersistentLevel.PasilloCasa' with GeneratedClass '/Game/PasilloCasa.PasilloCasa_C' with ClassGeneratedBy '/Game/PasilloCasa.PasilloCasa:PersistentLevel.PasilloCasa'
[2019.12.06-18.18.17:742][751]LogSlate: Updating window title bar state: overlay mode, drag disabled, window buttons hidden, title bar hidden
[2019.12.06-18.18.17:781][751]LogPlayLevel: Display: Shutting down PIE online subsystems
[2019.12.06-18.18.17:781][751]LogBlueprintUserMessages: Late EndPlayMap Detection: Level '/Game/PasilloCasa.PasilloCasa:PersistentLevel' has LevelScriptBlueprint '/Game/PasilloCasa.PasilloCasa:PersistentLevel.PasilloCasa' with GeneratedClass '/Game/PasilloCasa.PasilloCasa_C' with ClassGeneratedBy '/Game/PasilloCasa.PasilloCasa:PersistentLevel.PasilloCasa'
[2019.12.06-18.18.17:820][751]LogSlate: Updating window title bar state: overlay mode, drag disabled, window buttons hidden, title bar hidden
[2019.12.06-18.18.17:827][751]LogUObjectHash: Compacting FUObjectHashTables data took   4.44ms
[2019.12.06-18.18.17:854][752]LogPlayLevel: Display: Destroying online subsystem :Context_6
[2019.12.06-18.18.48:973][ 56]Cmd: OBJ SAVEPACKAGE PACKAGE="/Game/PasilloCasa" FILE="../../../../../../Users/ALUMNO/Downloads/UntitledHorrorGame-e1/NoNameProject/Content/PasilloCasa.umap" SILENT=true AUTOSAVING=false KEEPDIRTY=false
[2019.12.06-18.18.49:055][ 56]LogUObjectHash: Compacting FUObjectHashTables data took   0.98ms
[2019.12.06-18.18.49:304][ 56]LogSavePackage: Moving '../../../../../../Users/ALUMNO/Downloads/UntitledHorrorGame-e1/NoNameProject/Saved/PasilloCasaBF4A80064C552D6414AC3FAD6A66CDFA.tmp' to '../../../../../../Users/ALUMNO/Downloads/UntitledHorrorGame-e1/NoNameProject/Content/PasilloCasa.umap'
[2019.12.06-18.18.50:164][ 93]LogUObjectHash: Compacting FUObjectHashTables data took   2.32ms
[2019.12.06-18.18.50:310][ 93]LogSlate: Window 'NoNameProject - Unreal Editor' being destroyed
[2019.12.06-18.18.50:311][ 93]LogWindowsTextInputMethodSystem: Display: IME system now deactivated.
[2019.12.06-18.18.50:527][ 94]Cmd: QUIT_EDITOR
[2019.12.06-18.18.50:638][ 94]LogExit: Preparing to exit.
[2019.12.06-18.18.50:918][ 94]LogExit: Editor shut down
[2019.12.06-18.18.50:919][ 94]LogExit: Transaction tracking system shut down
[2019.12.06-18.18.51:290][ 94]LogExit: Object subsystem successfully closed.
[2019.12.06-18.18.51:319][ 94]LogShaderCompilers: Display: Shaders left to compile 0
[2019.12.06-18.18.51:326][ 94]LogD3D11RHI: Shutdown
[2019.12.06-18.18.51:326][ 94]LogD3D11RHI: CleanupD3DDevice
[2019.12.06-18.18.51:327][ 94]LogRendererCore: FGlobalReadBuffer::ReleaseRHI
[2019.12.06-18.18.51:327][ 94]LogRendererCore: FGlobalDynamicReadBuffer::Cleanup()
[2019.12.06-18.18.51:327][ 94]LogRendererCore: FGlobalReadBuffer::ReleaseRHI
[2019.12.06-18.18.51:327][ 94]LogRendererCore: FGlobalDynamicReadBuffer::Cleanup()
[2019.12.06-18.18.51:327][ 94]LogRendererCore: FGlobalReadBuffer::ReleaseRHI
[2019.12.06-18.18.51:327][ 94]LogRendererCore: FGlobalDynamicReadBuffer::Cleanup()
[2019.12.06-18.18.51:328][ 94]LogD3D11RHI: ~FD3D11DynamicRHI
[2019.12.06-18.18.51:409][ 94]LogModuleManager: Shutting down and abandoning module ExternalImagePicker (652)
[2019.12.06-18.18.51:409][ 94]LogModuleManager: Shutting down and abandoning module MovieSceneCapture (650)
[2019.12.06-18.18.51:409][ 94]LogModuleManager: Shutting down and abandoning module Voice (648)
[2019.12.06-18.18.51:409][ 94]LogModuleManager: Shutting down and abandoning module BlueprintGraph (646)
[2019.12.06-18.18.51:409][ 94]LogModuleManager: Shutting down and abandoning module HierarchicalLODOutliner (644)
[2019.12.06-18.18.51:409][ 94]LogModuleManager: Shutting down and abandoning module AddContentDialog (642)
[2019.12.06-18.18.51:409][ 94]LogModuleManager: Shutting down and abandoning module WidgetCarousel (641)
[2019.12.06-18.18.51:410][ 94]LogModuleManager: Shutting down and abandoning module EditorWidgets (638)
[2019.12.06-18.18.51:410][ 94]LogModuleManager: Shutting down and abandoning module CollectionManager (636)
[2019.12.06-18.18.51:410][ 94]LogModuleManager: Shutting down and abandoning module SceneOutliner (634)
[2019.12.06-18.18.51:410][ 94]LogModuleManager: Shutting down and abandoning module StatsViewer (632)
[2019.12.06-18.18.51:410][ 94]LogModuleManager: Shutting down and abandoning module FoliageEdit (630)
[2019.12.06-18.18.51:410][ 94]LogModuleManager: Shutting down and abandoning module LandscapeEditor (628)
[2019.12.06-18.18.51:410][ 94]LogModuleManager: Shutting down and abandoning module MeshPaintMode (626)
[2019.12.06-18.18.51:410][ 94]LogModuleManager: Shutting down and abandoning module SceneDepthPickerMode (624)
[2019.12.06-18.18.51:410][ 94]LogModuleManager: Shutting down and abandoning module ActorPickerMode (622)
[2019.12.06-18.18.51:410][ 94]LogModuleManager: Shutting down and abandoning module GeometryMode (620)
[2019.12.06-18.18.51:411][ 94]LogModuleManager: Shutting down and abandoning module TextureAlignMode (618)
[2019.12.06-18.18.51:411][ 94]LogModuleManager: Shutting down and abandoning module BspMode (616)
[2019.12.06-18.18.51:411][ 94]LogModuleManager: Shutting down and abandoning module PIEPreviewDeviceProfileSelector (614)
[2019.12.06-18.18.51:411][ 94]LogModuleManager: Shutting down and abandoning module SequenceRecorderSections (612)
[2019.12.06-18.18.51:411][ 94]LogModuleManager: Shutting down and abandoning module AutomationWorker (610)
[2019.12.06-18.18.51:411][ 94]LogModuleManager: Shutting down and abandoning module OculusMR (608)
[2019.12.06-18.18.51:411][ 94]LogModuleManager: Shutting down and abandoning module AudioCaptureEditor (606)
[2019.12.06-18.18.51:411][ 94]LogModuleManager: Shutting down and abandoning module MatineeToLevelSequence (604)
[2019.12.06-18.18.51:411][ 94]LogModuleManager: Shutting down and abandoning module LevelSequenceEditor (602)
[2019.12.06-18.18.51:411][ 94]LogModuleManager: Shutting down and abandoning module PlacementMode (601)
[2019.12.06-18.18.51:411][ 94]LogModuleManager: Shutting down and abandoning module MaterialEditor (600)
[2019.12.06-18.18.51:412][ 94]LogModuleManager: Shutting down and abandoning module ActorSequenceEditor (596)
[2019.12.06-18.18.51:412][ 94]LogModuleManager: Shutting down and abandoning module WmfMediaFactory (594)
[2019.12.06-18.18.51:412][ 94]LogModuleManager: Shutting down and abandoning module WmfMediaEditor (592)
[2019.12.06-18.18.51:412][ 94]LogModuleManager: Shutting down and abandoning module WebMMediaFactory (590)
[2019.12.06-18.18.51:412][ 94]LogModuleManager: Shutting down and abandoning module WebMMediaEditor (588)
[2019.12.06-18.18.51:412][ 94]LogModuleManager: Shutting down and abandoning module WebMMedia (586)
[2019.12.06-18.18.51:412][ 94]LogModuleManager: Shutting down and abandoning module MediaPlayerEditor (584)
[2019.12.06-18.18.51:412][ 94]LogModuleManager: Shutting down and abandoning module MediaCompositingEditor (582)
[2019.12.06-18.18.51:412][ 94]LogModuleManager: Shutting down and abandoning module SequenceRecorder (581)
[2019.12.06-18.18.51:412][ 94]LogModuleManager: Shutting down and abandoning module OpenExrWrapper (578)
[2019.12.06-18.18.51:412][ 94]LogModuleManager: Shutting down and abandoning module ImgMediaFactory (576)
[2019.12.06-18.18.51:412][ 94]LogModuleManager: Shutting down and abandoning module ImgMediaEditor (574)
[2019.12.06-18.18.51:412][ 94]LogModuleManager: Shutting down and abandoning module AvfMediaFactory (572)
[2019.12.06-18.18.51:413][ 94]LogModuleManager: Shutting down and abandoning module AvfMediaEditor (570)
[2019.12.06-18.18.51:413][ 94]LogModuleManager: Shutting down and abandoning module AndroidMediaFactory (568)
[2019.12.06-18.18.51:413][ 94]LogModuleManager: Shutting down and abandoning module AndroidMediaEditor (566)
[2019.12.06-18.18.51:413][ 94]LogModuleManager: Shutting down and abandoning module MagicLeapCameraPreviewFactory (564)
[2019.12.06-18.18.51:413][ 94]LogModuleManager: Shutting down and abandoning module MagicLeapMediaCodecFactory (562)
[2019.12.06-18.18.51:413][ 94]LogModuleManager: Shutting down and abandoning module MagicLeapMediaFactory (560)
[2019.12.06-18.18.51:413][ 94]LogModuleManager: Shutting down and abandoning module MagicLeapMediaEditor (558)
[2019.12.06-18.18.51:413][ 94]LogModuleManager: Shutting down and abandoning module CharacterAI (556)
[2019.12.06-18.18.51:413][ 94]LogModuleManager: Shutting down and abandoning module SmartSnapping (554)
[2019.12.06-18.18.51:413][ 94]LogModuleManager: Shutting down and abandoning module SessionServices (552)
[2019.12.06-18.18.51:413][ 94]LogModuleManager: Shutting down and abandoning module MeshPaint (550)
[2019.12.06-18.18.51:413][ 94]LogModuleManager: Shutting down and abandoning module ViewportSnapping (548)
[2019.12.06-18.18.51:413][ 94]LogModuleManager: Shutting down and abandoning module ViewportInteraction (546)
[2019.12.06-18.18.51:413][ 94]LogModuleManager: Shutting down and abandoning module ClothPainter (544)
[2019.12.06-18.18.51:414][ 94]LogModuleManager: Shutting down and abandoning module SkeletalMeshEditor (543)
[2019.12.06-18.18.51:414][ 94]LogModuleManager: Shutting down and abandoning module LogVisualizer (540)
[2019.12.06-18.18.51:414][ 94]LogModuleManager: Shutting down and abandoning module IntroTutorials (538)
[2019.12.06-18.18.51:414][ 94]LogModuleManager: Shutting down and abandoning module GameProjectGeneration (537)
[2019.12.06-18.18.51:414][ 94]LogModuleManager: Shutting down and abandoning module LuminPlatformEditor (534)
[2019.12.06-18.18.51:414][ 94]LogModuleManager: Shutting down and abandoning module IOSPlatformEditor (532)
[2019.12.06-18.18.51:414][ 94]LogModuleManager: Shutting down and abandoning module HTML5PlatformEditor (530)
[2019.12.06-18.18.51:414][ 94]LogModuleManager: Shutting down and abandoning module AndroidPlatformEditor (528)
[2019.12.06-18.18.51:414][ 94]LogModuleManager: Shutting down and abandoning module AndroidDeviceDetection (527)
