Log file open, 11/01/19 12:01:28
LogWindows: Failed to load 'aqProf.dll' (GetLastError=126)
LogWindows: File 'aqProf.dll' does not exist
LogWindows: Failed to load 'VtuneApi.dll' (GetLastError=126)
LogWindows: File 'VtuneApi.dll' does not exist
LogWindows: Failed to load 'VtuneApi32e.dll' (GetLastError=126)
LogWindows: File 'VtuneApi32e.dll' does not exist
LogConsoleResponse: Display: Failed to find resolution value strings in scalability ini. Falling back to default.
LogInit: Display: Running engine for game: NoNameProject
LogPakFile: Registered encryption key '00000000000000000000000000000000': 0 pak files mounted, 0 remain pending
LogPlatformFile: Not using cached read wrapper
LogTaskGraph: Started task graph with 5 named threads and 23 total threads with 3 sets of task threads.
LogStats: Stats thread started at 0.391752
LogD3D11RHI: Loaded GFSDK_Aftermath_Lib.x64.dll
LogICUInternationalization: ICU TimeZone Detection - Raw Offset: -6:00, Platform Override: ''
LogPluginManager: Mounting plugin Paper2D
LogPluginManager: Mounting plugin AISupport
LogPluginManager: Mounting plugin LightPropagationVolume
LogPluginManager: Mounting plugin ActorLayerUtilities
LogPluginManager: Mounting plugin AnimationSharing
LogPluginManager: Mounting plugin CLionSourceCodeAccess
LogPluginManager: Mounting plugin CodeLiteSourceCodeAccess
LogPluginManager: Mounting plugin GitSourceControl
LogPluginManager: Mounting plugin KDevelopSourceCodeAccess
LogPluginManager: Mounting plugin NullSourceCodeAccess
LogPluginManager: Mounting plugin PerforceSourceControl
LogPluginManager: Mounting plugin SubversionSourceControl
LogPluginManager: Mounting plugin UObjectPlugin
LogPluginManager: Mounting plugin VisualStudioCodeSourceCodeAccess
LogPluginManager: Mounting plugin VisualStudioSourceCodeAccess
LogPluginManager: Mounting plugin XCodeSourceCodeAccess
LogPluginManager: Mounting plugin AssetManagerEditor
LogPluginManager: Mounting plugin CryptoKeys
LogPluginManager: Mounting plugin DataValidation
LogPluginManager: Mounting plugin FacialAnimation
LogPluginManager: Mounting plugin GameplayTagsEditor
LogPluginManager: Mounting plugin MacGraphicsSwitching
LogPluginManager: Mounting plugin MaterialAnalyzer
LogPluginManager: Mounting plugin MobileLauncherProfileWizard
LogPluginManager: Mounting plugin PluginBrowser
LogPluginManager: Mounting plugin SpeedTreeImporter
LogPluginManager: Mounting plugin DatasmithContent
LogPluginManager: Mounting plugin VariantManagerContent
LogPluginManager: Mounting plugin AlembicImporter
LogPluginManager: Mounting plugin AppleImageUtils
LogPluginManager: Mounting plugin AppleVision
LogPluginManager: Mounting plugin BackChannel
LogPluginManager: Mounting plugin CharacterAI
LogPluginManager: Mounting plugin GeometryCache
LogPluginManager: Mounting plugin HTML5Networking
LogPluginManager: Mounting plugin ProxyLODPlugin
LogPluginManager: Mounting plugin SkeletalReduction
LogPluginManager: Mounting plugin MagicLeap
LogPluginManager: Mounting plugin MagicLeapMedia
LogPluginManager: Mounting plugin AndroidMedia
LogPluginManager: Mounting plugin AvfMedia
LogPluginManager: Mounting plugin ImgMedia
LogPluginManager: Mounting plugin LinearTimecode
LogPluginManager: Mounting plugin MediaCompositing
LogPluginManager: Mounting plugin MediaPlayerEditor
LogPluginManager: Mounting plugin WebMMedia
LogPluginManager: Mounting plugin WmfMedia
LogPluginManager: Mounting plugin TcpMessaging
LogPluginManager: Mounting plugin UdpMessaging
LogPluginManager: Mounting plugin ActorSequence
LogPluginManager: Mounting plugin LevelSequenceEditor
LogPluginManager: Mounting plugin MatineeToLevelSequence
LogPluginManager: Mounting plugin NetcodeUnitTest
LogPluginManager: Mounting plugin NUTUnrealEngine4
LogPluginManager: Mounting plugin OnlineSubsystemGooglePlay
LogPluginManager: Mounting plugin OnlineSubsystemIOS
LogPluginManager: Mounting plugin OnlineSubsystem
LogPluginManager: Mounting plugin OnlineSubsystemNull
LogPluginManager: Mounting plugin OnlineSubsystemUtils
LogPluginManager: Mounting plugin LauncherChunkInstaller
LogPluginManager: Mounting plugin AndroidDeviceProfileSelector
LogPluginManager: Mounting plugin AndroidMoviePlayer
LogPluginManager: Mounting plugin AndroidPermission
LogPluginManager: Mounting plugin AppleMoviePlayer
LogPluginManager: Mounting plugin ArchVisCharacter
LogPluginManager: Mounting plugin AudioCapture
LogPluginManager: Mounting plugin CableComponent
LogPluginManager: Mounting plugin CustomMeshComponent
LogPluginManager: Mounting plugin EditableMesh
LogPluginManager: Mounting plugin ExampleDeviceProfileSelector
LogPluginManager: Mounting plugin Firebase
LogPluginManager: Mounting plugin GoogleCloudMessaging
LogPluginManager: Mounting plugin IOSDeviceProfileSelector
LogPluginManager: Mounting plugin LinuxDeviceProfileSelector
LogPluginManager: Mounting plugin LocationServicesBPLibrary
LogPluginManager: Mounting plugin MobilePatchingUtils
LogPluginManager: Mounting plugin OculusVR
LogPluginManager: Mounting plugin PhysXVehicles
LogPluginManager: Mounting plugin ProceduralMeshComponent
LogPluginManager: Mounting plugin RuntimePhysXCooking
LogPluginManager: Mounting plugin SignificanceManager
LogPluginManager: Mounting plugin SteamVR
LogPluginManager: Mounting plugin WebMMoviePlayer
LogPluginManager: Mounting plugin WindowsMoviePlayer
LogInit: Using libcurl 7.55.1-DEV
LogInit:  - built for x86_64-pc-win32
LogInit:  - supports SSL with OpenSSL/1.1.1
LogInit:  - supports HTTP deflate (compression) using libz 1.2.8
LogInit:  - other features:
LogInit:      CURL_VERSION_SSL
LogInit:      CURL_VERSION_LIBZ
LogInit:      CURL_VERSION_IPV6
LogInit:      CURL_VERSION_ASYNCHDNS
LogInit:      CURL_VERSION_LARGEFILE
LogInit:      CURL_VERSION_IDN
LogInit:  CurlRequestOptions (configurable via config and command line):
LogInit:  - bVerifyPeer = true  - Libcurl will verify peer certificate
LogInit:  - bUseHttpProxy = false  - Libcurl will NOT use HTTP proxy
LogInit:  - bDontReuseConnections = false  - Libcurl will reuse connections
LogInit:  - MaxHostConnections = 16  - Libcurl will limit the number of connections to a host
LogInit:  - LocalHostAddr = Default
LogInit:  - BufferSize = 65536
LogInit: WinSock: version 1.1 (2.2), MaxSocks=32767, MaxUdp=65467
LogInit: Build: ++UE4+Release-4.22-CL-7053642
LogInit: Engine Version: 4.22.3-7053642+++UE4+Release-4.22
LogInit: Compatible Engine Version: 4.22.0-5660361+++UE4+Release-4.22
LogInit: Net CL: 5660361
LogInit: OS: Windows 10 (Release 1903) (), CPU: Intel(R) Core(TM) i7-4790 CPU @ 3.60GHz, GPU: NVIDIA Quadro K2200
LogInit: Compiled (64-bit): Jun 18 2019 03:09:11
LogInit: Compiled with Visual C++: 19.16.27025.01
LogInit: Build Configuration: Development
LogInit: Branch Name: ++UE4+Release-4.22
LogInit: Command Line:  -skipcompile
LogInit: Base Directory: C:/Program Files/Epic Games/UE_4.22/Engine/Binaries/Win64/
LogInit: Installed Engine Build: 1
LogDevObjectVersion: Number of dev versions registered: 23
LogDevObjectVersion:   Dev-Blueprints (B0D832E4-1F89-4F0D-ACCF-7EB736FD4AA2): 10
LogDevObjectVersion:   Dev-Build (E1C64328-A22C-4D53-A36C-8E866417BD8C): 0
LogDevObjectVersion:   Dev-Core (375EC13C-06E4-48FB-B500-84F0262A717E): 3
LogDevObjectVersion:   Dev-Editor (E4B068ED-F494-42E9-A231-DA0B2E46BB41): 30
LogDevObjectVersion:   Dev-Framework (CFFC743F-43B0-4480-9391-14DF171D2073): 35
LogDevObjectVersion:   Dev-Mobile (B02B49B5-BB20-44E9-A304-32B752E40360): 2
LogDevObjectVersion:   Dev-Networking (A4E4105C-59A1-49B5-A7C5-40C4547EDFEE): 0
LogDevObjectVersion:   Dev-Online (39C831C9-5AE6-47DC-9A44-9C173E1C8E7C): 0
LogDevObjectVersion:   Dev-Physics (78F01B33-EBEA-4F98-B9B4-84EACCB95AA2): 0
LogDevObjectVersion:   Dev-Platform (6631380F-2D4D-43E0-8009-CF276956A95A): 0
LogDevObjectVersion:   Dev-Rendering (12F88B9F-8875-4AFC-A67C-D90C383ABD29): 28
LogDevObjectVersion:   Dev-Sequencer (7B5AE74C-D270-4C10-A958-57980B212A5A): 11
LogDevObjectVersion:   Dev-VR (D7296918-1DD6-4BDD-9DE2-64A83CC13884): 2
LogDevObjectVersion:   Dev-LoadTimes (C2A15278-BFE7-4AFE-6C17-90FF531DF755): 1
LogDevObjectVersion:   Private-Geometry (6EACA3D4-40EC-4CC1-B786-8BED09428FC5): 3
LogDevObjectVersion:   Dev-AnimPhys (29E575DD-E0A3-4627-9D10-D276232CDCEA): 17
LogDevObjectVersion:   Dev-Anim (AF43A65D-7FD3-4947-9873-3E8ED9C1BB05): 2
LogDevObjectVersion:   Dev-ReflectionCapture (6B266CEC-1EC7-4B8F-A30B-E4D90942FC07): 1
LogDevObjectVersion:   Dev-Automation (0DF73D61-A23F-47EA-B727-89E90C41499A): 1
LogDevObjectVersion:   FortniteMain (601D1886-AC64-4F84-AA16-D3DE0DEAC7D6): 25
LogDevObjectVersion:   Dev-Enterprise (9DFFBCD6-494F-0158-E221-12823C92A888): 6
LogDevObjectVersion:   Dev-Niagara (F2AED0AC-9AFE-416F-8664-AA7FFA26D6FC): 1
LogDevObjectVersion:   Dev-Destruction (174F1F0B-B4C6-45A5-B13F-2EE8D0FB917D): 2
LogInit: Presizing for max 16777216 objects, including 0 objects not considered by GC, pre-allocating 0 bytes for permanent pool.
LogInit: Object subsystem initialized
LogConfig: Setting CVar [[con.DebugEarlyDefault:1]]
LogConfig: Setting CVar [[r.setres:1280x720]]
[2019.11.01-18.01.29:191][  0]LogConfig: Setting CVar [[r.VSync:0]]
[2019.11.01-18.01.29:191][  0]LogConfig: Setting CVar [[r.RHICmdBypass:0]]
[2019.11.01-18.01.29:191][  0]LogConfig: Applying CVar settings from Section [/Script/Engine.RendererSettings] File [C:/Users/ALUMNO/Documents/GitHub/UntitledHorrorGame/NoNameProject/Saved/Config/Windows/Engine.ini]
[2019.11.01-18.01.29:191][  0]LogConfig: Setting CVar [[r.GPUCrashDebugging:0]]
[2019.11.01-18.01.29:191][  0]LogConfig: Setting CVar [[r.DefaultFeature.AutoExposure.ExtendDefaultLuminanceRange:1]]
[2019.11.01-18.01.29:191][  0]LogConfig: Setting CVar [[r.ReflectionCaptureResolution:512]]
[2019.11.01-18.01.29:191][  0]LogConfig: Applying CVar settings from Section [/Script/Engine.RendererOverrideSettings] File [C:/Users/ALUMNO/Documents/GitHub/UntitledHorrorGame/NoNameProject/Saved/Config/Windows/Engine.ini]
[2019.11.01-18.01.29:192][  0]LogConfig: Applying CVar settings from Section [/Script/Engine.StreamingSettings] File [C:/Users/ALUMNO/Documents/GitHub/UntitledHorrorGame/NoNameProject/Saved/Config/Windows/Engine.ini]
[2019.11.01-18.01.29:192][  0]LogConfig: Setting CVar [[s.MinBulkDataSizeForAsyncLoading:131072]]
[2019.11.01-18.01.29:192][  0]LogConfig: Setting CVar [[s.AsyncLoadingThreadEnabled:0]]
[2019.11.01-18.01.29:192][  0]LogConfig: Setting CVar [[s.EventDrivenLoaderEnabled:1]]
[2019.11.01-18.01.29:192][  0]LogConfig: Setting CVar [[s.WarnIfTimeLimitExceeded:0]]
[2019.11.01-18.01.29:192][  0]LogConfig: Setting CVar [[s.TimeLimitExceededMultiplier:1.5]]
[2019.11.01-18.01.29:192][  0]LogConfig: Setting CVar [[s.TimeLimitExceededMinTime:0.005]]
[2019.11.01-18.01.29:192][  0]LogConfig: Setting CVar [[s.UseBackgroundLevelStreaming:1]]
[2019.11.01-18.01.29:192][  0]LogConfig: Setting CVar [[s.PriorityAsyncLoadingExtraTime:15.0]]
[2019.11.01-18.01.29:192][  0]LogConfig: Setting CVar [[s.LevelStreamingActorsUpdateTimeLimit:5.0]]
[2019.11.01-18.01.29:192][  0]LogConfig: Setting CVar [[s.PriorityLevelStreamingActorsUpdateExtraTime:5.0]]
[2019.11.01-18.01.29:192][  0]LogConfig: Setting CVar [[s.LevelStreamingComponentsRegistrationGranularity:10]]
[2019.11.01-18.01.29:192][  0]LogConfig: Setting CVar [[s.UnregisterComponentsTimeLimit:1.0]]
[2019.11.01-18.01.29:192][  0]LogConfig: Setting CVar [[s.LevelStreamingComponentsUnregistrationGranularity:5]]
[2019.11.01-18.01.29:192][  0]LogConfig: Applying CVar settings from Section [/Script/Engine.GarbageCollectionSettings] File [C:/Users/ALUMNO/Documents/GitHub/UntitledHorrorGame/NoNameProject/Saved/Config/Windows/Engine.ini]
[2019.11.01-18.01.29:192][  0]LogConfig: Setting CVar [[gc.MaxObjectsNotConsideredByGC:1]]
[2019.11.01-18.01.29:192][  0]LogConfig: Setting CVar [[gc.SizeOfPermanentObjectPool:0]]
[2019.11.01-18.01.29:193][  0]LogConfig: Setting CVar [[gc.FlushStreamingOnGC:0]]
[2019.11.01-18.01.29:193][  0]LogConfig: Setting CVar [[gc.NumRetriesBeforeForcingGC:10]]
[2019.11.01-18.01.29:193][  0]LogConfig: Setting CVar [[gc.AllowParallelGC:1]]
[2019.11.01-18.01.29:193][  0]LogConfig: Setting CVar [[gc.TimeBetweenPurgingPendingKillObjects:61.1]]
[2019.11.01-18.01.29:193][  0]LogConfig: Setting CVar [[gc.MaxObjectsInEditor:16777216]]
[2019.11.01-18.01.29:193][  0]LogConfig: Setting CVar [[gc.IncrementalBeginDestroyEnabled:1]]
[2019.11.01-18.01.29:193][  0]LogConfig: Setting CVar [[gc.CreateGCClusters:1]]
[2019.11.01-18.01.29:193][  0]LogConfig: Setting CVar [[gc.MinGCClusterSize:5]]
[2019.11.01-18.01.29:193][  0]LogConfig: Setting CVar [[gc.ActorClusteringEnabled:0]]
[2019.11.01-18.01.29:193][  0]LogConfig: Setting CVar [[gc.BlueprintClusteringEnabled:0]]
[2019.11.01-18.01.29:193][  0]LogConfig: Setting CVar [[gc.UseDisregardForGCOnDedicatedServers:0]]
[2019.11.01-18.01.29:193][  0]LogConfig: Applying CVar settings from Section [/Script/Engine.NetworkSettings] File [C:/Users/ALUMNO/Documents/GitHub/UntitledHorrorGame/NoNameProject/Saved/Config/Windows/Engine.ini]
[2019.11.01-18.01.29:193][  0]LogConfig: Applying CVar settings from Section [/Script/UnrealEd.CookerSettings] File [C:/Users/ALUMNO/Documents/GitHub/UntitledHorrorGame/NoNameProject/Saved/Config/Windows/Engine.ini]
[2019.11.01-18.01.29:202][  0]LogConfig: Applying CVar settings from Section [ViewDistanceQuality@3] File [C:/Users/ALUMNO/Documents/GitHub/UntitledHorrorGame/NoNameProject/Saved/Config/Windows/Scalability.ini]
[2019.11.01-18.01.29:202][  0]LogConfig: Setting CVar [[r.SkeletalMeshLODBias:0]]
[2019.11.01-18.01.29:202][  0]LogConfig: Setting CVar [[r.ViewDistanceScale:1.0]]
[2019.11.01-18.01.29:203][  0]LogConfig: Applying CVar settings from Section [AntiAliasingQuality@3] File [C:/Users/ALUMNO/Documents/GitHub/UntitledHorrorGame/NoNameProject/Saved/Config/Windows/Scalability.ini]
[2019.11.01-18.01.29:203][  0]LogConfig: Setting CVar [[r.PostProcessAAQuality:4]]
[2019.11.01-18.01.29:203][  0]LogConfig: Applying CVar settings from Section [ShadowQuality@3] File [C:/Users/ALUMNO/Documents/GitHub/UntitledHorrorGame/NoNameProject/Saved/Config/Windows/Scalability.ini]
[2019.11.01-18.01.29:203][  0]LogConfig: Setting CVar [[r.LightFunctionQuality:1]]
[2019.11.01-18.01.29:203][  0]LogConfig: Setting CVar [[r.ShadowQuality:5]]
[2019.11.01-18.01.29:203][  0]LogConfig: Setting CVar [[r.Shadow.CSM.MaxCascades:10]]
[2019.11.01-18.01.29:203][  0]LogConfig: Setting CVar [[r.Shadow.MaxResolution:2048]]
[2019.11.01-18.01.29:203][  0]LogConfig: Setting CVar [[r.Shadow.MaxCSMResolution:2048]]
[2019.11.01-18.01.29:203][  0]LogConfig: Setting CVar [[r.Shadow.RadiusThreshold:0.01]]
[2019.11.01-18.01.29:203][  0]LogConfig: Setting CVar [[r.Shadow.DistanceScale:1.0]]
[2019.11.01-18.01.29:203][  0]LogConfig: Setting CVar [[r.Shadow.CSM.TransitionScale:1.0]]
[2019.11.01-18.01.29:203][  0]LogConfig: Setting CVar [[r.Shadow.PreShadowResolutionFactor:1.0]]
[2019.11.01-18.01.29:203][  0]LogConfig: Setting CVar [[r.DistanceFieldShadowing:1]]
[2019.11.01-18.01.29:203][  0]LogConfig: Setting CVar [[r.DistanceFieldAO:1]]
[2019.11.01-18.01.29:204][  0]LogConfig: Setting CVar [[r.AOQuality:2]]
[2019.11.01-18.01.29:204][  0]LogConfig: Setting CVar [[r.VolumetricFog:1]]
[2019.11.01-18.01.29:204][  0]LogConfig: Setting CVar [[r.VolumetricFog.GridPixelSize:8]]
[2019.11.01-18.01.29:204][  0]LogConfig: Setting CVar [[r.VolumetricFog.GridSizeZ:128]]
[2019.11.01-18.01.29:204][  0]LogConfig: Setting CVar [[r.VolumetricFog.HistoryMissSupersampleCount:4]]
[2019.11.01-18.01.29:204][  0]LogConfig: Setting CVar [[r.LightMaxDrawDistanceScale:1]]
[2019.11.01-18.01.29:204][  0]LogConfig: Setting CVar [[r.CapsuleShadows:1]]
[2019.11.01-18.01.29:204][  0]LogConfig: Applying CVar settings from Section [PostProcessQuality@3] File [C:/Users/ALUMNO/Documents/GitHub/UntitledHorrorGame/NoNameProject/Saved/Config/Windows/Scalability.ini]
[2019.11.01-18.01.29:204][  0]LogConfig: Setting CVar [[r.MotionBlurQuality:4]]
[2019.11.01-18.01.29:204][  0]LogConfig: Setting CVar [[r.AmbientOcclusionMipLevelFactor:0.4]]
[2019.11.01-18.01.29:204][  0]LogConfig: Setting CVar [[r.AmbientOcclusionMaxQuality:100]]
[2019.11.01-18.01.29:204][  0]LogConfig: Setting CVar [[r.AmbientOcclusionLevels:-1]]
[2019.11.01-18.01.29:204][  0]LogConfig: Setting CVar [[r.AmbientOcclusionRadiusScale:1.0]]
[2019.11.01-18.01.29:204][  0]LogConfig: Setting CVar [[r.DepthOfFieldQuality:2]]
[2019.11.01-18.01.29:204][  0]LogConfig: Setting CVar [[r.RenderTargetPoolMin:400]]
[2019.11.01-18.01.29:204][  0]LogConfig: Setting CVar [[r.LensFlareQuality:2]]
[2019.11.01-18.01.29:205][  0]LogConfig: Setting CVar [[r.SceneColorFringeQuality:1]]
[2019.11.01-18.01.29:205][  0]LogConfig: Setting CVar [[r.EyeAdaptationQuality:2]]
[2019.11.01-18.01.29:205][  0]LogConfig: Setting CVar [[r.BloomQuality:5]]
[2019.11.01-18.01.29:205][  0]LogConfig: Setting CVar [[r.FastBlurThreshold:100]]
[2019.11.01-18.01.29:205][  0]LogConfig: Setting CVar [[r.Upscale.Quality:3]]
[2019.11.01-18.01.29:205][  0]LogConfig: Setting CVar [[r.Tonemapper.GrainQuantization:1]]
[2019.11.01-18.01.29:205][  0]LogConfig: Setting CVar [[r.LightShaftQuality:1]]
[2019.11.01-18.01.29:205][  0]LogConfig: Setting CVar [[r.Filter.SizeScale:1]]
[2019.11.01-18.01.29:205][  0]LogConfig: Setting CVar [[r.Tonemapper.Quality:5]]
[2019.11.01-18.01.29:205][  0]LogConfig: Setting CVar [[r.DOF.Gather.AccumulatorQuality:1        ; higher gathering accumulator quality]]
[2019.11.01-18.01.29:205][  0]LogConfig: Setting CVar [[r.DOF.Gather.PostfilterMethod:1          ; Median3x3 postfilering method]]
[2019.11.01-18.01.29:205][  0]LogConfig: Setting CVar [[r.DOF.Gather.EnableBokehSettings:0       ; no bokeh simulation when gathering]]
[2019.11.01-18.01.29:205][  0]LogConfig: Setting CVar [[r.DOF.Gather.RingCount:4                 ; medium number of samples when gathering]]
[2019.11.01-18.01.29:205][  0]LogConfig: Setting CVar [[r.DOF.Scatter.ForegroundCompositing:1    ; additive foreground scattering]]
[2019.11.01-18.01.29:205][  0]LogConfig: Setting CVar [[r.DOF.Scatter.BackgroundCompositing:2    ; additive background scattering]]
[2019.11.01-18.01.29:205][  0]LogConfig: Setting CVar [[r.DOF.Scatter.EnableBokehSettings:1      ; bokeh simulation when scattering]]
[2019.11.01-18.01.29:205][  0]LogConfig: Setting CVar [[r.DOF.Scatter.MaxSpriteRatio:0.1         ; only a maximum of 10% of scattered bokeh]]
[2019.11.01-18.01.29:206][  0]LogConfig: Setting CVar [[r.DOF.Recombine.Quality:1                ; cheap slight out of focus]]
[2019.11.01-18.01.29:206][  0]LogConfig: Setting CVar [[r.DOF.Recombine.EnableBokehSettings:0    ; no bokeh simulation on slight out of focus]]
[2019.11.01-18.01.29:206][  0]LogConfig: Setting CVar [[r.DOF.TemporalAAQuality:1                ; more stable temporal accumulation]]
[2019.11.01-18.01.29:206][  0]LogConfig: Setting CVar [[r.DOF.Kernel.MaxForegroundRadius:0.025]]
[2019.11.01-18.01.29:206][  0]LogConfig: Setting CVar [[r.DOF.Kernel.MaxBackgroundRadius:0.025]]
[2019.11.01-18.01.29:206][  0]LogConfig: Applying CVar settings from Section [TextureQuality@3] File [C:/Users/ALUMNO/Documents/GitHub/UntitledHorrorGame/NoNameProject/Saved/Config/Windows/Scalability.ini]
[2019.11.01-18.01.29:206][  0]LogConfig: Setting CVar [[r.Streaming.MipBias:0]]
[2019.11.01-18.01.29:206][  0]LogConfig: Setting CVar [[r.Streaming.AmortizeCPUToGPUCopy:0]]
[2019.11.01-18.01.29:206][  0]LogConfig: Setting CVar [[r.Streaming.MaxNumTexturesToStreamPerFrame:0]]
[2019.11.01-18.01.29:206][  0]LogConfig: Setting CVar [[r.Streaming.Boost:1]]
[2019.11.01-18.01.29:206][  0]LogConfig: Setting CVar [[r.MaxAnisotropy:8]]
[2019.11.01-18.01.29:206][  0]LogConfig: Setting CVar [[r.Streaming.LimitPoolSizeToVRAM:0]]
[2019.11.01-18.01.29:206][  0]LogConfig: Setting CVar [[r.Streaming.PoolSize:1000]]
[2019.11.01-18.01.29:206][  0]LogConfig: Setting CVar [[r.Streaming.MaxEffectiveScreenSize:0]]
[2019.11.01-18.01.29:206][  0]LogConfig: Applying CVar settings from Section [EffectsQuality@3] File [C:/Users/ALUMNO/Documents/GitHub/UntitledHorrorGame/NoNameProject/Saved/Config/Windows/Scalability.ini]
[2019.11.01-18.01.29:206][  0]LogConfig: Setting CVar [[r.TranslucencyLightingVolumeDim:64]]
[2019.11.01-18.01.29:207][  0]LogConfig: Setting CVar [[r.RefractionQuality:2]]
[2019.11.01-18.01.29:207][  0]LogConfig: Setting CVar [[r.SSR.Quality:3]]
[2019.11.01-18.01.29:207][  0]LogConfig: Setting CVar [[r.SceneColorFormat:4]]
[2019.11.01-18.01.29:207][  0]LogConfig: Setting CVar [[r.DetailMode:2]]
[2019.11.01-18.01.29:207][  0]LogConfig: Setting CVar [[r.TranslucencyVolumeBlur:1]]
[2019.11.01-18.01.29:207][  0]LogConfig: Setting CVar [[r.MaterialQualityLevel:1 ; High quality]]
[2019.11.01-18.01.29:207][  0]LogConfig: Setting CVar [[r.SSS.Scale:1]]
[2019.11.01-18.01.29:207][  0]LogConfig: Setting CVar [[r.SSS.SampleSet:2]]
[2019.11.01-18.01.29:207][  0]LogConfig: Setting CVar [[r.SSS.Quality:1]]
[2019.11.01-18.01.29:207][  0]LogConfig: Setting CVar [[r.SSS.HalfRes:1]]
[2019.11.01-18.01.29:207][  0]LogConfig: Setting CVar [[r.EmitterSpawnRateScale:1.0]]
[2019.11.01-18.01.29:207][  0]LogConfig: Setting CVar [[r.ParticleLightQuality:2]]
[2019.11.01-18.01.29:207][  0]LogConfig: Applying CVar settings from Section [FoliageQuality@3] File [C:/Users/ALUMNO/Documents/GitHub/UntitledHorrorGame/NoNameProject/Saved/Config/Windows/Scalability.ini]
[2019.11.01-18.01.29:207][  0]LogConfig: Setting CVar [[foliage.DensityScale:1.0]]
[2019.11.01-18.01.29:207][  0]LogConfig: Setting CVar [[grass.DensityScale:1.0]]
[2019.11.01-18.01.29:208][  0]LogInit: Selected Device Profile: [Windows]
[2019.11.01-18.01.29:208][  0]LogInit: Applying CVar settings loaded from the selected device profile: [Windows]
[2019.11.01-18.01.29:221][  0]LogHAL: Display: Platform has ~ 16 GB [17098399744 / 17179869184 / 16], which maps to Larger [LargestMinGB=32, LargerMinGB=12, DefaultMinGB=8, SmallerMinGB=6, SmallestMinGB=0)
[2019.11.01-18.01.29:221][  0]LogConfig: Setting CVar [[r.Vulkan.UseRealUBs:0		; Required until we fix HLR fall-out]]
[2019.11.01-18.01.29:221][  0]LogInit: Going up to parent DeviceProfile []
[2019.11.01-18.01.29:221][  0]LogConfig: Applying CVar settings from Section [ViewDistanceQuality@3] File [C:/Users/ALUMNO/Documents/GitHub/UntitledHorrorGame/NoNameProject/Saved/Config/Windows/Scalability.ini]
[2019.11.01-18.01.29:221][  0]LogConfig: Setting CVar [[r.SkeletalMeshLODBias:0]]
[2019.11.01-18.01.29:221][  0]LogConfig: Setting CVar [[r.ViewDistanceScale:1.0]]
[2019.11.01-18.01.29:221][  0]LogConfig: Applying CVar settings from Section [AntiAliasingQuality@3] File [C:/Users/ALUMNO/Documents/GitHub/UntitledHorrorGame/NoNameProject/Saved/Config/Windows/Scalability.ini]
[2019.11.01-18.01.29:221][  0]LogConfig: Setting CVar [[r.PostProcessAAQuality:4]]
[2019.11.01-18.01.29:222][  0]LogConfig: Applying CVar settings from Section [ShadowQuality@3] File [C:/Users/ALUMNO/Documents/GitHub/UntitledHorrorGame/NoNameProject/Saved/Config/Windows/Scalability.ini]
[2019.11.01-18.01.29:222][  0]LogConfig: Setting CVar [[r.LightFunctionQuality:1]]
[2019.11.01-18.01.29:222][  0]LogConfig: Setting CVar [[r.ShadowQuality:5]]
[2019.11.01-18.01.29:222][  0]LogConfig: Setting CVar [[r.Shadow.CSM.MaxCascades:10]]
[2019.11.01-18.01.29:222][  0]LogConfig: Setting CVar [[r.Shadow.MaxResolution:2048]]
[2019.11.01-18.01.29:222][  0]LogConfig: Setting CVar [[r.Shadow.MaxCSMResolution:2048]]
[2019.11.01-18.01.29:222][  0]LogConfig: Setting CVar [[r.Shadow.RadiusThreshold:0.01]]
[2019.11.01-18.01.29:222][  0]LogConfig: Setting CVar [[r.Shadow.DistanceScale:1.0]]
[2019.11.01-18.01.29:222][  0]LogConfig: Setting CVar [[r.Shadow.CSM.TransitionScale:1.0]]
[2019.11.01-18.01.29:222][  0]LogConfig: Setting CVar [[r.Shadow.PreShadowResolutionFactor:1.0]]
[2019.11.01-18.01.29:222][  0]LogConfig: Setting CVar [[r.DistanceFieldShadowing:1]]
[2019.11.01-18.01.29:222][  0]LogConfig: Setting CVar [[r.DistanceFieldAO:1]]
[2019.11.01-18.01.29:222][  0]LogConfig: Setting CVar [[r.AOQuality:2]]
[2019.11.01-18.01.29:222][  0]LogConfig: Setting CVar [[r.VolumetricFog:1]]
[2019.11.01-18.01.29:222][  0]LogConfig: Setting CVar [[r.VolumetricFog.GridPixelSize:8]]
[2019.11.01-18.01.29:222][  0]LogConfig: Setting CVar [[r.VolumetricFog.GridSizeZ:128]]
[2019.11.01-18.01.29:223][  0]LogConfig: Setting CVar [[r.VolumetricFog.HistoryMissSupersampleCount:4]]
[2019.11.01-18.01.29:223][  0]LogConfig: Setting CVar [[r.LightMaxDrawDistanceScale:1]]
[2019.11.01-18.01.29:223][  0]LogConfig: Setting CVar [[r.CapsuleShadows:1]]
[2019.11.01-18.01.29:223][  0]LogConfig: Applying CVar settings from Section [PostProcessQuality@3] File [C:/Users/ALUMNO/Documents/GitHub/UntitledHorrorGame/NoNameProject/Saved/Config/Windows/Scalability.ini]
[2019.11.01-18.01.29:223][  0]LogConfig: Setting CVar [[r.MotionBlurQuality:4]]
[2019.11.01-18.01.29:223][  0]LogConfig: Setting CVar [[r.AmbientOcclusionMipLevelFactor:0.4]]
[2019.11.01-18.01.29:223][  0]LogConfig: Setting CVar [[r.AmbientOcclusionMaxQuality:100]]
[2019.11.01-18.01.29:223][  0]LogConfig: Setting CVar [[r.AmbientOcclusionLevels:-1]]
[2019.11.01-18.01.29:223][  0]LogConfig: Setting CVar [[r.AmbientOcclusionRadiusScale:1.0]]
[2019.11.01-18.01.29:223][  0]LogConfig: Setting CVar [[r.DepthOfFieldQuality:2]]
[2019.11.01-18.01.29:223][  0]LogConfig: Setting CVar [[r.RenderTargetPoolMin:400]]
[2019.11.01-18.01.29:223][  0]LogConfig: Setting CVar [[r.LensFlareQuality:2]]
[2019.11.01-18.01.29:223][  0]LogConfig: Setting CVar [[r.SceneColorFringeQuality:1]]
[2019.11.01-18.01.29:223][  0]LogConfig: Setting CVar [[r.EyeAdaptationQuality:2]]
[2019.11.01-18.01.29:224][  0]LogConfig: Setting CVar [[r.BloomQuality:5]]
[2019.11.01-18.01.29:224][  0]LogConfig: Setting CVar [[r.FastBlurThreshold:100]]
[2019.11.01-18.01.29:224][  0]LogConfig: Setting CVar [[r.Upscale.Quality:3]]
[2019.11.01-18.01.29:224][  0]LogConfig: Setting CVar [[r.Tonemapper.GrainQuantization:1]]
[2019.11.01-18.01.29:224][  0]LogConfig: Setting CVar [[r.LightShaftQuality:1]]
[2019.11.01-18.01.29:224][  0]LogConfig: Setting CVar [[r.Filter.SizeScale:1]]
[2019.11.01-18.01.29:224][  0]LogConfig: Setting CVar [[r.Tonemapper.Quality:5]]
[2019.11.01-18.01.29:224][  0]LogConfig: Setting CVar [[r.DOF.Gather.AccumulatorQuality:1        ; higher gathering accumulator quality]]
[2019.11.01-18.01.29:224][  0]LogConfig: Setting CVar [[r.DOF.Gather.PostfilterMethod:1          ; Median3x3 postfilering method]]
[2019.11.01-18.01.29:224][  0]LogConfig: Setting CVar [[r.DOF.Gather.EnableBokehSettings:0       ; no bokeh simulation when gathering]]
[2019.11.01-18.01.29:224][  0]LogConfig: Setting CVar [[r.DOF.Gather.RingCount:4                 ; medium number of samples when gathering]]
[2019.11.01-18.01.29:224][  0]LogConfig: Setting CVar [[r.DOF.Scatter.ForegroundCompositing:1    ; additive foreground scattering]]
[2019.11.01-18.01.29:224][  0]LogConfig: Setting CVar [[r.DOF.Scatter.BackgroundCompositing:2    ; additive background scattering]]
[2019.11.01-18.01.29:224][  0]LogConfig: Setting CVar [[r.DOF.Scatter.EnableBokehSettings:1      ; bokeh simulation when scattering]]
[2019.11.01-18.01.29:224][  0]LogConfig: Setting CVar [[r.DOF.Scatter.MaxSpriteRatio:0.1         ; only a maximum of 10% of scattered bokeh]]
[2019.11.01-18.01.29:224][  0]LogConfig: Setting CVar [[r.DOF.Recombine.Quality:1                ; cheap slight out of focus]]
[2019.11.01-18.01.29:224][  0]LogConfig: Setting CVar [[r.DOF.Recombine.EnableBokehSettings:0    ; no bokeh simulation on slight out of focus]]
[2019.11.01-18.01.29:224][  0]LogConfig: Setting CVar [[r.DOF.TemporalAAQuality:1                ; more stable temporal accumulation]]
[2019.11.01-18.01.29:225][  0]LogConfig: Setting CVar [[r.DOF.Kernel.MaxForegroundRadius:0.025]]
[2019.11.01-18.01.29:225][  0]LogConfig: Setting CVar [[r.DOF.Kernel.MaxBackgroundRadius:0.025]]
[2019.11.01-18.01.29:225][  0]LogConfig: Applying CVar settings from Section [TextureQuality@3] File [C:/Users/ALUMNO/Documents/GitHub/UntitledHorrorGame/NoNameProject/Saved/Config/Windows/Scalability.ini]
[2019.11.01-18.01.29:225][  0]LogConfig: Setting CVar [[r.Streaming.MipBias:0]]
[2019.11.01-18.01.29:225][  0]LogConfig: Setting CVar [[r.Streaming.AmortizeCPUToGPUCopy:0]]
[2019.11.01-18.01.29:225][  0]LogConfig: Setting CVar [[r.Streaming.MaxNumTexturesToStreamPerFrame:0]]
[2019.11.01-18.01.29:225][  0]LogConfig: Setting CVar [[r.Streaming.Boost:1]]
[2019.11.01-18.01.29:225][  0]LogConfig: Setting CVar [[r.MaxAnisotropy:8]]
[2019.11.01-18.01.29:225][  0]LogConfig: Setting CVar [[r.Streaming.LimitPoolSizeToVRAM:0]]
[2019.11.01-18.01.29:225][  0]LogConfig: Setting CVar [[r.Streaming.PoolSize:1000]]
[2019.11.01-18.01.29:225][  0]LogConfig: Setting CVar [[r.Streaming.MaxEffectiveScreenSize:0]]
[2019.11.01-18.01.29:225][  0]LogConfig: Applying CVar settings from Section [EffectsQuality@3] File [C:/Users/ALUMNO/Documents/GitHub/UntitledHorrorGame/NoNameProject/Saved/Config/Windows/Scalability.ini]
[2019.11.01-18.01.29:225][  0]LogConfig: Setting CVar [[r.TranslucencyLightingVolumeDim:64]]
[2019.11.01-18.01.29:225][  0]LogConfig: Setting CVar [[r.RefractionQuality:2]]
[2019.11.01-18.01.29:225][  0]LogConfig: Setting CVar [[r.SSR.Quality:3]]
[2019.11.01-18.01.29:225][  0]LogConfig: Setting CVar [[r.SceneColorFormat:4]]
[2019.11.01-18.01.29:225][  0]LogConfig: Setting CVar [[r.DetailMode:2]]
[2019.11.01-18.01.29:225][  0]LogConfig: Setting CVar [[r.TranslucencyVolumeBlur:1]]
[2019.11.01-18.01.29:226][  0]LogConfig: Setting CVar [[r.MaterialQualityLevel:1 ; High quality]]
[2019.11.01-18.01.29:226][  0]LogConfig: Setting CVar [[r.SSS.Scale:1]]
[2019.11.01-18.01.29:226][  0]LogConfig: Setting CVar [[r.SSS.SampleSet:2]]
[2019.11.01-18.01.29:226][  0]LogConfig: Setting CVar [[r.SSS.Quality:1]]
[2019.11.01-18.01.29:226][  0]LogConfig: Setting CVar [[r.SSS.HalfRes:1]]
[2019.11.01-18.01.29:226][  0]LogConfig: Setting CVar [[r.EmitterSpawnRateScale:1.0]]
[2019.11.01-18.01.29:226][  0]LogConfig: Setting CVar [[r.ParticleLightQuality:2]]
[2019.11.01-18.01.29:226][  0]LogConfig: Applying CVar settings from Section [FoliageQuality@3] File [C:/Users/ALUMNO/Documents/GitHub/UntitledHorrorGame/NoNameProject/Saved/Config/Windows/Scalability.ini]
[2019.11.01-18.01.29:226][  0]LogConfig: Setting CVar [[foliage.DensityScale:1.0]]
[2019.11.01-18.01.29:226][  0]LogConfig: Setting CVar [[grass.DensityScale:1.0]]
[2019.11.01-18.01.29:226][  0]LogConfig: Applying CVar settings from Section [Startup] File [../../../Engine/Config/ConsoleVariables.ini]
[2019.11.01-18.01.29:227][  0]LogConfig: Setting CVar [[net.UseAdaptiveNetUpdateFrequency:0]]
[2019.11.01-18.01.29:227][  0]LogConfig: Setting CVar [[p.chaos.AllowCreatePhysxBodies:1]]
[2019.11.01-18.01.29:227][  0]LogConfig: Applying CVar settings from Section [ConsoleVariables] File [C:/Users/ALUMNO/Documents/GitHub/UntitledHorrorGame/NoNameProject/Saved/Config/Windows/Engine.ini]
[2019.11.01-18.01.29:228][  0]LogInit: Computer: P-13
[2019.11.01-18.01.29:228][  0]LogInit: User: ALUMNO
[2019.11.01-18.01.29:228][  0]LogInit: CPU Page size=4096, Cores=4
[2019.11.01-18.01.29:228][  0]LogInit: High frequency timer resolution =10.000000 MHz
[2019.11.01-18.01.29:228][  0]LogMemory: Memory total: Physical=15.9GB (16GB approx)
[2019.11.01-18.01.29:228][  0]LogMemory: Platform Memory Stats for Windows
[2019.11.01-18.01.29:228][  0]LogMemory: Process Physical Memory: 97.86 MB used, 97.86 MB peak
[2019.11.01-18.01.29:228][  0]LogMemory: Process Virtual Memory: 89.03 MB used, 89.03 MB peak
[2019.11.01-18.01.29:228][  0]LogMemory: Physical Memory: 5819.58 MB used,  10486.72 MB free, 16306.30 MB total
[2019.11.01-18.01.29:228][  0]LogMemory: Virtual Memory: 4643.21 MB used,  134213088.00 MB free, 134217728.00 MB total
[2019.11.01-18.01.29:331][  0]LogInit: Overriding language with editor language configuration option (en).
[2019.11.01-18.01.29:331][  0]LogInit: Overriding locale with editor locale configuration option (en).
[2019.11.01-18.01.29:496][  0]LogInit: Setting process to per monitor DPI aware
[2019.11.01-18.01.29:545][  0]LogSlate: New Slate User Created.  User Index 0, Is Virtual User: 0
[2019.11.01-18.01.29:545][  0]LogSlate: Slate User Registered.  User Index 0, Is Virtual User: 0
[2019.11.01-18.01.29:866][  0]LogHMD: Failed to initialize OpenVR with code 110
[2019.11.01-18.01.29:866][  0]LogD3D11RHI: D3D11 adapters:
[2019.11.01-18.01.29:946][  0]LogD3D11RHI:    0. 'NVIDIA Quadro K2200' (Feature Level 11_0)
[2019.11.01-18.01.29:946][  0]LogD3D11RHI:       4053/0/8153 MB DedicatedVideo/DedicatedSystem/SharedSystem, Outputs:1, VendorId:0x10de
[2019.11.01-18.01.29:953][  0]LogD3D11RHI:    1. 'Microsoft Basic Render Driver' (Feature Level 11_0)
[2019.11.01-18.01.29:953][  0]LogD3D11RHI:       0/0/8153 MB DedicatedVideo/DedicatedSystem/SharedSystem, Outputs:0, VendorId:0x1414
[2019.11.01-18.01.29:953][  0]LogD3D11RHI: Chosen D3D11 Adapter: 0
[2019.11.01-18.01.29:959][  0]LogD3D11RHI: Creating new Direct3DDevice
[2019.11.01-18.01.29:959][  0]LogD3D11RHI:     GPU DeviceId: 0x13ba (for the marketing name, search the web for "GPU Device Id")
[2019.11.01-18.01.29:959][  0]LogWindows: EnumDisplayDevices:
[2019.11.01-18.01.29:960][  0]LogWindows:    0. 'NVIDIA Quadro K2200' (P:1 D:1)
[2019.11.01-18.01.29:960][  0]LogWindows:    1. 'NVIDIA Quadro K2200' (P:0 D:0)
[2019.11.01-18.01.29:961][  0]LogWindows:    2. 'NVIDIA Quadro K2200' (P:0 D:0)
[2019.11.01-18.01.29:961][  0]LogWindows:    3. 'NVIDIA Quadro K2200' (P:0 D:0)
[2019.11.01-18.01.29:961][  0]LogWindows: DebugString: FoundDriverCount:4 
[2019.11.01-18.01.29:961][  0]LogD3D11RHI:     Adapter Name: NVIDIA Quadro K2200
[2019.11.01-18.01.29:962][  0]LogD3D11RHI:   Driver Version: 431.70 (internal:26.21.14.3170, unified:431.70)
[2019.11.01-18.01.29:962][  0]LogD3D11RHI:      Driver Date: 7-24-2019
[2019.11.01-18.01.29:962][  0]LogRHI: Texture pool is 2837 MB (70% of 4053 MB)
[2019.11.01-18.01.30:023][  0]LogD3D11RHI: Async texture creation enabled
[2019.11.01-18.01.30:028][  0]LogRendererCore: FGlobalReadBuffer::InitRHI
[2019.11.01-18.01.30:029][  0]LogRendererCore: FGlobalReadBuffer::InitRHI
[2019.11.01-18.01.30:029][  0]LogRendererCore: FGlobalReadBuffer::InitRHI
[2019.11.01-18.01.30:037][  0]LogD3D11RHI: GPU Timing Frequency: 1000.000000 (Debug: 2 1)
[2019.11.01-18.01.30:379][  0]LogTemp: Display: Module 'AllDesktopTargetPlatform' loaded TargetPlatform 'AllDesktop'
[2019.11.01-18.01.30:404][  0]LogTemp: Display: Module 'MacClientTargetPlatform' loaded TargetPlatform 'MacClient'
[2019.11.01-18.01.30:425][  0]LogTemp: Display: Module 'MacNoEditorTargetPlatform' loaded TargetPlatform 'MacNoEditor'
[2019.11.01-18.01.30:447][  0]LogTemp: Display: Module 'MacServerTargetPlatform' loaded TargetPlatform 'MacServer'
[2019.11.01-18.01.30:466][  0]LogTemp: Display: Module 'MacTargetPlatform' loaded TargetPlatform 'Mac'
[2019.11.01-18.01.30:485][  0]LogTemp: Display: Module 'WindowsClientTargetPlatform' loaded TargetPlatform 'WindowsClient'
[2019.11.01-18.01.30:504][  0]LogTemp: Display: Module 'WindowsNoEditorTargetPlatform' loaded TargetPlatform 'WindowsNoEditor'
[2019.11.01-18.01.30:523][  0]LogTemp: Display: Module 'WindowsServerTargetPlatform' loaded TargetPlatform 'WindowsServer'
[2019.11.01-18.01.30:535][  0]LogTemp: Display: Module 'WindowsTargetPlatform' loaded TargetPlatform 'Windows'
[2019.11.01-18.01.30:638][  0]LogTemp: Display: Module 'AndroidTargetPlatform' loaded TargetPlatform 'Android'
[2019.11.01-18.01.30:638][  0]LogTemp: Display: Module 'AndroidTargetPlatform' loaded TargetPlatform 'Android_ASTC'
[2019.11.01-18.01.30:638][  0]LogTemp: Display: Module 'AndroidTargetPlatform' loaded TargetPlatform 'Android_ATC'
[2019.11.01-18.01.30:638][  0]LogTemp: Display: Module 'AndroidTargetPlatform' loaded TargetPlatform 'Android_DXT'
[2019.11.01-18.01.30:639][  0]LogTemp: Display: Module 'AndroidTargetPlatform' loaded TargetPlatform 'Android_ETC1'
[2019.11.01-18.01.30:639][  0]LogTemp: Display: Module 'AndroidTargetPlatform' loaded TargetPlatform 'Android_ETC1a'
[2019.11.01-18.01.30:639][  0]LogTemp: Display: Module 'AndroidTargetPlatform' loaded TargetPlatform 'Android_ETC2'
[2019.11.01-18.01.30:639][  0]LogTemp: Display: Module 'AndroidTargetPlatform' loaded TargetPlatform 'Android_PVRTC'
[2019.11.01-18.01.30:639][  0]LogTemp: Display: Module 'AndroidTargetPlatform' loaded TargetPlatform 'AndroidClient'
[2019.11.01-18.01.30:639][  0]LogTemp: Display: Module 'AndroidTargetPlatform' loaded TargetPlatform 'Android_ASTCClient'
[2019.11.01-18.01.30:639][  0]LogTemp: Display: Module 'AndroidTargetPlatform' loaded TargetPlatform 'Android_ATCClient'
[2019.11.01-18.01.30:639][  0]LogTemp: Display: Module 'AndroidTargetPlatform' loaded TargetPlatform 'Android_DXTClient'
[2019.11.01-18.01.30:639][  0]LogTemp: Display: Module 'AndroidTargetPlatform' loaded TargetPlatform 'Android_ETC1Client'
[2019.11.01-18.01.30:639][  0]LogTemp: Display: Module 'AndroidTargetPlatform' loaded TargetPlatform 'Android_ETC1aClient'
[2019.11.01-18.01.30:639][  0]LogTemp: Display: Module 'AndroidTargetPlatform' loaded TargetPlatform 'Android_ETC2Client'
[2019.11.01-18.01.30:639][  0]LogTemp: Display: Module 'AndroidTargetPlatform' loaded TargetPlatform 'Android_PVRTCClient'
[2019.11.01-18.01.30:639][  0]LogTemp: Display: Module 'AndroidTargetPlatform' loaded TargetPlatform 'Android_Multi'
[2019.11.01-18.01.30:640][  0]LogTemp: Display: Module 'AndroidTargetPlatform' loaded TargetPlatform 'Android_MultiClient'
[2019.11.01-18.01.30:646][  0]LogTemp: Display: Module 'HTML5TargetPlatform' loaded TargetPlatform 'HTML5'
[2019.11.01-18.01.30:713][  0]LogTemp: Display: Module 'IOSTargetPlatform' loaded TargetPlatform 'IOSClient'
[2019.11.01-18.01.30:713][  0]LogTemp: Display: Module 'IOSTargetPlatform' loaded TargetPlatform 'IOS'
[2019.11.01-18.01.30:743][  0]LogTemp: Display: Module 'TVOSTargetPlatform' loaded TargetPlatform 'TVOSClient'
[2019.11.01-18.01.30:743][  0]LogTemp: Display: Module 'TVOSTargetPlatform' loaded TargetPlatform 'TVOS'
[2019.11.01-18.01.30:761][  0]LogTemp: Display: Module 'LinuxClientTargetPlatform' loaded TargetPlatform 'LinuxClient'
[2019.11.01-18.01.30:779][  0]LogTemp: Display: Module 'LinuxNoEditorTargetPlatform' loaded TargetPlatform 'LinuxNoEditor'
[2019.11.01-18.01.30:797][  0]LogTemp: Display: Module 'LinuxServerTargetPlatform' loaded TargetPlatform 'LinuxServer'
[2019.11.01-18.01.30:819][  0]LogTemp: Display: Module 'LinuxTargetPlatform' loaded TargetPlatform 'Linux'
[2019.11.01-18.01.30:878][  0]LogTemp: Display: Module 'LuminTargetPlatform' loaded TargetPlatform 'Lumin'
[2019.11.01-18.01.30:878][  0]LogTemp: Display: Module 'LuminTargetPlatform' loaded TargetPlatform 'LuminClient'
[2019.11.01-18.01.30:879][  0]LogTargetPlatformManager: Display: Building Assets For Windows
[2019.11.01-18.01.30:900][  0]LogAudioDebug: Display: Lib vorbis DLL was dynamically loaded.
[2019.11.01-18.01.31:022][  0]LogShaderCompilers: Guid format shader working directory is -34 characters bigger than the processId version (../../../../../../Users/ALUMNO/Documents/GitHub/UntitledHorrorGame/NoNameProject/Intermediate/Shaders/WorkingDirectory/12320/).
[2019.11.01-18.01.31:023][  0]LogShaderCompilers: Cleaned the shader compiler working directory 'C:/Users/ALUMNO/AppData/Local/Temp/UnrealShaderWorkingDir/F0AA78AE424C9263EC33348FF2378397/'.
[2019.11.01-18.01.31:026][  0]LogXGEController: Cleaning working directory: C:/Users/ALUMNO/AppData/Local/Temp/UnrealXGEWorkingDir/
[2019.11.01-18.01.31:026][  0]LogXGEController: Cannot use XGE Controller as Incredibuild is not installed on this machine.
[2019.11.01-18.01.31:027][  0]LogShaderCompilers: Cannot use XGE Shader Compiler as Incredibuild is not installed on this machine.
[2019.11.01-18.01.31:027][  0]LogShaderCompilers: Display: Using Local Shader Compiler.
[2019.11.01-18.01.31:646][  0]LogDerivedDataCache: Display: Max Cache Size: 512 MB
[2019.11.01-18.01.31:696][  0]LogDerivedDataCache: Loaded boot cache 0.05s 71MB C:/Users/ALUMNO/AppData/Local/UnrealEngine/4.22/DerivedDataCache/Boot.ddc.
[2019.11.01-18.01.31:696][  0]LogDerivedDataCache: Display: Loaded Boot cache: C:/Users/ALUMNO/AppData/Local/UnrealEngine/4.22/DerivedDataCache/Boot.ddc
[2019.11.01-18.01.31:696][  0]LogDerivedDataCache: FDerivedDataBackendGraph:  Pak pak cache file ../../../../../../Users/ALUMNO/Documents/GitHub/UntitledHorrorGame/NoNameProject/DerivedDataCache/DDC.ddp not found, will not use a pak cache.
[2019.11.01-18.01.31:696][  0]LogDerivedDataCache: Unable to find inner node Pak for hierarchical cache Hierarchy.
[2019.11.01-18.01.31:696][  0]LogDerivedDataCache: FDerivedDataBackendGraph:  CompressedPak pak cache file ../../../../../../Users/ALUMNO/Documents/GitHub/UntitledHorrorGame/NoNameProject/DerivedDataCache/Compressed.ddp not found, will not use a pak cache.
[2019.11.01-18.01.31:696][  0]LogDerivedDataCache: Unable to find inner node CompressedPak for hierarchical cache Hierarchy.
[2019.11.01-18.01.31:709][  0]LogDerivedDataCache: Display: Pak cache opened for reading ../../../Engine/DerivedDataCache/Compressed.ddp.
[2019.11.01-18.01.31:709][  0]LogDerivedDataCache: FDerivedDataBackendGraph:  EnterprisePak pak cache file ../../../Enterprise/DerivedDataCache/Compressed.ddp not found, will not use a pak cache.
[2019.11.01-18.01.31:709][  0]LogDerivedDataCache: Unable to find inner node EnterprisePak for hierarchical cache Hierarchy.
[2019.11.01-18.01.31:723][  0]LogDerivedDataCache: Using Local data cache path C:/Users/ALUMNO/AppData/Local/UnrealEngine/Common/DerivedDataCache: Writable
[2019.11.01-18.01.31:723][  0]LogDerivedDataCache: Shared data cache path not found in *engine.ini, will not use an Shared cache.
[2019.11.01-18.01.31:723][  0]LogDerivedDataCache: Unable to find inner node Shared for hierarchical cache Hierarchy.
[2019.11.01-18.01.31:743][  0]LogMaterial: Verifying Global Shaders for PCD3D_SM5
[2019.11.01-18.01.31:745][  0]LogSlate: Using FreeType 2.6.0
[2019.11.01-18.01.31:747][  0]LogSlate: SlateFontServices - WITH_FREETYPE: 1, WITH_HARFBUZZ: 1
[2019.11.01-18.01.31:869][  0]LogAssetRegistry: FAssetRegistry took 0.0373 seconds to start up
[2019.11.01-18.01.32:263][  0]LogInit: Selected Device Profile: [Windows]
[2019.11.01-18.01.32:434][  0]LogMeshReduction: Using QuadricMeshReduction for automatic static mesh reduction
[2019.11.01-18.01.32:435][  0]LogMeshReduction: Using SimplygonMeshReduction for automatic skeletal mesh reduction
[2019.11.01-18.01.32:435][  0]LogMeshReduction: Using ProxyLODMeshReduction for automatic mesh merging
[2019.11.01-18.01.32:435][  0]LogMeshReduction: No distributed automatic mesh merging module available
[2019.11.01-18.01.32:435][  0]LogMeshMerging: No distributed automatic mesh merging module available
[2019.11.01-18.01.32:454][  0]LogNetVersion: NoNameProject 1.0.0, NetCL: 5660361, EngineNetVer: 10, GameNetVer: 0 (Checksum: 133946462)
[2019.11.01-18.01.32:898][  0]LogPackageLocalizationCache: Processed 10 localized package path(s) for 1 prioritized culture(s) in 0.044434 seconds
[2019.11.01-18.01.32:904][  0]LogUObjectArray: 42205 objects as part of root set at end of initial load.
[2019.11.01-18.01.32:904][  0]LogUObjectAllocator: 7325032 out of 0 bytes used by permanent object pool.
[2019.11.01-18.01.32:904][  0]LogUObjectArray: CloseDisregardForGC: 0/0 objects in disregard for GC pool
[2019.11.01-18.01.34:248][  0]LogTcpMessaging: Initializing TcpMessaging bridge
[2019.11.01-18.01.34:266][  0]LogUdpMessaging: Initializing bridge on interface 0.0.0.0:0 to multicast group 230.0.0.1:6666.
[2019.11.01-18.01.34:493][  0]SourceControl: Source control is disabled
[2019.11.01-18.01.34:493][  0]SourceControl: Source control is disabled
[2019.11.01-18.01.34:499][  0]SourceControl: Source control is disabled
[2019.11.01-18.01.34:504][  0]SourceControl: Source control is disabled
[2019.11.01-18.01.34:716][  0]LogAndroidPermission: UAndroidPermissionCallbackProxy::GetInstance
[2019.11.01-18.01.34:895][  0]LogOcInput: OculusInput pre-init called
[2019.11.01-18.01.35:894][  0]LogEngine: Initializing Engine...
[2019.11.01-18.01.35:895][  0]LogHMD: Failed to initialize OpenVR with code 110
[2019.11.01-18.01.35:897][  0]LogStats: UGameplayTagsManager::InitializeManager -  0.000 s
[2019.11.01-18.01.36:110][  0]LogInit: Initializing FReadOnlyCVARCache
[2019.11.01-18.01.36:129][  0]LogAIModule: Creating AISystem for world Untitled
[2019.11.01-18.01.36:161][  0]LogInit: XAudio2 using 'MX279 (2- NVIDIA High Definition Audio)' : 2 channels at 48 kHz using 16 bits per sample (channel mask 0x3)
[2019.11.01-18.01.36:207][  0]LogInit: FAudioDevice initialized.
[2019.11.01-18.01.36:207][  0]LogNetVersion: Set ProjectVersion to 1.0.0.0. Version Checksum will be recalculated on next use.
[2019.11.01-18.01.36:789][  0]LogDerivedDataCache: Saved boot cache 0.58s 71MB C:/Users/ALUMNO/AppData/Local/UnrealEngine/4.22/DerivedDataCache/Boot.ddc.
[2019.11.01-18.01.36:790][  0]LogInit: Texture streaming: Enabled
[2019.11.01-18.01.36:843][  0]LogEngineSessionManager: EngineSessionManager initialized
[2019.11.01-18.01.36:843][  0]LogEngineSessionManager: EngineSessionManager sent abnormal shutdown report. Type=Debugger, SessionId={5E354A94-41D1-C997-E0FE-CB938B0550BF}
[2019.11.01-18.01.36:869][  0]LogInit: Transaction tracking system initialized
[2019.11.01-18.01.36:913][  0]BlueprintLog: New page: Editor Load
[2019.11.01-18.01.37:079][  0]LocalizationService: Localization service is disabled
[2019.11.01-18.01.37:233][  0]LogLinker: Warning: Can't find file '/Game/FirstPersonBP/FirstPersonOverview'
[2019.11.01-18.01.37:234][  0]LogLinker: Warning: Can't find file '/Game/FirstPersonBP/FirstPersonOverview'
[2019.11.01-18.01.37:234][  0]LogUObjectGlobals: Warning: Failed to find object 'Class /Game/FirstPersonBP/FirstPersonOverview.FirstPersonOverview_C'
[2019.11.01-18.01.37:492][  0]LogFileCache: Scanning file cache for directory 'C:/Users/ALUMNO/Documents/GitHub/UntitledHorrorGame/NoNameProject/Content/' took 0.02s
[2019.11.01-18.01.37:492][  0]LogCook: Display: Max memory allowance for cook 16384mb min free memory 0mb
[2019.11.01-18.01.37:493][  0]LogCook: Display: Mobile HDR setting 1
[2019.11.01-18.01.37:806][  0]SourceControl: Source control is disabled
[2019.11.01-18.01.37:806][  0]Cmd: MAP LOAD FILE="../../../../../../Users/ALUMNO/Documents/GitHub/UntitledHorrorGame/NoNameProject/Content/StarterContent/Maps/Minimal_Default.umap" TEMPLATE=0 SHOWPROGRESS=1 FEATURELEVEL=3
[2019.11.01-18.01.37:807][  0]LightingResults: New page: Lighting Build
[2019.11.01-18.01.37:810][  0]MapCheck: New page: Map Check
[2019.11.01-18.01.37:810][  0]LightingResults: New page: Lighting Build
[2019.11.01-18.01.37:834][  0]LogUObjectHash: Compacting FUObjectHashTables data took   1.62ms
[2019.11.01-18.01.37:888][  0]LogProperty: Warning: Serialized Class /Script/NoNameProject.Item for a property of Class /Script/Engine.ActorComponent. Reference will be nullptred.
    Property = ObjectProperty /Script/Engine.Actor:BlueprintCreatedComponents.BlueprintCreatedComponents
    Item = Item /Game/StarterContent/Maps/Minimal_Default.Minimal_Default:PersistentLevel.BP_Projectile_2.Item
[2019.11.01-18.01.37:965][  0]LogAIModule: Creating AISystem for world Minimal_Default
[2019.11.01-18.01.37:972][  0]LogEditorServer: Finished looking for orphan Actors (0.000 secs)
[2019.11.01-18.01.37:999][  0]LogUObjectHash: Compacting FUObjectHashTables data took   1.70ms
[2019.11.01-18.01.37:999][  0]Cmd: MAP CHECKDEP NOCLEARLOG
[2019.11.01-18.01.38:000][  0]MapCheck: Map check complete: 0 Error(s), 0 Warning(s), took 0.291ms to complete.
[2019.11.01-18.01.38:000][  0]LogFileHelpers: Loading map 'Minimal_Default' took 0.194
[2019.11.01-18.01.38:134][  0]LogSlate: Updating window title bar state: overlay mode, drag disabled, window buttons hidden, title bar hidden
[2019.11.01-18.01.38:142][  0]LogSlate: Updating window title bar state: overlay mode, drag disabled, window buttons hidden, title bar hidden
[2019.11.01-18.01.38:150][  0]LogSlate: Updating window title bar state: overlay mode, drag disabled, window buttons hidden, title bar hidden
[2019.11.01-18.01.38:158][  0]LogSlate: Updating window title bar state: overlay mode, drag disabled, window buttons hidden, title bar hidden
[2019.11.01-18.01.38:168][  0]LogCollectionManager: Loaded 0 collections in 0.001812 seconds
[2019.11.01-18.01.38:214][  0]LogFileCache: Scanning file cache for directory 'C:/Users/ALUMNO/Documents/GitHub/UntitledHorrorGame/NoNameProject/Saved/Collections/' took 0.01s
[2019.11.01-18.01.38:214][  0]LogFileCache: Scanning file cache for directory 'C:/Users/ALUMNO/Documents/GitHub/UntitledHorrorGame/NoNameProject/Content/Developers/ALUMNO/Collections/' took 0.01s
[2019.11.01-18.01.38:214][  0]LogFileCache: Scanning file cache for directory 'C:/Users/ALUMNO/Documents/GitHub/UntitledHorrorGame/NoNameProject/Content/Collections/' took 0.01s
[2019.11.01-18.01.38:214][  0]LogCollectionManager: Rebuilt the GUID cache for 0 collections in 0.000000 seconds
[2019.11.01-18.01.38:224][  0]LogContentBrowser: Native class hierarchy populated in 0.0093 seconds. Added 2739 classes and 663 folders.
[2019.11.01-18.01.38:235][  0]LogContentBrowser: Native class hierarchy updated for 'WidgetCarousel' in 0.0007 seconds. Added 0 classes and 0 folders.
[2019.11.01-18.01.38:238][  0]LogPakFile: Registered encryption key '00000000000000000000000000000000': 0 pak files mounted, 0 remain pending
[2019.11.01-18.01.38:239][  0]LogPakFile: Registered encryption key '00000000000000000000000000000000': 0 pak files mounted, 0 remain pending
[2019.11.01-18.01.38:240][  0]LogPakFile: Registered encryption key '00000000000000000000000000000000': 0 pak files mounted, 0 remain pending
[2019.11.01-18.01.38:241][  0]LogPakFile: Registered encryption key '00000000000000000000000000000000': 0 pak files mounted, 0 remain pending
[2019.11.01-18.01.38:242][  0]LogPakFile: Registered encryption key '00000000000000000000000000000000': 0 pak files mounted, 0 remain pending
[2019.11.01-18.01.38:242][  0]LogPakFile: Registered encryption key '00000000000000000000000000000000': 0 pak files mounted, 0 remain pending
[2019.11.01-18.01.38:243][  0]LogPakFile: Registered encryption key '00000000000000000000000000000000': 0 pak files mounted, 0 remain pending
[2019.11.01-18.01.38:244][  0]LogPakFile: Registered encryption key '00000000000000000000000000000000': 0 pak files mounted, 0 remain pending
[2019.11.01-18.01.38:245][  0]LogPakFile: Registered encryption key '00000000000000000000000000000000': 0 pak files mounted, 0 remain pending
[2019.11.01-18.01.38:246][  0]LogPakFile: Registered encryption key '00000000000000000000000000000000': 0 pak files mounted, 0 remain pending
[2019.11.01-18.01.38:247][  0]LogPakFile: Registered encryption key '00000000000000000000000000000000': 0 pak files mounted, 0 remain pending
[2019.11.01-18.01.38:248][  0]LogPakFile: Registered encryption key '00000000000000000000000000000000': 0 pak files mounted, 0 remain pending
[2019.11.01-18.01.38:248][  0]LogPakFile: Registered encryption key '00000000000000000000000000000000': 0 pak files mounted, 0 remain pending
[2019.11.01-18.01.38:250][  0]LogPakFile: Registered encryption key '00000000000000000000000000000000': 0 pak files mounted, 0 remain pending
[2019.11.01-18.01.38:250][  0]LogPakFile: Registered encryption key '00000000000000000000000000000000': 0 pak files mounted, 0 remain pending
[2019.11.01-18.01.38:251][  0]LogPakFile: Registered encryption key '00000000000000000000000000000000': 0 pak files mounted, 0 remain pending
[2019.11.01-18.01.38:252][  0]LogPakFile: Registered encryption key '00000000000000000000000000000000': 0 pak files mounted, 0 remain pending
[2019.11.01-18.01.38:253][  0]LogPakFile: Registered encryption key '00000000000000000000000000000000': 0 pak files mounted, 0 remain pending
[2019.11.01-18.01.38:254][  0]LogPakFile: Registered encryption key '00000000000000000000000000000000': 0 pak files mounted, 0 remain pending
[2019.11.01-18.01.38:254][  0]LogPakFile: Registered encryption key '00000000000000000000000000000000': 0 pak files mounted, 0 remain pending
[2019.11.01-18.01.38:255][  0]LogPakFile: Registered encryption key '00000000000000000000000000000000': 0 pak files mounted, 0 remain pending
[2019.11.01-18.01.38:256][  0]LogPakFile: Registered encryption key '00000000000000000000000000000000': 0 pak files mounted, 0 remain pending
[2019.11.01-18.01.38:257][  0]LogPakFile: Registered encryption key '00000000000000000000000000000000': 0 pak files mounted, 0 remain pending
[2019.11.01-18.01.38:258][  0]LogPakFile: Registered encryption key '00000000000000000000000000000000': 0 pak files mounted, 0 remain pending
[2019.11.01-18.01.38:259][  0]LogPakFile: Registered encryption key '00000000000000000000000000000000': 0 pak files mounted, 0 remain pending
[2019.11.01-18.01.38:259][  0]LogPakFile: Registered encryption key '00000000000000000000000000000000': 0 pak files mounted, 0 remain pending
[2019.11.01-18.01.38:300][  0]LogContentBrowser: Native class hierarchy updated for 'AddContentDialog' in 0.0004 seconds. Added 0 classes and 0 folders.
[2019.11.01-18.01.38:364][  0]LogSlate: Took 0.000411 seconds to synchronously load lazily loaded font '../../../Engine/Content/Slate/Fonts/Roboto-Regular.ttf' (155K)
[2019.11.01-18.01.38:367][  0]LogSlate: Took 0.000295 seconds to synchronously load lazily loaded font '../../../Engine/Content/Slate/Fonts/Roboto-Bold.ttf' (160K)
[2019.11.01-18.01.38:373][  0]LogSlate: Took 0.000321 seconds to synchronously load lazily loaded font '../../../Engine/Content/Editor/Slate/Fonts/FontAwesome.ttf' (139K)
[2019.11.01-18.01.38:456][  0]LogRenderer: Reallocating scene render targets to support 888x584 Format 10 NumSamples 1 (Frame:1).
[2019.11.01-18.01.38:510][  0]LogSlate: Took 0.000417 seconds to synchronously load lazily loaded font '../../../Engine/Content/Slate/Fonts/Roboto-Light.ttf' (167K)
[2019.11.01-18.01.38:648][  0]LogContentBrowser: Native class hierarchy updated for 'HierarchicalLODOutliner' in 0.0012 seconds. Added 0 classes and 0 folders.
[2019.11.01-18.01.38:648][  0]LogLoad: (Engine Initialization) Total time: 11.96 seconds
[2019.11.01-18.01.38:648][  0]LogLoad: (Engine Initialization) Total Blueprint compile time: 0.00 seconds
[2019.11.01-18.01.38:688][  0]LogAssetRegistry: Asset discovery search completed in 6.8429 seconds
[2019.11.01-18.01.38:690][  0]LogCollectionManager: Rebuilt the object cache for 0 collections in 0.000000 seconds (found 0 objects)
[2019.11.01-18.01.38:690][  0]LogCollectionManager: Fixed up redirectors for 0 collections in 0.000123 seconds (updated 0 objects)
[2019.11.01-18.01.38:691][  0]LogContentStreaming: Texture pool size now 1000 MB
[2019.11.01-18.01.40:017][146]LogSlate: FSceneViewport::OnFocusLost() reason 0
[2019.11.01-18.01.40:101][156]LogTemp: Repeating last play command: Selected Viewport
[2019.11.01-18.01.40:110][156]LogBlueprintUserMessages: Early PlayInEditor Detection: Level '/Game/StarterContent/Maps/Minimal_Default.Minimal_Default:PersistentLevel' has LevelScriptBlueprint '/Game/StarterContent/Maps/Minimal_Default.Minimal_Default:PersistentLevel.Minimal_Default' with GeneratedClass '/Game/StarterContent/Maps/Minimal_Default.Minimal_Default_C' with ClassGeneratedBy '/Game/StarterContent/Maps/Minimal_Default.Minimal_Default:PersistentLevel.Minimal_Default'
[2019.11.01-18.01.40:110][156]LogPlayLevel: PlayLevel: No blueprints needed recompiling
[2019.11.01-18.01.40:111][156]PIE: New page: PIE session: Minimal_Default (Nov 1, 2019, 6:01:40 AM)
[2019.11.01-18.01.40:125][156]LogPlayLevel: Creating play world package: /Game/StarterContent/Maps/UEDPIE_0_Minimal_Default
[2019.11.01-18.01.40:130][156]LogPlayLevel: PIE: StaticDuplicateObject took: (0.004681s)
[2019.11.01-18.01.40:131][156]LogAIModule: Creating AISystem for world Minimal_Default
[2019.11.01-18.01.40:132][156]LogPlayLevel: PIE: World Init took: (0.001139s)
[2019.11.01-18.01.40:132][156]LogPlayLevel: PIE: Created PIE world by copying editor world from /Game/StarterContent/Maps/Minimal_Default.Minimal_Default to /Game/StarterContent/Maps/UEDPIE_0_Minimal_Default.Minimal_Default (0.006764s)
[2019.11.01-18.01.40:152][156]LogUObjectHash: Compacting FUObjectHashTables data took   1.17ms
[2019.11.01-18.01.40:176][156]LogInit: XAudio2 using 'MX279 (2- NVIDIA High Definition Audio)' : 2 channels at 48 kHz using 16 bits per sample (channel mask 0x3)
[2019.11.01-18.01.40:190][156]LogInit: FAudioDevice initialized.
[2019.11.01-18.01.40:269][156]LogLoad: Game class is 'MyNoNameProjectGameModeBase_C'
[2019.11.01-18.01.40:273][156]LogWorld: Bringing World /Game/StarterContent/Maps/UEDPIE_0_Minimal_Default.Minimal_Default up for play (max tick rate 0) at 2019.11.01-12.01.40
[2019.11.01-18.01.40:274][156]LogWorld: Bringing up level for play took: 0.002113
[2019.11.01-18.01.40:295][156]LogContentBrowser: Native class hierarchy updated for 'MovieSceneCapture' in 0.0006 seconds. Added 20 classes and 0 folders.
[2019.11.01-18.01.40:296][156]LogSpawn: Warning: SpawnActor failed because no class was specified
[2019.11.01-18.01.40:297][156]LogTemp: Warning: Antes del If
[2019.11.01-18.01.40:297][156]LogTemp: Warning: En el if del mango
[2019.11.01-18.01.40:297][156]PIE: Play in editor start time for /Game/StarterContent/Maps/UEDPIE_0_Minimal_Default 0.085
[2019.11.01-18.01.40:297][156]LogBlueprintUserMessages: Late PlayInEditor Detection: Level '/Game/StarterContent/Maps/Minimal_Default.Minimal_Default:PersistentLevel' has LevelScriptBlueprint '/Game/StarterContent/Maps/Minimal_Default.Minimal_Default:PersistentLevel.Minimal_Default' with GeneratedClass '/Game/StarterContent/Maps/Minimal_Default.Minimal_Default_C' with ClassGeneratedBy '/Game/StarterContent/Maps/Minimal_Default.Minimal_Default:PersistentLevel.Minimal_Default'
[2019.11.01-18.01.41:949][346]LogTemp: Warning: Grabbing a mango
[2019.11.01-18.01.42:049][358]LogTemp: Warning: Releasing a mango
[2019.11.01-18.01.44:332][631]LogTemp: Warning: Grabbing a mango
[2019.11.01-18.01.44:539][656]LogTemp: Warning: Releasing a mango
[2019.11.01-18.01.45:674][792]LogTemp: Warning: Grabbing a mango
[2019.11.01-18.01.45:782][805]LogTemp: Warning: Releasing a mango
[2019.11.01-18.01.45:866][815]LogTemp: Warning: Grabbing a mango
[2019.11.01-18.01.45:964][827]LogTemp: Warning: Releasing a mango
[2019.11.01-18.01.47:134][967]LogBlueprintUserMessages: Early EndPlayMap Detection: Level '/Game/StarterContent/Maps/Minimal_Default.Minimal_Default:PersistentLevel' has LevelScriptBlueprint '/Game/StarterContent/Maps/Minimal_Default.Minimal_Default:PersistentLevel.Minimal_Default' with GeneratedClass '/Game/StarterContent/Maps/Minimal_Default.Minimal_Default_C' with ClassGeneratedBy '/Game/StarterContent/Maps/Minimal_Default.Minimal_Default:PersistentLevel.Minimal_Default'
[2019.11.01-18.01.47:134][967]LogSlate: Updating window title bar state: overlay mode, drag disabled, window buttons hidden, title bar hidden
[2019.11.01-18.01.47:173][967]LogPlayLevel: Display: Shutting down PIE online subsystems
[2019.11.01-18.01.47:174][967]LogBlueprintUserMessages: Late EndPlayMap Detection: Level '/Game/StarterContent/Maps/Minimal_Default.Minimal_Default:PersistentLevel' has LevelScriptBlueprint '/Game/StarterContent/Maps/Minimal_Default.Minimal_Default:PersistentLevel.Minimal_Default' with GeneratedClass '/Game/StarterContent/Maps/Minimal_Default.Minimal_Default_C' with ClassGeneratedBy '/Game/StarterContent/Maps/Minimal_Default.Minimal_Default:PersistentLevel.Minimal_Default'
[2019.11.01-18.01.47:234][967]LogSlate: Updating window title bar state: overlay mode, drag disabled, window buttons hidden, title bar hidden
[2019.11.01-18.01.47:239][967]LogUObjectHash: Compacting FUObjectHashTables data took   2.85ms
[2019.11.01-18.01.47:270][968]LogPlayLevel: Display: Destroying online subsystem :Context_1
[2019.11.01-18.01.48:068][ 59]LogSlate: FSceneViewport::OnFocusLost() reason 0
[2019.11.01-18.01.48:072][ 59]LogSlate: Took 0.000495 seconds to synchronously load lazily loaded font '../../../Engine/Content/Slate/Fonts/DroidSansMono.ttf' (77K)
[2019.11.01-18.01.50:020][282]LogTemp: Repeating last play command: Selected Viewport
[2019.11.01-18.01.50:032][282]LogBlueprintUserMessages: Early PlayInEditor Detection: Level '/Game/StarterContent/Maps/Minimal_Default.Minimal_Default:PersistentLevel' has LevelScriptBlueprint '/Game/StarterContent/Maps/Minimal_Default.Minimal_Default:PersistentLevel.Minimal_Default' with GeneratedClass '/Game/StarterContent/Maps/Minimal_Default.Minimal_Default_C' with ClassGeneratedBy '/Game/StarterContent/Maps/Minimal_Default.Minimal_Default:PersistentLevel.Minimal_Default'
[2019.11.01-18.01.50:032][282]LogPlayLevel: PlayLevel: No blueprints needed recompiling
[2019.11.01-18.01.50:033][282]PIE: New page: PIE session: Minimal_Default (Nov 1, 2019, 6:01:50 AM)
[2019.11.01-18.01.50:033][282]LogPlayLevel: Creating play world package: /Game/StarterContent/Maps/UEDPIE_0_Minimal_Default
[2019.11.01-18.01.50:039][282]LogPlayLevel: PIE: StaticDuplicateObject took: (0.005006s)
[2019.11.01-18.01.50:039][282]LogAIModule: Creating AISystem for world Minimal_Default
[2019.11.01-18.01.50:040][282]LogPlayLevel: PIE: World Init took: (0.000768s)
[2019.11.01-18.01.50:040][282]LogPlayLevel: PIE: Created PIE world by copying editor world from /Game/StarterContent/Maps/Minimal_Default.Minimal_Default to /Game/StarterContent/Maps/UEDPIE_0_Minimal_Default.Minimal_Default (0.006903s)
[2019.11.01-18.01.50:062][282]LogUObjectHash: Compacting FUObjectHashTables data took   1.27ms
[2019.11.01-18.01.50:086][282]LogInit: XAudio2 using 'MX279 (2- NVIDIA High Definition Audio)' : 2 channels at 48 kHz using 16 bits per sample (channel mask 0x3)
[2019.11.01-18.01.50:102][282]LogInit: FAudioDevice initialized.
[2019.11.01-18.01.50:137][282]LogLoad: Game class is 'MyNoNameProjectGameModeBase_C'
[2019.11.01-18.01.50:139][282]LogWorld: Bringing World /Game/StarterContent/Maps/UEDPIE_0_Minimal_Default.Minimal_Default up for play (max tick rate 0) at 2019.11.01-12.01.50
[2019.11.01-18.01.50:139][282]LogWorld: Bringing up level for play took: 0.001412
[2019.11.01-18.01.50:153][282]LogSpawn: Warning: SpawnActor failed because no class was specified
[2019.11.01-18.01.50:154][282]LogTemp: Warning: Antes del If
[2019.11.01-18.01.50:154][282]LogTemp: Warning: En el if del mango
[2019.11.01-18.01.50:154][282]PIE: Play in editor start time for /Game/StarterContent/Maps/UEDPIE_0_Minimal_Default -0.059
[2019.11.01-18.01.50:155][282]LogBlueprintUserMessages: Late PlayInEditor Detection: Level '/Game/StarterContent/Maps/Minimal_Default.Minimal_Default:PersistentLevel' has LevelScriptBlueprint '/Game/StarterContent/Maps/Minimal_Default.Minimal_Default:PersistentLevel.Minimal_Default' with GeneratedClass '/Game/StarterContent/Maps/Minimal_Default.Minimal_Default_C' with ClassGeneratedBy '/Game/StarterContent/Maps/Minimal_Default.Minimal_Default:PersistentLevel.Minimal_Default'
[2019.11.01-18.01.50:586][326]LogTemp: Warning: Grabbing a mango
[2019.11.01-18.01.51:244][405]LogTemp: Warning: Releasing a mango
[2019.11.01-18.01.52:979][613]LogTemp: Warning: Grabbing a mango
[2019.11.01-18.01.53:070][624]LogTemp: Warning: Releasing a mango
[2019.11.01-18.01.53:180][637]LogTemp: Warning: Grabbing a mango
[2019.11.01-18.01.53:279][649]LogTemp: Warning: Releasing a mango
[2019.11.01-18.01.53:657][694]LogTemp: Warning: Grabbing a mango
[2019.11.01-18.01.53:773][708]LogTemp: Warning: Releasing a mango
[2019.11.01-18.01.54:305][772]LogTemp: Warning: En el key I
[2019.11.01-18.01.54:305][772]LogTemp: Warning: No hay inventario
[2019.11.01-18.01.55:237][883]LogTemp: Warning: En el key I
[2019.11.01-18.01.55:237][883]LogTemp: Warning: No hay inventario
[2019.11.01-18.01.56:740][ 63]LogTemp: Warning: Grabbing a mango
[2019.11.01-18.01.56:832][ 74]LogTemp: Warning: Releasing a mango
[2019.11.01-18.01.56:949][ 88]LogTemp: Warning: Grabbing a mango
[2019.11.01-18.01.57:032][ 98]LogTemp: Warning: Releasing a mango
[2019.11.01-18.01.57:822][192]LogTemp: Warning: Grabbing a mango
[2019.11.01-18.01.59:183][355]LogTemp: Warning: Releasing a mango
[2019.11.01-18.02.13:135][811]LogTemp: Warning: Grabbing a mango
[2019.11.01-18.02.13:377][840]LogTemp: Warning: Releasing a mango
[2019.11.01-18.02.13:596][866]LogTemp: Warning: Grabbing a mango
[2019.11.01-18.02.13:678][876]LogTemp: Warning: Releasing a mango
[2019.11.01-18.02.13:804][891]LogTemp: Warning: Grabbing a mango
[2019.11.01-18.02.13:886][901]LogTemp: Warning: Releasing a mango
[2019.11.01-18.02.14:512][976]LogTemp: Warning: En el key I
[2019.11.01-18.02.14:512][976]LogTemp: Warning: No hay inventario
[2019.11.01-18.02.15:038][ 39]LogTemp: Warning: En el key I
[2019.11.01-18.02.15:038][ 39]LogTemp: Warning: No hay inventario
[2019.11.01-18.02.15:455][ 89]LogTemp: Warning: En el key I
[2019.11.01-18.02.15:455][ 89]LogTemp: Warning: No hay inventario
[2019.11.01-18.02.16:825][253]LogTemp: Warning: Grabbing a mango
[2019.11.01-18.02.16:933][266]LogTemp: Warning: Releasing a mango
[2019.11.01-18.02.20:560][701]LogBlueprintUserMessages: Early EndPlayMap Detection: Level '/Game/StarterContent/Maps/Minimal_Default.Minimal_Default:PersistentLevel' has LevelScriptBlueprint '/Game/StarterContent/Maps/Minimal_Default.Minimal_Default:PersistentLevel.Minimal_Default' with GeneratedClass '/Game/StarterContent/Maps/Minimal_Default.Minimal_Default_C' with ClassGeneratedBy '/Game/StarterContent/Maps/Minimal_Default.Minimal_Default:PersistentLevel.Minimal_Default'
[2019.11.01-18.02.20:561][701]LogSlate: Updating window title bar state: overlay mode, drag disabled, window buttons hidden, title bar hidden
[2019.11.01-18.02.20:596][701]LogPlayLevel: Display: Shutting down PIE online subsystems
[2019.11.01-18.02.20:597][701]LogBlueprintUserMessages: Late EndPlayMap Detection: Level '/Game/StarterContent/Maps/Minimal_Default.Minimal_Default:PersistentLevel' has LevelScriptBlueprint '/Game/StarterContent/Maps/Minimal_Default.Minimal_Default:PersistentLevel.Minimal_Default' with GeneratedClass '/Game/StarterContent/Maps/Minimal_Default.Minimal_Default_C' with ClassGeneratedBy '/Game/StarterContent/Maps/Minimal_Default.Minimal_Default:PersistentLevel.Minimal_Default'
[2019.11.01-18.02.20:647][701]LogSlate: Updating window title bar state: overlay mode, drag disabled, window buttons hidden, title bar hidden
[2019.11.01-18.02.20:650][701]LogUObjectHash: Compacting FUObjectHashTables data took   1.50ms
[2019.11.01-18.02.20:679][702]LogPlayLevel: Display: Destroying online subsystem :Context_2
